#
# A fatal error has been detected by the Java Runtime Environment:
#
#  EXCEPTION_ACCESS_VIOLATION (0xc0000005) at pc=0x0000000028e09720, pid=6616, tid=0x0000000000004100
#
# JRE version: Java(TM) SE Runtime Environment (8.0_161-b12) (build 1.8.0_161-b12)
# Java VM: Java HotSpot(TM) 64-Bit Server VM (25.161-b12 mixed mode windows-amd64 compressed oops)
# Problematic frame:
# C  [ig9icd64.dll+0x149720]
#
# Failed to write core dump. Minidumps are not enabled by default on client versions of Windows
#
# If you would like to submit a bug report, please visit:
#   http://bugreport.java.com/bugreport/crash.jsp
# The crash happened outside the Java Virtual Machine in native code.
# See problematic frame for where to report the bug.
#

---------------  T H R E A D  ---------------

Current thread (0x000000001f957800):  JavaThread "AWT-EventQueue-0" [_thread_in_native, id=16640, stack(0x0000000022010000,0x0000000022110000)]

siginfo: ExceptionCode=0xc0000005, reading address 0x00000000854e2582

Registers:
RAX=0x0000000000000000, RBX=0x000000002210d3c0, RCX=0x0000000000000000, RDX=0x00000000854e2582
RSP=0x000000002210d230, RBP=0x0000000000000012, RSI=0x000000002a25b100, RDI=0x000000002a25b100
R8 =0x00000000000000f0, R9 =0x0000000000000001, R10=0x0000000000000000, R11=0x000000002210d9c0
R12=0x00000000000001c1, R13=0x000000002a25b000, R14=0x00000000000000f0, R15=0x0000000028cc0000
RIP=0x0000000028e09720, EFLAGS=0x0000000000010202

Top of Stack: (sp=0x000000002210d230)
0x000000002210d230:   0000000000000000 0000000000000000
0x000000002210d240:   401921fb54442d18 0000000000000000
0x000000002210d250:   00000000854e2582 000000002917ae00
0x000000002210d260:   c000360040000280 0000000000000001
0x000000002210d270:   000000002210d670 0000000000000000
0x000000002210d280:   0000000000000000 000000002917d4bc
0x000000002210d290:   000000002210d390 00000000000000ff
0x000000002210d2a0:   000000002210d670 0000000000000001
0x000000002210d2b0:   0000000042b3002a 0000000000000001
0x000000002210d2c0:   0000000023261db0 0000000028d01400
0x000000002210d2d0:   000085b722c935f2 0000000000000050
0x000000002210d2e0:   0000000000000001 000000002210d428
0x000000002210d2f0:   000000002210d5d0 00000000208fa200
0x000000002210d300:   0000000032cdfd70 0000000000000000
0x000000002210d310:   0000000000000000 00000000291cbbdd
0x000000002210d320:   00000000208b3350 0000000000000000 

Instructions: (pc=0x0000000028e09720)
0x0000000028e09700:   0f 29 3c 24 49 c1 e9 07 f6 c2 0f 0f 84 af 00 00
0x0000000028e09710:   00 4d 85 c9 74 6b 66 66 0f 1f 84 00 00 00 00 00
0x0000000028e09720:   f3 0f 6f 02 41 ff c2 f3 0f 6f 4a 10 41 8b c2 f3
0x0000000028e09730:   0f 6f 52 20 f3 0f 6f 5a 30 f3 0f 6f 62 40 f3 0f 


Register to memory mapping:

RAX=0x0000000000000000 is an unknown value
RBX=0x000000002210d3c0 is pointing into the stack for thread: 0x000000001f957800
RCX=0x0000000000000000 is an unknown value
RDX=0x00000000854e2582 is an unknown value
RSP=0x000000002210d230 is pointing into the stack for thread: 0x000000001f957800
RBP=0x0000000000000012 is an unknown value
RSI=0x000000002a25b100 is an unknown value
RDI=0x000000002a25b100 is an unknown value
R8 =0x00000000000000f0 is an unknown value
R9 =0x0000000000000001 is an unknown value
R10=0x0000000000000000 is an unknown value
R11=0x000000002210d9c0 is pointing into the stack for thread: 0x000000001f957800
R12=0x00000000000001c1 is an unknown value
R13=0x000000002a25b000 is an unknown value
R14=0x00000000000000f0 is an unknown value
R15=0x0000000028cc0000 is an unknown value


Stack: [0x0000000022010000,0x0000000022110000],  sp=0x000000002210d230,  free space=1012k
Native frames: (J=compiled Java code, j=interpreted, Vv=VM code, C=native code)
C  [ig9icd64.dll+0x149720]
C  [ig9icd64.dll+0x4bae00]
C  [ig9icd64.dll+0x4bd4bc]
C  [ig9icd64.dll+0x4c280d]
C  [ig9icd64.dll+0x9e02cc]
C  [ig9icd64.dll+0x96a1b6]
C  [opengl32.dll+0x31e95]
C  0x0000000003bf493a

Java frames: (J=compiled Java code, j=interpreted, Vv=VM code)
J 4553  jogamp.opengl.gl4.GL4bcImpl.dispatch_glDrawPixels1(IIIILjava/lang/Object;IZJ)V (0 bytes) @ 0x0000000003bf48bc [0x0000000003bf4840+0x7c]
J 4724 C2 jogamp.opengl.gl4.GL4bcImpl.glDrawPixels(IIIILjava/nio/Buffer;)V (109 bytes) @ 0x0000000003d29b94 [0x0000000003d29a00+0x194]
J 5785 C2 biProcessor.coAuthorForWord.drawWords([II[DFIILjava/util/Map;Ljava/util/Map;)V (1493 bytes) @ 0x00000000043b9924 [0x00000000043b8a40+0xee4]
J 5785 C2 biProcessor.coAuthorForWord.drawWords([II[DFIILjava/util/Map;Ljava/util/Map;)V (1493 bytes) @ 0x00000000043bddf8 [0x00000000043b8a40+0x53b8]
J 4885 C1 biProcessor.coAuthorForWord.display(Ljavax/media/opengl/GLAutoDrawable;)V (248 bytes) @ 0x0000000003dbfbf4 [0x0000000003dbecc0+0xf34]
J 4765 C1 jogamp.opengl.GLDrawableHelper.displayImpl(Ljavax/media/opengl/GLAutoDrawable;)V (69 bytes) @ 0x0000000003d48b2c [0x0000000003d486c0+0x46c]
J 4644 C1 javax.media.opengl.awt.GLCanvas$6.run()V (122 bytes) @ 0x0000000003cd8324 [0x0000000003cd7ea0+0x484]
J 4764 C1 jogamp.opengl.GLDrawableHelper.invokeGLImpl(Ljavax/media/opengl/GLDrawable;Ljavax/media/opengl/GLContext;Ljava/lang/Runnable;Ljava/lang/Runnable;Ljavax/media/opengl/GLAutoDrawable;)V (414 bytes) @ 0x0000000003d4d044 [0x0000000003d4c340+0xd04]
J 4763 C1 jogamp.opengl.GLDrawableHelper.invokeGL(Ljavax/media/opengl/GLDrawable;Ljavax/media/opengl/GLContext;Ljava/lang/Runnable;Ljava/lang/Runnable;)V (89 bytes) @ 0x0000000003d4bb8c [0x0000000003d4bac0+0xcc]
J 4762 C1 javax.media.opengl.awt.GLCanvas$8.run()V (39 bytes) @ 0x0000000003d4b6ec [0x0000000003d4b540+0x1ac]
J 5335 C2 java.awt.event.InvocationEvent.dispatch()V (69 bytes) @ 0x0000000003ab10d4 [0x0000000003ab0f00+0x1d4]
J 5240 C2 java.awt.EventQueue$3.run()Ljava/lang/Object; (5 bytes) @ 0x000000000339702c [0x0000000003396d40+0x2ec]
v  ~StubRoutines::call_stub
J 564  java.security.AccessController.doPrivileged(Ljava/security/PrivilegedAction;Ljava/security/AccessControlContext;)Ljava/lang/Object; (0 bytes) @ 0x00000000032046e6 [0x0000000003204680+0x66]
J 5238 C2 java.awt.EventDispatchThread.pumpOneEventForFilters(I)V (295 bytes) @ 0x0000000003b9be88 [0x0000000003b9ad20+0x1168]
j  java.awt.EventDispatchThread.pumpEventsForFilter(ILjava/awt/Conditional;Ljava/awt/EventFilter;)V+35
j  java.awt.EventDispatchThread.pumpEventsForHierarchy(ILjava/awt/Conditional;Ljava/awt/Component;)V+11
j  java.awt.EventDispatchThread.pumpEvents(ILjava/awt/Conditional;)V+4
j  java.awt.EventDispatchThread.pumpEvents(Ljava/awt/Conditional;)V+3
j  java.awt.EventDispatchThread.run()V+9
v  ~StubRoutines::call_stub

---------------  P R O C E S S  ---------------

Java Threads: ( => current thread )
  0x0000000023166000 JavaThread "Image Fetcher 0" daemon [_thread_blocked, id=17664, stack(0x0000000041eb0000,0x0000000041fb0000)]
  0x0000000023166800 JavaThread "DestroyJavaVM" [_thread_blocked, id=6140, stack(0x0000000002a00000,0x0000000002b00000)]
  0x0000000023167800 JavaThread "Thread-36" [_thread_blocked, id=13776, stack(0x0000000020b00000,0x0000000020c00000)]
  0x000000002316b000 JavaThread "Timer-0" [_thread_blocked, id=12692, stack(0x000000002a0d0000,0x000000002a1d0000)]
  0x0000000023165000 JavaThread "JavaCPP Deallocator" daemon [_thread_blocked, id=11952, stack(0x0000000033d00000,0x0000000033e00000)]
  0x00000000214db800 JavaThread "Thread-14" [_thread_in_native, id=11700, stack(0x0000000028ac0000,0x0000000028bc0000)]
  0x00000000214dd000 JavaThread "Thread-6-SharedResourceRunner" daemon [_thread_blocked, id=13820, stack(0x00000000289c0000,0x0000000028ac0000)]
  0x00000000214e1800 JavaThread "Thread-12" [_thread_in_native, id=1672, stack(0x0000000025050000,0x0000000025150000)]
  0x00000000214e1000 JavaThread "Thread-9" [_thread_in_native, id=15876, stack(0x0000000022690000,0x0000000022790000)]
  0x000000001ec83800 JavaThread "Thread-2" [_thread_in_native, id=12920, stack(0x0000000020650000,0x0000000020750000)]
=>0x000000001f957800 JavaThread "AWT-EventQueue-0" [_thread_in_native, id=16640, stack(0x0000000022010000,0x0000000022110000)]
  0x000000001fb96800 JavaThread "AWT-Shutdown" [_thread_blocked, id=8260, stack(0x0000000021f10000,0x0000000022010000)]
  0x000000001fb6b000 JavaThread "AWT-Windows" daemon [_thread_in_native, id=13156, stack(0x00000000201a0000,0x00000000202a0000)]
  0x000000001fb12800 JavaThread "Java2D Disposer" daemon [_thread_blocked, id=8760, stack(0x000000001ffa0000,0x00000000200a0000)]
  0x000000001fb0d000 JavaThread "TimerQueue" daemon [_thread_blocked, id=11768, stack(0x000000001fea0000,0x000000001ffa0000)]
  0x000000001e9c9800 JavaThread "Service Thread" daemon [_thread_blocked, id=10624, stack(0x000000001f3f0000,0x000000001f4f0000)]
  0x000000001e937000 JavaThread "C1 CompilerThread3" daemon [_thread_blocked, id=4420, stack(0x000000001f2f0000,0x000000001f3f0000)]
  0x000000001e933800 JavaThread "C2 CompilerThread2" daemon [_thread_blocked, id=4080, stack(0x000000001f1f0000,0x000000001f2f0000)]
  0x000000001e92f800 JavaThread "C2 CompilerThread1" daemon [_thread_blocked, id=12360, stack(0x000000001f0f0000,0x000000001f1f0000)]
  0x000000001e921000 JavaThread "C2 CompilerThread0" daemon [_thread_blocked, id=6336, stack(0x000000001eff0000,0x000000001f0f0000)]
  0x000000001e920000 JavaThread "Attach Listener" daemon [_thread_blocked, id=5588, stack(0x000000001eef0000,0x000000001eff0000)]
  0x000000001e8cc800 JavaThread "Signal Dispatcher" daemon [_thread_blocked, id=18660, stack(0x000000001edf0000,0x000000001eef0000)]
  0x000000001e8b0800 JavaThread "Finalizer" daemon [_thread_blocked, id=13164, stack(0x000000001ec90000,0x000000001ed90000)]
  0x0000000002f7c000 JavaThread "Reference Handler" daemon [_thread_blocked, id=6636, stack(0x000000001e790000,0x000000001e890000)]

Other Threads:
  0x000000001c989800 VMThread [stack: 0x000000001e690000,0x000000001e790000] [id=17104]
  0x000000001e9d6000 WatcherThread [stack: 0x000000001f4f0000,0x000000001f5f0000] [id=17388]

VM state:not at safepoint (normal execution)

VM Mutex/Monitor currently owned by a thread: None

Heap:
 PSYoungGen      total 1359872K, used 887210K [0x000000076b500000, 0x00000007c0000000, 0x00000007c0000000)
  eden space 1334784K, 65% used [0x000000076b500000,0x00000007a0530d18,0x00000007bcc80000)
  from space 25088K, 74% used [0x00000007be580000,0x00000007bf7b9e90,0x00000007bfe00000)
  to   space 25600K, 0% used [0x00000007bcc80000,0x00000007bcc80000,0x00000007be580000)
 ParOldGen       total 499200K, used 416606K [0x00000006c1e00000, 0x00000006e0580000, 0x000000076b500000)
  object space 499200K, 83% used [0x00000006c1e00000,0x00000006db4d7a58,0x00000006e0580000)
 Metaspace       used 29564K, capacity 29856K, committed 30080K, reserved 1075200K
  class space    used 3794K, capacity 3900K, committed 3968K, reserved 1048576K

Card table byte_map: [0x0000000012340000,0x0000000012b40000] byte_map_base: 0x000000000ed31000

Marking Bits: (ParMarkBitMap*) 0x000000006910f860
 Begin Bits: [0x0000000013890000, 0x0000000017818000)
 End Bits:   [0x0000000017818000, 0x000000001b7a0000)

Polling page: 0x0000000001030000

CodeCache: size=245760Kb used=21983Kb max_used=21997Kb free=223776Kb
 bounds [0x0000000002f80000, 0x0000000004570000, 0x0000000011f80000]
 total_blobs=5586 nmethods=4636 adapters=857
 compilation: enabled

Compilation events (10 events):
Event: 316.446 Thread 0x000000001e92f800 6151       4       sun.awt.windows.WGlobalCursorManager::nativeUpdateCursor (8 bytes)
Event: 316.446 Thread 0x000000001e933800 6152   !   4       sun.awt.GlobalCursorManager$NativeUpdater::postIfNotPending (48 bytes)
Event: 316.447 Thread 0x000000001e933800 nmethod 6152 0x0000000003489890 code [0x00000000034899e0, 0x0000000003489c38]
Event: 316.449 Thread 0x000000001e92f800 nmethod 6151 0x0000000003e43c50 code [0x0000000003e43e00, 0x0000000003e44470]
Event: 317.138 Thread 0x000000001e921000 6153       4       javax.swing.text.CompositeView::getViewIndexAtPosition (13 bytes)
Event: 317.138 Thread 0x000000001e921000 nmethod 6153 0x00000000033fbbd0 code [0x00000000033fbd00, 0x00000000033fbd98]
Event: 317.150 Thread 0x000000001e933800 6154   !   4       ME.sample.TableSorterZYNK::getValueAt (21 bytes)
Event: 317.150 Thread 0x000000001e937000 6155       3       javax.swing.text.html.BlockView::calculateMinorAxisRequirements (183 bytes)
Event: 317.151 Thread 0x000000001e937000 nmethod 6155 0x0000000003650950 code [0x0000000003650bc0, 0x0000000003651f28]
Event: 317.158 Thread 0x000000001e933800 nmethod 6154 0x000000000343c290 code [0x000000000343c440, 0x000000000343d1d8]

GC Heap History (10 events):
Event: 306.246 GC heap before
{Heap before GC invocations=135 (full 3):
 PSYoungGen      total 1360896K, used 1341045K [0x000000076b500000, 0x00000007c0000000, 0x00000007c0000000)
  eden space 1334272K, 100% used [0x000000076b500000,0x00000007bcc00000,0x00000007bcc00000)
  from space 26624K, 25% used [0x00000007bcc00000,0x00000007bd29d508,0x00000007be600000)
  to   space 26624K, 0% used [0x00000007be600000,0x00000007be600000,0x00000007c0000000)
 ParOldGen       total 499200K, used 411172K [0x00000006c1e00000, 0x00000006e0580000, 0x000000076b500000)
  object space 499200K, 82% used [0x00000006c1e00000,0x00000006daf89260,0x00000006e0580000)
 Metaspace       used 29545K, capacity 29856K, committed 30080K, reserved 1075200K
  class space    used 3794K, capacity 3900K, committed 3968K, reserved 1048576K
Event: 306.250 GC heap after
Heap after GC invocations=135 (full 3):
 PSYoungGen      total 1359872K, used 15685K [0x000000076b500000, 0x00000007bff00000, 0x00000007c0000000)
  eden space 1334272K, 0% used [0x000000076b500000,0x000000076b500000,0x00000007bcc00000)
  from space 25600K, 61% used [0x00000007be600000,0x00000007bf551590,0x00000007bff00000)
  to   space 26112K, 0% used [0x00000007bcc00000,0x00000007bcc00000,0x00000007be580000)
 ParOldGen       total 499200K, used 411188K [0x00000006c1e00000, 0x00000006e0580000, 0x000000076b500000)
  object space 499200K, 82% used [0x00000006c1e00000,0x00000006daf8d260,0x00000006e0580000)
 Metaspace       used 29545K, capacity 29856K, committed 30080K, reserved 1075200K
  class space    used 3794K, capacity 3900K, committed 3968K, reserved 1048576K
}
Event: 308.725 GC heap before
{Heap before GC invocations=136 (full 3):
 PSYoungGen      total 1359872K, used 1349957K [0x000000076b500000, 0x00000007bff00000, 0x00000007c0000000)
  eden space 1334272K, 100% used [0x000000076b500000,0x00000007bcc00000,0x00000007bcc00000)
  from space 25600K, 61% used [0x00000007be600000,0x00000007bf551590,0x00000007bff00000)
  to   space 26112K, 0% used [0x00000007bcc00000,0x00000007bcc00000,0x00000007be580000)
 ParOldGen       total 499200K, used 411188K [0x00000006c1e00000, 0x00000006e0580000, 0x000000076b500000)
  object space 499200K, 82% used [0x00000006c1e00000,0x00000006daf8d260,0x00000006e0580000)
 Metaspace       used 29553K, capacity 29856K, committed 30080K, reserved 1075200K
  class space    used 3794K, capacity 3900K, committed 3968K, reserved 1048576K
Event: 308.729 GC heap after
Heap after GC invocations=136 (full 3):
 PSYoungGen      total 1360384K, used 16533K [0x000000076b500000, 0x00000007c0000000, 0x00000007c0000000)
  eden space 1334272K, 0% used [0x000000076b500000,0x000000076b500000,0x00000007bcc00000)
  from space 26112K, 63% used [0x00000007bcc00000,0x00000007bdc25518,0x00000007be580000)
  to   space 26112K, 0% used [0x00000007be680000,0x00000007be680000,0x00000007c0000000)
 ParOldGen       total 499200K, used 411228K [0x00000006c1e00000, 0x00000006e0580000, 0x000000076b500000)
  object space 499200K, 82% used [0x00000006c1e00000,0x00000006daf97260,0x00000006e0580000)
 Metaspace       used 29553K, capacity 29856K, committed 30080K, reserved 1075200K
  class space    used 3794K, capacity 3900K, committed 3968K, reserved 1048576K
}
Event: 311.045 GC heap before
{Heap before GC invocations=137 (full 3):
 PSYoungGen      total 1360384K, used 1350805K [0x000000076b500000, 0x00000007c0000000, 0x00000007c0000000)
  eden space 1334272K, 100% used [0x000000076b500000,0x00000007bcc00000,0x00000007bcc00000)
  from space 26112K, 63% used [0x00000007bcc00000,0x00000007bdc25518,0x00000007be580000)
  to   space 26112K, 0% used [0x00000007be680000,0x00000007be680000,0x00000007c0000000)
 ParOldGen       total 499200K, used 411228K [0x00000006c1e00000, 0x00000006e0580000, 0x000000076b500000)
  object space 499200K, 82% used [0x00000006c1e00000,0x00000006daf97260,0x00000006e0580000)
 Metaspace       used 29553K, capacity 29856K, committed 30080K, reserved 1075200K
  class space    used 3794K, capacity 3900K, committed 3968K, reserved 1048576K
Event: 311.049 GC heap after
Heap after GC invocations=137 (full 3):
 PSYoungGen      total 1361408K, used 16948K [0x000000076b500000, 0x00000007c0000000, 0x00000007c0000000)
  eden space 1335296K, 0% used [0x000000076b500000,0x000000076b500000,0x00000007bcd00000)
  from space 26112K, 64% used [0x00000007be680000,0x00000007bf70d2b0,0x00000007c0000000)
  to   space 26112K, 0% used [0x00000007bcd00000,0x00000007bcd00000,0x00000007be680000)
 ParOldGen       total 499200K, used 411252K [0x00000006c1e00000, 0x00000006e0580000, 0x000000076b500000)
  object space 499200K, 82% used [0x00000006c1e00000,0x00000006daf9d260,0x00000006e0580000)
 Metaspace       used 29553K, capacity 29856K, committed 30080K, reserved 1075200K
  class space    used 3794K, capacity 3900K, committed 3968K, reserved 1048576K
}
Event: 313.515 GC heap before
{Heap before GC invocations=138 (full 3):
 PSYoungGen      total 1361408K, used 1352244K [0x000000076b500000, 0x00000007c0000000, 0x00000007c0000000)
  eden space 1335296K, 100% used [0x000000076b500000,0x00000007bcd00000,0x00000007bcd00000)
  from space 26112K, 64% used [0x00000007be680000,0x00000007bf70d2b0,0x00000007c0000000)
  to   space 26112K, 0% used [0x00000007bcd00000,0x00000007bcd00000,0x00000007be680000)
 ParOldGen       total 499200K, used 411252K [0x00000006c1e00000, 0x00000006e0580000, 0x000000076b500000)
  object space 499200K, 82% used [0x00000006c1e00000,0x00000006daf9d260,0x00000006e0580000)
 Metaspace       used 29558K, capacity 29856K, committed 30080K, reserved 1075200K
  class space    used 3794K, capacity 3900K, committed 3968K, reserved 1048576K
Event: 313.518 GC heap after
Heap after GC invocations=138 (full 3):
 PSYoungGen      total 1349632K, used 14129K [0x000000076b500000, 0x00000007bfe00000, 0x00000007c0000000)
  eden space 1335296K, 0% used [0x000000076b500000,0x000000076b500000,0x00000007bcd00000)
  from space 14336K, 98% used [0x00000007bcd00000,0x00000007bdacc658,0x00000007bdb00000)
  to   space 25088K, 0% used [0x00000007be580000,0x00000007be580000,0x00000007bfe00000)
 ParOldGen       total 499200K, used 414415K [0x00000006c1e00000, 0x00000006e0580000, 0x000000076b500000)
  object space 499200K, 83% used [0x00000006c1e00000,0x00000006db2b3ca0,0x00000006e0580000)
 Metaspace       used 29558K, capacity 29856K, committed 30080K, reserved 1075200K
  class space    used 3794K, capacity 3900K, committed 3968K, reserved 1048576K
}
Event: 315.720 GC heap before
{Heap before GC invocations=139 (full 3):
 PSYoungGen      total 1349632K, used 1349425K [0x000000076b500000, 0x00000007bfe00000, 0x00000007c0000000)
  eden space 1335296K, 100% used [0x000000076b500000,0x00000007bcd00000,0x00000007bcd00000)
  from space 14336K, 98% used [0x00000007bcd00000,0x00000007bdacc658,0x00000007bdb00000)
  to   space 25088K, 0% used [0x00000007be580000,0x00000007be580000,0x00000007bfe00000)
 ParOldGen       total 499200K, used 414415K [0x00000006c1e00000, 0x00000006e0580000, 0x000000076b500000)
  object space 499200K, 83% used [0x00000006c1e00000,0x00000006db2b3ca0,0x00000006e0580000)
 Metaspace       used 29559K, capacity 29856K, committed 30080K, reserved 1075200K
  class space    used 3794K, capacity 3900K, committed 3968K, reserved 1048576K
Event: 315.726 GC heap after
Heap after GC invocations=139 (full 3):
 PSYoungGen      total 1359872K, used 18663K [0x000000076b500000, 0x00000007c0000000, 0x00000007c0000000)
  eden space 1334784K, 0% used [0x000000076b500000,0x000000076b500000,0x00000007bcc80000)
  from space 25088K, 74% used [0x00000007be580000,0x00000007bf7b9e90,0x00000007bfe00000)
  to   space 25600K, 0% used [0x00000007bcc80000,0x00000007bcc80000,0x00000007be580000)
 ParOldGen       total 499200K, used 416606K [0x00000006c1e00000, 0x00000006e0580000, 0x000000076b500000)
  object space 499200K, 83% used [0x00000006c1e00000,0x00000006db4d7a58,0x00000006e0580000)
 Metaspace       used 29559K, capacity 29856K, committed 30080K, reserved 1075200K
  class space    used 3794K, capacity 3900K, committed 3968K, reserved 1048576K
}

Deoptimization events (10 events):
Event: 270.015 Thread 0x000000001f957800 Uncommon trap: reason=class_check action=maybe_recompile pc=0x0000000003fe497c method=java.awt.Component.dispatchEventImpl(Ljava/awt/AWTEvent;)V @ 473
Event: 300.471 Thread 0x000000001f957800 Uncommon trap: reason=speculate_class_check action=maybe_recompile pc=0x000000000432bce8 method=java.awt.Component.dispatchEventImpl(Ljava/awt/AWTEvent;)V @ 506
Event: 300.554 Thread 0x000000001f957800 Uncommon trap: reason=speculate_class_check action=maybe_recompile pc=0x000000000432bce8 method=java.awt.Component.dispatchEventImpl(Ljava/awt/AWTEvent;)V @ 506
Event: 303.836 Thread 0x000000001f957800 Uncommon trap: reason=speculate_class_check action=maybe_recompile pc=0x000000000432bce8 method=java.awt.Component.dispatchEventImpl(Ljava/awt/AWTEvent;)V @ 506
Event: 303.837 Thread 0x000000001f957800 Uncommon trap: reason=unstable_if action=reinterpret pc=0x00000000041f4914 method=ME.sample.zynkx.zynkx.keyReleased(Ljava/awt/event/KeyEvent;)V @ 1043
Event: 304.917 Thread 0x000000001f957800 Uncommon trap: reason=class_check action=maybe_recompile pc=0x0000000003ce92a0 method=sun.font.Font2D.getStrike(Lsun/font/FontStrikeDesc;Z)Lsun/font/FontStrike; @ 51
Event: 309.655 Thread 0x000000001f957800 Uncommon trap: reason=speculate_class_check action=maybe_recompile pc=0x000000000432bce8 method=java.awt.Component.dispatchEventImpl(Ljava/awt/AWTEvent;)V @ 506
Event: 309.763 Thread 0x000000001f957800 Uncommon trap: reason=unstable_if action=reinterpret pc=0x00000000044e14ec method=ME.sample.fyyd.fyyd.keyReleased(Ljava/awt/event/KeyEvent;)V @ 676
Event: 309.769 Thread 0x000000001f957800 Uncommon trap: reason=unstable_if action=reinterpret pc=0x00000000044935fc method=ME.sample.fqz.fqz.keyReleased(Ljava/awt/event/KeyEvent;)V @ 676
Event: 309.777 Thread 0x000000001f957800 Uncommon trap: reason=unstable_if action=reinterpret pc=0x00000000044be790 method=ME.sample.App.keyReleased(Ljava/awt/event/KeyEvent;)V @ 2654

Classes redefined (0 events):
No events

Internal exceptions (10 events):
Event: 226.840 Thread 0x000000001f957800 Implicit null exception at 0x0000000003a667a3 to 0x0000000003a6696f
Event: 226.840 Thread 0x000000001f957800 Exception <a 'java/lang/NullPointerException'> (0x000000079e5eaf20) thrown at [C:\re\workspace\8-2-build-windows-amd64-cygwin\jdk8u161\10277\hotspot\src\share\vm\runtime\sharedRuntime.cpp, line 605]
Event: 255.265 Thread 0x000000001f957800 Implicit null exception at 0x0000000003a667a3 to 0x0000000003a6696f
Event: 255.265 Thread 0x000000001f957800 Exception <a 'java/lang/NullPointerException'> (0x00000007b6b7eaf0) thrown at [C:\re\workspace\8-2-build-windows-amd64-cygwin\jdk8u161\10277\hotspot\src\share\vm\runtime\sharedRuntime.cpp, line 605]
Event: 291.790 Thread 0x000000001f957800 Implicit null exception at 0x0000000003a667a3 to 0x0000000003a6696f
Event: 291.791 Thread 0x000000001f957800 Exception <a 'java/lang/NullPointerException'> (0x00000007703ab000) thrown at [C:\re\workspace\8-2-build-windows-amd64-cygwin\jdk8u161\10277\hotspot\src\share\vm\runtime\sharedRuntime.cpp, line 605]
Event: 315.613 Thread 0x000000001f957800 Implicit null exception at 0x0000000003a667a3 to 0x0000000003a6696f
Event: 315.613 Thread 0x000000001f957800 Exception <a 'java/lang/NullPointerException'> (0x00000007b8ad2010) thrown at [C:\re\workspace\8-2-build-windows-amd64-cygwin\jdk8u161\10277\hotspot\src\share\vm\runtime\sharedRuntime.cpp, line 605]
Event: 316.437 Thread 0x000000001f957800 Implicit null exception at 0x0000000003a667a3 to 0x0000000003a6696f
Event: 316.437 Thread 0x000000001f957800 Exception <a 'java/lang/NullPointerException'> (0x0000000785515848) thrown at [C:\re\workspace\8-2-build-windows-amd64-cygwin\jdk8u161\10277\hotspot\src\share\vm\runtime\sharedRuntime.cpp, line 605]

Events (10 events):
Event: 309.777 Thread 0x000000001f957800 Uncommon trap: trap_request=0xffffff65 fr.pc=0x00000000044be790
Event: 309.777 Thread 0x000000001f957800 DEOPT PACKING pc=0x00000000044be790 sp=0x000000002210d050
Event: 309.777 Thread 0x000000001f957800 DEOPT UNPACKING pc=0x0000000002fc583b sp=0x000000002210d0a8 mode 2
Event: 311.045 Executing VM operation: ParallelGCFailedAllocation
Event: 311.049 Executing VM operation: ParallelGCFailedAllocation done
Event: 313.515 Executing VM operation: ParallelGCFailedAllocation
Event: 313.518 Executing VM operation: ParallelGCFailedAllocation done
Event: 315.720 Executing VM operation: ParallelGCFailedAllocation
Event: 315.726 Executing VM operation: ParallelGCFailedAllocation done
Event: 317.139 Thread 0x0000000023166000 Thread added: 0x0000000023166000


Dynamic libraries:
0x00007ff648770000 - 0x00007ff6487a7000 	C:\Program Files\Java\jdk1.8.0_161\jre\bin\javaw.exe
0x00007ffc62240000 - 0x00007ffc62430000 	C:\WINDOWS\SYSTEM32\ntdll.dll
0x00007ffc48b20000 - 0x00007ffc48b33000 	D:\Program Files\AVAST Software\Avast\aswhook.dll
0x00007ffc62120000 - 0x00007ffc621d2000 	C:\WINDOWS\System32\KERNEL32.DLL
0x00007ffc5ff90000 - 0x00007ffc60233000 	C:\WINDOWS\System32\KERNELBASE.dll
0x00007ffc616d0000 - 0x00007ffc61773000 	C:\WINDOWS\System32\ADVAPI32.dll
0x00007ffc61b10000 - 0x00007ffc61bae000 	C:\WINDOWS\System32\msvcrt.dll
0x00007ffc62080000 - 0x00007ffc62117000 	C:\WINDOWS\System32\sechost.dll
0x00007ffc61bb0000 - 0x00007ffc61cd0000 	C:\WINDOWS\System32\RPCRT4.dll
0x00007ffc60610000 - 0x00007ffc607a4000 	C:\WINDOWS\System32\USER32.dll
0x00007ffc602c0000 - 0x00007ffc602e1000 	C:\WINDOWS\System32\win32u.dll
0x00007ffc618a0000 - 0x00007ffc618c6000 	C:\WINDOWS\System32\GDI32.dll
0x00007ffc5f970000 - 0x00007ffc5fb04000 	C:\WINDOWS\System32\gdi32full.dll
0x00007ffc5fbf0000 - 0x00007ffc5fc8e000 	C:\WINDOWS\System32\msvcp_win.dll
0x00007ffc5fe90000 - 0x00007ffc5ff8a000 	C:\WINDOWS\System32\ucrtbase.dll
0x00007ffc4a460000 - 0x00007ffc4a6e5000 	C:\WINDOWS\WinSxS\amd64_microsoft.windows.common-controls_6595b64144ccf1df_6.0.18362.778_none_e6c6b761130d4fb8\COMCTL32.dll
0x00007ffc61d40000 - 0x00007ffc62076000 	C:\WINDOWS\System32\combase.dll
0x00007ffc60240000 - 0x00007ffc602c0000 	C:\WINDOWS\System32\bcryptPrimitives.dll
0x00007ffc60300000 - 0x00007ffc6032e000 	C:\WINDOWS\System32\IMM32.DLL
0x0000000069c70000 - 0x0000000069d42000 	C:\Program Files\Java\jdk1.8.0_161\jre\bin\msvcr100.dll
0x00000000688f0000 - 0x000000006918f000 	C:\Program Files\Java\jdk1.8.0_161\jre\bin\server\jvm.dll
0x00007ffc61890000 - 0x00007ffc61898000 	C:\WINDOWS\System32\PSAPI.DLL
0x00007ffc54a00000 - 0x00007ffc54a09000 	C:\WINDOWS\SYSTEM32\WSOCK32.dll
0x00007ffc614d0000 - 0x00007ffc6153f000 	C:\WINDOWS\System32\WS2_32.dll
0x00007ffc53e10000 - 0x00007ffc53e34000 	C:\WINDOWS\SYSTEM32\WINMM.dll
0x00007ffc5a560000 - 0x00007ffc5a56a000 	C:\WINDOWS\SYSTEM32\VERSION.dll
0x00007ffc53de0000 - 0x00007ffc53e0d000 	C:\WINDOWS\SYSTEM32\WINMMBASE.dll
0x00007ffc5fe40000 - 0x00007ffc5fe8a000 	C:\WINDOWS\System32\cfgmgr32.dll
0x0000000069c60000 - 0x0000000069c6f000 	C:\Program Files\Java\jdk1.8.0_161\jre\bin\verify.dll
0x0000000069c30000 - 0x0000000069c59000 	C:\Program Files\Java\jdk1.8.0_161\jre\bin\java.dll
0x0000000069c10000 - 0x0000000069c26000 	C:\Program Files\Java\jdk1.8.0_161\jre\bin\zip.dll
0x00007ffc60de0000 - 0x00007ffc614c5000 	C:\WINDOWS\System32\SHELL32.dll
0x00007ffc617e0000 - 0x00007ffc61889000 	C:\WINDOWS\System32\shcore.dll
0x00007ffc5f1d0000 - 0x00007ffc5f950000 	C:\WINDOWS\System32\windows.storage.dll
0x00007ffc5f1a0000 - 0x00007ffc5f1c3000 	C:\WINDOWS\System32\profapi.dll
0x00007ffc5f110000 - 0x00007ffc5f15a000 	C:\WINDOWS\System32\powrprof.dll
0x00007ffc5f100000 - 0x00007ffc5f110000 	C:\WINDOWS\System32\UMPDC.dll
0x00007ffc60d80000 - 0x00007ffc60dd2000 	C:\WINDOWS\System32\shlwapi.dll
0x00007ffc5f160000 - 0x00007ffc5f171000 	C:\WINDOWS\System32\kernel.appcore.dll
0x00007ffc5f950000 - 0x00007ffc5f967000 	C:\WINDOWS\System32\cryptsp.dll
0x00007ffc5e480000 - 0x00007ffc5e4b3000 	C:\WINDOWS\system32\rsaenh.dll
0x00007ffc5fb10000 - 0x00007ffc5fb36000 	C:\WINDOWS\System32\bcrypt.dll
0x00007ffc5eff0000 - 0x00007ffc5f015000 	C:\WINDOWS\SYSTEM32\USERENV.dll
0x00007ffc5eae0000 - 0x00007ffc5eaec000 	C:\WINDOWS\SYSTEM32\CRYPTBASE.dll
0x0000000069bf0000 - 0x0000000069c0a000 	C:\Program Files\Java\jdk1.8.0_161\jre\bin\net.dll
0x00007ffc5e910000 - 0x00007ffc5e977000 	C:\WINDOWS\system32\mswsock.dll
0x00007ffc5e620000 - 0x00007ffc5e65a000 	C:\WINDOWS\SYSTEM32\IPHLPAPI.DLL
0x00007ffc602f0000 - 0x00007ffc602f8000 	C:\WINDOWS\System32\NSI.dll
0x00007ffc57b10000 - 0x00007ffc57b26000 	C:\WINDOWS\SYSTEM32\dhcpcsvc6.DLL
0x00007ffc593c0000 - 0x00007ffc593dc000 	C:\WINDOWS\SYSTEM32\dhcpcsvc.DLL
0x00007ffc5e660000 - 0x00007ffc5e72a000 	C:\WINDOWS\SYSTEM32\DNSAPI.dll
0x0000000069bd0000 - 0x0000000069be1000 	C:\Program Files\Java\jdk1.8.0_161\jre\bin\nio.dll
0x0000000068750000 - 0x00000000688e8000 	C:\Program Files\Java\jdk1.8.0_161\jre\bin\awt.dll
0x00007ffc60390000 - 0x00007ffc60454000 	C:\WINDOWS\System32\OLEAUT32.dll
0x00007ffc5cdb0000 - 0x00007ffc5ce3f000 	C:\WINDOWS\SYSTEM32\apphelp.dll
0x00007ffc5d0e0000 - 0x00007ffc5d179000 	C:\WINDOWS\system32\uxtheme.dll
0x00007ffc619d0000 - 0x00007ffc61b06000 	C:\WINDOWS\System32\MSCTF.dll
0x00007ffc607b0000 - 0x00007ffc60907000 	C:\WINDOWS\System32\ole32.dll
0x00007ffc5d6d0000 - 0x00007ffc5d6fd000 	C:\WINDOWS\system32\DWMAPI.DLL
0x00007ffc50e30000 - 0x00007ffc50f86000 	C:\WINDOWS\system32\opengl32.dll
0x00007ffc5a200000 - 0x00007ffc5a22c000 	C:\WINDOWS\SYSTEM32\GLU32.dll
0x00007ffc5dd70000 - 0x00007ffc5dd90000 	C:\WINDOWS\SYSTEM32\dxcore.dll
0x0000000068540000 - 0x0000000068587000 	C:\Program Files\Java\jdk1.8.0_161\jre\bin\fontmanager.dll
0x00007ffc61620000 - 0x00007ffc616c2000 	C:\WINDOWS\System32\clbcatq.dll
0x00007ffc52480000 - 0x00007ffc5262f000 	C:\WINDOWS\SYSTEM32\WindowsCodecs.dll
0x00007ffc53e50000 - 0x00007ffc53e8a000 	C:\WINDOWS\system32\dataexchange.dll
0x00007ffc5bdf0000 - 0x00007ffc5c04b000 	C:\WINDOWS\system32\d3d11.dll
0x00007ffc5c590000 - 0x00007ffc5c76c000 	C:\WINDOWS\system32\dcomp.dll
0x00007ffc5de00000 - 0x00007ffc5deeb000 	C:\WINDOWS\system32\dxgi.dll
0x00007ffc5d180000 - 0x00007ffc5d3da000 	C:\WINDOWS\system32\twinapi.appcore.dll
0x00007ffc5d5e0000 - 0x00007ffc5d609000 	C:\WINDOWS\system32\RMCLIENT.dll
0x00000000684f0000 - 0x0000000068532000 	C:\Program Files\Java\jdk1.8.0_161\jre\bin\t2k.dll
0x00007ffc52a60000 - 0x00007ffc52afe000 	C:\WINDOWS\System32\TextInputFramework.dll
0x00007ffc52c60000 - 0x00007ffc52f8a000 	C:\WINDOWS\System32\CoreUIComponents.dll
0x00007ffc5c4b0000 - 0x00007ffc5c584000 	C:\WINDOWS\System32\CoreMessaging.dll
0x00007ffc5e160000 - 0x00007ffc5e191000 	C:\WINDOWS\SYSTEM32\ntmarta.dll
0x00007ffc5a850000 - 0x00007ffc5a9a3000 	C:\WINDOWS\SYSTEM32\wintypes.dll
0x00007ffc53870000 - 0x00007ffc53b16000 	C:\WINDOWS\System32\iertutil.dll
0x00007ffc30ec0000 - 0x00007ffc30ef8000 	C:\Program Files\Java\jdk1.8.0_161\jre\bin\jacob-1.18-x64.dll
0x00007ffc24700000 - 0x00007ffc2487f000 	C:\WINDOWS\System32\Speech\Common\sapi.dll
0x00007ffc5fc90000 - 0x00007ffc5fcec000 	C:\WINDOWS\System32\WINTRUST.dll
0x00007ffc5f180000 - 0x00007ffc5f192000 	C:\WINDOWS\System32\MSASN1.dll
0x00007ffc5fcf0000 - 0x00007ffc5fe39000 	C:\WINDOWS\System32\CRYPT32.dll
0x00007ffc5a2b0000 - 0x00007ffc5a2cc000 	C:\WINDOWS\SYSTEM32\MSACM32.dll
0x00007ffc58b00000 - 0x00007ffc58b0b000 	C:\WINDOWS\SYSTEM32\msdmo.dll
0x00007ffc57a60000 - 0x00007ffc57ad2000 	C:\WINDOWS\System32\MMDevApi.dll
0x00007ffc5ef20000 - 0x00007ffc5ef4a000 	C:\WINDOWS\System32\DEVOBJ.dll
0x00007ffc5ef50000 - 0x00007ffc5efed000 	C:\WINDOWS\SYSTEM32\sxs.dll
0x00007ffc244f0000 - 0x00007ffc246f1000 	C:\Windows\System32\speech_onecore\engines\tts\MSTTSEngine_OneCore.dll
0x00007ffc59b10000 - 0x00007ffc59b9a000 	C:\WINDOWS\SYSTEM32\msvcp110_win.dll
0x00007ffc34770000 - 0x00007ffc34c53000 	C:\WINDOWS\System32\Speech_OneCore\Common\sapi_onecore.dll
0x00007ffc57b50000 - 0x00007ffc57cad000 	C:\WINDOWS\SYSTEM32\AudioSes.DLL
0x00007ffc5f020000 - 0x00007ffc5f04f000 	C:\WINDOWS\SYSTEM32\SspiCli.dll
0x00007ffc53fb0000 - 0x00007ffc54185000 	C:\WINDOWS\SYSTEM32\urlmon.dll
0x00007ffc5cae0000 - 0x00007ffc5cbcf000 	C:\WINDOWS\SYSTEM32\PROPSYS.dll
0x00007ffc56680000 - 0x00007ffc56770000 	C:\WINDOWS\SYSTEM32\WINHTTP.dll
0x00007ffc58210000 - 0x00007ffc582ee000 	C:\Windows\System32\Windows.ApplicationModel.dll
0x00007ffc29040000 - 0x00007ffc290ff000 	C:\Windows\System32\speech_onecore\engines\tts\MSTTSLoc_OneCore.DLL
0x00007ffc5b610000 - 0x00007ffc5b6c5000 	C:\WINDOWS\system32\MSWB70804.dll
0x00000000637c0000 - 0x00000000637ca000 	C:\Users\Lenovo\AppData\Local\Temp\jogamp.tmp.cache_000000\jln3747159544880946068\jln4185655523962834601\gluegen-rt.dll
0x00000000684e0000 - 0x00000000684e7000 	C:\Program Files\Java\jdk1.8.0_161\jre\bin\jawt.dll
0x000000006a440000 - 0x000000006a44b000 	C:\Users\Lenovo\AppData\Local\Temp\jogamp.tmp.cache_000000\jln3747159544880946068\jln4185655523962834601\nativewindow_awt.dll
0x000000006c100000 - 0x000000006c10b000 	C:\Users\Lenovo\AppData\Local\Temp\jogamp.tmp.cache_000000\jln3747159544880946068\jln4185655523962834601\nativewindow_win32.dll
0x0000000064500000 - 0x000000006458d000 	C:\Users\Lenovo\AppData\Local\Temp\jogamp.tmp.cache_000000\jln3747159544880946068\jln4185655523962834601\jogl_desktop.dll
0x0000000028cc0000 - 0x0000000029bc9000 	C:\WINDOWS\System32\DriverStore\FileRepository\iigd_dch.inf_amd64_3c82703a0fbed0ab\ig9icd64.dll
0x00007ffc55d20000 - 0x00007ffc55ec0000 	C:\WINDOWS\System32\DriverStore\FileRepository\iigd_dch.inf_amd64_3c82703a0fbed0ab\igdgmm64.dll
0x00007ffc4c100000 - 0x00007ffc4e4fc000 	C:\WINDOWS\System32\DriverStore\FileRepository\iigd_dch.inf_amd64_3c82703a0fbed0ab\igc64.dll
0x00007ffc284e0000 - 0x00007ffc285cf000 	C:\Users\Lenovo\.javacpp\cache\opencv-3.1.0-1.3-windows-x86_64.jar\org\bytedeco\javacpp\windows-x86_64\msvcr120.dll
0x00007ffc24ce0000 - 0x00007ffc24d86000 	C:\Users\Lenovo\.javacpp\cache\opencv-3.1.0-1.3-windows-x86_64.jar\org\bytedeco\javacpp\windows-x86_64\msvcp120.dll
0x00007ffc238e0000 - 0x00007ffc23b5a000 	C:\Users\Lenovo\.javacpp\cache\opencv-3.1.0-1.3-windows-x86_64.jar\org\bytedeco\javacpp\windows-x86_64\opencv_core310.dll
0x00007ffc23590000 - 0x00007ffc238d2000 	C:\Users\Lenovo\.javacpp\cache\opencv-3.1.0-1.3-windows-x86_64.jar\org\bytedeco\javacpp\windows-x86_64\opencv_imgproc310.dll
0x00007ffc230b0000 - 0x00007ffc232d7000 	C:\Users\Lenovo\.javacpp\cache\opencv-3.1.0-1.3-windows-x86_64.jar\org\bytedeco\javacpp\windows-x86_64\jniopencv_core.dll
0x0000000068250000 - 0x0000000068281000 	C:\Program Files\Java\jdk1.8.0_161\jre\bin\jpeg.dll
0x00007ffc24400000 - 0x00007ffc244ed000 	C:\Users\Lenovo\.javacpp\cache\opencv-3.1.0-1.3-windows-x86_64.jar\org\bytedeco\javacpp\windows-x86_64\jniopencv_imgproc.dll
0x00007ffc22de0000 - 0x00007ffc230a9000 	C:\Users\Lenovo\.javacpp\cache\opencv-3.1.0-1.3-windows-x86_64.jar\org\bytedeco\javacpp\windows-x86_64\opencv_imgcodecs310.dll
0x00007ffc49380000 - 0x00007ffc493a5000 	C:\Users\Lenovo\.javacpp\cache\opencv-3.1.0-1.3-windows-x86_64.jar\org\bytedeco\javacpp\windows-x86_64\jniopencv_imgcodecs.dll
0x00007ffc30d30000 - 0x00007ffc30d83000 	C:\Users\Lenovo\.javacpp\cache\opencv-3.1.0-1.3-windows-x86_64.jar\org\bytedeco\javacpp\windows-x86_64\opencv_videoio310.dll
0x00007ffc37ed0000 - 0x00007ffc37ef9000 	C:\WINDOWS\SYSTEM32\MSVFW32.dll
0x00007ffc46ea0000 - 0x00007ffc46ec0000 	C:\WINDOWS\SYSTEM32\AVIFIL32.dll
0x00007ffc36000000 - 0x00007ffc36018000 	C:\WINDOWS\SYSTEM32\AVICAP32.dll
0x00007ffc30770000 - 0x00007ffc30787000 	C:\Users\Lenovo\.javacpp\cache\opencv-3.1.0-1.3-windows-x86_64.jar\org\bytedeco\javacpp\windows-x86_64\jniopencv_videoio.dll
0x00007ffc30750000 - 0x00007ffc30768000 	C:\Windows\System32\devenum.dll
0x00007ffc60910000 - 0x00007ffc60d80000 	C:\WINDOWS\System32\setupapi.dll
0x00007ffc30670000 - 0x00007ffc306a4000 	C:\Windows\System32\qcap.dll
0x00007ffc22c10000 - 0x00007ffc22dd4000 	C:\Windows\System32\quartz.dll
0x00007ffc24c90000 - 0x00007ffc24cdc000 	C:\Windows\System32\mfksproxy.dll
0x00007ffc480a0000 - 0x00007ffc480bc000 	C:\Windows\System32\ATL.DLL
0x00007ffc52740000 - 0x00007ffc5293a000 	C:\Windows\System32\MFPlat.DLL

VM Arguments:
jvm_args: -Dfile.encoding=GBK 
java_command: ME.sample.Frame
java_class_path (initial): D:\Users\Lenovo\eclipse-workspace\DETA_YLJ1.5.9\target\classes;D:\Users\Lenovo\eclipse-workspace\DETA_YLJ1.5.9\lib\bssm.jar;D:\Users\Lenovo\eclipse-workspace\DETA_YLJ1.5.9\lib\commons-math-2.1.jar;D:\Users\Lenovo\eclipse-workspace\DETA_YLJ1.5.9\lib\commons-math3-3.0.jar;D:\Users\Lenovo\eclipse-workspace\DETA_YLJ1.5.9\lib\customizer.jar;D:\Users\Lenovo\eclipse-workspace\DETA_YLJ1.5.9\lib\ffmpeg-3.2.1-1.3-windows-x86_64.jar;D:\Users\Lenovo\eclipse-workspace\DETA_YLJ1.5.9\lib\ffmpeg-platform-3.2.1-1.3.jar;D:\Users\Lenovo\eclipse-workspace\DETA_YLJ1.5.9\lib;D:\Users\Lenovo\eclipse-workspace\DETA_YLJ1.5.9\lib\flandmark-1.07-1.3.jar;D:\Users\Lenovo\eclipse-workspace\DETA_YLJ1.5.9\lib\flandmark-platform-1.07-1.3.jar;D:\Users\Lenovo\eclipse-workspace\DETA_YLJ1.5.9\lib\flycapture-2.9.3.43-1.3-windows-x86_64.jar;D:\Users\Lenovo\eclipse-workspace\DETA_YLJ1.5.9\lib\flycapture-2.9.3.43-1.3.jar;D:\Users\Lenovo\eclipse-workspace\DETA_YLJ1.5.9\lib\flycapture-platform-2.9.3.43-1.3.jar;D:\Users\Lenovo\eclipse-workspace\DETA_YLJ1.5.9\lib\gluegen-rt.jar;D:\Users\Lenovo\eclipse-workspace\DETA_YLJ1.5.9\lib\gluegen.jar;D:\Users\Lenovo\eclipse-workspace\DETA_YLJ1.5.9\lib\gnujaxp.jar;D:\Users\Lenovo\eclipse-workspace\DETA_YLJ1.5.9\lib\icam.jar;D:\Users\Lenovo\eclipse-workspace\DETA_YLJ1.5.9\lib\iText-2.1.5.jar;D:\Users\Lenovo\eclipse-workspace\DETA_YLJ1.5.9\lib\javabuilder.jar;D:\Users\Lenovo\eclipse-workspace\DETA_YLJ1.5.9\lib\javacpp-1.3.jar;D:\Users\Lenovo\eclipse-workspace\DETA_YLJ1.5.9\lib\javacv-platform-1.3.jar;D:\Users\Lenovo\eclipse-workspace\DETA_YLJ1.5.9\lib\jcommon-1.0.16.jar;D:\Users\Lenovo\eclipse-workspace\DETA_YLJ1.5.9\lib\jfreechart-1.0.13-experimental.jar;D:\Users\Lenovo\eclipse-workspace\DETA_YLJ1.5.9\lib\jfreechart-1.0.13-swt.jar;D:\Users\Lenovo\eclipse-workspace\DETA_YLJ1.5.9\lib\jfreechart-1.0.13.jar;D:\Users\Lenovo\eclipse-workspace\DETA_YLJ1.5.9\lib\jmf.jar;D:\Users\Lenovo\eclipse-workspace\DETA_YLJ1.5.9\lib\jogl.all.jar;D:\Users\Lenovo\e
Launcher Type: SUN_STANDARD

Environment Variables:
PATH=C:/Program Files/Java/jre1.8.0_161/bin/server;C:/Program Files/Java/jre1.8.0_161/bin;C:/Program Files/Java/jre1.8.0_161/lib/amd64;C:\ProgramData\Oracle\Java\javapath;C:\Program Files (x86)\Intel\Intel(R) Management Engine Components\iCLS\;C:\Program Files\Intel\Intel(R) Management Engine Components\iCLS\;C:\Windows\system32;C:\Windows;C:\Windows\System32\Wbem;C:\Windows\System32\WindowsPowerShell\v1.0\;C:\Windows\System32\OpenSSH\;C:\Program Files (x86)\Intel\Intel(R) Management Engine Components\DAL;C:\Program Files\Intel\Intel(R) Management Engine Components\DAL;C:\Program Files (x86)\Intel\Intel(R) Management Engine Components\IPT;C:\Program Files\Intel\Intel(R) Management Engine Components\IPT;C:\Program Files (x86)\NVIDIA Corporation\PhysX\Common;C:\Program Files\Java\jdk1.8.0_161\bin;C:\Program Files\Java\jre1.8.0_161\bin;C:\Program Files\NVIDIA Corporation\NVIDIA NvDLISR;C:\WINDOWS\system32;C:\WINDOWS;C:\WINDOWS\System32\Wbem;C:\WINDOWS\System32\WindowsPowerShell\v1.0\;C:\WINDOWS\System32\OpenSSH\;D:\jdk\64\6.1.9\bin;D:\jdk\64\6.1.9;C:\Users\Lenovo\AppData\Local\Microsoft\WindowsApps;;C:\Users\Lenovo\Desktop\ZHUOMIAN;
USERNAME=Lenovo
OS=Windows_NT
PROCESSOR_IDENTIFIER=Intel64 Family 6 Model 158 Stepping 10, GenuineIntel



---------------  S Y S T E M  ---------------

OS: Windows 10.0 , 64 bit Build 18362 (10.0.18362.778)

CPU:total 8 (initial active 8) (4 cores per cpu, 2 threads per core) family 6 model 158 stepping 10, cmov, cx8, fxsr, mmx, sse, sse2, sse3, ssse3, sse4.1, sse4.2, popcnt, avx, avx2, aes, clmul, erms, 3dnowpref, lzcnt, ht, tsc, tscinvbit, bmi1, bmi2, adx

Memory: 4k page, physical 16648500k(7940352k free), swap 17697076k(6134752k free)

vm_info: Java HotSpot(TM) 64-Bit Server VM (25.161-b12) for windows-amd64 JRE (1.8.0_161-b12), built on Dec 19 2017 17:52:25 by "java_re" with MS VC++ 10.0 (VS2010)

time: Wed Jan 27 15:12:29 2021
elapsed time: 317 seconds (0d 0h 5m 17s)

