#
# A fatal error has been detected by the Java Runtime Environment:
#
#  EXCEPTION_ACCESS_VIOLATION (0xc0000005) at pc=0x00007ffc23c99850, pid=14584, tid=0x0000000000000ac8
#
# JRE version: Java(TM) SE Runtime Environment (8.0_161-b12) (build 1.8.0_161-b12)
# Java VM: Java HotSpot(TM) 64-Bit Server VM (25.161-b12 mixed mode windows-amd64 compressed oops)
# Problematic frame:
# C  [ig9icd64.dll+0x149850]
#
# Failed to write core dump. Minidumps are not enabled by default on client versions of Windows
#
# If you would like to submit a bug report, please visit:
#   http://bugreport.java.com/bugreport/crash.jsp
# The crash happened outside the Java Virtual Machine in native code.
# See problematic frame for where to report the bug.
#

---------------  T H R E A D  ---------------

Current thread (0x0000000020e55800):  JavaThread "AWT-EventQueue-0" [_thread_in_native, id=2760, stack(0x0000000020990000,0x0000000020a90000)]

siginfo: ExceptionCode=0xc0000005, reading address 0x00000000add0e910

Registers:
RAX=0x0000000000000000, RBX=0x0000000020a8d550, RCX=0x0000000000000000, RDX=0x00000000add0e910
RSP=0x0000000020a8d3c0, RBP=0x0000000000000013, RSI=0x0000000028578000, RDI=0x0000000028578000
R8 =0x0000000000000078, R9 =0x0000000000000000, R10=0x0000000000000007, R11=0x0000000020a8db40
R12=0x00000000000001c1, R13=0x0000000028578000, R14=0x0000000000000078, R15=0x00007ffc23b50000
RIP=0x00007ffc23c99850, EFLAGS=0x0000000000010202

Top of Stack: (sp=0x0000000020a8d3c0)
0x0000000020a8d3c0:   0000000000000000 0000000000000000
0x0000000020a8d3d0:   0000000000000000 0000000000000000
0x0000000020a8d3e0:   00000000add0e910 00007ffc2400ae00
0x0000000020a8d3f0:   4000bc0040000280 0000000000000001
0x0000000020a8d400:   0000000020a8d800 0000000000000000
0x0000000020a8d410:   0000000000000000 00007ffc2400d4bc
0x0000000020a8d420:   0000000020a8d520 00000000000000f8
0x0000000020a8d430:   0000000020a8d800 0000000000000001
0x0000000020a8d440:   0000000045c5002a 00007ffc00000001
0x0000000020a8d450:   0000000023505010 00007ffc23b91400
0x0000000020a8d460:   00004b0a8ca79f04 0000000000000050
0x0000000020a8d470:   0000000000000001 0000000020a8d5b8
0x0000000020a8d480:   0000000020a8d760 0000000023fe2a00
0x0000000020a8d490:   0000000031f38330 0000000000000000
0x0000000020a8d4a0:   0000000000000000 00007ffc2405bbdd
0x0000000020a8d4b0:   0000000023f9ce90 0000000000000000 

Instructions: (pc=0x00007ffc23c99850)
0x00007ffc23c99830:   9f 41 83 e0 7f 74 34 45 8b d0 44 8b c9 49 c1 ea
0x00007ffc23c99840:   04 4d 85 d2 74 25 66 66 0f 1f 84 00 00 00 00 00
0x00007ffc23c99850:   f3 0f 6f 02 41 ff c1 66 0f e7 07 48 83 c7 10 41
0x00007ffc23c99860:   8b c1 48 83 c2 10 49 3b c2 72 e5 0f 28 74 24 10 


Register to memory mapping:

RAX=0x0000000000000000 is an unknown value
RBX=0x0000000020a8d550 is pointing into the stack for thread: 0x0000000020e55800
RCX=0x0000000000000000 is an unknown value
RDX=0x00000000add0e910 is an unknown value
RSP=0x0000000020a8d3c0 is pointing into the stack for thread: 0x0000000020e55800
RBP=0x0000000000000013 is an unknown value
RSI=0x0000000028578000 is an unknown value
RDI=0x0000000028578000 is an unknown value
R8 =0x0000000000000078 is an unknown value
R9 =0x0000000000000000 is an unknown value
R10=0x0000000000000007 is an unknown value
R11=0x0000000020a8db40 is pointing into the stack for thread: 0x0000000020e55800
R12=0x00000000000001c1 is an unknown value
R13=0x0000000028578000 is an unknown value
R14=0x0000000000000078 is an unknown value
R15=0x00007ffc23b50000 is an unknown value


Stack: [0x0000000020990000,0x0000000020a90000],  sp=0x0000000020a8d3c0,  free space=1012k
Native frames: (J=compiled Java code, j=interpreted, Vv=VM code, C=native code)
C  [ig9icd64.dll+0x149850]
C  [ig9icd64.dll+0x4bae00]
C  [ig9icd64.dll+0x4bd4bc]
C  [ig9icd64.dll+0x4c280d]
C  [ig9icd64.dll+0x9e02cc]
C  [ig9icd64.dll+0x96a1b6]
C  [opengl32.dll+0x31e95]
C  0x00000000034598ba

Java frames: (J=compiled Java code, j=interpreted, Vv=VM code)
J 4511  jogamp.opengl.gl4.GL4bcImpl.dispatch_glDrawPixels1(IIIILjava/lang/Object;IZJ)V (0 bytes) @ 0x000000000345983c [0x00000000034597c0+0x7c]
J 4728 C2 jogamp.opengl.gl4.GL4bcImpl.glDrawPixels(IIIILjava/nio/Buffer;)V (109 bytes) @ 0x00000000039d1894 [0x00000000039d1700+0x194]
J 5842 C2 biProcessor.coAuthorForWord.drawWords([II[DFIILjava/util/Map;Ljava/util/Map;)V (1501 bytes) @ 0x00000000045088ac [0x0000000004507dc0+0xaec]
J 5842 C2 biProcessor.coAuthorForWord.drawWords([II[DFIILjava/util/Map;Ljava/util/Map;)V (1501 bytes) @ 0x0000000004508bb8 [0x0000000004507dc0+0xdf8]
J 5842 C2 biProcessor.coAuthorForWord.drawWords([II[DFIILjava/util/Map;Ljava/util/Map;)V (1501 bytes) @ 0x0000000004508bb8 [0x0000000004507dc0+0xdf8]
J 4717 C1 biProcessor.coAuthorForWord.display(Ljavax/media/opengl/GLAutoDrawable;)V (248 bytes) @ 0x0000000003535ec4 [0x0000000003534f80+0xf44]
J 4716 C1 jogamp.opengl.GLDrawableHelper.displayImpl(Ljavax/media/opengl/GLAutoDrawable;)V (69 bytes) @ 0x00000000035375ec [0x0000000003537180+0x46c]
J 4625 C1 javax.media.opengl.awt.GLCanvas$6.run()V (122 bytes) @ 0x000000000399b224 [0x000000000399ada0+0x484]
J 4715 C1 jogamp.opengl.GLDrawableHelper.invokeGLImpl(Ljavax/media/opengl/GLDrawable;Ljavax/media/opengl/GLContext;Ljava/lang/Runnable;Ljava/lang/Runnable;Ljavax/media/opengl/GLAutoDrawable;)V (414 bytes) @ 0x00000000039c4d04 [0x00000000039c4000+0xd04]
J 4714 C1 jogamp.opengl.GLDrawableHelper.invokeGL(Ljavax/media/opengl/GLDrawable;Ljavax/media/opengl/GLContext;Ljava/lang/Runnable;Ljava/lang/Runnable;)V (89 bytes) @ 0x00000000038784cc [0x0000000003878400+0xcc]
J 4713 C1 javax.media.opengl.awt.GLCanvas$8.run()V (39 bytes) @ 0x0000000003878d2c [0x0000000003878b80+0x1ac]
J 5154 C2 java.awt.event.InvocationEvent.dispatch()V (69 bytes) @ 0x00000000039da52c [0x00000000039da4c0+0x6c]
J 5123 C2 java.awt.EventQueue$3.run()Ljava/lang/Object; (5 bytes) @ 0x00000000032bb9a8 [0x00000000032bb600+0x3a8]
v  ~StubRoutines::call_stub
J 569  java.security.AccessController.doPrivileged(Ljava/security/PrivilegedAction;Ljava/security/AccessControlContext;)Ljava/lang/Object; (0 bytes) @ 0x0000000002e968a6 [0x0000000002e96840+0x66]
J 5120 C2 java.awt.EventDispatchThread.pumpOneEventForFilters(I)V (295 bytes) @ 0x00000000032c1c7c [0x00000000032c1640+0x63c]
j  java.awt.EventDispatchThread.pumpEventsForFilter(ILjava/awt/Conditional;Ljava/awt/EventFilter;)V+35
j  java.awt.EventDispatchThread.pumpEventsForHierarchy(ILjava/awt/Conditional;Ljava/awt/Component;)V+11
j  java.awt.EventDispatchThread.pumpEvents(ILjava/awt/Conditional;)V+4
j  java.awt.EventDispatchThread.pumpEvents(Ljava/awt/Conditional;)V+3
j  java.awt.EventDispatchThread.run()V+9
v  ~StubRoutines::call_stub

---------------  P R O C E S S  ---------------

Java Threads: ( => current thread )
  0x0000000020f5e000 JavaThread "DestroyJavaVM" [_thread_blocked, id=19512, stack(0x0000000002920000,0x0000000002a20000)]
  0x0000000020f5e800 JavaThread "Thread-38" [_thread_blocked, id=20296, stack(0x000000003be50000,0x000000003bf50000)]
  0x0000000020f61800 JavaThread "Timer-0" [_thread_blocked, id=1276, stack(0x0000000034e50000,0x0000000034f50000)]
  0x0000000020f63000 JavaThread "JavaCPP Deallocator" daemon [_thread_blocked, id=17964, stack(0x0000000031600000,0x0000000031700000)]
  0x000000001e5c6800 JavaThread "Thread-14" [_thread_in_Java, id=14564, stack(0x0000000027fb0000,0x00000000280b0000)]
  0x000000001e5c5000 JavaThread "Thread-6-SharedResourceRunner" daemon [_thread_blocked, id=19620, stack(0x0000000027eb0000,0x0000000027fb0000)]
  0x00000000216e0000 JavaThread "Thread-11" [_thread_in_native, id=15276, stack(0x0000000027ab0000,0x0000000027bb0000)]
  0x0000000021437800 JavaThread "Thread-9" [_thread_in_native, id=2864, stack(0x00000000279b0000,0x0000000027ab0000)]
  0x000000001f7d2000 JavaThread "Thread-2" [_thread_in_native, id=19084, stack(0x0000000021f80000,0x0000000022080000)]
=>0x0000000020e55800 JavaThread "AWT-EventQueue-0" [_thread_in_native, id=2760, stack(0x0000000020990000,0x0000000020a90000)]
  0x000000001f99c800 JavaThread "AWT-Shutdown" [_thread_blocked, id=13676, stack(0x000000001fe20000,0x000000001ff20000)]
  0x000000001f99d000 JavaThread "AWT-Windows" daemon [_thread_in_native, id=17860, stack(0x000000001ff20000,0x0000000020020000)]
  0x000000001e73d000 JavaThread "Java2D Disposer" daemon [_thread_blocked, id=13180, stack(0x000000001fd20000,0x000000001fe20000)]
  0x000000001f931000 JavaThread "TimerQueue" daemon [_thread_blocked, id=12460, stack(0x000000001fc20000,0x000000001fd20000)]
  0x000000001e65e800 JavaThread "Service Thread" daemon [_thread_blocked, id=15532, stack(0x000000001f020000,0x000000001f120000)]
  0x000000001e5ca800 JavaThread "C1 CompilerThread3" daemon [_thread_blocked, id=6844, stack(0x000000001ef20000,0x000000001f020000)]
  0x000000001e5cb000 JavaThread "C2 CompilerThread2" daemon [_thread_blocked, id=18796, stack(0x000000001ee20000,0x000000001ef20000)]
  0x000000001e5b8800 JavaThread "C2 CompilerThread1" daemon [_thread_blocked, id=15560, stack(0x000000001ed20000,0x000000001ee20000)]
  0x000000001e5b1000 JavaThread "C2 CompilerThread0" daemon [_thread_blocked, id=13984, stack(0x000000001ec20000,0x000000001ed20000)]
  0x000000001e55a000 JavaThread "Attach Listener" daemon [_thread_blocked, id=8976, stack(0x000000001eb20000,0x000000001ec20000)]
  0x000000001e5b0800 JavaThread "Signal Dispatcher" daemon [_thread_blocked, id=16120, stack(0x000000001ea20000,0x000000001eb20000)]
  0x000000001e540800 JavaThread "Finalizer" daemon [_thread_blocked, id=15880, stack(0x000000001e920000,0x000000001ea20000)]
  0x0000000002c0b000 JavaThread "Reference Handler" daemon [_thread_blocked, id=4196, stack(0x000000001e420000,0x000000001e520000)]

Other Threads:
  0x000000001c618800 VMThread [stack: 0x000000001e320000,0x000000001e420000] [id=18528]
  0x000000001e617000 WatcherThread [stack: 0x000000001f120000,0x000000001f220000] [id=18900]

VM state:not at safepoint (normal execution)

VM Mutex/Monitor currently owned by a thread: None

Heap:
 PSYoungGen      total 1342976K, used 1312506K [0x000000076b500000, 0x00000007c0000000, 0x00000007c0000000)
  eden space 1302016K, 99% used [0x000000076b500000,0x00000007ba860e78,0x00000007bac80000)
  from space 40960K, 35% used [0x00000007bac80000,0x00000007bbadda30,0x00000007bd480000)
  to   space 40960K, 0% used [0x00000007bd800000,0x00000007bd800000,0x00000007c0000000)
 ParOldGen       total 637440K, used 565325K [0x00000006c1e00000, 0x00000006e8c80000, 0x000000076b500000)
  object space 637440K, 88% used [0x00000006c1e00000,0x00000006e46136c0,0x00000006e8c80000)
 Metaspace       used 30361K, capacity 30660K, committed 31104K, reserved 1077248K
  class space    used 4037K, capacity 4124K, committed 4224K, reserved 1048576K

Card table byte_map: [0x0000000011fd0000,0x00000000127d0000] byte_map_base: 0x000000000e9c1000

Marking Bits: (ParMarkBitMap*) 0x000000006912f860
 Begin Bits: [0x0000000013520000, 0x00000000174a8000)
 End Bits:   [0x00000000174a8000, 0x000000001b430000)

Polling page: 0x0000000000c80000

CodeCache: size=245760Kb used=25705Kb max_used=25713Kb free=220054Kb
 bounds [0x0000000002c10000, 0x0000000004580000, 0x0000000011c10000]
 total_blobs=5452 nmethods=4500 adapters=861
 compilation: enabled

Compilation events (10 events):
Event: 290.468 Thread 0x000000001e5cb000 5843       4       sun.swing.SwingUtilities2::getFontMetrics (10 bytes)
Event: 290.469 Thread 0x000000001e5ca800 5844       1       sun.util.locale.BaseLocale$Key::hashCode (5 bytes)
Event: 290.470 Thread 0x000000001e5ca800 nmethod 5844 0x0000000002e4ab10 code [0x0000000002e4ac60, 0x0000000002e4ad70]
Event: 290.470 Thread 0x000000001e5cb000 nmethod 5843 0x0000000003007e50 code [0x0000000003007fa0, 0x0000000003008048]
Event: 290.473 Thread 0x000000001e5ca800 5845       1       java.awt.Component::getInputMethodRequests (2 bytes)
Event: 290.473 Thread 0x000000001e5ca800 nmethod 5845 0x0000000002d38090 code [0x0000000002d381e0, 0x0000000002d382f0]
Event: 290.474 Thread 0x000000001e5ca800 5846       3       org.ASQ.PSU.OEI.tinos.engine.nlp.imp.NLPControllerImp::doSlangPartAndPOSCheckForTwoCharForMap (188 bytes)
Event: 290.476 Thread 0x000000001e5ca800 nmethod 5846 0x0000000003d59fd0 code [0x0000000003d5a3a0, 0x0000000003d5c8f8]
Event: 290.493 Thread 0x000000001e5ca800 5847 %     3       ME.sample.App::zhongYaoSearch @ 315 (3146 bytes)
Event: 290.548 Thread 0x000000001e5ca800 nmethod 5847% 0x0000000004520050 code [0x0000000004522e60, 0x000000000454c9a8]

GC Heap History (10 events):
Event: 282.872 GC heap before
{Heap before GC invocations=304 (full 3):
 PSYoungGen      total 1337856K, used 1321021K [0x000000076b500000, 0x00000007bfb80000, 0x00000007c0000000)
  eden space 1296896K, 100% used [0x000000076b500000,0x00000007ba780000,0x00000007ba780000)
  from space 40960K, 58% used [0x00000007bd380000,0x00000007beb0f728,0x00000007bfb80000)
  to   space 43008K, 0% used [0x00000007ba780000,0x00000007ba780000,0x00000007bd180000)
 ParOldGen       total 637440K, used 551782K [0x00000006c1e00000, 0x00000006e8c80000, 0x000000076b500000)
  object space 637440K, 86% used [0x00000006c1e00000,0x00000006e38d9978,0x00000006e8c80000)
 Metaspace       used 30319K, capacity 30660K, committed 31104K, reserved 1077248K
  class space    used 4037K, capacity 4124K, committed 4224K, reserved 1048576K
Event: 282.886 GC heap after
Heap after GC invocations=304 (full 3):
 PSYoungGen      total 1339904K, used 29115K [0x000000076b500000, 0x00000007c0000000, 0x00000007c0000000)
  eden space 1296896K, 0% used [0x000000076b500000,0x000000076b500000,0x00000007ba780000)
  from space 43008K, 67% used [0x00000007ba780000,0x00000007bc3eedc0,0x00000007bd180000)
  to   space 43520K, 0% used [0x00000007bd580000,0x00000007bd580000,0x00000007c0000000)
 ParOldGen       total 637440K, used 553478K [0x00000006c1e00000, 0x00000006e8c80000, 0x000000076b500000)
  object space 637440K, 86% used [0x00000006c1e00000,0x00000006e3a81910,0x00000006e8c80000)
 Metaspace       used 30319K, capacity 30660K, committed 31104K, reserved 1077248K
  class space    used 4037K, capacity 4124K, committed 4224K, reserved 1048576K
}
Event: 284.767 GC heap before
{Heap before GC invocations=305 (full 3):
 PSYoungGen      total 1339904K, used 1326011K [0x000000076b500000, 0x00000007c0000000, 0x00000007c0000000)
  eden space 1296896K, 100% used [0x000000076b500000,0x00000007ba780000,0x00000007ba780000)
  from space 43008K, 67% used [0x00000007ba780000,0x00000007bc3eedc0,0x00000007bd180000)
  to   space 43520K, 0% used [0x00000007bd580000,0x00000007bd580000,0x00000007c0000000)
 ParOldGen       total 637440K, used 553478K [0x00000006c1e00000, 0x00000006e8c80000, 0x000000076b500000)
  object space 637440K, 86% used [0x00000006c1e00000,0x00000006e3a81910,0x00000006e8c80000)
 Metaspace       used 30338K, capacity 30660K, committed 31104K, reserved 1077248K
  class space    used 4037K, capacity 4124K, committed 4224K, reserved 1048576K
Event: 284.779 GC heap after
Heap after GC invocations=305 (full 3):
 PSYoungGen      total 1344000K, used 27965K [0x000000076b500000, 0x00000007bff80000, 0x00000007c0000000)
  eden space 1300992K, 0% used [0x000000076b500000,0x000000076b500000,0x00000007bab80000)
  from space 43008K, 65% used [0x00000007bd580000,0x00000007bf0cf598,0x00000007bff80000)
  to   space 43008K, 0% used [0x00000007bab80000,0x00000007bab80000,0x00000007bd580000)
 ParOldGen       total 637440K, used 555394K [0x00000006c1e00000, 0x00000006e8c80000, 0x000000076b500000)
  object space 637440K, 87% used [0x00000006c1e00000,0x00000006e3c609e0,0x00000006e8c80000)
 Metaspace       used 30338K, capacity 30660K, committed 31104K, reserved 1077248K
  class space    used 4037K, capacity 4124K, committed 4224K, reserved 1048576K
}
Event: 286.287 GC heap before
{Heap before GC invocations=306 (full 3):
 PSYoungGen      total 1344000K, used 1328957K [0x000000076b500000, 0x00000007bff80000, 0x00000007c0000000)
  eden space 1300992K, 100% used [0x000000076b500000,0x00000007bab80000,0x00000007bab80000)
  from space 43008K, 65% used [0x00000007bd580000,0x00000007bf0cf598,0x00000007bff80000)
  to   space 43008K, 0% used [0x00000007bab80000,0x00000007bab80000,0x00000007bd580000)
 ParOldGen       total 637440K, used 555394K [0x00000006c1e00000, 0x00000006e8c80000, 0x000000076b500000)
  object space 637440K, 87% used [0x00000006c1e00000,0x00000006e3c609e0,0x00000006e8c80000)
 Metaspace       used 30340K, capacity 30660K, committed 31104K, reserved 1077248K
  class space    used 4037K, capacity 4124K, committed 4224K, reserved 1048576K
Event: 286.295 GC heap after
Heap after GC invocations=306 (full 3):
 PSYoungGen      total 1344000K, used 27943K [0x000000076b500000, 0x00000007bff00000, 0x00000007c0000000)
  eden space 1300992K, 0% used [0x000000076b500000,0x000000076b500000,0x00000007bab80000)
  from space 43008K, 64% used [0x00000007bab80000,0x00000007bc6c9c78,0x00000007bd580000)
  to   space 42496K, 0% used [0x00000007bd580000,0x00000007bd580000,0x00000007bff00000)
 ParOldGen       total 637440K, used 555426K [0x00000006c1e00000, 0x00000006e8c80000, 0x000000076b500000)
  object space 637440K, 87% used [0x00000006c1e00000,0x00000006e3c689e0,0x00000006e8c80000)
 Metaspace       used 30340K, capacity 30660K, committed 31104K, reserved 1077248K
  class space    used 4037K, capacity 4124K, committed 4224K, reserved 1048576K
}
Event: 288.023 GC heap before
{Heap before GC invocations=307 (full 3):
 PSYoungGen      total 1344000K, used 1328935K [0x000000076b500000, 0x00000007bff00000, 0x00000007c0000000)
  eden space 1300992K, 100% used [0x000000076b500000,0x00000007bab80000,0x00000007bab80000)
  from space 43008K, 64% used [0x00000007bab80000,0x00000007bc6c9c78,0x00000007bd580000)
  to   space 42496K, 0% used [0x00000007bd580000,0x00000007bd580000,0x00000007bff00000)
 ParOldGen       total 637440K, used 555426K [0x00000006c1e00000, 0x00000006e8c80000, 0x000000076b500000)
  object space 637440K, 87% used [0x00000006c1e00000,0x00000006e3c689e0,0x00000006e8c80000)
 Metaspace       used 30357K, capacity 30660K, committed 31104K, reserved 1077248K
  class space    used 4037K, capacity 4124K, committed 4224K, reserved 1048576K
Event: 288.031 GC heap after
Heap after GC invocations=307 (full 3):
 PSYoungGen      total 1341952K, used 22856K [0x000000076b500000, 0x00000007bfc80000, 0x00000007c0000000)
  eden space 1302016K, 0% used [0x000000076b500000,0x000000076b500000,0x00000007bac80000)
  from space 39936K, 57% used [0x00000007bd580000,0x00000007bebd2280,0x00000007bfc80000)
  to   space 40960K, 0% used [0x00000007bac80000,0x00000007bac80000,0x00000007bd480000)
 ParOldGen       total 637440K, used 557415K [0x00000006c1e00000, 0x00000006e8c80000, 0x000000076b500000)
  object space 637440K, 87% used [0x00000006c1e00000,0x00000006e3e59d80,0x00000006e8c80000)
 Metaspace       used 30357K, capacity 30660K, committed 31104K, reserved 1077248K
  class space    used 4037K, capacity 4124K, committed 4224K, reserved 1048576K
}
Event: 290.317 GC heap before
{Heap before GC invocations=308 (full 3):
 PSYoungGen      total 1341952K, used 1324872K [0x000000076b500000, 0x00000007bfc80000, 0x00000007c0000000)
  eden space 1302016K, 100% used [0x000000076b500000,0x00000007bac80000,0x00000007bac80000)
  from space 39936K, 57% used [0x00000007bd580000,0x00000007bebd2280,0x00000007bfc80000)
  to   space 40960K, 0% used [0x00000007bac80000,0x00000007bac80000,0x00000007bd480000)
 ParOldGen       total 637440K, used 557415K [0x00000006c1e00000, 0x00000006e8c80000, 0x000000076b500000)
  object space 637440K, 87% used [0x00000006c1e00000,0x00000006e3e59d80,0x00000006e8c80000)
 Metaspace       used 30357K, capacity 30660K, committed 31104K, reserved 1077248K
  class space    used 4037K, capacity 4124K, committed 4224K, reserved 1048576K
Event: 290.328 GC heap after
Heap after GC invocations=308 (full 3):
 PSYoungGen      total 1342976K, used 14710K [0x000000076b500000, 0x00000007c0000000, 0x00000007c0000000)
  eden space 1302016K, 0% used [0x000000076b500000,0x000000076b500000,0x00000007bac80000)
  from space 40960K, 35% used [0x00000007bac80000,0x00000007bbadda30,0x00000007bd480000)
  to   space 40960K, 0% used [0x00000007bd800000,0x00000007bd800000,0x00000007c0000000)
 ParOldGen       total 637440K, used 565325K [0x00000006c1e00000, 0x00000006e8c80000, 0x000000076b500000)
  object space 637440K, 88% used [0x00000006c1e00000,0x00000006e46136c0,0x00000006e8c80000)
 Metaspace       used 30357K, capacity 30660K, committed 31104K, reserved 1077248K
  class space    used 4037K, capacity 4124K, committed 4224K, reserved 1048576K
}

Deoptimization events (10 events):
Event: 282.416 Thread 0x0000000020e55800 Uncommon trap: reason=unstable_if action=reinterpret pc=0x000000000422218c method=ME.sample.zynkx.zynkx.keyReleased(Ljava/awt/event/KeyEvent;)V @ 1259
Event: 286.798 Thread 0x0000000020e55800 Uncommon trap: reason=unstable_if action=reinterpret pc=0x0000000004418564 method=ME.sample.App.zhongYaoSearch(Ljava/lang/String;Ljava/lang/String;Ljava/lang/String;)V @ 3037
Event: 286.935 Thread 0x0000000020e55800 Uncommon trap: reason=unstable_if action=reinterpret pc=0x00000000043fc320 method=biProcessor.coAuthorForWord.drawWords([II[DFIILjava/util/Map;Ljava/util/Map;)V @ 127
Event: 286.972 Thread 0x0000000020e55800 Uncommon trap: reason=class_check action=maybe_recompile pc=0x0000000002d99628 method=sun.font.FontDesignMetrics.handleCharWidth(I)F @ 5
Event: 286.972 Thread 0x0000000020e55800 Uncommon trap: reason=class_check action=maybe_recompile pc=0x0000000002d99628 method=sun.font.FontDesignMetrics.handleCharWidth(I)F @ 5
Event: 286.972 Thread 0x0000000020e55800 Uncommon trap: reason=class_check action=maybe_recompile pc=0x0000000002d99628 method=sun.font.FontDesignMetrics.handleCharWidth(I)F @ 5
Event: 286.972 Thread 0x0000000020e55800 Uncommon trap: reason=class_check action=maybe_recompile pc=0x0000000002d99628 method=sun.font.FontDesignMetrics.handleCharWidth(I)F @ 5
Event: 286.980 Thread 0x0000000020e55800 Uncommon trap: reason=unstable_if action=reinterpret pc=0x00000000030815a4 method=sun.font.CompositeGlyphMapper.getSlotMapper(I)Lsun/font/CharToGlyphMapper; @ 8
Event: 287.029 Thread 0x0000000020e55800 Uncommon trap: reason=unstable_if action=reinterpret pc=0x00000000042ee24c method=biProcessor.coAuthorForWord.drawWords([II[DFIILjava/util/Map;Ljava/util/Map;)V @ 625
Event: 290.663 Thread 0x0000000020e55800 Uncommon trap: reason=unstable_if action=reinterpret pc=0x00000000044de330 method=ME.sample.App.zhongYaoSearch(Ljava/lang/String;Ljava/lang/String;Ljava/lang/String;)V @ 3037

Classes redefined (0 events):
No events

Internal exceptions (10 events):
Event: 104.928 Thread 0x000000001e5c4000 Implicit null exception at 0x0000000003297ffe to 0x00000000032983ad
Event: 116.093 Thread 0x0000000002b14000 Exception <a 'java/lang/reflect/InvocationTargetException'> (0x0000000772ee9e08) thrown at [C:\re\workspace\8-2-build-windows-amd64-cygwin\jdk8u161\10277\hotspot\src\share\vm\runtime\reflection.cpp, line 1092]
Event: 116.611 Thread 0x0000000002b14000 Implicit null exception at 0x0000000003156c35 to 0x0000000003157391
Event: 121.167 Thread 0x0000000020e55800 Implicit null exception at 0x000000000323daa3 to 0x000000000323dc6f
Event: 121.167 Thread 0x0000000020e55800 Exception <a 'java/lang/NullPointerException'> (0x00000007a3280b30) thrown at [C:\re\workspace\8-2-build-windows-amd64-cygwin\jdk8u161\10277\hotspot\src\share\vm\runtime\sharedRuntime.cpp, line 605]
Event: 146.716 Thread 0x0000000002c0b000 Implicit null exception at 0x000000000391a26e to 0x000000000391aa4d
Event: 266.462 Thread 0x0000000020e55800 Implicit null exception at 0x000000000323daa3 to 0x000000000323dc6f
Event: 266.462 Thread 0x0000000020e55800 Exception <a 'java/lang/NullPointerException'> (0x00000007a7738320) thrown at [C:\re\workspace\8-2-build-windows-amd64-cygwin\jdk8u161\10277\hotspot\src\share\vm\runtime\sharedRuntime.cpp, line 605]
Event: 276.836 Thread 0x0000000020e55800 Implicit null exception at 0x00000000042fed9c to 0x0000000004305219
Event: 286.980 Thread 0x0000000020e55800 Implicit null exception at 0x000000000307ffeb to 0x0000000003081585

Events (10 events):
Event: 290.328 Executing VM operation: ParallelGCFailedAllocation done
Event: 290.470 Thread 0x000000001e5ca800 flushing nmethod 0x0000000003178a10
Event: 290.470 Thread 0x000000001e5ca800 flushing nmethod 0x000000000317c6d0
Event: 290.473 Thread 0x000000001e5ca800 flushing nmethod 0x00000000032481d0
Event: 290.492 Thread 0x0000000020e55800 DEOPT PACKING pc=0x0000000004259808 sp=0x0000000020a8cc60
Event: 290.492 Thread 0x0000000020e55800 DEOPT UNPACKING pc=0x0000000002c57890 sp=0x0000000020a8cf28 mode 0
Event: 290.548 Thread 0x000000001e5ca800 flushing nmethod 0x00000000033d9010
Event: 290.663 Thread 0x0000000020e55800 Uncommon trap: trap_request=0xffffff65 fr.pc=0x00000000044de330
Event: 290.663 Thread 0x0000000020e55800 DEOPT PACKING pc=0x00000000044de330 sp=0x0000000020a8d190
Event: 290.663 Thread 0x0000000020e55800 DEOPT UNPACKING pc=0x0000000002c5583b sp=0x0000000020a8d1c0 mode 2


Dynamic libraries:
0x00007ff74b260000 - 0x00007ff74b297000 	C:\Program Files\Java\jdk1.8.0_161\jre\bin\javaw.exe
0x00007ffc62240000 - 0x00007ffc62430000 	C:\WINDOWS\SYSTEM32\ntdll.dll
0x00007ffc48b20000 - 0x00007ffc48b33000 	D:\Program Files\AVAST Software\Avast\aswhook.dll
0x00007ffc62120000 - 0x00007ffc621d2000 	C:\WINDOWS\System32\KERNEL32.DLL
0x00007ffc5ff90000 - 0x00007ffc60233000 	C:\WINDOWS\System32\KERNELBASE.dll
0x00007ffc616d0000 - 0x00007ffc61773000 	C:\WINDOWS\System32\ADVAPI32.dll
0x00007ffc61b10000 - 0x00007ffc61bae000 	C:\WINDOWS\System32\msvcrt.dll
0x00007ffc62080000 - 0x00007ffc62117000 	C:\WINDOWS\System32\sechost.dll
0x00007ffc61bb0000 - 0x00007ffc61cd0000 	C:\WINDOWS\System32\RPCRT4.dll
0x00007ffc60610000 - 0x00007ffc607a4000 	C:\WINDOWS\System32\USER32.dll
0x00007ffc602c0000 - 0x00007ffc602e1000 	C:\WINDOWS\System32\win32u.dll
0x00007ffc618a0000 - 0x00007ffc618c6000 	C:\WINDOWS\System32\GDI32.dll
0x00007ffc5f970000 - 0x00007ffc5fb04000 	C:\WINDOWS\System32\gdi32full.dll
0x00007ffc5fbf0000 - 0x00007ffc5fc8e000 	C:\WINDOWS\System32\msvcp_win.dll
0x00007ffc5fe90000 - 0x00007ffc5ff8a000 	C:\WINDOWS\System32\ucrtbase.dll
0x00007ffc4a460000 - 0x00007ffc4a6e5000 	C:\WINDOWS\WinSxS\amd64_microsoft.windows.common-controls_6595b64144ccf1df_6.0.18362.778_none_e6c6b761130d4fb8\COMCTL32.dll
0x00007ffc61d40000 - 0x00007ffc62076000 	C:\WINDOWS\System32\combase.dll
0x00007ffc60240000 - 0x00007ffc602c0000 	C:\WINDOWS\System32\bcryptPrimitives.dll
0x00007ffc60300000 - 0x00007ffc6032e000 	C:\WINDOWS\System32\IMM32.DLL
0x0000000069c70000 - 0x0000000069d42000 	C:\Program Files\Java\jdk1.8.0_161\jre\bin\msvcr100.dll
0x0000000068910000 - 0x00000000691af000 	C:\Program Files\Java\jdk1.8.0_161\jre\bin\server\jvm.dll
0x00007ffc61890000 - 0x00007ffc61898000 	C:\WINDOWS\System32\PSAPI.DLL
0x00007ffc54a00000 - 0x00007ffc54a09000 	C:\WINDOWS\SYSTEM32\WSOCK32.dll
0x00007ffc614d0000 - 0x00007ffc6153f000 	C:\WINDOWS\System32\WS2_32.dll
0x00007ffc53e10000 - 0x00007ffc53e34000 	C:\WINDOWS\SYSTEM32\WINMM.dll
0x00007ffc5a560000 - 0x00007ffc5a56a000 	C:\WINDOWS\SYSTEM32\VERSION.dll
0x00007ffc53de0000 - 0x00007ffc53e0d000 	C:\WINDOWS\SYSTEM32\WINMMBASE.dll
0x00007ffc5fe40000 - 0x00007ffc5fe8a000 	C:\WINDOWS\System32\cfgmgr32.dll
0x0000000069c60000 - 0x0000000069c6f000 	C:\Program Files\Java\jdk1.8.0_161\jre\bin\verify.dll
0x0000000069c30000 - 0x0000000069c59000 	C:\Program Files\Java\jdk1.8.0_161\jre\bin\java.dll
0x0000000069c10000 - 0x0000000069c26000 	C:\Program Files\Java\jdk1.8.0_161\jre\bin\zip.dll
0x00007ffc60de0000 - 0x00007ffc614c5000 	C:\WINDOWS\System32\SHELL32.dll
0x00007ffc617e0000 - 0x00007ffc61889000 	C:\WINDOWS\System32\shcore.dll
0x00007ffc5f1d0000 - 0x00007ffc5f950000 	C:\WINDOWS\System32\windows.storage.dll
0x00007ffc5f1a0000 - 0x00007ffc5f1c3000 	C:\WINDOWS\System32\profapi.dll
0x00007ffc5f110000 - 0x00007ffc5f15a000 	C:\WINDOWS\System32\powrprof.dll
0x00007ffc5f100000 - 0x00007ffc5f110000 	C:\WINDOWS\System32\UMPDC.dll
0x00007ffc60d80000 - 0x00007ffc60dd2000 	C:\WINDOWS\System32\shlwapi.dll
0x00007ffc5f160000 - 0x00007ffc5f171000 	C:\WINDOWS\System32\kernel.appcore.dll
0x00007ffc5f950000 - 0x00007ffc5f967000 	C:\WINDOWS\System32\cryptsp.dll
0x00007ffc5e480000 - 0x00007ffc5e4b3000 	C:\WINDOWS\system32\rsaenh.dll
0x00007ffc5fb10000 - 0x00007ffc5fb36000 	C:\WINDOWS\System32\bcrypt.dll
0x00007ffc5eff0000 - 0x00007ffc5f015000 	C:\WINDOWS\SYSTEM32\USERENV.dll
0x00007ffc5eae0000 - 0x00007ffc5eaec000 	C:\WINDOWS\SYSTEM32\CRYPTBASE.dll
0x0000000069bf0000 - 0x0000000069c0a000 	C:\Program Files\Java\jdk1.8.0_161\jre\bin\net.dll
0x00007ffc5e910000 - 0x00007ffc5e977000 	C:\WINDOWS\system32\mswsock.dll
0x00007ffc5e620000 - 0x00007ffc5e65a000 	C:\WINDOWS\SYSTEM32\IPHLPAPI.DLL
0x00007ffc602f0000 - 0x00007ffc602f8000 	C:\WINDOWS\System32\NSI.dll
0x00007ffc57b10000 - 0x00007ffc57b26000 	C:\WINDOWS\SYSTEM32\dhcpcsvc6.DLL
0x00007ffc593c0000 - 0x00007ffc593dc000 	C:\WINDOWS\SYSTEM32\dhcpcsvc.DLL
0x00007ffc5e660000 - 0x00007ffc5e72a000 	C:\WINDOWS\SYSTEM32\DNSAPI.dll
0x0000000069bd0000 - 0x0000000069be1000 	C:\Program Files\Java\jdk1.8.0_161\jre\bin\nio.dll
0x0000000068770000 - 0x0000000068908000 	C:\Program Files\Java\jdk1.8.0_161\jre\bin\awt.dll
0x00007ffc60390000 - 0x00007ffc60454000 	C:\WINDOWS\System32\OLEAUT32.dll
0x00007ffc5cdb0000 - 0x00007ffc5ce3f000 	C:\WINDOWS\SYSTEM32\apphelp.dll
0x00007ffc5d0e0000 - 0x00007ffc5d179000 	C:\WINDOWS\system32\uxtheme.dll
0x00007ffc619d0000 - 0x00007ffc61b06000 	C:\WINDOWS\System32\MSCTF.dll
0x00007ffc607b0000 - 0x00007ffc60907000 	C:\WINDOWS\System32\ole32.dll
0x00007ffc5d6d0000 - 0x00007ffc5d6fd000 	C:\WINDOWS\system32\DWMAPI.DLL
0x00007ffc3e520000 - 0x00007ffc3e676000 	C:\WINDOWS\system32\opengl32.dll
0x00007ffc53b30000 - 0x00007ffc53b5c000 	C:\WINDOWS\SYSTEM32\GLU32.dll
0x00007ffc5dd70000 - 0x00007ffc5dd90000 	C:\WINDOWS\SYSTEM32\dxcore.dll
0x0000000068720000 - 0x0000000068767000 	C:\Program Files\Java\jdk1.8.0_161\jre\bin\fontmanager.dll
0x00007ffc61620000 - 0x00007ffc616c2000 	C:\WINDOWS\System32\clbcatq.dll
0x00007ffc52480000 - 0x00007ffc5262f000 	C:\WINDOWS\SYSTEM32\WindowsCodecs.dll
0x00007ffc48680000 - 0x00007ffc486ba000 	C:\WINDOWS\system32\dataexchange.dll
0x00007ffc5bdf0000 - 0x00007ffc5c04b000 	C:\WINDOWS\system32\d3d11.dll
0x00007ffc5c590000 - 0x00007ffc5c76c000 	C:\WINDOWS\system32\dcomp.dll
0x00007ffc5de00000 - 0x00007ffc5deeb000 	C:\WINDOWS\system32\dxgi.dll
0x00007ffc5d180000 - 0x00007ffc5d3da000 	C:\WINDOWS\system32\twinapi.appcore.dll
0x00007ffc5d5e0000 - 0x00007ffc5d609000 	C:\WINDOWS\system32\RMCLIENT.dll
0x00000000686d0000 - 0x0000000068712000 	C:\Program Files\Java\jdk1.8.0_161\jre\bin\t2k.dll
0x00007ffc52a60000 - 0x00007ffc52afe000 	C:\WINDOWS\System32\TextInputFramework.dll
0x00007ffc52c60000 - 0x00007ffc52f8a000 	C:\WINDOWS\System32\CoreUIComponents.dll
0x00007ffc5c4b0000 - 0x00007ffc5c584000 	C:\WINDOWS\System32\CoreMessaging.dll
0x00007ffc5e160000 - 0x00007ffc5e191000 	C:\WINDOWS\SYSTEM32\ntmarta.dll
0x00007ffc5a850000 - 0x00007ffc5a9a3000 	C:\WINDOWS\SYSTEM32\wintypes.dll
0x00007ffc53870000 - 0x00007ffc53b16000 	C:\WINDOWS\System32\iertutil.dll
0x00007ffc58c20000 - 0x00007ffc58c58000 	C:\Program Files\Java\jdk1.8.0_161\jre\bin\jacob-1.18-x64.dll
0x00007ffc2c510000 - 0x00007ffc2c68f000 	C:\WINDOWS\System32\Speech\Common\sapi.dll
0x00007ffc5fc90000 - 0x00007ffc5fcec000 	C:\WINDOWS\System32\WINTRUST.dll
0x00007ffc5f180000 - 0x00007ffc5f192000 	C:\WINDOWS\System32\MSASN1.dll
0x00007ffc5fcf0000 - 0x00007ffc5fe39000 	C:\WINDOWS\System32\CRYPT32.dll
0x00007ffc5a530000 - 0x00007ffc5a54c000 	C:\WINDOWS\SYSTEM32\MSACM32.dll
0x00007ffc5b1b0000 - 0x00007ffc5b1bb000 	C:\WINDOWS\SYSTEM32\msdmo.dll
0x00007ffc57a60000 - 0x00007ffc57ad2000 	C:\WINDOWS\System32\MMDevApi.dll
0x00007ffc5ef20000 - 0x00007ffc5ef4a000 	C:\WINDOWS\System32\DEVOBJ.dll
0x00007ffc5ef50000 - 0x00007ffc5efed000 	C:\WINDOWS\SYSTEM32\sxs.dll
0x00007ffc2c300000 - 0x00007ffc2c501000 	C:\Windows\System32\speech_onecore\engines\tts\MSTTSEngine_OneCore.dll
0x00007ffc59b10000 - 0x00007ffc59b9a000 	C:\WINDOWS\SYSTEM32\msvcp110_win.dll
0x00007ffc304a0000 - 0x00007ffc30983000 	C:\WINDOWS\System32\Speech_OneCore\Common\sapi_onecore.dll
0x00007ffc57b50000 - 0x00007ffc57cad000 	C:\WINDOWS\SYSTEM32\AudioSes.DLL
0x00007ffc5f020000 - 0x00007ffc5f04f000 	C:\WINDOWS\SYSTEM32\SspiCli.dll
0x00007ffc53fb0000 - 0x00007ffc54185000 	C:\WINDOWS\SYSTEM32\urlmon.dll
0x00007ffc5cae0000 - 0x00007ffc5cbcf000 	C:\WINDOWS\SYSTEM32\PROPSYS.dll
0x00007ffc56680000 - 0x00007ffc56770000 	C:\WINDOWS\SYSTEM32\WINHTTP.dll
0x00007ffc58210000 - 0x00007ffc582ee000 	C:\Windows\System32\Windows.ApplicationModel.dll
0x00007ffc58990000 - 0x00007ffc58a4f000 	C:\Windows\System32\speech_onecore\engines\tts\MSTTSLoc_OneCore.DLL
0x00007ffc5b610000 - 0x00007ffc5b6c5000 	C:\WINDOWS\system32\MSWB70804.dll
0x00000000637c0000 - 0x00000000637ca000 	C:\Users\Lenovo\AppData\Local\Temp\jogamp.tmp.cache_000000\jln8348205291294969497\jln5695437478028840887\gluegen-rt.dll
0x00000000686c0000 - 0x00000000686c7000 	C:\Program Files\Java\jdk1.8.0_161\jre\bin\jawt.dll
0x000000006a440000 - 0x000000006a44b000 	C:\Users\Lenovo\AppData\Local\Temp\jogamp.tmp.cache_000000\jln8348205291294969497\jln5695437478028840887\nativewindow_awt.dll
0x000000006c100000 - 0x000000006c10b000 	C:\Users\Lenovo\AppData\Local\Temp\jogamp.tmp.cache_000000\jln8348205291294969497\jln5695437478028840887\nativewindow_win32.dll
0x0000000064500000 - 0x000000006458d000 	C:\Users\Lenovo\AppData\Local\Temp\jogamp.tmp.cache_000000\jln8348205291294969497\jln5695437478028840887\jogl_desktop.dll
0x00007ffc23b50000 - 0x00007ffc24a59000 	C:\WINDOWS\System32\DriverStore\FileRepository\iigd_dch.inf_amd64_3c82703a0fbed0ab\ig9icd64.dll
0x00007ffc52fb0000 - 0x00007ffc53150000 	C:\WINDOWS\System32\DriverStore\FileRepository\iigd_dch.inf_amd64_3c82703a0fbed0ab\igdgmm64.dll
0x00007ffc4c100000 - 0x00007ffc4e4fc000 	C:\WINDOWS\System32\DriverStore\FileRepository\iigd_dch.inf_amd64_3c82703a0fbed0ab\igc64.dll
0x00007ffc2c210000 - 0x00007ffc2c2ff000 	C:\Users\Lenovo\.javacpp\cache\opencv-3.1.0-1.3-windows-x86_64.jar\org\bytedeco\javacpp\windows-x86_64\msvcr120.dll
0x00007ffc536d0000 - 0x00007ffc53776000 	C:\Users\Lenovo\.javacpp\cache\opencv-3.1.0-1.3-windows-x86_64.jar\org\bytedeco\javacpp\windows-x86_64\msvcp120.dll
0x00007ffc2b4c0000 - 0x00007ffc2b73a000 	C:\Users\Lenovo\.javacpp\cache\opencv-3.1.0-1.3-windows-x86_64.jar\org\bytedeco\javacpp\windows-x86_64\opencv_core310.dll
0x00007ffc280f0000 - 0x00007ffc28432000 	C:\Users\Lenovo\.javacpp\cache\opencv-3.1.0-1.3-windows-x86_64.jar\org\bytedeco\javacpp\windows-x86_64\opencv_imgproc310.dll
0x00007ffc287f0000 - 0x00007ffc28a17000 	C:\Users\Lenovo\.javacpp\cache\opencv-3.1.0-1.3-windows-x86_64.jar\org\bytedeco\javacpp\windows-x86_64\jniopencv_core.dll
0x00007ffc27eb0000 - 0x00007ffc27f9d000 	C:\Users\Lenovo\.javacpp\cache\opencv-3.1.0-1.3-windows-x86_64.jar\org\bytedeco\javacpp\windows-x86_64\jniopencv_imgproc.dll
0x00007ffc23880000 - 0x00007ffc23b49000 	C:\Users\Lenovo\.javacpp\cache\opencv-3.1.0-1.3-windows-x86_64.jar\org\bytedeco\javacpp\windows-x86_64\opencv_imgcodecs310.dll
0x00007ffc5a4f0000 - 0x00007ffc5a515000 	C:\Users\Lenovo\.javacpp\cache\opencv-3.1.0-1.3-windows-x86_64.jar\org\bytedeco\javacpp\windows-x86_64\jniopencv_imgcodecs.dll
0x00007ffc4b7f0000 - 0x00007ffc4b843000 	C:\Users\Lenovo\.javacpp\cache\opencv-3.1.0-1.3-windows-x86_64.jar\org\bytedeco\javacpp\windows-x86_64\opencv_videoio310.dll
0x00007ffc58bf0000 - 0x00007ffc58c19000 	C:\WINDOWS\SYSTEM32\MSVFW32.dll
0x00007ffc59170000 - 0x00007ffc59190000 	C:\WINDOWS\SYSTEM32\AVIFIL32.dll
0x00007ffc58840000 - 0x00007ffc58858000 	C:\WINDOWS\SYSTEM32\AVICAP32.dll
0x00007ffc58820000 - 0x00007ffc58837000 	C:\Users\Lenovo\.javacpp\cache\opencv-3.1.0-1.3-windows-x86_64.jar\org\bytedeco\javacpp\windows-x86_64\jniopencv_videoio.dll
0x00007ffc53330000 - 0x00007ffc53348000 	C:\Windows\System32\devenum.dll
0x00007ffc60910000 - 0x00007ffc60d80000 	C:\WINDOWS\System32\setupapi.dll
0x00007ffc4b760000 - 0x00007ffc4b794000 	C:\Windows\System32\qcap.dll
0x00007ffc27ce0000 - 0x00007ffc27ea4000 	C:\Windows\System32\quartz.dll
0x00007ffc48910000 - 0x00007ffc4895c000 	C:\Windows\System32\mfksproxy.dll
0x00007ffc49bb0000 - 0x00007ffc49bcc000 	C:\Windows\System32\ATL.DLL
0x00007ffc52740000 - 0x00007ffc5293a000 	C:\Windows\System32\MFPlat.DLL
0x00007ffc5a430000 - 0x00007ffc5a45f000 	C:\Windows\System32\RTWorkQ.DLL

VM Arguments:
jvm_args: -Dfile.encoding=GBK 
java_command: ME.sample.Frame
java_class_path (initial): D:\Users\Lenovo\eclipse-workspace\DETA_YLJ1.5.9\target\classes;D:\Users\Lenovo\eclipse-workspace\DETA_YLJ1.5.9\lib\bssm.jar;D:\Users\Lenovo\eclipse-workspace\DETA_YLJ1.5.9\lib\commons-math-2.1.jar;D:\Users\Lenovo\eclipse-workspace\DETA_YLJ1.5.9\lib\commons-math3-3.0.jar;D:\Users\Lenovo\eclipse-workspace\DETA_YLJ1.5.9\lib\customizer.jar;D:\Users\Lenovo\eclipse-workspace\DETA_YLJ1.5.9\lib\ffmpeg-3.2.1-1.3-windows-x86_64.jar;D:\Users\Lenovo\eclipse-workspace\DETA_YLJ1.5.9\lib\ffmpeg-platform-3.2.1-1.3.jar;D:\Users\Lenovo\eclipse-workspace\DETA_YLJ1.5.9\lib;D:\Users\Lenovo\eclipse-workspace\DETA_YLJ1.5.9\lib\flandmark-1.07-1.3.jar;D:\Users\Lenovo\eclipse-workspace\DETA_YLJ1.5.9\lib\flandmark-platform-1.07-1.3.jar;D:\Users\Lenovo\eclipse-workspace\DETA_YLJ1.5.9\lib\flycapture-2.9.3.43-1.3-windows-x86_64.jar;D:\Users\Lenovo\eclipse-workspace\DETA_YLJ1.5.9\lib\flycapture-2.9.3.43-1.3.jar;D:\Users\Lenovo\eclipse-workspace\DETA_YLJ1.5.9\lib\flycapture-platform-2.9.3.43-1.3.jar;D:\Users\Lenovo\eclipse-workspace\DETA_YLJ1.5.9\lib\gluegen-rt.jar;D:\Users\Lenovo\eclipse-workspace\DETA_YLJ1.5.9\lib\gluegen.jar;D:\Users\Lenovo\eclipse-workspace\DETA_YLJ1.5.9\lib\gnujaxp.jar;D:\Users\Lenovo\eclipse-workspace\DETA_YLJ1.5.9\lib\icam.jar;D:\Users\Lenovo\eclipse-workspace\DETA_YLJ1.5.9\lib\iText-2.1.5.jar;D:\Users\Lenovo\eclipse-workspace\DETA_YLJ1.5.9\lib\javabuilder.jar;D:\Users\Lenovo\eclipse-workspace\DETA_YLJ1.5.9\lib\javacpp-1.3.jar;D:\Users\Lenovo\eclipse-workspace\DETA_YLJ1.5.9\lib\javacv-platform-1.3.jar;D:\Users\Lenovo\eclipse-workspace\DETA_YLJ1.5.9\lib\jcommon-1.0.16.jar;D:\Users\Lenovo\eclipse-workspace\DETA_YLJ1.5.9\lib\jfreechart-1.0.13-experimental.jar;D:\Users\Lenovo\eclipse-workspace\DETA_YLJ1.5.9\lib\jfreechart-1.0.13-swt.jar;D:\Users\Lenovo\eclipse-workspace\DETA_YLJ1.5.9\lib\jfreechart-1.0.13.jar;D:\Users\Lenovo\eclipse-workspace\DETA_YLJ1.5.9\lib\jmf.jar;D:\Users\Lenovo\eclipse-workspace\DETA_YLJ1.5.9\lib\jogl.all.jar;D:\Users\Lenovo\e
Launcher Type: SUN_STANDARD

Environment Variables:
PATH=C:/Program Files/Java/jre1.8.0_161/bin/server;C:/Program Files/Java/jre1.8.0_161/bin;C:/Program Files/Java/jre1.8.0_161/lib/amd64;C:\ProgramData\Oracle\Java\javapath;C:\Program Files (x86)\Intel\Intel(R) Management Engine Components\iCLS\;C:\Program Files\Intel\Intel(R) Management Engine Components\iCLS\;C:\Windows\system32;C:\Windows;C:\Windows\System32\Wbem;C:\Windows\System32\WindowsPowerShell\v1.0\;C:\Windows\System32\OpenSSH\;C:\Program Files (x86)\Intel\Intel(R) Management Engine Components\DAL;C:\Program Files\Intel\Intel(R) Management Engine Components\DAL;C:\Program Files (x86)\Intel\Intel(R) Management Engine Components\IPT;C:\Program Files\Intel\Intel(R) Management Engine Components\IPT;C:\Program Files (x86)\NVIDIA Corporation\PhysX\Common;C:\Program Files\Java\jdk1.8.0_161\bin;C:\Program Files\Java\jre1.8.0_161\bin;C:\Program Files\NVIDIA Corporation\NVIDIA NvDLISR;C:\WINDOWS\system32;C:\WINDOWS;C:\WINDOWS\System32\Wbem;C:\WINDOWS\System32\WindowsPowerShell\v1.0\;C:\WINDOWS\System32\OpenSSH\;D:\jdk\64\6.1.9\bin;D:\jdk\64\6.1.9;C:\Users\Lenovo\AppData\Local\Microsoft\WindowsApps;;C:\Users\Lenovo\Desktop\ZHUOMIAN;
USERNAME=Lenovo
OS=Windows_NT
PROCESSOR_IDENTIFIER=Intel64 Family 6 Model 158 Stepping 10, GenuineIntel



---------------  S Y S T E M  ---------------

OS: Windows 10.0 , 64 bit Build 18362 (10.0.18362.778)

CPU:total 8 (initial active 8) (4 cores per cpu, 2 threads per core) family 6 model 158 stepping 10, cmov, cx8, fxsr, mmx, sse, sse2, sse3, ssse3, sse4.1, sse4.2, popcnt, avx, avx2, aes, clmul, erms, 3dnowpref, lzcnt, ht, tsc, tscinvbit, bmi1, bmi2, adx

Memory: 4k page, physical 16648500k(8191168k free), swap 17697076k(6709100k free)

vm_info: Java HotSpot(TM) 64-Bit Server VM (25.161-b12) for windows-amd64 JRE (1.8.0_161-b12), built on Dec 19 2017 17:52:25 by "java_re" with MS VC++ 10.0 (VS2010)

time: Sun Jan 31 17:03:08 2021
elapsed time: 291 seconds (0d 0h 4m 51s)

