#
# A fatal error has been detected by the Java Runtime Environment:
#
#  Internal Error (0xc000000d), pid=17132, tid=0x0000000000004798
#
# JRE version: Java(TM) SE Runtime Environment (8.0_161-b12) (build 1.8.0_161-b12)
# Java VM: Java HotSpot(TM) 64-Bit Server VM (25.161-b12 mixed mode windows-amd64 compressed oops)
# Problematic frame:
# C  [ntdll.dll+0x10f1e0]
#
# Failed to write core dump. Minidumps are not enabled by default on client versions of Windows
#
# If you would like to submit a bug report, please visit:
#   http://bugreport.java.com/bugreport/crash.jsp
#

---------------  T H R E A D  ---------------

Current thread (0x000000001c549000):  VMThread [stack: 0x000000001e220000,0x000000001e320000] [id=18328]

siginfo: ExceptionCode=0xc000000d

Registers:
RAX=0x00007ffce9008861, RBX=0x00000000009d4ed0, RCX=0x0000000024024db0, RDX=0x0000000000006ff2
RSP=0x000000001e31ecd0, RBP=0x000000003c256c00, RSI=0x000000003c256e38, RDI=0x000000003c20afc0
R8 =0x00007ffc622865d3, R9 =0x00000000024938d0, R10=0x00007ffc62293550, R11=0x0000000000001001
R12=0x0000000000000000, R13=0x0000000000000000, R14=0x000000003c1eb640, R15=0x000000003c2048a0
RIP=0x00007ffc6234f1e0, EFLAGS=0x0000000000000202

Top of Stack: (sp=0x000000001e31ecd0)
0x000000001e31ecd0:   0000000000000057 00000000009d4ed0
0x000000001e31ece0:   000000003c256e38 0000000000000000
0x000000001e31ecf0:   00000000c000000d 0000000000000000
0x000000001e31ed00:   00007ffc6234f1e0 0000000000000000
0x000000001e31ed10:   0000000000000000 0000000000000000
0x000000001e31ed20:   0000000000000000 0000000000000000
0x000000001e31ed30:   0000000000000000 0000000000000000
0x000000001e31ed40:   0000000000000000 0000000000000000
0x000000001e31ed50:   0000000000000000 0000000000000000
0x000000001e31ed60:   0000000000000000 0000000000000000
0x000000001e31ed70:   0000000000000000 0000000000000000
0x000000001e31ed80:   0000000000000000 0000000036877a80
0x000000001e31ed90:   00003ee3ca417361 00007ffc60a24170
0x000000001e31eda0:   0000000000000000 00007ffc6227653b
0x000000001e31edb0:   0000000000000e50 00007ffc5ffb4975
0x000000001e31edc0:   00007ffc60a24170 0000000000000001 

Instructions: (pc=0x00007ffc6234f1e0)
0x00007ffc6234f1c0:   3d f9 ff c7 44 24 20 0d 00 00 c0 b9 57 00 00 00
0x00007ffc6234f1d0:   e8 3b 43 f4 ff 90 48 8d 4c 24 20 e8 90 ac f5 ff
0x00007ffc6234f1e0:   eb 00 48 8b 8c 24 c0 00 00 00 48 33 cc e8 3e cf
0x00007ffc6234f1f0:   f7 ff 48 81 c4 d8 00 00 00 c3 40 55 48 83 ec 20 


Register to memory mapping:

RAX=0x00007ffce9008861 is an unknown value
RBX=0x00000000009d4ed0 is an unknown value
RCX=0x0000000024024db0 is an unknown value
RDX=0x0000000000006ff2 is an unknown value
RSP=0x000000001e31ecd0 is an unknown value
RBP=0x000000003c256c00 is an unknown value
RSI=0x000000003c256e38 is an unknown value
RDI=0x000000003c20afc0 is an unknown value
R8 =0x00007ffc622865d3 is an unknown value
R9 =0x00000000024938d0 is an unknown value
R10=0x00007ffc62293550 is an unknown value
R11=0x0000000000001001 is an unknown value
R12=0x0000000000000000 is an unknown value
R13=0x0000000000000000 is an unknown value
R14=0x000000003c1eb640 is an unknown value
R15=0x000000003c2048a0 is an unknown value


Stack: [0x000000001e220000,0x000000001e320000],  sp=0x000000001e31ecd0,  free space=1019k
Native frames: (J=compiled Java code, j=interpreted, Vv=VM code, C=native code)
C  [ntdll.dll+0x10f1e0]
C  [ntdll.dll+0x3653b]
C  [ntdll.dll+0x36584]
C  0x00007ffc5a43a7a9
C  0x00007ffc5a431a51
C  0x00007ffc5a43a5b8
C  0x00007ffc5a43a442
C  0x00007ffc527446d0
C  0x00007ffc1fd125c0
C  0x00007ffc1fd0ec80
C  0x00007ffc1fd0e9d5
C  0x00007ffc512a78b4
C  0x00007ffc512a67c5
C  0x00007ffc51296a66
C  0x00007ffc216435ba
C  0x00007ffc21656e24
C  0x00007ffc21659512
C  0x00007ffc216588a5
C  [opencv_videoio310.dll+0x2175e]
C  [opencv_videoio310.dll+0x2d6e0]
C  [opencv_videoio310.dll+0x296a0]
C  [opencv_videoio310.dll+0x29922]
C  [ntdll.dll+0x25021]
C  [ntdll.dll+0x6aa82]
C  [ntdll.dll+0x6a92d]
C  [KERNEL32.DLL+0x1cd8a]
C  [msvcr100.dll+0x20ccd]
V  [jvm.dll+0x212e95]
V  [jvm.dll+0x24c227]
V  [jvm.dll+0x24b4c6]
V  [jvm.dll+0x24b961]
V  [jvm.dll+0x24bb7e]
V  [jvm.dll+0x29cc4a]
C  [msvcr100.dll+0x21d9f]
C  [msvcr100.dll+0x21e3b]
C  [KERNEL32.DLL+0x17bd4]
C  [ntdll.dll+0x6ce51]

VM_Operation (0x000000002205d4d0): Exit, mode: safepoint, requested by thread 0x000000001f0c2800


---------------  P R O C E S S  ---------------

Java Threads: ( => current thread )
  0x00000000207e2800 JavaThread "DestroyJavaVM" [_thread_blocked, id=14840, stack(0x0000000002830000,0x0000000002930000)]
  0x00000000207e3800 JavaThread "Thread-42" [_thread_blocked, id=20388, stack(0x000000002dd30000,0x000000002de30000)]
  0x00000000207e6800 JavaThread "Timer-0" [_thread_blocked, id=13768, stack(0x0000000027ef0000,0x0000000027ff0000)]
  0x00000000207e8000 JavaThread "JavaCPP Deallocator" daemon [_thread_blocked, id=17056, stack(0x0000000038c30000,0x0000000038d30000)]
  0x000000001f5c4000 JavaThread "Thread-14" [_thread_blocked, id=4776, stack(0x0000000026a60000,0x0000000026b60000)]
  0x000000001f5c6800 JavaThread "Thread-11" [_thread_in_native, id=11048, stack(0x000000002c3a0000,0x000000002c4a0000)]
  0x000000001f5c8000 JavaThread "Thread-9" [_thread_in_native, id=16240, stack(0x0000000025920000,0x0000000025a20000)]
  0x000000001fe94000 JavaThread "Thread-2" [_thread_in_native, id=19512, stack(0x0000000023030000,0x0000000023130000)]
  0x000000001f0c2800 JavaThread "AWT-EventQueue-0" [_thread_blocked, id=14288, stack(0x0000000021f60000,0x0000000022060000)]
  0x000000001ff57000 JavaThread "AWT-Shutdown" [_thread_blocked, id=13260, stack(0x0000000021300000,0x0000000021400000)]
  0x000000001f10d800 JavaThread "Java2D Disposer" daemon [_thread_blocked, id=19688, stack(0x0000000021200000,0x0000000021300000)]
  0x000000001f3ca800 JavaThread "TimerQueue" daemon [_thread_blocked, id=2104, stack(0x0000000020f00000,0x0000000021000000)]
  0x000000001f013800 JavaThread "Service Thread" daemon [_thread_blocked, id=14864, stack(0x000000001fa80000,0x000000001fb80000)]
  0x000000001ef87800 JavaThread "C1 CompilerThread3" daemon [_thread_blocked, id=8004, stack(0x000000001f980000,0x000000001fa80000)]
  0x000000001ef87000 JavaThread "C2 CompilerThread2" daemon [_thread_blocked, id=19748, stack(0x000000001f880000,0x000000001f980000)]
  0x000000001ef82000 JavaThread "C2 CompilerThread1" daemon [_thread_blocked, id=4800, stack(0x000000001f780000,0x000000001f880000)]
  0x000000001ef71800 JavaThread "C2 CompilerThread0" daemon [_thread_blocked, id=6396, stack(0x000000001f680000,0x000000001f780000)]
  0x000000001e4cb000 JavaThread "JDWP Command Reader" daemon [_thread_blocked, id=20176, stack(0x000000001ed80000,0x000000001ee80000)]
  0x000000001e4ca000 JavaThread "JDWP Event Helper Thread" daemon [_thread_blocked, id=19364, stack(0x000000001ec80000,0x000000001ed80000)]
  0x000000001e4c8800 JavaThread "JDWP Transport Listener: dt_socket" daemon [_thread_blocked, id=10540, stack(0x000000001eb80000,0x000000001ec80000)]
  0x000000001e4b8000 JavaThread "Attach Listener" daemon [_thread_blocked, id=19048, stack(0x000000001ea80000,0x000000001eb80000)]
  0x000000001e465000 JavaThread "Signal Dispatcher" daemon [_thread_blocked, id=16320, stack(0x000000001e980000,0x000000001ea80000)]
  0x000000001e440800 JavaThread "Finalizer" daemon [_thread_blocked, id=20416, stack(0x000000001e820000,0x000000001e920000)]
  0x0000000002b3d000 JavaThread "Reference Handler" daemon [_thread_blocked, id=15616, stack(0x000000001e320000,0x000000001e420000)]

Other Threads:
=>0x000000001c549000 VMThread [stack: 0x000000001e220000,0x000000001e320000] [id=18328]

VM state:at safepoint (shutting down)

VM Mutex/Monitor currently owned by a thread:  ([mutex/lock_event])
[0x0000000002a425a0] Threads_lock - owner thread: 0x000000001c549000

Heap:
 PSYoungGen      total 1367040K, used 950433K [0x000000076b500000, 0x00000007bff80000, 0x00000007c0000000)
  eden space 1348096K, 69% used [0x000000076b500000,0x00000007a49986a8,0x00000007bd980000)
  from space 18944K, 62% used [0x00000007bd980000,0x00000007be510000,0x00000007bec00000)
  to   space 18432K, 0% used [0x00000007bed80000,0x00000007bed80000,0x00000007bff80000)
 ParOldGen       total 616448K, used 387500K [0x00000006c1e00000, 0x00000006e7800000, 0x000000076b500000)
  object space 616448K, 62% used [0x00000006c1e00000,0x00000006d986b1e0,0x00000006e7800000)
 Metaspace       used 29898K, capacity 30216K, committed 30592K, reserved 1075200K
  class space    used 3830K, capacity 3907K, committed 3968K, reserved 1048576K

Card table byte_map: [0x0000000011f00000,0x0000000012700000] byte_map_base: 0x000000000e8f1000

Marking Bits: (ParMarkBitMap*) 0x000000006912f860
 Begin Bits: [0x0000000013450000, 0x00000000173d8000)
 End Bits:   [0x00000000173d8000, 0x000000001b360000)

Polling page: 0x0000000000b80000

CodeCache: size=245760Kb used=16897Kb max_used=17126Kb free=228862Kb
 bounds [0x0000000002b40000, 0x0000000003c40000, 0x0000000011b40000]
 total_blobs=4986 nmethods=4048 adapters=854
 compilation: enabled

Compilation events (10 events):
Event: 211.393 Thread 0x000000001ef82000 5114   !   4       java.awt.EventDispatchThread::pumpOneEventForFilters (295 bytes)
Event: 211.405 Thread 0x000000001ef87000 5115       4       java.awt.EventDispatchThread$HierarchyEventFilter::acceptEvent (225 bytes)
Event: 211.406 Thread 0x000000001ef87000 nmethod 5115 0x0000000003944d50 code [0x0000000003944e80, 0x0000000003944f18]
Event: 211.495 Thread 0x000000001ef82000 nmethod 5114 0x00000000033ac7d0 code [0x00000000033acbc0, 0x00000000033afe20]
Event: 214.520 Thread 0x000000001ef71800 5116       4       java.awt.EventQueue$3::run (5 bytes)
Event: 214.541 Thread 0x000000001ef71800 nmethod 5116 0x00000000033aabd0 code [0x00000000033aadc0, 0x00000000033ab770]
Event: 215.704 Thread 0x000000001ef87000 5117       4       sun.awt.EventQueueDelegate::getDelegate (13 bytes)
Event: 215.707 Thread 0x000000001ef87000 nmethod 5117 0x000000000396a310 code [0x000000000396a460, 0x000000000396a5c8]
Event: 218.191 Thread 0x000000001ef87800 5118  s    3       java.io.ExpiringCache::clear (10 bytes)
Event: 218.192 Thread 0x000000001ef87800 nmethod 5118 0x0000000002f9f250 code [0x0000000002f9f3c0, 0x0000000002f9f748]

GC Heap History (10 events):
Event: 207.106 GC heap before
{Heap before GC invocations=104 (full 4):
 PSYoungGen      total 1363968K, used 1350784K [0x000000076b500000, 0x00000007bfd80000, 0x00000007c0000000)
  eden space 1342976K, 100% used [0x000000076b500000,0x00000007bd480000,0x00000007bd480000)
  from space 20992K, 37% used [0x00000007be900000,0x00000007bf0a0000,0x00000007bfd80000)
  to   space 20992K, 0% used [0x00000007bd480000,0x00000007bd480000,0x00000007be900000)
 ParOldGen       total 616448K, used 387444K [0x00000006c1e00000, 0x00000006e7800000, 0x000000076b500000)
  object space 616448K, 62% used [0x00000006c1e00000,0x00000006d985d1e0,0x00000006e7800000)
 Metaspace       used 29890K, capacity 30216K, committed 30592K, reserved 1075200K
  class space    used 3828K, capacity 3907K, committed 3968K, reserved 1048576K
Event: 207.111 GC heap after
Heap after GC invocations=104 (full 4):
 PSYoungGen      total 1363968K, used 11904K [0x000000076b500000, 0x00000007bff00000, 0x00000007c0000000)
  eden space 1342976K, 0% used [0x000000076b500000,0x000000076b500000,0x00000007bd480000)
  from space 20992K, 56% used [0x00000007bd480000,0x00000007be020000,0x00000007be900000)
  to   space 20480K, 0% used [0x00000007beb00000,0x00000007beb00000,0x00000007bff00000)
 ParOldGen       total 616448K, used 387452K [0x00000006c1e00000, 0x00000006e7800000, 0x000000076b500000)
  object space 616448K, 62% used [0x00000006c1e00000,0x00000006d985f1e0,0x00000006e7800000)
 Metaspace       used 29890K, capacity 30216K, committed 30592K, reserved 1075200K
  class space    used 3828K, capacity 3907K, committed 3968K, reserved 1048576K
}
Event: 209.456 GC heap before
{Heap before GC invocations=105 (full 4):
 PSYoungGen      total 1363968K, used 1354880K [0x000000076b500000, 0x00000007bff00000, 0x00000007c0000000)
  eden space 1342976K, 100% used [0x000000076b500000,0x00000007bd480000,0x00000007bd480000)
  from space 20992K, 56% used [0x00000007bd480000,0x00000007be020000,0x00000007be900000)
  to   space 20480K, 0% used [0x00000007beb00000,0x00000007beb00000,0x00000007bff00000)
 ParOldGen       total 616448K, used 387452K [0x00000006c1e00000, 0x00000006e7800000, 0x000000076b500000)
  object space 616448K, 62% used [0x00000006c1e00000,0x00000006d985f1e0,0x00000006e7800000)
 Metaspace       used 29890K, capacity 30216K, committed 30592K, reserved 1075200K
  class space    used 3828K, capacity 3907K, committed 3968K, reserved 1048576K
Event: 209.460 GC heap after
Heap after GC invocations=105 (full 4):
 PSYoungGen      total 1364992K, used 12173K [0x000000076b500000, 0x00000007bfd80000, 0x00000007c0000000)
  eden space 1346048K, 0% used [0x000000076b500000,0x000000076b500000,0x00000007bd780000)
  from space 18944K, 64% used [0x00000007beb00000,0x00000007bf6e3410,0x00000007bfd80000)
  to   space 19456K, 0% used [0x00000007bd780000,0x00000007bd780000,0x00000007bea80000)
 ParOldGen       total 616448K, used 387484K [0x00000006c1e00000, 0x00000006e7800000, 0x000000076b500000)
  object space 616448K, 62% used [0x00000006c1e00000,0x00000006d98671e0,0x00000006e7800000)
 Metaspace       used 29890K, capacity 30216K, committed 30592K, reserved 1075200K
  class space    used 3828K, capacity 3907K, committed 3968K, reserved 1048576K
}
Event: 211.680 GC heap before
{Heap before GC invocations=106 (full 4):
 PSYoungGen      total 1364992K, used 1358221K [0x000000076b500000, 0x00000007bfd80000, 0x00000007c0000000)
  eden space 1346048K, 100% used [0x000000076b500000,0x00000007bd780000,0x00000007bd780000)
  from space 18944K, 64% used [0x00000007beb00000,0x00000007bf6e3410,0x00000007bfd80000)
  to   space 19456K, 0% used [0x00000007bd780000,0x00000007bd780000,0x00000007bea80000)
 ParOldGen       total 616448K, used 387484K [0x00000006c1e00000, 0x00000006e7800000, 0x000000076b500000)
  object space 616448K, 62% used [0x00000006c1e00000,0x00000006d98671e0,0x00000006e7800000)
 Metaspace       used 29891K, capacity 30216K, committed 30592K, reserved 1075200K
  class space    used 3828K, capacity 3907K, committed 3968K, reserved 1048576K
Event: 211.685 GC heap after
Heap after GC invocations=106 (full 4):
 PSYoungGen      total 1365504K, used 14176K [0x000000076b500000, 0x00000007c0000000, 0x00000007c0000000)
  eden space 1346048K, 0% used [0x000000076b500000,0x000000076b500000,0x00000007bd780000)
  from space 19456K, 72% used [0x00000007bd780000,0x00000007be558000,0x00000007bea80000)
  to   space 19968K, 0% used [0x00000007bec80000,0x00000007bec80000,0x00000007c0000000)
 ParOldGen       total 616448K, used 387492K [0x00000006c1e00000, 0x00000006e7800000, 0x000000076b500000)
  object space 616448K, 62% used [0x00000006c1e00000,0x00000006d98691e0,0x00000006e7800000)
 Metaspace       used 29891K, capacity 30216K, committed 30592K, reserved 1075200K
  class space    used 3828K, capacity 3907K, committed 3968K, reserved 1048576K
}
Event: 213.991 GC heap before
{Heap before GC invocations=107 (full 4):
 PSYoungGen      total 1365504K, used 1360224K [0x000000076b500000, 0x00000007c0000000, 0x00000007c0000000)
  eden space 1346048K, 100% used [0x000000076b500000,0x00000007bd780000,0x00000007bd780000)
  from space 19456K, 72% used [0x00000007bd780000,0x00000007be558000,0x00000007bea80000)
  to   space 19968K, 0% used [0x00000007bec80000,0x00000007bec80000,0x00000007c0000000)
 ParOldGen       total 616448K, used 387492K [0x00000006c1e00000, 0x00000006e7800000, 0x000000076b500000)
  object space 616448K, 62% used [0x00000006c1e00000,0x00000006d98691e0,0x00000006e7800000)
 Metaspace       used 29891K, capacity 30216K, committed 30592K, reserved 1075200K
  class space    used 3828K, capacity 3907K, committed 3968K, reserved 1048576K
Event: 213.996 GC heap after
Heap after GC invocations=107 (full 4):
 PSYoungGen      total 1366528K, used 11808K [0x000000076b500000, 0x00000007bfe80000, 0x00000007c0000000)
  eden space 1348096K, 0% used [0x000000076b500000,0x000000076b500000,0x00000007bd980000)
  from space 18432K, 64% used [0x00000007bec80000,0x00000007bf808000,0x00000007bfe80000)
  to   space 18944K, 0% used [0x00000007bd980000,0x00000007bd980000,0x00000007bec00000)
 ParOldGen       total 616448K, used 387500K [0x00000006c1e00000, 0x00000006e7800000, 0x000000076b500000)
  object space 616448K, 62% used [0x00000006c1e00000,0x00000006d986b1e0,0x00000006e7800000)
 Metaspace       used 29891K, capacity 30216K, committed 30592K, reserved 1075200K
  class space    used 3828K, capacity 3907K, committed 3968K, reserved 1048576K
}
Event: 216.494 GC heap before
{Heap before GC invocations=108 (full 4):
 PSYoungGen      total 1366528K, used 1359904K [0x000000076b500000, 0x00000007bfe80000, 0x00000007c0000000)
  eden space 1348096K, 100% used [0x000000076b500000,0x00000007bd980000,0x00000007bd980000)
  from space 18432K, 64% used [0x00000007bec80000,0x00000007bf808000,0x00000007bfe80000)
  to   space 18944K, 0% used [0x00000007bd980000,0x00000007bd980000,0x00000007bec00000)
 ParOldGen       total 616448K, used 387500K [0x00000006c1e00000, 0x00000006e7800000, 0x000000076b500000)
  object space 616448K, 62% used [0x00000006c1e00000,0x00000006d986b1e0,0x00000006e7800000)
 Metaspace       used 29892K, capacity 30216K, committed 30592K, reserved 1075200K
  class space    used 3828K, capacity 3907K, committed 3968K, reserved 1048576K
Event: 216.499 GC heap after
Heap after GC invocations=108 (full 4):
 PSYoungGen      total 1367040K, used 11840K [0x000000076b500000, 0x00000007bff80000, 0x00000007c0000000)
  eden space 1348096K, 0% used [0x000000076b500000,0x000000076b500000,0x00000007bd980000)
  from space 18944K, 62% used [0x00000007bd980000,0x00000007be510000,0x00000007bec00000)
  to   space 18432K, 0% used [0x00000007bed80000,0x00000007bed80000,0x00000007bff80000)
 ParOldGen       total 616448K, used 387500K [0x00000006c1e00000, 0x00000006e7800000, 0x000000076b500000)
  object space 616448K, 62% used [0x00000006c1e00000,0x00000006d986b1e0,0x00000006e7800000)
 Metaspace       used 29892K, capacity 30216K, committed 30592K, reserved 1075200K
  class space    used 3828K, capacity 3907K, committed 3968K, reserved 1048576K
}

Deoptimization events (10 events):
Event: 140.951 Thread 0x000000001f0c2800 Uncommon trap: reason=class_check action=maybe_recompile pc=0x0000000003abe738 method=java.awt.EventQueue.coalesceEvent(Ljava/awt/AWTEvent;I)Z @ 77
Event: 140.962 Thread 0x000000001f0c2800 Uncommon trap: reason=class_check action=maybe_recompile pc=0x0000000003abe738 method=java.awt.EventQueue.coalesceEvent(Ljava/awt/AWTEvent;I)Z @ 77
Event: 140.963 Thread 0x000000001f0c2800 Uncommon trap: reason=class_check action=maybe_recompile pc=0x0000000003abe738 method=java.awt.EventQueue.coalesceEvent(Ljava/awt/AWTEvent;I)Z @ 77
Event: 154.528 Thread 0x000000001f0c2800 Uncommon trap: reason=unstable_if action=reinterpret pc=0x000000000373082c method=javax.swing.text.AbstractDocument$BranchElement.getElementIndex(I)I @ 129
Event: 154.650 Thread 0x000000001f0c2800 Uncommon trap: reason=unstable_if action=reinterpret pc=0x0000000003a2b17c method=biProcessor.coAuthorForWord.drawWords([II[DFIILjava/util/Map;Ljava/util/Map;)V @ 547
Event: 158.219 Thread 0x000000001f0c2800 Uncommon trap: reason=unstable_if action=reinterpret pc=0x00000000034d0a00 method=java.security.AccessControlContext.combine([Ljava/security/ProtectionDomain;[Ljava/security/ProtectionDomain;)[Ljava/security/ProtectionDomain; @ 162
Event: 183.106 Thread 0x000000001f0c2800 Uncommon trap: reason=unstable_if action=reinterpret pc=0x0000000003bdfad4 method=java.nio.Bits.tryReserveMemory(JI)Z @ 29
Event: 218.022 Thread 0x000000001f0c2800 Uncommon trap: reason=unstable_if action=reinterpret pc=0x0000000003aa3a84 method=javax.swing.LayoutComparator.compare(Ljava/awt/Component;Ljava/awt/Component;)I @ 2
Event: 218.023 Thread 0x000000001f0c2800 Uncommon trap: reason=unstable_if action=reinterpret pc=0x000000000334b5ac method=java.security.AccessControlContext.optimize()Ljava/security/AccessControlContext; @ 233
Event: 218.023 Thread 0x000000001f0c2800 Uncommon trap: reason=unstable_if action=reinterpret pc=0x0000000003a4f0e4 method=java.security.AccessControlContext.combine([Ljava/security/ProtectionDomain;[Ljava/security/ProtectionDomain;)[Ljava/security/ProtectionDomain; @ 151

Classes redefined (0 events):
No events

Internal exceptions (10 events):
Event: 66.056 Thread 0x0000000002a45800 Exception <a 'java/lang/NullPointerException'> (0x000000076cc51900) thrown at [C:\re\workspace\8-2-build-windows-amd64-cygwin\jdk8u161\10277\hotspot\src\share\vm\interpreter\linkResolver.cpp, line 1185]
Event: 95.850 Thread 0x0000000002a45800 Implicit null exception at 0x0000000003253a4f to 0x0000000003253be5
Event: 96.694 Thread 0x0000000002a45800 Exception <a 'java/lang/NullPointerException'> (0x00000007892bf868) thrown at [C:\re\workspace\8-2-build-windows-amd64-cygwin\jdk8u161\10277\hotspot\src\share\vm\interpreter\linkResolver.cpp, line 1185]
Event: 111.306 Thread 0x0000000026fcc800 Exception <a 'java/lang/InterruptedException'> (0x00000007a2e02690) thrown at [C:\re\workspace\8-2-build-windows-amd64-cygwin\jdk8u161\10277\hotspot\src\share\vm\runtime\objectMonitor.cpp, line 1684]
Event: 111.383 Thread 0x00000000207e5800 Implicit null exception at 0x0000000002e5db5b to 0x0000000002e5f0d9
Event: 111.670 Thread 0x000000001f5cb000 Implicit null exception at 0x0000000003118088 to 0x00000000031188cd
Event: 122.287 Thread 0x0000000002a45800 Exception <a 'java/lang/reflect/InvocationTargetException'> (0x00000007ab0f18b0) thrown at [C:\re\workspace\8-2-build-windows-amd64-cygwin\jdk8u161\10277\hotspot\src\share\vm\runtime\reflection.cpp, line 1092]
Event: 122.692 Thread 0x0000000002a45800 Implicit null exception at 0x000000000311e38d to 0x000000000311f35d
Event: 122.796 Thread 0x00000000207e2800 Implicit null exception at 0x0000000002d68f4b to 0x0000000002d69cf1
Event: 129.660 Thread 0x000000001f0c2800 Exception <a 'java/lang/reflect/InvocationTargetException'> (0x0000000783a5c3b0) thrown at [C:\re\workspace\8-2-build-windows-amd64-cygwin\jdk8u161\10277\hotspot\src\share\vm\runtime\reflection.cpp, line 1092]

Events (10 events):
Event: 218.029 Executing VM operation: RevokeBias done
Event: 218.029 Thread 0x000000001f5c7000 Thread exited: 0x000000001f5c7000
Event: 218.029 Executing VM operation: RevokeBias
Event: 218.029 Executing VM operation: RevokeBias done
Event: 218.030 Thread 0x00000000207e0800 Thread exited: 0x00000000207e0800
Event: 218.056 Executing VM operation: RevokeBias
Event: 218.057 Executing VM operation: RevokeBias done
Event: 218.057 Thread 0x000000001f329000 Thread exited: 0x000000001f329000
Event: 218.129 Thread 0x00000000207e2000 Thread exited: 0x00000000207e2000
Event: 218.199 Executing VM operation: Exit


Dynamic libraries:
0x00007ff7583c0000 - 0x00007ff7583f7000 	C:\Program Files\Java\jdk1.8.0_161\jre\bin\javaw.exe
0x00007ffc62240000 - 0x00007ffc62430000 	C:\WINDOWS\SYSTEM32\ntdll.dll
0x00007ffc48b20000 - 0x00007ffc48b33000 	D:\Program Files\AVAST Software\Avast\aswhook.dll
0x00007ffc62120000 - 0x00007ffc621d2000 	C:\WINDOWS\System32\KERNEL32.DLL
0x00007ffc5ff90000 - 0x00007ffc60233000 	C:\WINDOWS\System32\KERNELBASE.dll
0x00007ffc616d0000 - 0x00007ffc61773000 	C:\WINDOWS\System32\ADVAPI32.dll
0x00007ffc61b10000 - 0x00007ffc61bae000 	C:\WINDOWS\System32\msvcrt.dll
0x00007ffc62080000 - 0x00007ffc62117000 	C:\WINDOWS\System32\sechost.dll
0x00007ffc61bb0000 - 0x00007ffc61cd0000 	C:\WINDOWS\System32\RPCRT4.dll
0x00007ffc60610000 - 0x00007ffc607a4000 	C:\WINDOWS\System32\USER32.dll
0x00007ffc602c0000 - 0x00007ffc602e1000 	C:\WINDOWS\System32\win32u.dll
0x00007ffc618a0000 - 0x00007ffc618c6000 	C:\WINDOWS\System32\GDI32.dll
0x00007ffc5f970000 - 0x00007ffc5fb04000 	C:\WINDOWS\System32\gdi32full.dll
0x00007ffc5fbf0000 - 0x00007ffc5fc8e000 	C:\WINDOWS\System32\msvcp_win.dll
0x00007ffc5fe90000 - 0x00007ffc5ff8a000 	C:\WINDOWS\System32\ucrtbase.dll
0x00007ffc4a460000 - 0x00007ffc4a6e5000 	C:\WINDOWS\WinSxS\amd64_microsoft.windows.common-controls_6595b64144ccf1df_6.0.18362.778_none_e6c6b761130d4fb8\COMCTL32.dll
0x00007ffc61d40000 - 0x00007ffc62076000 	C:\WINDOWS\System32\combase.dll
0x00007ffc60240000 - 0x00007ffc602c0000 	C:\WINDOWS\System32\bcryptPrimitives.dll
0x00007ffc60300000 - 0x00007ffc6032e000 	C:\WINDOWS\System32\IMM32.DLL
0x0000000069c70000 - 0x0000000069d42000 	C:\Program Files\Java\jdk1.8.0_161\jre\bin\msvcr100.dll
0x0000000068910000 - 0x00000000691af000 	C:\Program Files\Java\jdk1.8.0_161\jre\bin\server\jvm.dll
0x00007ffc61890000 - 0x00007ffc61898000 	C:\WINDOWS\System32\PSAPI.DLL
0x00007ffc54a00000 - 0x00007ffc54a09000 	C:\WINDOWS\SYSTEM32\WSOCK32.dll
0x00007ffc614d0000 - 0x00007ffc6153f000 	C:\WINDOWS\System32\WS2_32.dll
0x00007ffc53e10000 - 0x00007ffc53e34000 	C:\WINDOWS\SYSTEM32\WINMM.dll
0x00007ffc5a560000 - 0x00007ffc5a56a000 	C:\WINDOWS\SYSTEM32\VERSION.dll
0x00007ffc53de0000 - 0x00007ffc53e0d000 	C:\WINDOWS\SYSTEM32\WINMMBASE.dll
0x00007ffc5fe40000 - 0x00007ffc5fe8a000 	C:\WINDOWS\System32\cfgmgr32.dll
0x0000000069c60000 - 0x0000000069c6f000 	C:\Program Files\Java\jdk1.8.0_161\jre\bin\verify.dll
0x0000000069c30000 - 0x0000000069c59000 	C:\Program Files\Java\jdk1.8.0_161\jre\bin\java.dll
0x0000000069bf0000 - 0x0000000069c25000 	C:\Program Files\Java\jdk1.8.0_161\jre\bin\jdwp.dll
0x0000000069be0000 - 0x0000000069be8000 	C:\Program Files\Java\jdk1.8.0_161\jre\bin\npt.dll
0x00000000688e0000 - 0x0000000068903000 	C:\Program Files\Java\jdk1.8.0_161\jre\bin\instrument.dll
0x00000000688c0000 - 0x00000000688d6000 	C:\Program Files\Java\jdk1.8.0_161\jre\bin\zip.dll
0x00007ffc60de0000 - 0x00007ffc614c5000 	C:\WINDOWS\System32\SHELL32.dll
0x00007ffc617e0000 - 0x00007ffc61889000 	C:\WINDOWS\System32\shcore.dll
0x00007ffc5f1d0000 - 0x00007ffc5f950000 	C:\WINDOWS\System32\windows.storage.dll
0x00007ffc5f1a0000 - 0x00007ffc5f1c3000 	C:\WINDOWS\System32\profapi.dll
0x00007ffc5f110000 - 0x00007ffc5f15a000 	C:\WINDOWS\System32\powrprof.dll
0x00007ffc5f100000 - 0x00007ffc5f110000 	C:\WINDOWS\System32\UMPDC.dll
0x00007ffc60d80000 - 0x00007ffc60dd2000 	C:\WINDOWS\System32\shlwapi.dll
0x00007ffc5f160000 - 0x00007ffc5f171000 	C:\WINDOWS\System32\kernel.appcore.dll
0x00007ffc5f950000 - 0x00007ffc5f967000 	C:\WINDOWS\System32\cryptsp.dll
0x0000000069bd0000 - 0x0000000069bd9000 	C:\Program Files\Java\jdk1.8.0_161\jre\bin\dt_socket.dll
0x00007ffc56a60000 - 0x00007ffc56a76000 	C:\WINDOWS\system32\napinsp.dll
0x00007ffc49b90000 - 0x00007ffc49baa000 	C:\WINDOWS\system32\pnrpnsp.dll
0x00007ffc5e910000 - 0x00007ffc5e977000 	C:\WINDOWS\System32\mswsock.dll
0x00007ffc5e660000 - 0x00007ffc5e72a000 	C:\WINDOWS\SYSTEM32\DNSAPI.dll
0x00007ffc602f0000 - 0x00007ffc602f8000 	C:\WINDOWS\System32\NSI.dll
0x00007ffc5e620000 - 0x00007ffc5e65a000 	C:\WINDOWS\SYSTEM32\IPHLPAPI.DLL
0x00007ffc49a00000 - 0x00007ffc49a0e000 	C:\WINDOWS\System32\winrnr.dll
0x00007ffc5b110000 - 0x00007ffc5b12c000 	C:\WINDOWS\system32\NLAapi.dll
0x00007ffc3c130000 - 0x00007ffc3c145000 	C:\WINDOWS\system32\wshbth.dll
0x00007ffc576d0000 - 0x00007ffc57747000 	C:\WINDOWS\System32\fwpuclnt.dll
0x00007ffc5fb10000 - 0x00007ffc5fb36000 	C:\WINDOWS\System32\bcrypt.dll
0x00007ffc55c00000 - 0x00007ffc55c0a000 	C:\Windows\System32\rasadhlp.dll
0x00007ffc5e480000 - 0x00007ffc5e4b3000 	C:\WINDOWS\system32\rsaenh.dll
0x00007ffc5eff0000 - 0x00007ffc5f015000 	C:\WINDOWS\SYSTEM32\USERENV.dll
0x00007ffc5eae0000 - 0x00007ffc5eaec000 	C:\WINDOWS\SYSTEM32\CRYPTBASE.dll
0x00000000688a0000 - 0x00000000688ba000 	C:\Program Files\Java\jdk1.8.0_161\jre\bin\net.dll
0x00007ffc57b10000 - 0x00007ffc57b26000 	C:\WINDOWS\SYSTEM32\dhcpcsvc6.DLL
0x00007ffc593c0000 - 0x00007ffc593dc000 	C:\WINDOWS\SYSTEM32\dhcpcsvc.DLL
0x0000000068880000 - 0x0000000068891000 	C:\Program Files\Java\jdk1.8.0_161\jre\bin\nio.dll
0x00000000686e0000 - 0x0000000068878000 	C:\Program Files\Java\jdk1.8.0_161\jre\bin\awt.dll
0x00007ffc60390000 - 0x00007ffc60454000 	C:\WINDOWS\System32\OLEAUT32.dll
0x00007ffc5cdb0000 - 0x00007ffc5ce3f000 	C:\WINDOWS\SYSTEM32\apphelp.dll
0x00007ffc5d0e0000 - 0x00007ffc5d179000 	C:\WINDOWS\system32\uxtheme.dll
0x00007ffc619d0000 - 0x00007ffc61b06000 	C:\WINDOWS\System32\MSCTF.dll
0x00007ffc607b0000 - 0x00007ffc60907000 	C:\WINDOWS\System32\ole32.dll
0x00007ffc5d6d0000 - 0x00007ffc5d6fd000 	C:\WINDOWS\system32\DWMAPI.DLL
0x00007ffc3cca0000 - 0x00007ffc3cdf6000 	C:\WINDOWS\system32\opengl32.dll
0x00007ffc4a6f0000 - 0x00007ffc4a71c000 	C:\WINDOWS\SYSTEM32\GLU32.dll
0x00007ffc5dd70000 - 0x00007ffc5dd90000 	C:\WINDOWS\SYSTEM32\dxcore.dll
0x0000000068690000 - 0x00000000686d7000 	C:\Program Files\Java\jdk1.8.0_161\jre\bin\fontmanager.dll
0x00007ffc52a60000 - 0x00007ffc52afe000 	C:\WINDOWS\System32\TextInputFramework.dll
0x00007ffc52c60000 - 0x00007ffc52f8a000 	C:\WINDOWS\System32\CoreUIComponents.dll
0x00007ffc5c4b0000 - 0x00007ffc5c584000 	C:\WINDOWS\System32\CoreMessaging.dll
0x00007ffc5e160000 - 0x00007ffc5e191000 	C:\WINDOWS\SYSTEM32\ntmarta.dll
0x00007ffc5a850000 - 0x00007ffc5a9a3000 	C:\WINDOWS\SYSTEM32\wintypes.dll
0x00007ffc53870000 - 0x00007ffc53b16000 	C:\WINDOWS\System32\iertutil.dll
0x00007ffc61620000 - 0x00007ffc616c2000 	C:\WINDOWS\System32\clbcatq.dll
0x00007ffc52480000 - 0x00007ffc5262f000 	C:\WINDOWS\SYSTEM32\WindowsCodecs.dll
0x00007ffc48c00000 - 0x00007ffc48c3a000 	C:\WINDOWS\system32\dataexchange.dll
0x00007ffc5bdf0000 - 0x00007ffc5c04b000 	C:\WINDOWS\system32\d3d11.dll
0x00007ffc5c590000 - 0x00007ffc5c76c000 	C:\WINDOWS\system32\dcomp.dll
0x00007ffc5de00000 - 0x00007ffc5deeb000 	C:\WINDOWS\system32\dxgi.dll
0x00007ffc5d180000 - 0x00007ffc5d3da000 	C:\WINDOWS\system32\twinapi.appcore.dll
0x00007ffc5d5e0000 - 0x00007ffc5d609000 	C:\WINDOWS\system32\RMCLIENT.dll
0x0000000068640000 - 0x0000000068682000 	C:\Program Files\Java\jdk1.8.0_161\jre\bin\t2k.dll
0x00007ffc58a00000 - 0x00007ffc58a38000 	C:\Program Files\Java\jdk1.8.0_161\jre\bin\jacob-1.18-x64.dll
0x00007ffc2c230000 - 0x00007ffc2c3af000 	C:\WINDOWS\System32\Speech\Common\sapi.dll
0x00007ffc5fc90000 - 0x00007ffc5fcec000 	C:\WINDOWS\System32\WINTRUST.dll
0x00007ffc5f180000 - 0x00007ffc5f192000 	C:\WINDOWS\System32\MSASN1.dll
0x00007ffc5fcf0000 - 0x00007ffc5fe39000 	C:\WINDOWS\System32\CRYPT32.dll
0x00007ffc4fa60000 - 0x00007ffc4fa7c000 	C:\WINDOWS\SYSTEM32\MSACM32.dll
0x00007ffc5a2c0000 - 0x00007ffc5a2cb000 	C:\WINDOWS\SYSTEM32\msdmo.dll
0x00007ffc57a60000 - 0x00007ffc57ad2000 	C:\WINDOWS\System32\MMDevApi.dll
0x00007ffc5ef20000 - 0x00007ffc5ef4a000 	C:\WINDOWS\System32\DEVOBJ.dll
0x00007ffc5ef50000 - 0x00007ffc5efed000 	C:\WINDOWS\SYSTEM32\sxs.dll
0x00007ffc2aee0000 - 0x00007ffc2b0e1000 	C:\Windows\System32\speech_onecore\engines\tts\MSTTSEngine_OneCore.dll
0x00007ffc59b10000 - 0x00007ffc59b9a000 	C:\WINDOWS\SYSTEM32\msvcp110_win.dll
0x00007ffc2fe70000 - 0x00007ffc30353000 	C:\WINDOWS\System32\Speech_OneCore\Common\sapi_onecore.dll
0x00007ffc57b50000 - 0x00007ffc57cad000 	C:\WINDOWS\SYSTEM32\AudioSes.DLL
0x00007ffc5f020000 - 0x00007ffc5f04f000 	C:\WINDOWS\SYSTEM32\SspiCli.dll
0x00007ffc53fb0000 - 0x00007ffc54185000 	C:\WINDOWS\SYSTEM32\urlmon.dll
0x00007ffc5cae0000 - 0x00007ffc5cbcf000 	C:\WINDOWS\SYSTEM32\PROPSYS.dll
0x00007ffc56680000 - 0x00007ffc56770000 	C:\WINDOWS\SYSTEM32\WINHTTP.dll
0x00007ffc58210000 - 0x00007ffc582ee000 	C:\Windows\System32\Windows.ApplicationModel.dll
0x00007ffc536c0000 - 0x00007ffc5377f000 	C:\Windows\System32\speech_onecore\engines\tts\MSTTSLoc_OneCore.DLL
0x00007ffc5b610000 - 0x00007ffc5b6c5000 	C:\WINDOWS\system32\MSWB70804.dll
0x00000000637c0000 - 0x00000000637ca000 	C:\Users\Lenovo\AppData\Local\Temp\jogamp.tmp.cache_000000\jln1010258885065677580\jln5556109148877618695\gluegen-rt.dll
0x0000000068630000 - 0x0000000068637000 	C:\Program Files\Java\jdk1.8.0_161\jre\bin\jawt.dll
0x000000006a440000 - 0x000000006a44b000 	C:\Users\Lenovo\AppData\Local\Temp\jogamp.tmp.cache_000000\jln1010258885065677580\jln5556109148877618695\nativewindow_awt.dll
0x000000006c100000 - 0x000000006c10b000 	C:\Users\Lenovo\AppData\Local\Temp\jogamp.tmp.cache_000000\jln1010258885065677580\jln5556109148877618695\nativewindow_win32.dll
0x0000000064500000 - 0x000000006458d000 	C:\Users\Lenovo\AppData\Local\Temp\jogamp.tmp.cache_000000\jln1010258885065677580\jln5556109148877618695\jogl_desktop.dll
0x000000002ce20000 - 0x000000002dd29000 	C:\WINDOWS\System32\DriverStore\FileRepository\iigd_dch.inf_amd64_3c82703a0fbed0ab\ig9icd64.dll
0x00007ffc51490000 - 0x00007ffc51630000 	C:\WINDOWS\System32\DriverStore\FileRepository\iigd_dch.inf_amd64_3c82703a0fbed0ab\igdgmm64.dll
0x00007ffc4c100000 - 0x00007ffc4e4fc000 	C:\WINDOWS\System32\DriverStore\FileRepository\iigd_dch.inf_amd64_3c82703a0fbed0ab\igc64.dll
0x00007ffc52ff0000 - 0x00007ffc530df000 	C:\Users\Lenovo\.javacpp\cache\opencv-3.1.0-1.3-windows-x86_64.jar\org\bytedeco\javacpp\windows-x86_64\msvcr120.dll
0x00007ffc58950000 - 0x00007ffc589f6000 	C:\Users\Lenovo\.javacpp\cache\opencv-3.1.0-1.3-windows-x86_64.jar\org\bytedeco\javacpp\windows-x86_64\msvcp120.dll
0x00007ffc247e0000 - 0x00007ffc24a5a000 	C:\Users\Lenovo\.javacpp\cache\opencv-3.1.0-1.3-windows-x86_64.jar\org\bytedeco\javacpp\windows-x86_64\opencv_core310.dll
0x00007ffc24490000 - 0x00007ffc247d2000 	C:\Users\Lenovo\.javacpp\cache\opencv-3.1.0-1.3-windows-x86_64.jar\org\bytedeco\javacpp\windows-x86_64\opencv_imgproc310.dll
0x00007ffc27dc0000 - 0x00007ffc27fe7000 	C:\Users\Lenovo\.javacpp\cache\opencv-3.1.0-1.3-windows-x86_64.jar\org\bytedeco\javacpp\windows-x86_64\jniopencv_core.dll
0x00007ffc2c140000 - 0x00007ffc2c22d000 	C:\Users\Lenovo\.javacpp\cache\opencv-3.1.0-1.3-windows-x86_64.jar\org\bytedeco\javacpp\windows-x86_64\jniopencv_imgproc.dll
0x00007ffc217d0000 - 0x00007ffc21a99000 	C:\Users\Lenovo\.javacpp\cache\opencv-3.1.0-1.3-windows-x86_64.jar\org\bytedeco\javacpp\windows-x86_64\opencv_imgcodecs310.dll
0x00007ffc53690000 - 0x00007ffc536b5000 	C:\Users\Lenovo\.javacpp\cache\opencv-3.1.0-1.3-windows-x86_64.jar\org\bytedeco\javacpp\windows-x86_64\jniopencv_imgcodecs.dll
0x00007ffc52f90000 - 0x00007ffc52fe3000 	C:\Users\Lenovo\.javacpp\cache\opencv-3.1.0-1.3-windows-x86_64.jar\org\bytedeco\javacpp\windows-x86_64\opencv_videoio310.dll
0x00007ffc53180000 - 0x00007ffc531a9000 	C:\WINDOWS\SYSTEM32\MSVFW32.dll

VM Arguments:
jvm_args: -agentlib:jdwp=transport=dt_socket,suspend=y,address=localhost:49978 -javaagent:D:\Users\Lenovo\eclipse\jee-2019-03\eclipse\configuration\org.eclipse.osgi\409\0\.cp\lib\javaagent-shaded.jar -Dfile.encoding=GBK 
java_command: ME.sample.Frame
java_class_path (initial): D:\Users\Lenovo\eclipse-workspace\DETA_YLJ1.5.9\target\classes;D:\Users\Lenovo\eclipse-workspace\DETA_YLJ1.5.9\lib\bssm.jar;D:\Users\Lenovo\eclipse-workspace\DETA_YLJ1.5.9\lib\commons-math-2.1.jar;D:\Users\Lenovo\eclipse-workspace\DETA_YLJ1.5.9\lib\commons-math3-3.0.jar;D:\Users\Lenovo\eclipse-workspace\DETA_YLJ1.5.9\lib\customizer.jar;D:\Users\Lenovo\eclipse-workspace\DETA_YLJ1.5.9\lib\ffmpeg-3.2.1-1.3-windows-x86_64.jar;D:\Users\Lenovo\eclipse-workspace\DETA_YLJ1.5.9\lib\ffmpeg-platform-3.2.1-1.3.jar;D:\Users\Lenovo\eclipse-workspace\DETA_YLJ1.5.9\lib;D:\Users\Lenovo\eclipse-workspace\DETA_YLJ1.5.9\lib\flandmark-1.07-1.3.jar;D:\Users\Lenovo\eclipse-workspace\DETA_YLJ1.5.9\lib\flandmark-platform-1.07-1.3.jar;D:\Users\Lenovo\eclipse-workspace\DETA_YLJ1.5.9\lib\flycapture-2.9.3.43-1.3-windows-x86_64.jar;D:\Users\Lenovo\eclipse-workspace\DETA_YLJ1.5.9\lib\flycapture-2.9.3.43-1.3.jar;D:\Users\Lenovo\eclipse-workspace\DETA_YLJ1.5.9\lib\flycapture-platform-2.9.3.43-1.3.jar;D:\Users\Lenovo\eclipse-workspace\DETA_YLJ1.5.9\lib\gluegen-rt.jar;D:\Users\Lenovo\eclipse-workspace\DETA_YLJ1.5.9\lib\gluegen.jar;D:\Users\Lenovo\eclipse-workspace\DETA_YLJ1.5.9\lib\gnujaxp.jar;D:\Users\Lenovo\eclipse-workspace\DETA_YLJ1.5.9\lib\icam.jar;D:\Users\Lenovo\eclipse-workspace\DETA_YLJ1.5.9\lib\iText-2.1.5.jar;D:\Users\Lenovo\eclipse-workspace\DETA_YLJ1.5.9\lib\javabuilder.jar;D:\Users\Lenovo\eclipse-workspace\DETA_YLJ1.5.9\lib\javacpp-1.3.jar;D:\Users\Lenovo\eclipse-workspace\DETA_YLJ1.5.9\lib\javacv-platform-1.3.jar;D:\Users\Lenovo\eclipse-workspace\DETA_YLJ1.5.9\lib\jcommon-1.0.16.jar;D:\Users\Lenovo\eclipse-workspace\DETA_YLJ1.5.9\lib\jfreechart-1.0.13-experimental.jar;D:\Users\Lenovo\eclipse-workspace\DETA_YLJ1.5.9\lib\jfreechart-1.0.13-swt.jar;D:\Users\Lenovo\eclipse-workspace\DETA_YLJ1.5.9\lib\jfreechart-1.0.13.jar;D:\Users\Lenovo\eclipse-workspace\DETA_YLJ1.5.9\lib\jmf.jar;D:\Users\Lenovo\eclipse-workspace\DETA_YLJ1.5.9\lib\jogl.all.jar;D:\Users\Lenovo\e
Launcher Type: SUN_STANDARD

Environment Variables:
PATH=C:\Program Files\Java\jdk1.8.0_161\jre\bin;C:/Program Files/Java/jre1.8.0_161/bin/server;C:/Program Files/Java/jre1.8.0_161/bin;C:/Program Files/Java/jre1.8.0_161/lib/amd64;C:\ProgramData\Oracle\Java\javapath;C:\Program Files (x86)\Intel\Intel(R) Management Engine Components\iCLS\;C:\Program Files\Intel\Intel(R) Management Engine Components\iCLS\;C:\Windows\system32;C:\Windows;C:\Windows\System32\Wbem;C:\Windows\System32\WindowsPowerShell\v1.0\;C:\Windows\System32\OpenSSH\;C:\Program Files (x86)\Intel\Intel(R) Management Engine Components\DAL;C:\Program Files\Intel\Intel(R) Management Engine Components\DAL;C:\Program Files (x86)\Intel\Intel(R) Management Engine Components\IPT;C:\Program Files\Intel\Intel(R) Management Engine Components\IPT;C:\Program Files (x86)\NVIDIA Corporation\PhysX\Common;C:\Program Files\Java\jdk1.8.0_161\bin;C:\Program Files\Java\jre1.8.0_161\bin;C:\Program Files\NVIDIA Corporation\NVIDIA NvDLISR;C:\WINDOWS\system32;C:\WINDOWS;C:\WINDOWS\System32\Wbem;C:\WINDOWS\System32\WindowsPowerShell\v1.0\;C:\WINDOWS\System32\OpenSSH\;D:\jdk\64\6.1.9\bin;D:\jdk\64\6.1.9;C:\Users\Lenovo\AppData\Local\Microsoft\WindowsApps;;C:\Users\Lenovo\Desktop\ZHUOMIAN;
USERNAME=Lenovo
OS=Windows_NT
PROCESSOR_IDENTIFIER=Intel64 Family 6 Model 158 Stepping 10, GenuineIntel



---------------  S Y S T E M  ---------------

OS: Windows 10.0 , 64 bit Build 18362 (10.0.18362.778)

CPU:total 8 (initial active 8) (4 cores per cpu, 2 threads per core) family 6 model 158 stepping 10, cmov, cx8, fxsr, mmx, sse, sse2, sse3, ssse3, sse4.1, sse4.2, popcnt, avx, avx2, aes, clmul, erms, 3dnowpref, lzcnt, ht, tsc, tscinvbit, bmi1, bmi2, adx

Memory: 4k page, physical 16648500k(7797404k free), swap 17697076k(6464988k free)

vm_info: Java HotSpot(TM) 64-Bit Server VM (25.161-b12) for windows-amd64 JRE (1.8.0_161-b12), built on Dec 19 2017 17:52:25 by "java_re" with MS VC++ 10.0 (VS2010)

time: Sat Jan 30 13:42:40 2021
elapsed time: 221 seconds (0d 0h 3m 41s)

