#
# A fatal error has been detected by the Java Runtime Environment:
#
#  Internal Error (0xc000000d), pid=6716, tid=0x00000000000045dc
#
# JRE version: Java(TM) SE Runtime Environment (8.0_161-b12) (build 1.8.0_161-b12)
# Java VM: Java HotSpot(TM) 64-Bit Server VM (25.161-b12 mixed mode windows-amd64 compressed oops)
# Problematic frame:
# C  [ntdll.dll+0x10f1e0]
#
# Failed to write core dump. Minidumps are not enabled by default on client versions of Windows
#
# If you would like to submit a bug report, please visit:
#   http://bugreport.java.com/bugreport/crash.jsp
#

---------------  T H R E A D  ---------------

Current thread (0x000000001c088800):  VMThread [stack: 0x000000001dd60000,0x000000001de60000] [id=17884]

siginfo: ExceptionCode=0xc000000d

Registers:
RAX=0x0000000000000001, RBX=0x000000002d2bad50, RCX=0x000000001de5e790, RDX=0x00007ffc79cf1c81
RSP=0x000000001de5ec10, RBP=0x0000000022847690, RSI=0x00000000228478c8, RDI=0x0000000022852bf0
R8 =0x00007ffc7d7dc43f, R9 =0x00000000003e0016, R10=0x0000000000000030, R11=0x000000002dffe650
R12=0x0000000000000000, R13=0x0000000000000000, R14=0x00000000228569b0, R15=0x0000000022821d50
RIP=0x00007ffc7d8af1e0, EFLAGS=0x0000000000000202

Top of Stack: (sp=0x000000001de5ec10)
0x000000001de5ec10:   0000000000000057 000000002d2bad50
0x000000001de5ec20:   00000000228478c8 0000000000000000
0x000000001de5ec30:   00000000c000000d 0000000000000000
0x000000001de5ec40:   00007ffc7d8af1e0 0000000000000000
0x000000001de5ec50:   0000000000000000 0000000000000000
0x000000001de5ec60:   0000000000000000 0000000000000000
0x000000001de5ec70:   0000000000000000 0000000000000000
0x000000001de5ec80:   0000000000000000 0000000000000000
0x000000001de5ec90:   0000000000000000 0000000000000000
0x000000001de5eca0:   0000000000000000 0000000000000000
0x000000001de5ecb0:   0000000000000000 0000000000000000
0x000000001de5ecc0:   0000000000000000 000000002c809fc0
0x000000001de5ecd0:   00004b48cb7ce81a 00007ffc7c994170
0x000000001de5ece0:   0000000000000000 00007ffc7d7d653b
0x000000001de5ecf0:   0000000000000df0 00007ffc7a754975
0x000000001de5ed00:   00007ffc7c994170 0000000000000001 

Instructions: (pc=0x00007ffc7d8af1e0)
0x00007ffc7d8af1c0:   3d f9 ff c7 44 24 20 0d 00 00 c0 b9 57 00 00 00
0x00007ffc7d8af1d0:   e8 3b 43 f4 ff 90 48 8d 4c 24 20 e8 90 ac f5 ff
0x00007ffc7d8af1e0:   eb 00 48 8b 8c 24 c0 00 00 00 48 33 cc e8 3e cf
0x00007ffc7d8af1f0:   f7 ff 48 81 c4 d8 00 00 00 c3 40 55 48 83 ec 20 


Register to memory mapping:

RAX=0x0000000000000001 is an unknown value
RBX=0x000000002d2bad50 is an unknown value
RCX=0x000000001de5e790 is an unknown value
RDX=0x00007ffc79cf1c81 is an unknown value
RSP=0x000000001de5ec10 is an unknown value
RBP=0x0000000022847690 is an unknown value
RSI=0x00000000228478c8 is an unknown value
RDI=0x0000000022852bf0 is an unknown value
R8 =0x00007ffc7d7dc43f is an unknown value
R9 =0x00000000003e0016 is an unknown value
R10=0x0000000000000030 is an unknown value
R11=0x000000002dffe650 is an unknown value
R12=0x0000000000000000 is an unknown value
R13=0x0000000000000000 is an unknown value
R14=0x00000000228569b0 is an unknown value
R15=0x0000000022821d50 is an unknown value


Stack: [0x000000001dd60000,0x000000001de60000],  sp=0x000000001de5ec10,  free space=1019k
Native frames: (J=compiled Java code, j=interpreted, Vv=VM code, C=native code)
C  [ntdll.dll+0x10f1e0]
C  [ntdll.dll+0x3653b]
C  [ntdll.dll+0x36584]
C  [RTWorkQ.DLL+0xa7a9]
C  [RTWorkQ.DLL+0x1a51]
C  [RTWorkQ.DLL+0xa5b8]
C  [RTWorkQ.DLL+0xa442]
C  [MFPlat.DLL+0x46d0]
C  [MFReadWrite.dll+0x225c0]
C  [MFReadWrite.dll+0x1ec80]
C  [MFReadWrite.dll+0x1e9d5]
C  [mfksproxy.dll+0x178b4]
C  [mfksproxy.dll+0x167c5]
C  [mfksproxy.dll+0x6a66]
C  [quartz.dll+0x435ba]
C  [quartz.dll+0x56e24]
C  [quartz.dll+0x59512]
C  [quartz.dll+0x588a5]
C  [opencv_videoio310.dll+0x2175e]
C  [opencv_videoio310.dll+0x2d6e0]
C  [opencv_videoio310.dll+0x296a0]
C  [opencv_videoio310.dll+0x29922]
C  [ntdll.dll+0x25021]
C  [ntdll.dll+0x6aa82]
C  [ntdll.dll+0x6a92d]
C  [KERNEL32.DLL+0x1cd8a]
C  [msvcr100.dll+0x20ccd]
V  [jvm.dll+0x212e95]
V  [jvm.dll+0x24c227]
V  [jvm.dll+0x24b4c6]
V  [jvm.dll+0x24b961]
V  [jvm.dll+0x24bb7e]
V  [jvm.dll+0x29cc4a]
C  [msvcr100.dll+0x21d9f]
C  [msvcr100.dll+0x21e3b]
C  [KERNEL32.DLL+0x17bd4]
C  [ntdll.dll+0x6ce51]

VM_Operation (0x000000002420edb0): Exit, mode: safepoint, requested by thread 0x00000000213f2000


---------------  P R O C E S S  ---------------

Java Threads: ( => current thread )
  0x00000000213fc000 JavaThread "SIGTERM handler" daemon [_thread_blocked, id=22272, stack(0x0000000036e70000,0x0000000036f70000)]
  0x00000000213f2000 JavaThread "SIGTERM handler" daemon [_thread_blocked, id=22328, stack(0x0000000024110000,0x0000000024210000)]
  0x00000000213f7800 JavaThread "Thread-31" [_thread_in_native, id=9480, stack(0x0000000038900000,0x0000000038a00000)]
  0x00000000213f6800 JavaThread "Thread-30" [_thread_blocked, id=20724, stack(0x00000000381f0000,0x00000000382f0000)]
  0x00000000213f8000 JavaThread "JavaCPP Deallocator" daemon [_thread_blocked, id=2400, stack(0x0000000022e10000,0x0000000022f10000)]
  0x00000000213fb000 JavaThread "Timer-0" [_thread_blocked, id=11644, stack(0x000000002ea30000,0x000000002eb30000)]
  0x00000000213fa800 JavaThread "DestroyJavaVM" [_thread_blocked, id=17712, stack(0x0000000001ff0000,0x00000000020f0000)]
  0x000000001e129800 JavaThread "Thread-6" [_thread_blocked, id=21624, stack(0x0000000022d10000,0x0000000022e10000)]
  0x0000000020d78000 JavaThread "AWT-EventQueue-0" [_thread_in_native, id=16564, stack(0x0000000022710000,0x0000000022810000)]
  0x0000000020d77000 JavaThread "AWT-Shutdown" [_thread_blocked, id=20960, stack(0x0000000022610000,0x0000000022710000)]
  0x000000001f123800 JavaThread "Thread-1" [_thread_in_native, id=16012, stack(0x000000001f710000,0x000000001f810000)]
  0x000000001eec1000 JavaThread "Java2D Disposer" daemon [_thread_blocked, id=21892, stack(0x000000001f610000,0x000000001f710000)]
  0x000000001f0d7800 JavaThread "TimerQueue" daemon [_thread_blocked, id=13732, stack(0x000000001f510000,0x000000001f610000)]
  0x000000001e088000 JavaThread "Service Thread" daemon [_thread_blocked, id=5612, stack(0x000000001ea60000,0x000000001eb60000)]
  0x000000001e000800 JavaThread "C1 CompilerThread3" daemon [_thread_blocked, id=19220, stack(0x000000001e960000,0x000000001ea60000)]
  0x000000001dff5000 JavaThread "C2 CompilerThread2" daemon [_thread_blocked, id=23104, stack(0x000000001e860000,0x000000001e960000)]
  0x000000001dfed800 JavaThread "C2 CompilerThread1" daemon [_thread_blocked, id=18776, stack(0x000000001e760000,0x000000001e860000)]
  0x000000001dfe7800 JavaThread "C2 CompilerThread0" daemon [_thread_blocked, id=18008, stack(0x000000001e660000,0x000000001e760000)]
  0x000000001dfe6000 JavaThread "Attach Listener" daemon [_thread_blocked, id=22964, stack(0x000000001e560000,0x000000001e660000)]
  0x000000001dfe5800 JavaThread "Signal Dispatcher" daemon [_thread_blocked, id=17252, stack(0x000000001e460000,0x000000001e560000)]
  0x000000001df80800 JavaThread "Finalizer" daemon [_thread_blocked, id=20376, stack(0x000000001e360000,0x000000001e460000)]
  0x000000000257b000 JavaThread "Reference Handler" daemon [_thread_blocked, id=20332, stack(0x000000001de60000,0x000000001df60000)]

Other Threads:
=>0x000000001c088800 VMThread [stack: 0x000000001dd60000,0x000000001de60000] [id=17884]

VM state:at safepoint (shutting down)

VM Mutex/Monitor currently owned by a thread:  ([mutex/lock_event])
[0x00000000024802d0] Threads_lock - owner thread: 0x000000001c088800

Heap:
 PSYoungGen      total 198144K, used 98193K [0x000000076b500000, 0x0000000778780000, 0x00000007c0000000)
  eden space 180736K, 50% used [0x000000076b500000,0x0000000770db4510,0x0000000776580000)
  from space 17408K, 42% used [0x0000000777600000,0x0000000777d30000,0x0000000778700000)
  to   space 16896K, 0% used [0x0000000776580000,0x0000000776580000,0x0000000777600000)
 ParOldGen       total 472576K, used 396669K [0x00000006c1e00000, 0x00000006deb80000, 0x000000076b500000)
  object space 472576K, 83% used [0x00000006c1e00000,0x00000006da15f6e0,0x00000006deb80000)
 Metaspace       used 30282K, capacity 30632K, committed 31104K, reserved 1077248K
  class space    used 4089K, capacity 4214K, committed 4224K, reserved 1048576K

Card table byte_map: [0x0000000011a40000,0x0000000012240000] byte_map_base: 0x000000000e431000

Marking Bits: (ParMarkBitMap*) 0x000000006782f860
 Begin Bits: [0x0000000012f90000, 0x0000000016f18000)
 End Bits:   [0x0000000016f18000, 0x000000001aea0000)

Polling page: 0x00000000020f0000

CodeCache: size=245760Kb used=18662Kb max_used=20148Kb free=227097Kb
 bounds [0x0000000002680000, 0x0000000003a80000, 0x0000000011680000]
 total_blobs=6139 nmethods=5185 adapters=860
 compilation: enabled

Compilation events (10 events):
Event: 1859.836 Thread 0x000000001e000800 6966       3       javax.swing.event.ChangeEvent::<init> (6 bytes)
Event: 1859.836 Thread 0x000000001e000800 nmethod 6966 0x00000000038e4050 code [0x00000000038e41e0, 0x00000000038e4508]
Event: 1874.285 Thread 0x000000001e000800 6967       3       java.util.logging.LogManager$LoggerContext::ensureDefaultLogger (70 bytes)
Event: 1874.285 Thread 0x000000001e000800 nmethod 6967 0x0000000003906590 code [0x0000000003906740, 0x0000000003906fe8]
Event: 1874.286 Thread 0x000000001e000800 6968  s    3       java.util.Hashtable::containsKey (65 bytes)
Event: 1874.286 Thread 0x000000001e000800 nmethod 6968 0x00000000036f3f50 code [0x00000000036f40e0, 0x00000000036f4718]
Event: 1887.059 Thread 0x000000001e000800 6969       3       sun.java2d.d3d.D3DScreenUpdateManager::createGraphics (76 bytes)
Event: 1887.060 Thread 0x000000001e000800 nmethod 6969 0x0000000003058010 code [0x0000000003058200, 0x0000000003058b78]
Event: 2383.301 Thread 0x000000001dfe7800 6970       4       sun.java2d.d3d.D3DScreenUpdateManager::createGraphics (76 bytes)
Event: 2383.303 Thread 0x000000001dfe7800 nmethod 6970 0x0000000002edfb90 code [0x0000000002edfd00, 0x0000000002ee0108]

GC Heap History (10 events):
Event: 5221.362 GC heap before
{Heap before GC invocations=13711 (full 23):
 PSYoungGen      total 175616K, used 175424K [0x000000076b500000, 0x0000000777400000, 0x00000007c0000000)
  eden space 164864K, 100% used [0x000000076b500000,0x0000000775600000,0x0000000775600000)
  from space 10752K, 98% used [0x0000000775b00000,0x0000000776550000,0x0000000776580000)
  to   space 14848K, 0% used [0x0000000776580000,0x0000000776580000,0x0000000777400000)
 ParOldGen       total 472576K, used 396637K [0x00000006c1e00000, 0x00000006deb80000, 0x000000076b500000)
  object space 472576K, 83% used [0x00000006c1e00000,0x00000006da1576e0,0x00000006deb80000)
 Metaspace       used 30282K, capacity 30632K, committed 31104K, reserved 1077248K
  class space    used 4089K, capacity 4214K, committed 4224K, reserved 1048576K
Event: 5221.365 GC heap after
Heap after GC invocations=13711 (full 23):
 PSYoungGen      total 169472K, used 7808K [0x000000076b500000, 0x0000000776e80000, 0x00000007c0000000)
  eden space 160256K, 0% used [0x000000076b500000,0x000000076b500000,0x0000000775180000)
  from space 9216K, 84% used [0x0000000776580000,0x0000000776d20000,0x0000000776e80000)
  to   space 14848K, 0% used [0x0000000775180000,0x0000000775180000,0x0000000776000000)
 ParOldGen       total 472576K, used 396653K [0x00000006c1e00000, 0x00000006deb80000, 0x000000076b500000)
  object space 472576K, 83% used [0x00000006c1e00000,0x00000006da15b6e0,0x00000006deb80000)
 Metaspace       used 30282K, capacity 30632K, committed 31104K, reserved 1077248K
  class space    used 4089K, capacity 4214K, committed 4224K, reserved 1048576K
}
Event: 5221.672 GC heap before
{Heap before GC invocations=13712 (full 23):
 PSYoungGen      total 169472K, used 168064K [0x000000076b500000, 0x0000000776e80000, 0x00000007c0000000)
  eden space 160256K, 100% used [0x000000076b500000,0x0000000775180000,0x0000000775180000)
  from space 9216K, 84% used [0x0000000776580000,0x0000000776d20000,0x0000000776e80000)
  to   space 14848K, 0% used [0x0000000775180000,0x0000000775180000,0x0000000776000000)
 ParOldGen       total 472576K, used 396653K [0x00000006c1e00000, 0x00000006deb80000, 0x000000076b500000)
  object space 472576K, 83% used [0x00000006c1e00000,0x00000006da15b6e0,0x00000006deb80000)
 Metaspace       used 30282K, capacity 30632K, committed 31104K, reserved 1077248K
  class space    used 4089K, capacity 4214K, committed 4224K, reserved 1048576K
Event: 5221.675 GC heap after
Heap after GC invocations=13712 (full 23):
 PSYoungGen      total 163840K, used 7872K [0x000000076b500000, 0x0000000776900000, 0x00000007c0000000)
  eden space 155648K, 0% used [0x000000076b500000,0x000000076b500000,0x0000000774d00000)
  from space 8192K, 96% used [0x0000000775180000,0x0000000775930000,0x0000000775980000)
  to   space 14336K, 0% used [0x0000000775b00000,0x0000000775b00000,0x0000000776900000)
 ParOldGen       total 472576K, used 396653K [0x00000006c1e00000, 0x00000006deb80000, 0x000000076b500000)
  object space 472576K, 83% used [0x00000006c1e00000,0x00000006da15b6e0,0x00000006deb80000)
 Metaspace       used 30282K, capacity 30632K, committed 31104K, reserved 1077248K
  class space    used 4089K, capacity 4214K, committed 4224K, reserved 1048576K
}
Event: 5221.972 GC heap before
{Heap before GC invocations=13713 (full 23):
 PSYoungGen      total 163840K, used 163520K [0x000000076b500000, 0x0000000776900000, 0x00000007c0000000)
  eden space 155648K, 100% used [0x000000076b500000,0x0000000774d00000,0x0000000774d00000)
  from space 8192K, 96% used [0x0000000775180000,0x0000000775930000,0x0000000775980000)
  to   space 14336K, 0% used [0x0000000775b00000,0x0000000775b00000,0x0000000776900000)
 ParOldGen       total 472576K, used 396653K [0x00000006c1e00000, 0x00000006deb80000, 0x000000076b500000)
  object space 472576K, 83% used [0x00000006c1e00000,0x00000006da15b6e0,0x00000006deb80000)
 Metaspace       used 30282K, capacity 30632K, committed 31104K, reserved 1077248K
  class space    used 4089K, capacity 4214K, committed 4224K, reserved 1048576K
Event: 5221.976 GC heap after
Heap after GC invocations=13713 (full 23):
 PSYoungGen      total 163840K, used 12800K [0x000000076b500000, 0x0000000776780000, 0x00000007c0000000)
  eden space 151040K, 0% used [0x000000076b500000,0x000000076b500000,0x0000000774880000)
  from space 12800K, 100% used [0x0000000775b00000,0x0000000776780000,0x0000000776780000)
  to   space 15360K, 0% used [0x0000000774980000,0x0000000774980000,0x0000000775880000)
 ParOldGen       total 472576K, used 396653K [0x00000006c1e00000, 0x00000006deb80000, 0x000000076b500000)
  object space 472576K, 83% used [0x00000006c1e00000,0x00000006da15b6e0,0x00000006deb80000)
 Metaspace       used 30282K, capacity 30632K, committed 31104K, reserved 1077248K
  class space    used 4089K, capacity 4214K, committed 4224K, reserved 1048576K
}
Event: 5222.268 GC heap before
{Heap before GC invocations=13714 (full 23):
 PSYoungGen      total 163840K, used 163840K [0x000000076b500000, 0x0000000776780000, 0x00000007c0000000)
  eden space 151040K, 100% used [0x000000076b500000,0x0000000774880000,0x0000000774880000)
  from space 12800K, 100% used [0x0000000775b00000,0x0000000776780000,0x0000000776780000)
  to   space 15360K, 0% used [0x0000000774980000,0x0000000774980000,0x0000000775880000)
 ParOldGen       total 472576K, used 396653K [0x00000006c1e00000, 0x00000006deb80000, 0x000000076b500000)
  object space 472576K, 83% used [0x00000006c1e00000,0x00000006da15b6e0,0x00000006deb80000)
 Metaspace       used 30282K, capacity 30632K, committed 31104K, reserved 1077248K
  class space    used 4089K, capacity 4214K, committed 4224K, reserved 1048576K
Event: 5222.276 GC heap after
Heap after GC invocations=13714 (full 23):
 PSYoungGen      total 167424K, used 15264K [0x000000076b500000, 0x0000000778700000, 0x00000007c0000000)
  eden space 152064K, 0% used [0x000000076b500000,0x000000076b500000,0x0000000774980000)
  from space 15360K, 99% used [0x0000000774980000,0x0000000775868000,0x0000000775880000)
  to   space 17408K, 0% used [0x0000000777600000,0x0000000777600000,0x0000000778700000)
 ParOldGen       total 472576K, used 396669K [0x00000006c1e00000, 0x00000006deb80000, 0x000000076b500000)
  object space 472576K, 83% used [0x00000006c1e00000,0x00000006da15f6e0,0x00000006deb80000)
 Metaspace       used 30282K, capacity 30632K, committed 31104K, reserved 1077248K
  class space    used 4089K, capacity 4214K, committed 4224K, reserved 1048576K
}
Event: 5222.559 GC heap before
{Heap before GC invocations=13715 (full 23):
 PSYoungGen      total 167424K, used 167328K [0x000000076b500000, 0x0000000778700000, 0x00000007c0000000)
  eden space 152064K, 100% used [0x000000076b500000,0x0000000774980000,0x0000000774980000)
  from space 15360K, 99% used [0x0000000774980000,0x0000000775868000,0x0000000775880000)
  to   space 17408K, 0% used [0x0000000777600000,0x0000000777600000,0x0000000778700000)
 ParOldGen       total 472576K, used 396669K [0x00000006c1e00000, 0x00000006deb80000, 0x000000076b500000)
  object space 472576K, 83% used [0x00000006c1e00000,0x00000006da15f6e0,0x00000006deb80000)
 Metaspace       used 30282K, capacity 30632K, committed 31104K, reserved 1077248K
  class space    used 4089K, capacity 4214K, committed 4224K, reserved 1048576K
Event: 5222.562 GC heap after
Heap after GC invocations=13715 (full 23):
 PSYoungGen      total 198144K, used 7360K [0x000000076b500000, 0x0000000778780000, 0x00000007c0000000)
  eden space 180736K, 0% used [0x000000076b500000,0x000000076b500000,0x0000000776580000)
  from space 17408K, 42% used [0x0000000777600000,0x0000000777d30000,0x0000000778700000)
  to   space 16896K, 0% used [0x0000000776580000,0x0000000776580000,0x0000000777600000)
 ParOldGen       total 472576K, used 396669K [0x00000006c1e00000, 0x00000006deb80000, 0x000000076b500000)
  object space 472576K, 83% used [0x00000006c1e00000,0x00000006da15f6e0,0x00000006deb80000)
 Metaspace       used 30282K, capacity 30632K, committed 31104K, reserved 1077248K
  class space    used 4089K, capacity 4214K, committed 4224K, reserved 1048576K
}

Deoptimization events (10 events):
Event: 663.335 Thread 0x0000000020d78000 Uncommon trap: reason=unstable_if action=reinterpret pc=0x00000000028bd390 method=javax.swing.DefaultListSelectionModel.clear(I)V @ 30
Event: 663.366 Thread 0x0000000020d78000 Uncommon trap: reason=class_check action=maybe_recompile pc=0x0000000002be7afc method=java.awt.Component.getLocationOnScreen_NoTreeLock()Ljava/awt/Point; @ 33
Event: 663.366 Thread 0x0000000020d78000 Uncommon trap: reason=class_check action=maybe_recompile pc=0x0000000002be7b54 method=java.awt.Component.getLocationOnScreen_NoTreeLock()Ljava/awt/Point; @ 86
Event: 912.606 Thread 0x0000000020d78000 Uncommon trap: reason=class_check action=maybe_recompile pc=0x0000000003a4d820 method=java.awt.Component.dispatchEventImpl(Ljava/awt/AWTEvent;)V @ 229
Event: 912.606 Thread 0x0000000020d78000 Uncommon trap: reason=unstable_if action=reinterpret pc=0x0000000002f6e110 method=sun.awt.windows.WComponentPeer.handleEvent(Ljava/awt/AWTEvent;)V @ 46
Event: 912.613 Thread 0x0000000020d78000 Uncommon trap: reason=class_check action=maybe_recompile pc=0x0000000003a4d820 method=java.awt.Component.dispatchEventImpl(Ljava/awt/AWTEvent;)V @ 229
Event: 912.628 Thread 0x0000000020d78000 Uncommon trap: reason=class_check action=maybe_recompile pc=0x0000000003a4d820 method=java.awt.Component.dispatchEventImpl(Ljava/awt/AWTEvent;)V @ 229
Event: 915.552 Thread 0x0000000020d78000 Uncommon trap: reason=class_check action=maybe_recompile pc=0x0000000002be7afc method=java.awt.Component.getLocationOnScreen_NoTreeLock()Ljava/awt/Point; @ 33
Event: 1874.307 Thread 0x000000001e129800 Uncommon trap: reason=unstable_if action=reinterpret pc=0x00000000034d4cf8 method=sun.java2d.d3d.D3DScreenUpdateManager.createGraphics(Lsun/java2d/SurfaceData;Lsun/awt/windows/WComponentPeer;Ljava/awt/Color;Ljava/awt/Color;Ljava/awt/Font;)Ljava/awt/Graphi
Event: 3908.564 Thread 0x000000001eec1000 Uncommon trap: reason=class_check action=maybe_recompile pc=0x0000000003667afc method=sun.java2d.Disposer.run()V @ 11

Classes redefined (0 events):
No events

Internal exceptions (10 events):
Event: 34.139 Thread 0x000000002155e800 Exception <a 'java/lang/reflect/InvocationTargetException'> (0x000000076bf09260) thrown at [C:\re\workspace\8-2-build-windows-amd64-cygwin\jdk8u161\10277\hotspot\src\share\vm\runtime\reflection.cpp, line 1092]
Event: 42.017 Thread 0x0000000020d78000 Implicit null exception at 0x0000000002a37a7e to 0x0000000002a37e99
Event: 91.885 Thread 0x00000000213f4800 Implicit null exception at 0x00000000028e55af to 0x00000000028e61b5
Event: 96.854 Thread 0x000000001e129800 Exception <a 'java/io/FileNotFoundException'> (0x000000079cd5c2c0) thrown at [C:\re\workspace\8-2-build-windows-amd64-cygwin\jdk8u161\10277\hotspot\src\share\vm\prims\jni.cpp, line 709]
Event: 102.893 Thread 0x00000000213f2000 Exception <a 'java/io/FileNotFoundException'> (0x00000007a7335c00) thrown at [C:\re\workspace\8-2-build-windows-amd64-cygwin\jdk8u161\10277\hotspot\src\share\vm\prims\jni.cpp, line 709]
Event: 142.671 Thread 0x0000000020d78000 Implicit null exception at 0x00000000034d29e5 to 0x00000000034d320c
Event: 145.047 Thread 0x0000000020d78000 Implicit null exception at 0x0000000002b04d2f to 0x0000000002b052e9
Event: 145.847 Thread 0x0000000020d78000 Implicit null exception at 0x0000000002b22bb2 to 0x0000000002b253f1
Event: 215.332 Thread 0x0000000020d78000 Exception <a 'java/lang/NumberFormatException'> (0x000000077bf255b0) thrown at [C:\re\workspace\8-2-build-windows-amd64-cygwin\jdk8u161\10277\hotspot\src\share\vm\prims\jvm.cpp, line 1394]
Event: 215.332 Thread 0x0000000020d78000 Exception <a 'java/lang/NumberFormatException'> (0x000000077bf255b0) thrown at [C:\re\workspace\8-2-build-windows-amd64-cygwin\jdk8u161\10277\hotspot\src\share\vm\prims\jvm.cpp, line 1394]

Events (10 events):
Event: 5221.675 Executing VM operation: ParallelGCFailedAllocation done
Event: 5221.972 Executing VM operation: ParallelGCFailedAllocation
Event: 5221.976 Executing VM operation: ParallelGCFailedAllocation done
Event: 5222.268 Executing VM operation: ParallelGCFailedAllocation
Event: 5222.276 Executing VM operation: ParallelGCFailedAllocation done
Event: 5222.559 Executing VM operation: ParallelGCFailedAllocation
Event: 5222.562 Executing VM operation: ParallelGCFailedAllocation done
Event: 5222.659 Thread 0x000000001ef1f000 Thread exited: 0x000000001ef1f000
Event: 5222.748 Thread 0x00000000213fc800 Thread exited: 0x00000000213fc800
Event: 5222.759 Executing VM operation: Exit


Dynamic libraries:
0x00007ff7c9880000 - 0x00007ff7c98b7000 	D:\jdk\6.1.9\bin\javaw.exe
0x00007ffc7d7a0000 - 0x00007ffc7d990000 	C:\WINDOWS\SYSTEM32\ntdll.dll
0x00007ffc73150000 - 0x00007ffc73163000 	D:\Program Files\AVAST Software\Avast\aswhook.dll
0x00007ffc7cec0000 - 0x00007ffc7cf72000 	C:\WINDOWS\System32\KERNEL32.DLL
0x00007ffc7a730000 - 0x00007ffc7a9d3000 	C:\WINDOWS\System32\KERNELBASE.dll
0x00007ffc7b850000 - 0x00007ffc7b8f3000 	C:\WINDOWS\System32\ADVAPI32.dll
0x00007ffc7d350000 - 0x00007ffc7d3ee000 	C:\WINDOWS\System32\msvcrt.dll
0x00007ffc7d4e0000 - 0x00007ffc7d577000 	C:\WINDOWS\System32\sechost.dll
0x00007ffc7c6b0000 - 0x00007ffc7c7d0000 	C:\WINDOWS\System32\RPCRT4.dll
0x00007ffc7b9d0000 - 0x00007ffc7bb64000 	C:\WINDOWS\System32\USER32.dll
0x00007ffc7ab80000 - 0x00007ffc7aba1000 	C:\WINDOWS\System32\win32u.dll
0x00007ffc7d730000 - 0x00007ffc7d756000 	C:\WINDOWS\System32\GDI32.dll
0x00007ffc7a9e0000 - 0x00007ffc7ab74000 	C:\WINDOWS\System32\gdi32full.dll
0x00007ffc7abb0000 - 0x00007ffc7ac4e000 	C:\WINDOWS\System32\msvcp_win.dll
0x00007ffc7b3d0000 - 0x00007ffc7b4ca000 	C:\WINDOWS\System32\ucrtbase.dll
0x00007ffc6bef0000 - 0x00007ffc6c175000 	C:\WINDOWS\WinSxS\amd64_microsoft.windows.common-controls_6595b64144ccf1df_6.0.18362.778_none_e6c6b761130d4fb8\COMCTL32.dll
0x00007ffc7c370000 - 0x00007ffc7c6a6000 	C:\WINDOWS\System32\combase.dll
0x00007ffc7b780000 - 0x00007ffc7b800000 	C:\WINDOWS\System32\bcryptPrimitives.dll
0x00007ffc7c340000 - 0x00007ffc7c36e000 	C:\WINDOWS\System32\IMM32.DLL
0x0000000068590000 - 0x0000000068662000 	D:\jdk\6.1.9\bin\msvcr100.dll
0x0000000067010000 - 0x00000000678af000 	D:\jdk\6.1.9\bin\server\jvm.dll
0x00007ffc7bb70000 - 0x00007ffc7bb78000 	C:\WINDOWS\System32\PSAPI.DLL
0x00007ffc65510000 - 0x00007ffc65519000 	C:\WINDOWS\SYSTEM32\WSOCK32.dll
0x00007ffc7d3f0000 - 0x00007ffc7d45f000 	C:\WINDOWS\System32\WS2_32.dll
0x00007ffc76ee0000 - 0x00007ffc76f04000 	C:\WINDOWS\SYSTEM32\WINMM.dll
0x00007ffc733d0000 - 0x00007ffc733da000 	C:\WINDOWS\SYSTEM32\VERSION.dll
0x00007ffc76eb0000 - 0x00007ffc76edd000 	C:\WINDOWS\SYSTEM32\WINMMBASE.dll
0x00007ffc7b800000 - 0x00007ffc7b84a000 	C:\WINDOWS\System32\cfgmgr32.dll
0x0000000068580000 - 0x000000006858f000 	D:\jdk\6.1.9\bin\verify.dll
0x0000000068550000 - 0x0000000068579000 	D:\jdk\6.1.9\bin\java.dll
0x0000000068530000 - 0x0000000068546000 	D:\jdk\6.1.9\bin\zip.dll
0x00007ffc7bc30000 - 0x00007ffc7c315000 	C:\WINDOWS\System32\SHELL32.dll
0x00007ffc7bb80000 - 0x00007ffc7bc29000 	C:\WINDOWS\System32\shcore.dll
0x00007ffc7ac50000 - 0x00007ffc7b3d0000 	C:\WINDOWS\System32\windows.storage.dll
0x00007ffc7a6e0000 - 0x00007ffc7a703000 	C:\WINDOWS\System32\profapi.dll
0x00007ffc7a690000 - 0x00007ffc7a6da000 	C:\WINDOWS\System32\powrprof.dll
0x00007ffc7a660000 - 0x00007ffc7a670000 	C:\WINDOWS\System32\UMPDC.dll
0x00007ffc7cfe0000 - 0x00007ffc7d032000 	C:\WINDOWS\System32\shlwapi.dll
0x00007ffc7a670000 - 0x00007ffc7a681000 	C:\WINDOWS\System32\kernel.appcore.dll
0x00007ffc7b760000 - 0x00007ffc7b777000 	C:\WINDOWS\System32\cryptsp.dll
0x0000000066dc0000 - 0x0000000066f58000 	D:\jdk\6.1.9\bin\awt.dll
0x00007ffc7cdf0000 - 0x00007ffc7ceb4000 	C:\WINDOWS\System32\OLEAUT32.dll
0x00007ffc78520000 - 0x00007ffc785af000 	C:\WINDOWS\SYSTEM32\apphelp.dll
0x00007ffc78640000 - 0x00007ffc786d9000 	C:\WINDOWS\system32\uxtheme.dll
0x00007ffc7d1b0000 - 0x00007ffc7d2e6000 	C:\WINDOWS\System32\MSCTF.dll
0x00007ffc7d040000 - 0x00007ffc7d197000 	C:\WINDOWS\System32\ole32.dll
0x00007ffc78a60000 - 0x00007ffc78a8d000 	C:\WINDOWS\system32\DWMAPI.DLL
0x00007ffc695f0000 - 0x00007ffc69746000 	C:\WINDOWS\system32\opengl32.dll
0x00007ffc72aa0000 - 0x00007ffc72acc000 	C:\WINDOWS\SYSTEM32\GLU32.dll
0x00007ffc79340000 - 0x00007ffc79360000 	C:\WINDOWS\SYSTEM32\dxcore.dll
0x00007ffc799e0000 - 0x00007ffc79a13000 	C:\WINDOWS\system32\rsaenh.dll
0x00007ffc7b4d0000 - 0x00007ffc7b4f6000 	C:\WINDOWS\System32\bcrypt.dll
0x00007ffc7a580000 - 0x00007ffc7a5a5000 	C:\WINDOWS\SYSTEM32\USERENV.dll
0x00007ffc7a0a0000 - 0x00007ffc7a0ac000 	C:\WINDOWS\SYSTEM32\CRYPTBASE.dll
0x0000000068510000 - 0x000000006852a000 	D:\jdk\6.1.9\bin\net.dll
0x00007ffc79ed0000 - 0x00007ffc79f37000 	C:\WINDOWS\system32\mswsock.dll
0x00007ffc79be0000 - 0x00007ffc79c1a000 	C:\WINDOWS\SYSTEM32\IPHLPAPI.DLL
0x00007ffc7d1a0000 - 0x00007ffc7d1a8000 	C:\WINDOWS\System32\NSI.dll
0x00007ffc72030000 - 0x00007ffc72046000 	C:\WINDOWS\SYSTEM32\dhcpcsvc6.DLL
0x00007ffc72e60000 - 0x00007ffc72e7c000 	C:\WINDOWS\SYSTEM32\dhcpcsvc.DLL
0x00007ffc79c20000 - 0x00007ffc79cea000 	C:\WINDOWS\SYSTEM32\DNSAPI.dll
0x00000000684f0000 - 0x0000000068501000 	D:\jdk\6.1.9\bin\nio.dll
0x00000000637c0000 - 0x00000000637ca000 	C:\Users\Lenovo\AppData\Local\Temp\jogamp.tmp.cache_000000\jln7788277998634725098\jln104880006484457863\gluegen-rt.dll
0x0000000067000000 - 0x0000000067007000 	D:\jdk\6.1.9\bin\jawt.dll
0x000000006a440000 - 0x000000006a44b000 	C:\Users\Lenovo\AppData\Local\Temp\jogamp.tmp.cache_000000\jln7788277998634725098\jln104880006484457863\nativewindow_awt.dll
0x000000006c100000 - 0x000000006c10b000 	C:\Users\Lenovo\AppData\Local\Temp\jogamp.tmp.cache_000000\jln7788277998634725098\jln104880006484457863\nativewindow_win32.dll
0x0000000064500000 - 0x000000006458d000 	C:\Users\Lenovo\AppData\Local\Temp\jogamp.tmp.cache_000000\jln7788277998634725098\jln104880006484457863\jogl_desktop.dll
0x00007ffc389c0000 - 0x00007ffc398c9000 	C:\WINDOWS\System32\DriverStore\FileRepository\iigd_dch.inf_amd64_3c82703a0fbed0ab\ig9icd64.dll
0x00007ffc79360000 - 0x00007ffc7944b000 	C:\WINDOWS\system32\dxgi.dll
0x00007ffc70770000 - 0x00007ffc70910000 	C:\WINDOWS\System32\DriverStore\FileRepository\iigd_dch.inf_amd64_3c82703a0fbed0ab\igdgmm64.dll
0x0000000066fb0000 - 0x0000000066ff7000 	D:\jdk\6.1.9\bin\fontmanager.dll
0x00007ffc7c7d0000 - 0x00007ffc7c872000 	C:\WINDOWS\System32\clbcatq.dll
0x00007ffc75110000 - 0x00007ffc752bf000 	C:\WINDOWS\SYSTEM32\WindowsCodecs.dll
0x00007ffc40860000 - 0x00007ffc42c5c000 	C:\WINDOWS\System32\DriverStore\FileRepository\iigd_dch.inf_amd64_3c82703a0fbed0ab\igc64.dll
0x00007ffc776b0000 - 0x00007ffc7790b000 	C:\WINDOWS\system32\d3d11.dll
0x00007ffc77d70000 - 0x00007ffc77f4c000 	C:\WINDOWS\system32\dcomp.dll
0x0000000066f60000 - 0x0000000066fa2000 	D:\jdk\6.1.9\bin\t2k.dll
0x00007ffc69490000 - 0x00007ffc6952e000 	C:\WINDOWS\System32\TextInputFramework.dll
0x00007ffc75ae0000 - 0x00007ffc75e0a000 	C:\WINDOWS\System32\CoreUIComponents.dll
0x00007ffc78310000 - 0x00007ffc783e4000 	C:\WINDOWS\System32\CoreMessaging.dll
0x00007ffc797c0000 - 0x00007ffc797f1000 	C:\WINDOWS\SYSTEM32\ntmarta.dll
0x00007ffc757a0000 - 0x00007ffc758f3000 	C:\WINDOWS\SYSTEM32\wintypes.dll
0x0000000066d90000 - 0x0000000066dba000 	D:\jdk\6.1.9\bin\dcpr.dll
0x00007ffc6b710000 - 0x00007ffc6b9b6000 	C:\WINDOWS\System32\iertutil.dll
0x00007ffc6e920000 - 0x00007ffc6ea0f000 	C:\Users\Lenovo\.javacpp\cache\opencv-3.1.0-1.3-windows-x86_64.jar\org\bytedeco\javacpp\windows-x86_64\msvcr120.dll
0x00007ffc4b940000 - 0x00007ffc4b9e6000 	C:\Users\Lenovo\.javacpp\cache\opencv-3.1.0-1.3-windows-x86_64.jar\org\bytedeco\javacpp\windows-x86_64\msvcp120.dll
0x00007ffc49cb0000 - 0x00007ffc49f2a000 	C:\Users\Lenovo\.javacpp\cache\opencv-3.1.0-1.3-windows-x86_64.jar\org\bytedeco\javacpp\windows-x86_64\opencv_core310.dll
0x00007ffc46a20000 - 0x00007ffc46d62000 	C:\Users\Lenovo\.javacpp\cache\opencv-3.1.0-1.3-windows-x86_64.jar\org\bytedeco\javacpp\windows-x86_64\opencv_imgproc310.dll
0x00007ffc467f0000 - 0x00007ffc46a17000 	C:\Users\Lenovo\.javacpp\cache\opencv-3.1.0-1.3-windows-x86_64.jar\org\bytedeco\javacpp\windows-x86_64\jniopencv_core.dll
0x00007ffc4a880000 - 0x00007ffc4a96d000 	C:\Users\Lenovo\.javacpp\cache\opencv-3.1.0-1.3-windows-x86_64.jar\org\bytedeco\javacpp\windows-x86_64\jniopencv_imgproc.dll
0x00007ffc45210000 - 0x00007ffc454d9000 	C:\Users\Lenovo\.javacpp\cache\opencv-3.1.0-1.3-windows-x86_64.jar\org\bytedeco\javacpp\windows-x86_64\opencv_imgcodecs310.dll
0x00007ffc733a0000 - 0x00007ffc733c5000 	C:\Users\Lenovo\.javacpp\cache\opencv-3.1.0-1.3-windows-x86_64.jar\org\bytedeco\javacpp\windows-x86_64\jniopencv_imgcodecs.dll
0x00007ffc6e8c0000 - 0x00007ffc6e913000 	C:\Users\Lenovo\.javacpp\cache\opencv-3.1.0-1.3-windows-x86_64.jar\org\bytedeco\javacpp\windows-x86_64\opencv_videoio310.dll
0x00007ffc703b0000 - 0x00007ffc703d9000 	C:\WINDOWS\SYSTEM32\MSVFW32.dll
0x00007ffc6e8a0000 - 0x00007ffc6e8c0000 	C:\WINDOWS\SYSTEM32\AVIFIL32.dll
0x00007ffc6e880000 - 0x00007ffc6e898000 	C:\WINDOWS\SYSTEM32\AVICAP32.dll
0x00007ffc72660000 - 0x00007ffc7267c000 	C:\WINDOWS\SYSTEM32\MSACM32.dll
0x00007ffc6e810000 - 0x00007ffc6e827000 	C:\Users\Lenovo\.javacpp\cache\opencv-3.1.0-1.3-windows-x86_64.jar\org\bytedeco\javacpp\windows-x86_64\jniopencv_videoio.dll
0x00007ffc6e7f0000 - 0x00007ffc6e808000 	C:\Windows\System32\devenum.dll
0x00007ffc7c880000 - 0x00007ffc7ccf0000 	C:\WINDOWS\System32\setupapi.dll
0x00007ffc7a480000 - 0x00007ffc7a4aa000 	C:\WINDOWS\SYSTEM32\DEVOBJ.dll
0x00007ffc7b650000 - 0x00007ffc7b6ac000 	C:\WINDOWS\System32\WINTRUST.dll
0x00007ffc7a710000 - 0x00007ffc7a722000 	C:\WINDOWS\System32\MSASN1.dll
0x00007ffc7b500000 - 0x00007ffc7b649000 	C:\WINDOWS\System32\CRYPT32.dll
0x00007ffc77020000 - 0x00007ffc7702b000 	C:\WINDOWS\SYSTEM32\msdmo.dll
0x00007ffc6e7b0000 - 0x00007ffc6e7e4000 	C:\Windows\System32\qcap.dll
0x00007ffc4a2b0000 - 0x00007ffc4a474000 	C:\Windows\System32\quartz.dll
0x00007ffc6df90000 - 0x00007ffc6dfdc000 	C:\Windows\System32\mfksproxy.dll
0x00007ffc66620000 - 0x00007ffc6663c000 	C:\Windows\System32\ATL.DLL
0x00007ffc6e3a0000 - 0x00007ffc6e59a000 	C:\Windows\System32\MFPlat.DLL
0x00007ffc74900000 - 0x00007ffc7492f000 	C:\Windows\System32\RTWorkQ.DLL
0x00007ffc43310000 - 0x00007ffc436fc000 	C:\Windows\System32\MFCORE.dll
0x00007ffc72a40000 - 0x00007ffc72a49000 	C:\Windows\System32\ksuser.dll
0x00007ffc6d120000 - 0x00007ffc6d175000 	C:\Windows\System32\FSClient.dll
0x00007ffc609d0000 - 0x00007ffc60a2c000 	C:\Windows\System32\MFSENSORGROUP.dll
0x00007ffc76220000 - 0x00007ffc7622a000 	C:\Windows\System32\AVRT.dll
0x00007ffc74a50000 - 0x00007ffc74a5d000 	C:\Windows\System32\vidcap.ax
0x00007ffc6dcf0000 - 0x00007ffc6dd16000 	C:\Windows\System32\kswdmcap.ax
0x00007ffc46de0000 - 0x00007ffc46f42000 	C:\Windows\System32\MFC42.dll
0x00007ffc48330000 - 0x00007ffc48469000 	C:\Windows\System32\MFReadWrite.dll
0x00007ffc4a7d0000 - 0x00007ffc4a871000 	C:\Windows\System32\qedit.dll
0x00007ffc7b900000 - 0x00007ffc7b9d0000 	C:\WINDOWS\System32\COMDLG32.dll
0x00007ffc6c980000 - 0x00007ffc6cb23000 	C:\WINDOWS\WinSxS\amd64_microsoft.windows.gdiplus_6595b64144ccf1df_1.1.18362.778_none_17b1aa466d9fc986\gdiplus.dll
0x00007ffc60770000 - 0x00007ffc60867000 	C:\Windows\System32\DDRAW.dll
0x00007ffc728b0000 - 0x00007ffc728b8000 	C:\Windows\System32\DCIMAN32.dll
0x0000000066d50000 - 0x0000000066d81000 	D:\jdk\6.1.9\bin\jpeg.dll
0x00007ffc6ddb0000 - 0x00007ffc6de6f000 	C:\WINDOWS\system32\msctfuimanager.dll
0x00007ffc56a90000 - 0x00007ffc56c43000 	C:\WINDOWS\system32\DUI70.dll

VM Arguments:
jvm_args: -Dfile.encoding=GBK 
java_command: sample.Frame
java_class_path (initial): D:\Users\Lenovo\eclipse-workspace\DETA_YLJ1.0.0\target\classes;D:\Users\Lenovo\eclipse-workspace\DETA_YLJ1.0.0\lib\bssm.jar;D:\Users\Lenovo\eclipse-workspace\DETA_YLJ1.0.0\lib\commons-math-2.1.jar;D:\Users\Lenovo\eclipse-workspace\DETA_YLJ1.0.0\lib\commons-math3-3.0.jar;D:\Users\Lenovo\eclipse-workspace\DETA_YLJ1.0.0\lib\customizer.jar;D:\Users\Lenovo\eclipse-workspace\DETA_YLJ1.0.0\lib\ffmpeg-3.2.1-1.3-windows-x86_64.jar;D:\Users\Lenovo\eclipse-workspace\DETA_YLJ1.0.0\lib\ffmpeg-platform-3.2.1-1.3.jar;D:\Users\Lenovo\eclipse-workspace\DETA_YLJ1.0.0\lib;D:\Users\Lenovo\eclipse-workspace\DETA_YLJ1.0.0\lib\flandmark-1.07-1.3.jar;D:\Users\Lenovo\eclipse-workspace\DETA_YLJ1.0.0\lib\flandmark-platform-1.07-1.3.jar;D:\Users\Lenovo\eclipse-workspace\DETA_YLJ1.0.0\lib\flycapture-2.9.3.43-1.3-windows-x86_64.jar;D:\Users\Lenovo\eclipse-workspace\DETA_YLJ1.0.0\lib\flycapture-2.9.3.43-1.3.jar;D:\Users\Lenovo\eclipse-workspace\DETA_YLJ1.0.0\lib\flycapture-platform-2.9.3.43-1.3.jar;D:\Users\Lenovo\eclipse-workspace\DETA_YLJ1.0.0\lib\gluegen-rt.jar;D:\Users\Lenovo\eclipse-workspace\DETA_YLJ1.0.0\lib\gluegen.jar;D:\Users\Lenovo\eclipse-workspace\DETA_YLJ1.0.0\lib\gnujaxp.jar;D:\Users\Lenovo\eclipse-workspace\DETA_YLJ1.0.0\lib\icam.jar;D:\Users\Lenovo\eclipse-workspace\DETA_YLJ1.0.0\lib\iText-2.1.5.jar;D:\Users\Lenovo\eclipse-workspace\DETA_YLJ1.0.0\lib\javabuilder.jar;D:\Users\Lenovo\eclipse-workspace\DETA_YLJ1.0.0\lib\javacpp-1.3.jar;D:\Users\Lenovo\eclipse-workspace\DETA_YLJ1.0.0\lib\opencv-3.1.0-1.3.jar;D:\Users\Lenovo\eclipse-workspace\DETA_YLJ1.0.0\lib\libdc1394-2.2.4-1.3.jar;D:\Users\Lenovo\eclipse-workspace\DETA_YLJ1.0.0\lib\librealsense-1.9.6-1.3.jar;D:\Users\Lenovo\eclipse-workspace\DETA_YLJ1.0.0\lib\videoinput-0.200-1.3.jar;D:\Users\Lenovo\eclipse-workspace\DETA_YLJ1.0.0\lib\artoolkitplus-2.3.1-1.3.jar;D:\Users\Lenovo\eclipse-workspace\DETA_YLJ1.0.0\lib\javacv-1.3.jar;D:\Users\Lenovo\eclipse-workspace\DETA_YLJ1.0.0\lib\javacv-platform-1.3.jar;
Launcher Type: SUN_STANDARD

Environment Variables:
PATH=D:/jdk/bin/server;D:/jdk/bin;D:/jdk/lib/amd64;C:\ProgramData\Oracle\Java\javapath;C:\Program Files (x86)\Intel\Intel(R) Management Engine Components\iCLS\;C:\Program Files\Intel\Intel(R) Management Engine Components\iCLS\;C:\Windows\system32;C:\Windows;C:\Windows\System32\Wbem;C:\Windows\System32\WindowsPowerShell\v1.0\;C:\Windows\System32\OpenSSH\;C:\Program Files (x86)\Intel\Intel(R) Management Engine Components\DAL;C:\Program Files\Intel\Intel(R) Management Engine Components\DAL;C:\Program Files (x86)\Intel\Intel(R) Management Engine Components\IPT;C:\Program Files\Intel\Intel(R) Management Engine Components\IPT;C:\Program Files (x86)\NVIDIA Corporation\PhysX\Common;C:\Program Files\Java\jdk1.8.0_161\bin;C:\Program Files\Java\jre1.8.0_161\bin;;C:\Program Files\NVIDIA Corporation\NVIDIA NvDLISR;C:\WINDOWS\system32;C:\WINDOWS;C:\WINDOWS\System32\Wbem;C:\WINDOWS\System32\WindowsPowerShell\v1.0\;C:\WINDOWS\System32\OpenSSH\;C:\Users\Lenovo\AppData\Local\Microsoft\WindowsApps;;C:\Users\Lenovo\Desktop\ZHUOMIAN;
USERNAME=Lenovo
OS=Windows_NT
PROCESSOR_IDENTIFIER=Intel64 Family 6 Model 158 Stepping 10, GenuineIntel



---------------  S Y S T E M  ---------------

OS: Windows 10.0 , 64 bit Build 18362 (10.0.18362.778)

CPU:total 8 (initial active 8) (4 cores per cpu, 2 threads per core) family 6 model 158 stepping 10, cmov, cx8, fxsr, mmx, sse, sse2, sse3, ssse3, sse4.1, sse4.2, popcnt, avx, avx2, aes, clmul, erms, 3dnowpref, lzcnt, ht, tsc, tscinvbit, bmi1, bmi2, adx

Memory: 4k page, physical 16648500k(9463020k free), swap 17697076k(10011864k free)

vm_info: Java HotSpot(TM) 64-Bit Server VM (25.161-b12) for windows-amd64 JRE (1.8.0_161-b12), built on Dec 19 2017 17:52:25 by "java_re" with MS VC++ 10.0 (VS2010)

time: Tue Jun 09 16:09:37 2020
elapsed time: 5227 seconds (0d 1h 27m 7s)

