#
# A fatal error has been detected by the Java Runtime Environment:
#
#  EXCEPTION_INT_DIVIDE_BY_ZERO (0xc0000094) at pc=0x00007ffc1cb6ab5d, pid=19268, tid=0x0000000000005a14
#
# JRE version: Java(TM) SE Runtime Environment (8.0_161-b12) (build 1.8.0_161-b12)
# Java VM: Java HotSpot(TM) 64-Bit Server VM (25.161-b12 mixed mode windows-amd64 compressed oops)
# Problematic frame:
# C  [ig9icd64.dll+0x4bab5d]
#
# Failed to write core dump. Minidumps are not enabled by default on client versions of Windows
#
# If you would like to submit a bug report, please visit:
#   http://bugreport.java.com/bugreport/crash.jsp
# The crash happened outside the Java Virtual Machine in native code.
# See problematic frame for where to report the bug.
#

---------------  T H R E A D  ---------------

Current thread (0x000000001fee1800):  JavaThread "AWT-EventQueue-0" [_thread_in_native, id=23060, stack(0x0000000021e60000,0x0000000021f60000)]

siginfo: ExceptionCode=0xc0000094

Registers:
RAX=0x000000000000012c, RBX=0x0000000021f5d5b0, RCX=0x000000000000012c, RDX=0x0000000000000000
RSP=0x0000000021f5d408, RBP=0x0000000000000000, RSI=0x0000000000000064, RDI=0x0000000000000014
R8 =0x0000000000000003, R9 =0x0000000000000001, R10=0x0000000021f5d4b0, R11=0x0000000021f5d8b0
R12=0x00000000000001c1, R13=0x00007ffc1d34aab0, R14=0x0000000000000000, R15=0x0000000000000000
RIP=0x00007ffc1cb6ab5d, EFLAGS=0x0000000000010297

Top of Stack: (sp=0x0000000021f5d408)
0x0000000021f5d408:   0000000000000001 0000000000000000
0x0000000021f5d418:   0000000000000001 0000000000000007
0x0000000021f5d428:   00007ffc1cb6d79b 0000000021f5d5b0
0x0000000021f5d438:   0000000021f5d530 0000000000000000
0x0000000021f5d448:   0000000000000000 000000000000002a
0x0000000021f5d458:   00007ffc00000001 0000000023b4a300
0x0000000021f5d468:   0000000000000000 0000000000000001
0x0000000021f5d478:   00007ffc1c6da16c 80003f4040000280
0x0000000021f5d488:   0000000000000000 000000002fea9000
0x0000000021f5d498:   0000000000000000 00000000298d7a50
0x0000000021f5d4a8:   00007ffc1c6d5ecf 00007ffc1d162270
0x0000000021f5d4b8:   0000000033453b40 0000001400000064
0x0000000021f5d4c8:   0000002a00000000 0000012c00000003
0x0000000021f5d4d8:   0000000000000000 0000000033487db0
0x0000000021f5d4e8:   00000000299e3850 0000000000000000
0x0000000021f5d4f8:   0000000000000000 0000000033453b40 

Instructions: (pc=0x00007ffc1cb6ab5d)
0x00007ffc1cb6ab3d:   42 20 0f 44 ce 41 0f af c8 41 89 4a 24 41 80 f9
0x00007ffc1cb6ab4d:   08 75 0a 83 c1 07 c1 f9 03 41 89 4a 24 8b c1 99
0x00007ffc1cb6ab5d:   41 f7 fe 85 d2 74 09 2b ca 41 03 ce 41 89 4a 24
0x00007ffc1cb6ab6d:   41 8b 43 10 44 0f af c5 41 8b d0 c1 ea 03 41 80 


Register to memory mapping:

RAX=0x000000000000012c is an unknown value
RBX=0x0000000021f5d5b0 is pointing into the stack for thread: 0x000000001fee1800
RCX=0x000000000000012c is an unknown value
RDX=0x0000000000000000 is an unknown value
RSP=0x0000000021f5d408 is pointing into the stack for thread: 0x000000001fee1800
RBP=0x0000000000000000 is an unknown value
RSI=0x0000000000000064 is an unknown value
RDI=0x0000000000000014 is an unknown value
R8 =0x0000000000000003 is an unknown value
R9 =0x0000000000000001 is an unknown value
R10=0x0000000021f5d4b0 is pointing into the stack for thread: 0x000000001fee1800
R11=0x0000000021f5d8b0 is pointing into the stack for thread: 0x000000001fee1800
R12=0x00000000000001c1 is an unknown value
R13=0x00007ffc1d34aab0 is an unknown value
R14=0x0000000000000000 is an unknown value
R15=0x0000000000000000 is an unknown value


Stack: [0x0000000021e60000,0x0000000021f60000],  sp=0x0000000021f5d408,  free space=1013k
Native frames: (J=compiled Java code, j=interpreted, Vv=VM code, C=native code)

Java frames: (J=compiled Java code, j=interpreted, Vv=VM code)
j  jogamp.opengl.gl4.GL4bcImpl.dispatch_glDrawPixels1(IIIILjava/lang/Object;IZJ)V+0
J 4754 C1 jogamp.opengl.gl4.GL4bcImpl.glDrawPixels(IIIILjava/nio/Buffer;)V (109 bytes) @ 0x000000000388ee04 [0x000000000388e840+0x5c4]
J 4655 C2 biProcessor.coAuthorForWord.drawWords([II[DFIILjava/util/Map;Ljava/util/Map;)V (1501 bytes) @ 0x0000000003823f48 [0x00000000038239e0+0x568]
J 4655 C2 biProcessor.coAuthorForWord.drawWords([II[DFIILjava/util/Map;Ljava/util/Map;)V (1501 bytes) @ 0x000000000382628c [0x00000000038239e0+0x28ac]
j  biProcessor.coAuthorForWord.display(Ljavax/media/opengl/GLAutoDrawable;)V+222
J 4787 C1 jogamp.opengl.GLDrawableHelper.displayImpl(Ljavax/media/opengl/GLAutoDrawable;)V (69 bytes) @ 0x00000000038a372c [0x00000000038a32c0+0x46c]
J 4584 C1 javax.media.opengl.awt.GLCanvas$6.run()V (122 bytes) @ 0x0000000003678964 [0x00000000036784e0+0x484]
J 4786 C1 jogamp.opengl.GLDrawableHelper.invokeGLImpl(Ljavax/media/opengl/GLDrawable;Ljavax/media/opengl/GLContext;Ljava/lang/Runnable;Ljava/lang/Runnable;Ljavax/media/opengl/GLAutoDrawable;)V (420 bytes) @ 0x00000000038a7e84 [0x00000000038a7180+0xd04]
J 4785 C1 jogamp.opengl.GLDrawableHelper.invokeGL(Ljavax/media/opengl/GLDrawable;Ljavax/media/opengl/GLContext;Ljava/lang/Runnable;Ljava/lang/Runnable;)V (90 bytes) @ 0x00000000038a69c4 [0x00000000038a68c0+0x104]
J 4784 C1 javax.media.opengl.awt.GLCanvas$8.run()V (39 bytes) @ 0x00000000038a64f4 [0x00000000038a6340+0x1b4]
J 1541 C1 java.awt.event.InvocationEvent.dispatch()V (69 bytes) @ 0x0000000002eb814c [0x0000000002eb8000+0x14c]
J 2773 C1 java.awt.EventQueue.dispatchEventImpl(Ljava/awt/AWTEvent;Ljava/lang/Object;)V (149 bytes) @ 0x0000000003013044 [0x0000000003011500+0x1b44]
J 1493 C1 java.awt.EventQueue$3.run()Ljava/lang/Void; (60 bytes) @ 0x0000000002e6b0f4 [0x0000000002e6aec0+0x234]
J 1492 C1 java.awt.EventQueue$3.run()Ljava/lang/Object; (5 bytes) @ 0x0000000002e6ab54 [0x0000000002e6aac0+0x94]
v  ~StubRoutines::call_stub
J 634  java.security.AccessController.doPrivileged(Ljava/security/PrivilegedAction;Ljava/security/AccessControlContext;)Ljava/lang/Object; (0 bytes) @ 0x0000000002c4d0e6 [0x0000000002c4d080+0x66]
J 1416 C1 java.awt.EventQueue.dispatchEvent(Ljava/awt/AWTEvent;)V (80 bytes) @ 0x0000000002e4a8c4 [0x0000000002e49f00+0x9c4]
J 1421 C1 java.awt.EventDispatchThread.pumpOneEventForFilters(I)V (295 bytes) @ 0x0000000002e4f714 [0x0000000002e4dae0+0x1c34]
j  java.awt.EventDispatchThread.pumpEventsForFilter(ILjava/awt/Conditional;Ljava/awt/EventFilter;)V+35
j  java.awt.EventDispatchThread.pumpEventsForHierarchy(ILjava/awt/Conditional;Ljava/awt/Component;)V+11
j  java.awt.EventDispatchThread.pumpEvents(ILjava/awt/Conditional;)V+4
j  java.awt.EventDispatchThread.pumpEvents(Ljava/awt/Conditional;)V+3
j  java.awt.EventDispatchThread.run()V+9
v  ~StubRoutines::call_stub

---------------  P R O C E S S  ---------------

Java Threads: ( => current thread )
  0x000000001fb74800 JavaThread "Image Fetcher 0" daemon [_thread_blocked, id=14672, stack(0x0000000036840000,0x0000000036940000)]
  0x000000001fb74000 JavaThread "DestroyJavaVM" [_thread_blocked, id=10228, stack(0x0000000002280000,0x0000000002380000)]
  0x000000001fb73000 JavaThread "Thread-40" [_thread_blocked, id=15332, stack(0x000000003d620000,0x000000003d720000)]
  0x000000001fb7a000 JavaThread "Timer-0" [_thread_blocked, id=19884, stack(0x0000000034340000,0x0000000034440000)]
  0x000000001fb78800 JavaThread "JavaCPP Deallocator" daemon [_thread_blocked, id=19628, stack(0x0000000034240000,0x0000000034340000)]
  0x0000000023abf000 JavaThread "Thread-14" [_thread_blocked, id=19508, stack(0x00000000297d0000,0x00000000298d0000)]
  0x0000000023ac0800 JavaThread "Thread-6-SharedResourceRunner" daemon [_thread_blocked, id=16760, stack(0x0000000029d90000,0x0000000029e90000)]
  0x0000000023abd800 JavaThread "Thread-10" [_thread_in_native, id=20688, stack(0x00000000294d0000,0x00000000295d0000)]
  0x0000000023021800 JavaThread "Thread-9" [_thread_in_native, id=9128, stack(0x0000000024140000,0x0000000024240000)]
  0x0000000020010800 JavaThread "Thread-2" [_thread_in_native, id=14476, stack(0x0000000022e70000,0x0000000022f70000)]
=>0x000000001fee1800 JavaThread "AWT-EventQueue-0" [_thread_in_native, id=23060, stack(0x0000000021e60000,0x0000000021f60000)]
  0x000000001fe1e800 JavaThread "AWT-Shutdown" [_thread_blocked, id=19544, stack(0x0000000021d60000,0x0000000021e60000)]
  0x000000001fe1f000 JavaThread "AWT-Windows" daemon [_thread_in_native, id=11284, stack(0x0000000021070000,0x0000000021170000)]
  0x000000001f461800 JavaThread "Java2D Disposer" daemon [_thread_blocked, id=11408, stack(0x0000000020e70000,0x0000000020f70000)]
  0x000000001f1a2800 JavaThread "TimerQueue" daemon [_thread_blocked, id=22192, stack(0x0000000020b70000,0x0000000020c70000)]
  0x000000001ee86000 JavaThread "Service Thread" daemon [_thread_blocked, id=17924, stack(0x000000001f8f0000,0x000000001f9f0000)]
  0x000000001ee04800 JavaThread "C1 CompilerThread3" daemon [_thread_blocked, id=11728, stack(0x000000001f7f0000,0x000000001f8f0000)]
  0x000000001edfb800 JavaThread "C2 CompilerThread2" daemon [_thread_blocked, id=20376, stack(0x000000001f6f0000,0x000000001f7f0000)]
  0x000000001edf3800 JavaThread "C2 CompilerThread1" daemon [_thread_blocked, id=18120, stack(0x000000001f5f0000,0x000000001f6f0000)]
  0x000000001edf3000 JavaThread "C2 CompilerThread0" daemon [_thread_blocked, id=14548, stack(0x000000001f4f0000,0x000000001f5f0000)]
  0x000000001e33c000 JavaThread "JDWP Command Reader" daemon [_thread_in_native, id=20444, stack(0x000000001ebf0000,0x000000001ecf0000)]
  0x000000001e33b000 JavaThread "JDWP Event Helper Thread" daemon [_thread_blocked, id=22980, stack(0x000000001eaf0000,0x000000001ebf0000)]
  0x000000001e330000 JavaThread "JDWP Transport Listener: dt_socket" daemon [_thread_blocked, id=22368, stack(0x000000001e9f0000,0x000000001eaf0000)]
  0x000000001e321800 JavaThread "Attach Listener" daemon [_thread_blocked, id=6392, stack(0x000000001e8f0000,0x000000001e9f0000)]
  0x000000001e2cd000 JavaThread "Signal Dispatcher" daemon [_thread_blocked, id=22428, stack(0x000000001e7f0000,0x000000001e8f0000)]
  0x000000001e2b0800 JavaThread "Finalizer" daemon [_thread_blocked, id=2964, stack(0x000000001e690000,0x000000001e790000)]
  0x000000000295c000 JavaThread "Reference Handler" daemon [_thread_blocked, id=22508, stack(0x000000001e190000,0x000000001e290000)]

Other Threads:
  0x000000001c3b9000 VMThread [stack: 0x000000001e090000,0x000000001e190000] [id=19068]
  0x000000001eddd800 WatcherThread [stack: 0x000000001f9f0000,0x000000001faf0000] [id=4828]

VM state:not at safepoint (normal execution)

VM Mutex/Monitor currently owned by a thread: None

Heap:
 PSYoungGen      total 1270784K, used 1086418K [0x000000076b500000, 0x00000007bfd80000, 0x00000007c0000000)
  eden space 1157632K, 87% used [0x000000076b500000,0x00000007a95f1ad0,0x00000007b1f80000)
  from space 113152K, 61% used [0x00000007b1f80000,0x00000007b6382e48,0x00000007b8e00000)
  to   space 113664K, 0% used [0x00000007b8e80000,0x00000007b8e80000,0x00000007bfd80000)
 ParOldGen       total 549376K, used 342352K [0x00000006c1e00000, 0x00000006e3680000, 0x000000076b500000)
  object space 549376K, 62% used [0x00000006c1e00000,0x00000006d6c543a8,0x00000006e3680000)
 Metaspace       used 29787K, capacity 30158K, committed 30336K, reserved 1075200K
  class space    used 3807K, capacity 3908K, committed 3968K, reserved 1048576K

Card table byte_map: [0x0000000011d20000,0x0000000012520000] byte_map_base: 0x000000000e711000

Marking Bits: (ParMarkBitMap*) 0x000000006910f860
 Begin Bits: [0x0000000013270000, 0x00000000171f8000)
 End Bits:   [0x00000000171f8000, 0x000000001b180000)

Polling page: 0x0000000000a40000

CodeCache: size=245760Kb used=15986Kb max_used=15998Kb free=229773Kb
 bounds [0x0000000002960000, 0x0000000003920000, 0x0000000011960000]
 total_blobs=4810 nmethods=3874 adapters=852
 compilation: enabled

Compilation events (10 events):
Event: 204.331 Thread 0x000000001edf3000 nmethod 4850 0x000000000390ee90 code [0x000000000390efe0, 0x000000000390f0f8]
Event: 204.331 Thread 0x000000001ee04800 4852       3       javax.swing.plaf.basic.BasicScrollBarUI::layoutContainer (58 bytes)
Event: 204.331 Thread 0x000000001ee04800 nmethod 4852 0x000000000390e710 code [0x000000000390e8a0, 0x000000000390ed78]
Event: 204.332 Thread 0x000000001ee04800 4853       3       javax.swing.plaf.basic.BasicLabelUI::layoutCL (35 bytes)
Event: 204.332 Thread 0x000000001ee04800 nmethod 4853 0x00000000038cf2d0 code [0x00000000038cf440, 0x00000000038cf948]
Event: 204.332 Thread 0x000000001edfb800 nmethod 4849 0x00000000039111d0 code [0x0000000003911340, 0x00000000039117d8]
Event: 204.333 Thread 0x000000001ee04800 4854       3       javax.swing.text.html.InlineView::getBreakWeight (17 bytes)
Event: 204.333 Thread 0x000000001ee04800 nmethod 4854 0x000000000390e2d0 code [0x000000000390e440, 0x000000000390e648]
Event: 204.335 Thread 0x000000001edf3800 4855       4       java.util.IdentityHashMap::get (60 bytes)
Event: 204.336 Thread 0x000000001edf3800 nmethod 4855 0x00000000039119d0 code [0x0000000003911b20, 0x0000000003911d68]

GC Heap History (10 events):
Event: 196.681 GC heap before
{Heap before GC invocations=59 (full 4):
 PSYoungGen      total 1271808K, used 1233855K [0x000000076b500000, 0x00000007c0000000, 0x00000007c0000000)
  eden space 1164288K, 100% used [0x000000076b500000,0x00000007b2600000,0x00000007b2600000)
  from space 107520K, 64% used [0x00000007b9700000,0x00000007bdaefd68,0x00000007c0000000)
  to   space 111616K, 0% used [0x00000007b2600000,0x00000007b2600000,0x00000007b9300000)
 ParOldGen       total 549376K, used 342328K [0x00000006c1e00000, 0x00000006e3680000, 0x000000076b500000)
  object space 549376K, 62% used [0x00000006c1e00000,0x00000006d6c4e3a8,0x00000006e3680000)
 Metaspace       used 29490K, capacity 29838K, committed 30080K, reserved 1075200K
  class space    used 3802K, capacity 3908K, committed 3968K, reserved 1048576K
Event: 196.692 GC heap after
Heap after GC invocations=59 (full 4):
 PSYoungGen      total 1233408K, used 68683K [0x000000076b500000, 0x00000007c0000000, 0x00000007c0000000)
  eden space 1164288K, 0% used [0x000000076b500000,0x000000076b500000,0x00000007b2600000)
  from space 69120K, 99% used [0x00000007b2600000,0x00000007b6912d48,0x00000007b6980000)
  to   space 113664K, 0% used [0x00000007b9100000,0x00000007b9100000,0x00000007c0000000)
 ParOldGen       total 549376K, used 342328K [0x00000006c1e00000, 0x00000006e3680000, 0x000000076b500000)
  object space 549376K, 62% used [0x00000006c1e00000,0x00000006d6c4e3a8,0x00000006e3680000)
 Metaspace       used 29490K, capacity 29838K, committed 30080K, reserved 1075200K
  class space    used 3802K, capacity 3908K, committed 3968K, reserved 1048576K
}
Event: 198.455 GC heap before
{Heap before GC invocations=60 (full 4):
 PSYoungGen      total 1233408K, used 1232971K [0x000000076b500000, 0x00000007c0000000, 0x00000007c0000000)
  eden space 1164288K, 100% used [0x000000076b500000,0x00000007b2600000,0x00000007b2600000)
  from space 69120K, 99% used [0x00000007b2600000,0x00000007b6912d48,0x00000007b6980000)
  to   space 113664K, 0% used [0x00000007b9100000,0x00000007b9100000,0x00000007c0000000)
 ParOldGen       total 549376K, used 342328K [0x00000006c1e00000, 0x00000006e3680000, 0x000000076b500000)
  object space 549376K, 62% used [0x00000006c1e00000,0x00000006d6c4e3a8,0x00000006e3680000)
 Metaspace       used 29548K, capacity 29902K, committed 30080K, reserved 1075200K
  class space    used 3802K, capacity 3908K, committed 3968K, reserved 1048576K
Event: 198.467 GC heap after
Heap after GC invocations=60 (full 4):
 PSYoungGen      total 1270784K, used 68603K [0x000000076b500000, 0x00000007c0000000, 0x00000007c0000000)
  eden space 1157120K, 0% used [0x000000076b500000,0x000000076b500000,0x00000007b1f00000)
  from space 113664K, 60% used [0x00000007b9100000,0x00000007bd3fed58,0x00000007c0000000)
  to   space 115200K, 0% used [0x00000007b1f00000,0x00000007b1f00000,0x00000007b8f80000)
 ParOldGen       total 549376K, used 342336K [0x00000006c1e00000, 0x00000006e3680000, 0x000000076b500000)
  object space 549376K, 62% used [0x00000006c1e00000,0x00000006d6c503a8,0x00000006e3680000)
 Metaspace       used 29548K, capacity 29902K, committed 30080K, reserved 1075200K
  class space    used 3802K, capacity 3908K, committed 3968K, reserved 1048576K
}
Event: 200.255 GC heap before
{Heap before GC invocations=61 (full 4):
 PSYoungGen      total 1270784K, used 1225723K [0x000000076b500000, 0x00000007c0000000, 0x00000007c0000000)
  eden space 1157120K, 100% used [0x000000076b500000,0x00000007b1f00000,0x00000007b1f00000)
  from space 113664K, 60% used [0x00000007b9100000,0x00000007bd3fed58,0x00000007c0000000)
  to   space 115200K, 0% used [0x00000007b1f00000,0x00000007b1f00000,0x00000007b8f80000)
 ParOldGen       total 549376K, used 342336K [0x00000006c1e00000, 0x00000006e3680000, 0x000000076b500000)
  object space 549376K, 62% used [0x00000006c1e00000,0x00000006d6c503a8,0x00000006e3680000)
 Metaspace       used 29553K, capacity 29902K, committed 30080K, reserved 1075200K
  class space    used 3802K, capacity 3908K, committed 3968K, reserved 1048576K
Event: 200.267 GC heap after
Heap after GC invocations=61 (full 4):
 PSYoungGen      total 1227776K, used 70459K [0x000000076b500000, 0x00000007c0000000, 0x00000007c0000000)
  eden space 1157120K, 0% used [0x000000076b500000,0x000000076b500000,0x00000007b1f00000)
  from space 70656K, 99% used [0x00000007b1f00000,0x00000007b63ced58,0x00000007b6400000)
  to   space 116736K, 0% used [0x00000007b8e00000,0x00000007b8e00000,0x00000007c0000000)
 ParOldGen       total 549376K, used 342336K [0x00000006c1e00000, 0x00000006e3680000, 0x000000076b500000)
  object space 549376K, 62% used [0x00000006c1e00000,0x00000006d6c503a8,0x00000006e3680000)
 Metaspace       used 29553K, capacity 29902K, committed 30080K, reserved 1075200K
  class space    used 3802K, capacity 3908K, committed 3968K, reserved 1048576K
}
Event: 201.929 GC heap before
{Heap before GC invocations=62 (full 4):
 PSYoungGen      total 1227776K, used 1227579K [0x000000076b500000, 0x00000007c0000000, 0x00000007c0000000)
  eden space 1157120K, 100% used [0x000000076b500000,0x00000007b1f00000,0x00000007b1f00000)
  from space 70656K, 99% used [0x00000007b1f00000,0x00000007b63ced58,0x00000007b6400000)
  to   space 116736K, 0% used [0x00000007b8e00000,0x00000007b8e00000,0x00000007c0000000)
 ParOldGen       total 549376K, used 342336K [0x00000006c1e00000, 0x00000006e3680000, 0x000000076b500000)
  object space 549376K, 62% used [0x00000006c1e00000,0x00000006d6c503a8,0x00000006e3680000)
 Metaspace       used 29627K, capacity 29966K, committed 30336K, reserved 1075200K
  class space    used 3807K, capacity 3908K, committed 3968K, reserved 1048576K
Event: 201.940 GC heap after
Heap after GC invocations=62 (full 4):
 PSYoungGen      total 1274368K, used 58678K [0x000000076b500000, 0x00000007c0000000, 0x00000007c0000000)
  eden space 1157632K, 0% used [0x000000076b500000,0x000000076b500000,0x00000007b1f80000)
  from space 116736K, 50% used [0x00000007b8e00000,0x00000007bc74da58,0x00000007c0000000)
  to   space 113152K, 0% used [0x00000007b1f80000,0x00000007b1f80000,0x00000007b8e00000)
 ParOldGen       total 549376K, used 342344K [0x00000006c1e00000, 0x00000006e3680000, 0x000000076b500000)
  object space 549376K, 62% used [0x00000006c1e00000,0x00000006d6c523a8,0x00000006e3680000)
 Metaspace       used 29627K, capacity 29966K, committed 30336K, reserved 1075200K
  class space    used 3807K, capacity 3908K, committed 3968K, reserved 1048576K
}
Event: 203.231 GC heap before
{Heap before GC invocations=63 (full 4):
 PSYoungGen      total 1274368K, used 1216310K [0x000000076b500000, 0x00000007c0000000, 0x00000007c0000000)
  eden space 1157632K, 100% used [0x000000076b500000,0x00000007b1f80000,0x00000007b1f80000)
  from space 116736K, 50% used [0x00000007b8e00000,0x00000007bc74da58,0x00000007c0000000)
  to   space 113152K, 0% used [0x00000007b1f80000,0x00000007b1f80000,0x00000007b8e00000)
 ParOldGen       total 549376K, used 342344K [0x00000006c1e00000, 0x00000006e3680000, 0x000000076b500000)
  object space 549376K, 62% used [0x00000006c1e00000,0x00000006d6c523a8,0x00000006e3680000)
 Metaspace       used 29712K, capacity 30094K, committed 30336K, reserved 1075200K
  class space    used 3807K, capacity 3908K, committed 3968K, reserved 1048576K
Event: 203.243 GC heap after
Heap after GC invocations=63 (full 4):
 PSYoungGen      total 1270784K, used 69643K [0x000000076b500000, 0x00000007bfd80000, 0x00000007c0000000)
  eden space 1157632K, 0% used [0x000000076b500000,0x000000076b500000,0x00000007b1f80000)
  from space 113152K, 61% used [0x00000007b1f80000,0x00000007b6382e48,0x00000007b8e00000)
  to   space 113664K, 0% used [0x00000007b8e80000,0x00000007b8e80000,0x00000007bfd80000)
 ParOldGen       total 549376K, used 342352K [0x00000006c1e00000, 0x00000006e3680000, 0x000000076b500000)
  object space 549376K, 62% used [0x00000006c1e00000,0x00000006d6c543a8,0x00000006e3680000)
 Metaspace       used 29712K, capacity 30094K, committed 30336K, reserved 1075200K
  class space    used 3807K, capacity 3908K, committed 3968K, reserved 1048576K
}

Deoptimization events (10 events):
Event: 187.934 Thread 0x000000001fee1800 Uncommon trap: reason=unstable_if action=reinterpret pc=0x00000000036633e0 method=javax.swing.SwingUtilities.getValidateRoot(Ljava/awt/Container;Z)Ljava/awt/Container; @ 83
Event: 187.937 Thread 0x000000001fee1800 Uncommon trap: reason=class_check action=maybe_recompile pc=0x00000000034c89a8 method=javax.swing.text.BoxView.updateChildSizes()V @ 40
Event: 187.937 Thread 0x000000001fee1800 Uncommon trap: reason=class_check action=maybe_recompile pc=0x00000000034c857c method=javax.swing.text.ParagraphView$Row.getLeftInset()S @ 14
Event: 187.937 Thread 0x000000001fee1800 Uncommon trap: reason=bimorphic action=maybe_recompile pc=0x00000000034c8530 method=javax.swing.text.BoxView.updateChildSizes()V @ 80
Event: 187.937 Thread 0x000000001fee1800 Uncommon trap: reason=bimorphic action=maybe_recompile pc=0x00000000034c8530 method=javax.swing.text.BoxView.updateChildSizes()V @ 80
Event: 188.317 Thread 0x000000001fee1800 Uncommon trap: reason=class_check action=maybe_recompile pc=0x0000000003817278 method=javax.swing.text.GlyphPainter1.sync(Ljavax/swing/text/GlyphView;)V @ 38
Event: 199.527 Thread 0x000000001fee1800 Uncommon trap: reason=unstable_if action=reinterpret pc=0x0000000002c483c8 method=java.awt.Container.findComponentAtImpl(IIZ)Ljava/awt/Component; @ 13
Event: 199.883 Thread 0x000000001fee1800 Uncommon trap: reason=class_check action=maybe_recompile pc=0x0000000002e7ecbc method=java.awt.Container.getMouseEventTargetImpl(IIZLjava/awt/Container$EventTargetFilter;ZZ)Ljava/awt/Component; @ 191
Event: 201.660 Thread 0x000000001fee1800 Uncommon trap: reason=unstable_if action=reinterpret pc=0x00000000036e136c method=javax.swing.text.AbstractDocument$BranchElement.getElementIndex(I)I @ 129
Event: 201.951 Thread 0x000000001fee1800 Uncommon trap: reason=unstable_if action=reinterpret pc=0x00000000035e64d0 method=java.awt.EventQueue.postEvent(Ljava/awt/AWTEvent;I)V @ 6

Classes redefined (1 events):
Event: 163.847 Thread 0x000000001c3b9000 redefined class name=org.ME.plsql.db.plsql.imp.ProcessConditionPLSQL, count=1

Internal exceptions (10 events):
Event: 166.989 Thread 0x0000000002865800 Exception <a 'java/lang/NullPointerException'> (0x000000078408ca70) thrown at [C:\re\workspace\8-2-build-windows-amd64-cygwin\jdk8u161\10277\hotspot\src\share\vm\interpreter\linkResolver.cpp, line 1185]
Event: 171.470 Thread 0x000000001fee1800 Implicit null exception at 0x000000000358fd34 to 0x0000000003591981
Event: 179.942 Thread 0x00000000235af800 Exception <a 'java/lang/InterruptedException'> (0x00000007a5e8d958) thrown at [C:\re\workspace\8-2-build-windows-amd64-cygwin\jdk8u161\10277\hotspot\src\share\vm\runtime\objectMonitor.cpp, line 1684]
Event: 180.105 Thread 0x000000001fb79000 Implicit null exception at 0x0000000002c7a11b to 0x0000000002c7b6a1
Event: 180.824 Thread 0x0000000023abe800 Implicit null exception at 0x0000000002f36708 to 0x0000000002f36f4d
Event: 187.617 Thread 0x0000000002865800 Exception <a 'java/lang/reflect/InvocationTargetException'> (0x0000000772965e98) thrown at [C:\re\workspace\8-2-build-windows-amd64-cygwin\jdk8u161\10277\hotspot\src\share\vm\runtime\reflection.cpp, line 1092]
Event: 202.805 Thread 0x000000001fee1800 Implicit null exception at 0x00000000032659e3 to 0x0000000003265baf
Event: 202.806 Thread 0x000000001fee1800 Exception <a 'java/lang/NullPointerException'> (0x000000079a82f7f8) thrown at [C:\re\workspace\8-2-build-windows-amd64-cygwin\jdk8u161\10277\hotspot\src\share\vm\runtime\sharedRuntime.cpp, line 605]
Event: 203.571 Thread 0x000000001fee1800 Implicit null exception at 0x00000000032659e3 to 0x0000000003265baf
Event: 203.572 Thread 0x000000001fee1800 Exception <a 'java/lang/NullPointerException'> (0x000000077d31ef28) thrown at [C:\re\workspace\8-2-build-windows-amd64-cygwin\jdk8u161\10277\hotspot\src\share\vm\runtime\sharedRuntime.cpp, line 605]

Events (10 events):
Event: 201.951 Thread 0x000000001fee1800 DEOPT PACKING pc=0x00000000035e64d0 sp=0x0000000021f5f060
Event: 201.951 Thread 0x000000001fee1800 DEOPT UNPACKING pc=0x00000000029a583b sp=0x0000000021f5efb8 mode 2
Event: 202.806 Thread 0x000000001fee1800 DEOPT PACKING pc=0x0000000003265bb4 sp=0x0000000021f5cea0
Event: 202.806 Thread 0x000000001fee1800 DEOPT UNPACKING pc=0x00000000029a7890 sp=0x0000000021f5cbf0 mode 1
Event: 203.231 Executing VM operation: ParallelGCFailedAllocation
Event: 203.243 Executing VM operation: ParallelGCFailedAllocation done
Event: 203.572 Thread 0x000000001fee1800 DEOPT PACKING pc=0x0000000003265bb4 sp=0x0000000021f5cea0
Event: 203.572 Thread 0x000000001fee1800 DEOPT UNPACKING pc=0x00000000029a7890 sp=0x0000000021f5cbf0 mode 1
Event: 204.331 Executing VM operation: RevokeBias
Event: 204.331 Executing VM operation: RevokeBias done


Dynamic libraries:
0x00007ff78fd90000 - 0x00007ff78fdc7000 	C:\Program Files\Java\jdk1.8.0_161\jre\bin\javaw.exe
0x00007ffc62240000 - 0x00007ffc62430000 	C:\WINDOWS\SYSTEM32\ntdll.dll
0x00007ffc48b20000 - 0x00007ffc48b33000 	D:\Program Files\AVAST Software\Avast\aswhook.dll
0x00007ffc62120000 - 0x00007ffc621d2000 	C:\WINDOWS\System32\KERNEL32.DLL
0x00007ffc5ff90000 - 0x00007ffc60233000 	C:\WINDOWS\System32\KERNELBASE.dll
0x00007ffc616d0000 - 0x00007ffc61773000 	C:\WINDOWS\System32\ADVAPI32.dll
0x00007ffc61b10000 - 0x00007ffc61bae000 	C:\WINDOWS\System32\msvcrt.dll
0x00007ffc62080000 - 0x00007ffc62117000 	C:\WINDOWS\System32\sechost.dll
0x00007ffc61bb0000 - 0x00007ffc61cd0000 	C:\WINDOWS\System32\RPCRT4.dll
0x00007ffc60610000 - 0x00007ffc607a4000 	C:\WINDOWS\System32\USER32.dll
0x00007ffc602c0000 - 0x00007ffc602e1000 	C:\WINDOWS\System32\win32u.dll
0x00007ffc618a0000 - 0x00007ffc618c6000 	C:\WINDOWS\System32\GDI32.dll
0x00007ffc5f970000 - 0x00007ffc5fb04000 	C:\WINDOWS\System32\gdi32full.dll
0x00007ffc5fbf0000 - 0x00007ffc5fc8e000 	C:\WINDOWS\System32\msvcp_win.dll
0x00007ffc5fe90000 - 0x00007ffc5ff8a000 	C:\WINDOWS\System32\ucrtbase.dll
0x00007ffc4a460000 - 0x00007ffc4a6e5000 	C:\WINDOWS\WinSxS\amd64_microsoft.windows.common-controls_6595b64144ccf1df_6.0.18362.778_none_e6c6b761130d4fb8\COMCTL32.dll
0x00007ffc61d40000 - 0x00007ffc62076000 	C:\WINDOWS\System32\combase.dll
0x00007ffc60240000 - 0x00007ffc602c0000 	C:\WINDOWS\System32\bcryptPrimitives.dll
0x00007ffc60300000 - 0x00007ffc6032e000 	C:\WINDOWS\System32\IMM32.DLL
0x0000000069c70000 - 0x0000000069d42000 	C:\Program Files\Java\jdk1.8.0_161\jre\bin\msvcr100.dll
0x00000000688f0000 - 0x000000006918f000 	C:\Program Files\Java\jdk1.8.0_161\jre\bin\server\jvm.dll
0x00007ffc61890000 - 0x00007ffc61898000 	C:\WINDOWS\System32\PSAPI.DLL
0x00007ffc54a00000 - 0x00007ffc54a09000 	C:\WINDOWS\SYSTEM32\WSOCK32.dll
0x00007ffc614d0000 - 0x00007ffc6153f000 	C:\WINDOWS\System32\WS2_32.dll
0x00007ffc53e10000 - 0x00007ffc53e34000 	C:\WINDOWS\SYSTEM32\WINMM.dll
0x00007ffc5a560000 - 0x00007ffc5a56a000 	C:\WINDOWS\SYSTEM32\VERSION.dll
0x00007ffc53de0000 - 0x00007ffc53e0d000 	C:\WINDOWS\SYSTEM32\WINMMBASE.dll
0x00007ffc5fe40000 - 0x00007ffc5fe8a000 	C:\WINDOWS\System32\cfgmgr32.dll
0x0000000069c60000 - 0x0000000069c6f000 	C:\Program Files\Java\jdk1.8.0_161\jre\bin\verify.dll
0x0000000069c30000 - 0x0000000069c59000 	C:\Program Files\Java\jdk1.8.0_161\jre\bin\java.dll
0x0000000069bf0000 - 0x0000000069c25000 	C:\Program Files\Java\jdk1.8.0_161\jre\bin\jdwp.dll
0x0000000069be0000 - 0x0000000069be8000 	C:\Program Files\Java\jdk1.8.0_161\jre\bin\npt.dll
0x00000000688c0000 - 0x00000000688e3000 	C:\Program Files\Java\jdk1.8.0_161\jre\bin\instrument.dll
0x00000000688a0000 - 0x00000000688b6000 	C:\Program Files\Java\jdk1.8.0_161\jre\bin\zip.dll
0x00007ffc60de0000 - 0x00007ffc614c5000 	C:\WINDOWS\System32\SHELL32.dll
0x00007ffc617e0000 - 0x00007ffc61889000 	C:\WINDOWS\System32\shcore.dll
0x00007ffc5f1d0000 - 0x00007ffc5f950000 	C:\WINDOWS\System32\windows.storage.dll
0x00007ffc5f1a0000 - 0x00007ffc5f1c3000 	C:\WINDOWS\System32\profapi.dll
0x00007ffc5f110000 - 0x00007ffc5f15a000 	C:\WINDOWS\System32\powrprof.dll
0x00007ffc5f100000 - 0x00007ffc5f110000 	C:\WINDOWS\System32\UMPDC.dll
0x00007ffc60d80000 - 0x00007ffc60dd2000 	C:\WINDOWS\System32\shlwapi.dll
0x00007ffc5f160000 - 0x00007ffc5f171000 	C:\WINDOWS\System32\kernel.appcore.dll
0x00007ffc5f950000 - 0x00007ffc5f967000 	C:\WINDOWS\System32\cryptsp.dll
0x0000000069bd0000 - 0x0000000069bd9000 	C:\Program Files\Java\jdk1.8.0_161\jre\bin\dt_socket.dll
0x00007ffc56a60000 - 0x00007ffc56a76000 	C:\WINDOWS\system32\napinsp.dll
0x00007ffc49b90000 - 0x00007ffc49baa000 	C:\WINDOWS\system32\pnrpnsp.dll
0x00007ffc5e910000 - 0x00007ffc5e977000 	C:\WINDOWS\System32\mswsock.dll
0x00007ffc5e660000 - 0x00007ffc5e72a000 	C:\WINDOWS\SYSTEM32\DNSAPI.dll
0x00007ffc602f0000 - 0x00007ffc602f8000 	C:\WINDOWS\System32\NSI.dll
0x00007ffc5e620000 - 0x00007ffc5e65a000 	C:\WINDOWS\SYSTEM32\IPHLPAPI.DLL
0x00007ffc49a00000 - 0x00007ffc49a0e000 	C:\WINDOWS\System32\winrnr.dll
0x00007ffc5b110000 - 0x00007ffc5b12c000 	C:\WINDOWS\system32\NLAapi.dll
0x00007ffc3c130000 - 0x00007ffc3c145000 	C:\WINDOWS\system32\wshbth.dll
0x00007ffc576d0000 - 0x00007ffc57747000 	C:\WINDOWS\System32\fwpuclnt.dll
0x00007ffc5fb10000 - 0x00007ffc5fb36000 	C:\WINDOWS\System32\bcrypt.dll
0x00007ffc55c00000 - 0x00007ffc55c0a000 	C:\Windows\System32\rasadhlp.dll
0x00007ffc5e480000 - 0x00007ffc5e4b3000 	C:\WINDOWS\system32\rsaenh.dll
0x00007ffc5eff0000 - 0x00007ffc5f015000 	C:\WINDOWS\SYSTEM32\USERENV.dll
0x00007ffc5eae0000 - 0x00007ffc5eaec000 	C:\WINDOWS\SYSTEM32\CRYPTBASE.dll
0x0000000068880000 - 0x000000006889a000 	C:\Program Files\Java\jdk1.8.0_161\jre\bin\net.dll
0x00007ffc57b10000 - 0x00007ffc57b26000 	C:\WINDOWS\SYSTEM32\dhcpcsvc6.DLL
0x00007ffc593c0000 - 0x00007ffc593dc000 	C:\WINDOWS\SYSTEM32\dhcpcsvc.DLL
0x0000000068860000 - 0x0000000068871000 	C:\Program Files\Java\jdk1.8.0_161\jre\bin\nio.dll
0x00000000686c0000 - 0x0000000068858000 	C:\Program Files\Java\jdk1.8.0_161\jre\bin\awt.dll
0x00007ffc60390000 - 0x00007ffc60454000 	C:\WINDOWS\System32\OLEAUT32.dll
0x00007ffc5cdb0000 - 0x00007ffc5ce3f000 	C:\WINDOWS\SYSTEM32\apphelp.dll
0x00007ffc5d0e0000 - 0x00007ffc5d179000 	C:\WINDOWS\system32\uxtheme.dll
0x00007ffc619d0000 - 0x00007ffc61b06000 	C:\WINDOWS\System32\MSCTF.dll
0x00007ffc607b0000 - 0x00007ffc60907000 	C:\WINDOWS\System32\ole32.dll
0x00007ffc5d6d0000 - 0x00007ffc5d6fd000 	C:\WINDOWS\system32\DWMAPI.DLL
0x00007ffc4f860000 - 0x00007ffc4f9b6000 	C:\WINDOWS\system32\opengl32.dll
0x00007ffc58810000 - 0x00007ffc5883c000 	C:\WINDOWS\SYSTEM32\GLU32.dll
0x00007ffc5dd70000 - 0x00007ffc5dd90000 	C:\WINDOWS\SYSTEM32\dxcore.dll
0x0000000068670000 - 0x00000000686b7000 	C:\Program Files\Java\jdk1.8.0_161\jre\bin\fontmanager.dll
0x00007ffc52a60000 - 0x00007ffc52afe000 	C:\WINDOWS\System32\TextInputFramework.dll
0x00007ffc52c60000 - 0x00007ffc52f8a000 	C:\WINDOWS\System32\CoreUIComponents.dll
0x00007ffc5c4b0000 - 0x00007ffc5c584000 	C:\WINDOWS\System32\CoreMessaging.dll
0x00007ffc5e160000 - 0x00007ffc5e191000 	C:\WINDOWS\SYSTEM32\ntmarta.dll
0x00007ffc5a850000 - 0x00007ffc5a9a3000 	C:\WINDOWS\SYSTEM32\wintypes.dll
0x00007ffc53870000 - 0x00007ffc53b16000 	C:\WINDOWS\System32\iertutil.dll
0x00007ffc61620000 - 0x00007ffc616c2000 	C:\WINDOWS\System32\clbcatq.dll
0x00007ffc52480000 - 0x00007ffc5262f000 	C:\WINDOWS\SYSTEM32\WindowsCodecs.dll
0x00007ffc53e50000 - 0x00007ffc53e8a000 	C:\WINDOWS\system32\dataexchange.dll
0x00007ffc5bdf0000 - 0x00007ffc5c04b000 	C:\WINDOWS\system32\d3d11.dll
0x00007ffc5c590000 - 0x00007ffc5c76c000 	C:\WINDOWS\system32\dcomp.dll
0x00007ffc5de00000 - 0x00007ffc5deeb000 	C:\WINDOWS\system32\dxgi.dll
0x00007ffc5d180000 - 0x00007ffc5d3da000 	C:\WINDOWS\system32\twinapi.appcore.dll
0x00007ffc5d5e0000 - 0x00007ffc5d609000 	C:\WINDOWS\system32\RMCLIENT.dll
0x0000000068620000 - 0x0000000068662000 	C:\Program Files\Java\jdk1.8.0_161\jre\bin\t2k.dll
0x00007ffc4f7b0000 - 0x00007ffc4f7e8000 	C:\Program Files\Java\jdk1.8.0_161\jre\bin\jacob-1.18-x64.dll
0x00007ffc2b880000 - 0x00007ffc2b9ff000 	C:\WINDOWS\System32\Speech\Common\sapi.dll
0x00007ffc5fc90000 - 0x00007ffc5fcec000 	C:\WINDOWS\System32\WINTRUST.dll
0x00007ffc5f180000 - 0x00007ffc5f192000 	C:\WINDOWS\System32\MSASN1.dll
0x00007ffc5fcf0000 - 0x00007ffc5fe39000 	C:\WINDOWS\System32\CRYPT32.dll
0x00007ffc5a730000 - 0x00007ffc5a74c000 	C:\WINDOWS\SYSTEM32\MSACM32.dll
0x00007ffc5ab90000 - 0x00007ffc5ab9b000 	C:\WINDOWS\SYSTEM32\msdmo.dll
0x00007ffc57a60000 - 0x00007ffc57ad2000 	C:\WINDOWS\System32\MMDevApi.dll
0x00007ffc5ef20000 - 0x00007ffc5ef4a000 	C:\WINDOWS\System32\DEVOBJ.dll
0x00007ffc5ef50000 - 0x00007ffc5efed000 	C:\WINDOWS\SYSTEM32\sxs.dll
0x00007ffc28230000 - 0x00007ffc28431000 	C:\Windows\System32\speech_onecore\engines\tts\MSTTSEngine_OneCore.dll
0x00007ffc59b10000 - 0x00007ffc59b9a000 	C:\WINDOWS\SYSTEM32\msvcp110_win.dll
0x00007ffc2d620000 - 0x00007ffc2db03000 	C:\WINDOWS\System32\Speech_OneCore\Common\sapi_onecore.dll
0x00007ffc57b50000 - 0x00007ffc57cad000 	C:\WINDOWS\SYSTEM32\AudioSes.DLL
0x00007ffc5f020000 - 0x00007ffc5f04f000 	C:\WINDOWS\SYSTEM32\SspiCli.dll
0x00007ffc53fb0000 - 0x00007ffc54185000 	C:\WINDOWS\SYSTEM32\urlmon.dll
0x00007ffc5cae0000 - 0x00007ffc5cbcf000 	C:\WINDOWS\SYSTEM32\PROPSYS.dll
0x00007ffc56680000 - 0x00007ffc56770000 	C:\WINDOWS\SYSTEM32\WINHTTP.dll
0x00007ffc58210000 - 0x00007ffc582ee000 	C:\Windows\System32\Windows.ApplicationModel.dll
0x00007ffc4f6f0000 - 0x00007ffc4f7af000 	C:\Windows\System32\speech_onecore\engines\tts\MSTTSLoc_OneCore.DLL
0x00007ffc5b610000 - 0x00007ffc5b6c5000 	C:\WINDOWS\system32\MSWB70804.dll
0x00000000637c0000 - 0x00000000637ca000 	C:\Users\Lenovo\AppData\Local\Temp\jogamp.tmp.cache_000000\jln6573588226449995649\jln7906189883383469721\gluegen-rt.dll
0x0000000068610000 - 0x0000000068617000 	C:\Program Files\Java\jdk1.8.0_161\jre\bin\jawt.dll
0x000000006a440000 - 0x000000006a44b000 	C:\Users\Lenovo\AppData\Local\Temp\jogamp.tmp.cache_000000\jln6573588226449995649\jln7906189883383469721\nativewindow_awt.dll
0x000000006c100000 - 0x000000006c10b000 	C:\Users\Lenovo\AppData\Local\Temp\jogamp.tmp.cache_000000\jln6573588226449995649\jln7906189883383469721\nativewindow_win32.dll
0x0000000064500000 - 0x000000006458d000 	C:\Users\Lenovo\AppData\Local\Temp\jogamp.tmp.cache_000000\jln6573588226449995649\jln7906189883383469721\jogl_desktop.dll
0x00007ffc1c6b0000 - 0x00007ffc1d5b9000 	C:\WINDOWS\System32\DriverStore\FileRepository\iigd_dch.inf_amd64_3c82703a0fbed0ab\ig9icd64.dll
0x00007ffc58930000 - 0x00007ffc58ad0000 	C:\WINDOWS\System32\DriverStore\FileRepository\iigd_dch.inf_amd64_3c82703a0fbed0ab\igdgmm64.dll
0x00007ffc30e30000 - 0x00007ffc3322c000 	C:\WINDOWS\System32\DriverStore\FileRepository\iigd_dch.inf_amd64_3c82703a0fbed0ab\igc64.dll
0x00007ffc2c350000 - 0x00007ffc2c43f000 	C:\Users\Lenovo\.javacpp\cache\opencv-3.1.0-1.3-windows-x86_64.jar\org\bytedeco\javacpp\windows-x86_64\msvcr120.dll
0x00007ffc28d20000 - 0x00007ffc28dc6000 	C:\Users\Lenovo\.javacpp\cache\opencv-3.1.0-1.3-windows-x86_64.jar\org\bytedeco\javacpp\windows-x86_64\msvcp120.dll
0x00007ffc27fb0000 - 0x00007ffc2822a000 	C:\Users\Lenovo\.javacpp\cache\opencv-3.1.0-1.3-windows-x86_64.jar\org\bytedeco\javacpp\windows-x86_64\opencv_core310.dll
0x00007ffc209c0000 - 0x00007ffc20d02000 	C:\Users\Lenovo\.javacpp\cache\opencv-3.1.0-1.3-windows-x86_64.jar\org\bytedeco\javacpp\windows-x86_64\opencv_imgproc310.dll
0x00007ffc23f30000 - 0x00007ffc24157000 	C:\Users\Lenovo\.javacpp\cache\opencv-3.1.0-1.3-windows-x86_64.jar\org\bytedeco\javacpp\windows-x86_64\jniopencv_core.dll
0x00007ffc28c30000 - 0x00007ffc28d1d000 	C:\Users\Lenovo\.javacpp\cache\opencv-3.1.0-1.3-windows-x86_64.jar\org\bytedeco\javacpp\windows-x86_64\jniopencv_imgproc.dll
0x00007ffc206f0000 - 0x00007ffc209b9000 	C:\Users\Lenovo\.javacpp\cache\opencv-3.1.0-1.3-windows-x86_64.jar\org\bytedeco\javacpp\windows-x86_64\opencv_imgcodecs310.dll
0x00007ffc4ef80000 - 0x00007ffc4efa5000 	C:\Users\Lenovo\.javacpp\cache\opencv-3.1.0-1.3-windows-x86_64.jar\org\bytedeco\javacpp\windows-x86_64\jniopencv_imgcodecs.dll
0x00007ffc4c450000 - 0x00007ffc4c4a3000 	C:\Users\Lenovo\.javacpp\cache\opencv-3.1.0-1.3-windows-x86_64.jar\org\bytedeco\javacpp\windows-x86_64\opencv_videoio310.dll
0x00007ffc4ef50000 - 0x00007ffc4ef79000 	C:\WINDOWS\SYSTEM32\MSVFW32.dll

VM Arguments:
jvm_args: -agentlib:jdwp=transport=dt_socket,suspend=y,address=localhost:50159 -javaagent:D:\Users\Lenovo\eclipse\jee-2019-03\eclipse\configuration\org.eclipse.osgi\409\0\.cp\lib\javaagent-shaded.jar -Dfile.encoding=GBK 
java_command: ME.sample.Frame
java_class_path (initial): D:\Users\Lenovo\eclipse-workspace\DETA_YLJ1.5.9\target\classes;D:\Users\Lenovo\eclipse-workspace\DETA_YLJ1.5.9\lib\bssm.jar;D:\Users\Lenovo\eclipse-workspace\DETA_YLJ1.5.9\lib\commons-math-2.1.jar;D:\Users\Lenovo\eclipse-workspace\DETA_YLJ1.5.9\lib\commons-math3-3.0.jar;D:\Users\Lenovo\eclipse-workspace\DETA_YLJ1.5.9\lib\customizer.jar;D:\Users\Lenovo\eclipse-workspace\DETA_YLJ1.5.9\lib\ffmpeg-3.2.1-1.3-windows-x86_64.jar;D:\Users\Lenovo\eclipse-workspace\DETA_YLJ1.5.9\lib\ffmpeg-platform-3.2.1-1.3.jar;D:\Users\Lenovo\eclipse-workspace\DETA_YLJ1.5.9\lib;D:\Users\Lenovo\eclipse-workspace\DETA_YLJ1.5.9\lib\flandmark-1.07-1.3.jar;D:\Users\Lenovo\eclipse-workspace\DETA_YLJ1.5.9\lib\flandmark-platform-1.07-1.3.jar;D:\Users\Lenovo\eclipse-workspace\DETA_YLJ1.5.9\lib\flycapture-2.9.3.43-1.3-windows-x86_64.jar;D:\Users\Lenovo\eclipse-workspace\DETA_YLJ1.5.9\lib\flycapture-2.9.3.43-1.3.jar;D:\Users\Lenovo\eclipse-workspace\DETA_YLJ1.5.9\lib\flycapture-platform-2.9.3.43-1.3.jar;D:\Users\Lenovo\eclipse-workspace\DETA_YLJ1.5.9\lib\gluegen-rt.jar;D:\Users\Lenovo\eclipse-workspace\DETA_YLJ1.5.9\lib\gluegen.jar;D:\Users\Lenovo\eclipse-workspace\DETA_YLJ1.5.9\lib\gnujaxp.jar;D:\Users\Lenovo\eclipse-workspace\DETA_YLJ1.5.9\lib\icam.jar;D:\Users\Lenovo\eclipse-workspace\DETA_YLJ1.5.9\lib\iText-2.1.5.jar;D:\Users\Lenovo\eclipse-workspace\DETA_YLJ1.5.9\lib\javabuilder.jar;D:\Users\Lenovo\eclipse-workspace\DETA_YLJ1.5.9\lib\javacpp-1.3.jar;D:\Users\Lenovo\eclipse-workspace\DETA_YLJ1.5.9\lib\javacv-platform-1.3.jar;D:\Users\Lenovo\eclipse-workspace\DETA_YLJ1.5.9\lib\jcommon-1.0.16.jar;D:\Users\Lenovo\eclipse-workspace\DETA_YLJ1.5.9\lib\jfreechart-1.0.13-experimental.jar;D:\Users\Lenovo\eclipse-workspace\DETA_YLJ1.5.9\lib\jfreechart-1.0.13-swt.jar;D:\Users\Lenovo\eclipse-workspace\DETA_YLJ1.5.9\lib\jfreechart-1.0.13.jar;D:\Users\Lenovo\eclipse-workspace\DETA_YLJ1.5.9\lib\jmf.jar;D:\Users\Lenovo\eclipse-workspace\DETA_YLJ1.5.9\lib\jogl.all.jar;D:\Users\Lenovo\e
Launcher Type: SUN_STANDARD

Environment Variables:
PATH=C:\Program Files\Java\jdk1.8.0_161\jre\bin;C:/Program Files/Java/jre1.8.0_161/bin/server;C:/Program Files/Java/jre1.8.0_161/bin;C:/Program Files/Java/jre1.8.0_161/lib/amd64;C:\ProgramData\Oracle\Java\javapath;C:\Program Files (x86)\Intel\Intel(R) Management Engine Components\iCLS\;C:\Program Files\Intel\Intel(R) Management Engine Components\iCLS\;C:\Windows\system32;C:\Windows;C:\Windows\System32\Wbem;C:\Windows\System32\WindowsPowerShell\v1.0\;C:\Windows\System32\OpenSSH\;C:\Program Files (x86)\Intel\Intel(R) Management Engine Components\DAL;C:\Program Files\Intel\Intel(R) Management Engine Components\DAL;C:\Program Files (x86)\Intel\Intel(R) Management Engine Components\IPT;C:\Program Files\Intel\Intel(R) Management Engine Components\IPT;C:\Program Files (x86)\NVIDIA Corporation\PhysX\Common;C:\Program Files\Java\jdk1.8.0_161\bin;C:\Program Files\Java\jre1.8.0_161\bin;C:\Program Files\NVIDIA Corporation\NVIDIA NvDLISR;C:\WINDOWS\system32;C:\WINDOWS;C:\WINDOWS\System32\Wbem;C:\WINDOWS\System32\WindowsPowerShell\v1.0\;C:\WINDOWS\System32\OpenSSH\;D:\jdk\64\6.1.9\bin;D:\jdk\64\6.1.9;C:\Users\Lenovo\AppData\Local\Microsoft\WindowsApps;;C:\Users\Lenovo\Desktop\ZHUOMIAN;
USERNAME=Lenovo
OS=Windows_NT
PROCESSOR_IDENTIFIER=Intel64 Family 6 Model 158 Stepping 10, GenuineIntel



---------------  S Y S T E M  ---------------

OS: Windows 10.0 , 64 bit Build 18362 (10.0.18362.778)

CPU:total 8 (initial active 8) (4 cores per cpu, 2 threads per core) family 6 model 158 stepping 10, cmov, cx8, fxsr, mmx, sse, sse2, sse3, ssse3, sse4.1, sse4.2, popcnt, avx, avx2, aes, clmul, erms, 3dnowpref, lzcnt, ht, tsc, tscinvbit, bmi1, bmi2, adx

Memory: 4k page, physical 16648500k(6064708k free), swap 18768032k(2592700k free)

vm_info: Java HotSpot(TM) 64-Bit Server VM (25.161-b12) for windows-amd64 JRE (1.8.0_161-b12), built on Dec 19 2017 17:52:25 by "java_re" with MS VC++ 10.0 (VS2010)

time: Sun Feb 21 23:03:38 2021
elapsed time: 204 seconds (0d 0h 3m 24s)

