#
# A fatal error has been detected by the Java Runtime Environment:
#
#  EXCEPTION_INT_DIVIDE_BY_ZERO (0xc0000094) at pc=0x00007ffde8aaab5d, pid=13336, tid=0x00000000000026a4
#
# JRE version: Java(TM) SE Runtime Environment (8.0_161-b12) (build 1.8.0_161-b12)
# Java VM: Java HotSpot(TM) 64-Bit Server VM (25.161-b12 mixed mode windows-amd64 compressed oops)
# Problematic frame:
# C  [ig9icd64.dll+0x4bab5d]
#
# Failed to write core dump. Minidumps are not enabled by default on client versions of Windows
#
# If you would like to submit a bug report, please visit:
#   http://bugreport.java.com/bugreport/crash.jsp
# The crash happened outside the Java Virtual Machine in native code.
# See problematic frame for where to report the bug.
#

---------------  T H R E A D  ---------------

Current thread (0x0000000021cde800):  JavaThread "AWT-EventQueue-0" [_thread_in_native, id=9892, stack(0x0000000020c90000,0x0000000020d90000)]

siginfo: ExceptionCode=0xc0000094

Registers:
RAX=0x00000000000000b4, RBX=0x0000000020d8da10, RCX=0x00000000000000b4, RDX=0x0000000000000000
RSP=0x0000000020d8d868, RBP=0x0000000000000000, RSI=0x000000000000003c, RDI=0x0000000000000014
R8 =0x0000000000000003, R9 =0x0000000000000001, R10=0x0000000020d8d910, R11=0x0000000020d8dd10
R12=0x00000000000001c1, R13=0x00007ffde928aab0, R14=0x0000000000000000, R15=0x0000000000000000
RIP=0x00007ffde8aaab5d, EFLAGS=0x0000000000010297

Top of Stack: (sp=0x0000000020d8d868)
0x0000000020d8d868:   0000000000000001 0000000000000000
0x0000000020d8d878:   0000000000000001 0000000000000007
0x0000000020d8d888:   00007ffde8aad79b 0000000020d8da10
0x0000000020d8d898:   0000000020d8d990 0000000000000000
0x0000000020d8d8a8:   0000000000000000 000000000000002a
0x0000000020d8d8b8:   00007ffd00000001 0000000021f19e40
0x0000000020d8d8c8:   00007ffe00000000 0000000000000001
0x0000000020d8d8d8:   00007ffde861a16c 40005e0040000280
0x0000000020d8d8e8:   0000000000000000 000000002b2cf000
0x0000000020d8d8f8:   0000000000000000 000000002d9d3150
0x0000000020d8d908:   00007ffde8615ecf 00007ffde90a2270
0x0000000020d8d918:   0000000024cccb40 000000140000003c
0x0000000020d8d928:   0000002a00000000 000000b400000003
0x0000000020d8d938:   0000000000000000 0000000024d00db0
0x0000000020d8d948:   00000000010b9900 0000000000000000
0x0000000020d8d958:   0000000000000000 0000000024cccb40 

Instructions: (pc=0x00007ffde8aaab5d)
0x00007ffde8aaab3d:   42 20 0f 44 ce 41 0f af c8 41 89 4a 24 41 80 f9
0x00007ffde8aaab4d:   08 75 0a 83 c1 07 c1 f9 03 41 89 4a 24 8b c1 99
0x00007ffde8aaab5d:   41 f7 fe 85 d2 74 09 2b ca 41 03 ce 41 89 4a 24
0x00007ffde8aaab6d:   41 8b 43 10 44 0f af c5 41 8b d0 c1 ea 03 41 80 


Register to memory mapping:

RAX=0x00000000000000b4 is an unknown value
RBX=0x0000000020d8da10 is pointing into the stack for thread: 0x0000000021cde800
RCX=0x00000000000000b4 is an unknown value
RDX=0x0000000000000000 is an unknown value
RSP=0x0000000020d8d868 is pointing into the stack for thread: 0x0000000021cde800
RBP=0x0000000000000000 is an unknown value
RSI=0x000000000000003c is an unknown value
RDI=0x0000000000000014 is an unknown value
R8 =0x0000000000000003 is an unknown value
R9 =0x0000000000000001 is an unknown value
R10=0x0000000020d8d910 is pointing into the stack for thread: 0x0000000021cde800
R11=0x0000000020d8dd10 is pointing into the stack for thread: 0x0000000021cde800
R12=0x00000000000001c1 is an unknown value
R13=0x00007ffde928aab0 is an unknown value
R14=0x0000000000000000 is an unknown value
R15=0x0000000000000000 is an unknown value


Stack: [0x0000000020c90000,0x0000000020d90000],  sp=0x0000000020d8d868,  free space=1014k
Native frames: (J=compiled Java code, j=interpreted, Vv=VM code, C=native code)

Java frames: (J=compiled Java code, j=interpreted, Vv=VM code)
J 4831  jogamp.opengl.gl4.GL4bcImpl.dispatch_glDrawPixels1(IIIILjava/lang/Object;IZJ)V (0 bytes) @ 0x0000000003c837fc [0x0000000003c83780+0x7c]
J 4981 C2 jogamp.opengl.gl4.GL4bcImpl.glDrawPixels(IIIILjava/nio/Buffer;)V (109 bytes) @ 0x0000000003d3da14 [0x0000000003d3d880+0x194]
J 4667 C2 biProcessor.coAuthorForWord.drawWords([II[DFIILjava/util/Map;Ljava/util/Map;)V (1493 bytes) @ 0x0000000003af6e84 [0x0000000003af5b40+0x1344]
J 4667 C2 biProcessor.coAuthorForWord.drawWords([II[DFIILjava/util/Map;Ljava/util/Map;)V (1493 bytes) @ 0x0000000003af833c [0x0000000003af5b40+0x27fc]
J 4667 C2 biProcessor.coAuthorForWord.drawWords([II[DFIILjava/util/Map;Ljava/util/Map;)V (1493 bytes) @ 0x0000000003af833c [0x0000000003af5b40+0x27fc]
J 4462 C1 biProcessor.coAuthorForWord.display(Ljavax/media/opengl/GLAutoDrawable;)V (248 bytes) @ 0x0000000003c007c4 [0x0000000003bff880+0xf44]
J 4461 C1 jogamp.opengl.GLDrawableHelper.displayImpl(Ljavax/media/opengl/GLAutoDrawable;)V (69 bytes) @ 0x0000000003bfc02c [0x0000000003bfbbc0+0x46c]
J 4395 C1 javax.media.opengl.awt.GLCanvas$6.run()V (122 bytes) @ 0x0000000003bd1ae4 [0x0000000003bd1660+0x484]
J 4491 C1 jogamp.opengl.GLDrawableHelper.invokeGLImpl(Ljavax/media/opengl/GLDrawable;Ljavax/media/opengl/GLContext;Ljava/lang/Runnable;Ljava/lang/Runnable;Ljavax/media/opengl/GLAutoDrawable;)V (414 bytes) @ 0x0000000003439ac4 [0x0000000003438dc0+0xd04]
J 4490 C1 jogamp.opengl.GLDrawableHelper.invokeGL(Ljavax/media/opengl/GLDrawable;Ljavax/media/opengl/GLContext;Ljava/lang/Runnable;Ljava/lang/Runnable;)V (89 bytes) @ 0x00000000031664cc [0x0000000003166400+0xcc]
J 4460 C1 javax.media.opengl.awt.GLCanvas$8.run()V (39 bytes) @ 0x0000000003bfef6c [0x0000000003bfedc0+0x1ac]
J 1410 C1 java.awt.event.InvocationEvent.dispatch()V (69 bytes) @ 0x0000000003380e0c [0x0000000003380cc0+0x14c]
J 4905 C2 java.awt.EventQueue$3.run()Ljava/lang/Object; (5 bytes) @ 0x0000000003cf4450 [0x0000000003cf4160+0x2f0]
v  ~StubRoutines::call_stub
J 542  java.security.AccessController.doPrivileged(Ljava/security/PrivilegedAction;Ljava/security/AccessControlContext;)Ljava/lang/Object; (0 bytes) @ 0x000000000316afa6 [0x000000000316af40+0x66]
J 4880 C2 java.awt.EventDispatchThread.pumpOneEventForFilters(I)V (295 bytes) @ 0x0000000003ce198c [0x0000000003ce0980+0x100c]
j  java.awt.EventDispatchThread.pumpEventsForFilter(ILjava/awt/Conditional;Ljava/awt/EventFilter;)V+35
j  java.awt.EventDispatchThread.pumpEventsForHierarchy(ILjava/awt/Conditional;Ljava/awt/Component;)V+11
j  java.awt.EventDispatchThread.pumpEvents(ILjava/awt/Conditional;)V+4
j  java.awt.EventDispatchThread.pumpEvents(Ljava/awt/Conditional;)V+3
j  java.awt.EventDispatchThread.run()V+9
v  ~StubRoutines::call_stub

---------------  P R O C E S S  ---------------

Java Threads: ( => current thread )
  0x000000001fd13000 JavaThread "DestroyJavaVM" [_thread_blocked, id=14856, stack(0x00000000011d0000,0x00000000012d0000)]
  0x000000001fd11000 JavaThread "Thread-30" [_thread_blocked, id=14920, stack(0x0000000030c80000,0x0000000030d80000)]
  0x000000001fd0e800 JavaThread "Timer-0" [_thread_blocked, id=11004, stack(0x000000002e120000,0x000000002e220000)]
  0x000000001fd0b000 JavaThread "JavaCPP Deallocator" daemon [_thread_blocked, id=14072, stack(0x000000002e020000,0x000000002e120000)]
  0x0000000021d31800 JavaThread "Thread-14" [_thread_blocked, id=15336, stack(0x0000000024de0000,0x0000000024ee0000)]
  0x0000000021d31000 JavaThread "Thread-6-SharedResourceRunner" daemon [_thread_blocked, id=14432, stack(0x0000000024a80000,0x0000000024b80000)]
  0x00000000232cf800 JavaThread "Thread-11" [_thread_in_native, id=14248, stack(0x0000000024680000,0x0000000024780000)]
  0x0000000021146000 JavaThread "Thread-9" [_thread_in_native, id=11012, stack(0x0000000024580000,0x0000000024680000)]
  0x000000001fa6b800 JavaThread "Thread-2" [_thread_in_native, id=14472, stack(0x00000000231b0000,0x00000000232b0000)]
=>0x0000000021cde800 JavaThread "AWT-EventQueue-0" [_thread_in_native, id=9892, stack(0x0000000020c90000,0x0000000020d90000)]
  0x000000001fb0e800 JavaThread "AWT-Shutdown" [_thread_blocked, id=7000, stack(0x0000000020080000,0x0000000020180000)]
  0x000000001fb0f000 JavaThread "AWT-Windows" daemon [_thread_in_native, id=13884, stack(0x0000000020180000,0x0000000020280000)]
  0x000000001e9d4000 JavaThread "Java2D Disposer" daemon [_thread_blocked, id=12876, stack(0x000000001ff80000,0x0000000020080000)]
  0x000000001fabe800 JavaThread "TimerQueue" daemon [_thread_blocked, id=13408, stack(0x000000001fe80000,0x000000001ff80000)]
  0x000000001e977800 JavaThread "Service Thread" daemon [_thread_blocked, id=5152, stack(0x000000001f3b0000,0x000000001f4b0000)]
  0x000000001e8e9800 JavaThread "C1 CompilerThread3" daemon [_thread_blocked, id=12868, stack(0x000000001f2b0000,0x000000001f3b0000)]
  0x000000001e8e5800 JavaThread "C2 CompilerThread2" daemon [_thread_blocked, id=13032, stack(0x000000001f1b0000,0x000000001f2b0000)]
  0x000000001e8d8800 JavaThread "C2 CompilerThread1" daemon [_thread_blocked, id=3136, stack(0x000000001f0b0000,0x000000001f1b0000)]
  0x000000001e8d1000 JavaThread "C2 CompilerThread0" daemon [_thread_blocked, id=11300, stack(0x000000001efb0000,0x000000001f0b0000)]
  0x000000001e8d0000 JavaThread "Attach Listener" daemon [_thread_blocked, id=4264, stack(0x000000001eeb0000,0x000000001efb0000)]
  0x000000001e87d000 JavaThread "Signal Dispatcher" daemon [_thread_blocked, id=11872, stack(0x000000001edb0000,0x000000001eeb0000)]
  0x0000000002eee000 JavaThread "Finalizer" daemon [_thread_blocked, id=13800, stack(0x000000001ec40000,0x000000001ed40000)]
  0x0000000002eec800 JavaThread "Reference Handler" daemon [_thread_blocked, id=12332, stack(0x000000001e740000,0x000000001e840000)]

Other Threads:
  0x000000001c949000 VMThread [stack: 0x000000001e640000,0x000000001e740000] [id=6552]
  0x000000001e9a2000 WatcherThread [stack: 0x000000001f4b0000,0x000000001f5b0000] [id=14392]

VM state:not at safepoint (normal execution)

VM Mutex/Monitor currently owned by a thread: None

Heap:
 PSYoungGen      total 1258496K, used 855354K [0x000000076b500000, 0x00000007b9f80000, 0x00000007c0000000)
  eden space 1232384K, 68% used [0x000000076b500000,0x000000079ee59548,0x00000007b6880000)
  from space 26112K, 39% used [0x00000007b8600000,0x00000007b8ff5368,0x00000007b9f80000)
  to   space 28160K, 0% used [0x00000007b6880000,0x00000007b6880000,0x00000007b8400000)
 ParOldGen       total 532992K, used 380762K [0x00000006c1e00000, 0x00000006e2680000, 0x000000076b500000)
  object space 532992K, 71% used [0x00000006c1e00000,0x00000006d91d6ac8,0x00000006e2680000)
 Metaspace       used 28079K, capacity 28448K, committed 28672K, reserved 1075200K
  class space    used 3652K, capacity 3772K, committed 3840K, reserved 1048576K

Card table byte_map: [0x00000000122b0000,0x0000000012ab0000] byte_map_base: 0x000000000eca1000

Marking Bits: (ParMarkBitMap*) 0x000000007458f860
 Begin Bits: [0x0000000013800000, 0x0000000017788000)
 End Bits:   [0x0000000017788000, 0x000000001b710000)

Polling page: 0x0000000000fa0000

CodeCache: size=245760Kb used=15473Kb max_used=15490Kb free=230286Kb
 bounds [0x0000000002ef0000, 0x0000000003e40000, 0x0000000011ef0000]
 total_blobs=5074 nmethods=4158 adapters=825
 compilation: enabled

Compilation events (10 events):
Event: 162.813 Thread 0x000000001e8e5800 nmethod 5175 0x0000000003223550 code [0x00000000032236a0, 0x00000000032239f8]
Event: 162.825 Thread 0x000000001e8d8800 nmethod 5174 0x000000000392c0d0 code [0x000000000392c2e0, 0x000000000392cf28]
Event: 162.837 Thread 0x000000001e8e9800 5176       3       javax.swing.plaf.basic.BasicScrollBarUI::layoutHScrollbar (646 bytes)
Event: 162.839 Thread 0x000000001e8e9800 nmethod 5176 0x0000000003949150 code [0x0000000003949560, 0x000000000394c778]
Event: 162.839 Thread 0x000000001e8e9800 5177       3       javax.swing.text.html.CSS::getPointSize (54 bytes)
Event: 162.839 Thread 0x000000001e8e9800 nmethod 5177 0x0000000003b5b6d0 code [0x0000000003b5b840, 0x0000000003b5bbb0]
Event: 163.081 Thread 0x000000001e8d8800 5178   !   4       java.awt.EventQueue::postEventPrivate (104 bytes)
Event: 163.102 Thread 0x000000001e8d8800 nmethod 5178 0x0000000003e289d0 code [0x0000000003e28c60, 0x0000000003e2a580]
Event: 163.563 Thread 0x000000001e8d1000 5179       4       javax.swing.JComponent::getGraphics (33 bytes)
Event: 163.564 Thread 0x000000001e8d1000 nmethod 5179 0x00000000031204d0 code [0x0000000003120620, 0x00000000031206c8]

GC Heap History (10 events):
Event: 154.254 GC heap before
{Heap before GC invocations=94 (full 4):
 PSYoungGen      total 1237504K, used 1237480K [0x000000076b500000, 0x00000007ba680000, 0x00000007c0000000)
  eden space 1227776K, 100% used [0x000000076b500000,0x00000007b6400000,0x00000007b6400000)
  from space 9728K, 99% used [0x00000007b6400000,0x00000007b6d7a2b8,0x00000007b6d80000)
  to   space 33280K, 0% used [0x00000007b8600000,0x00000007b8600000,0x00000007ba680000)
 ParOldGen       total 532992K, used 380706K [0x00000006c1e00000, 0x00000006e2680000, 0x000000076b500000)
  object space 532992K, 71% used [0x00000006c1e00000,0x00000006d91c8ac8,0x00000006e2680000)
 Metaspace       used 27984K, capacity 28384K, committed 28672K, reserved 1075200K
  class space    used 3652K, capacity 3772K, committed 3840K, reserved 1048576K
Event: 154.256 GC heap after
Heap after GC invocations=94 (full 4):
 PSYoungGen      total 1261568K, used 2666K [0x000000076b500000, 0x00000007ba580000, 0x00000007c0000000)
  eden space 1229312K, 0% used [0x000000076b500000,0x000000076b500000,0x00000007b6580000)
  from space 32256K, 8% used [0x00000007b8600000,0x00000007b889aa70,0x00000007ba580000)
  to   space 32768K, 0% used [0x00000007b6580000,0x00000007b6580000,0x00000007b8580000)
 ParOldGen       total 532992K, used 380714K [0x00000006c1e00000, 0x00000006e2680000, 0x000000076b500000)
  object space 532992K, 71% used [0x00000006c1e00000,0x00000006d91caac8,0x00000006e2680000)
 Metaspace       used 27984K, capacity 28384K, committed 28672K, reserved 1075200K
  class space    used 3652K, capacity 3772K, committed 3840K, reserved 1048576K
}
Event: 156.435 GC heap before
{Heap before GC invocations=95 (full 4):
 PSYoungGen      total 1261568K, used 1231978K [0x000000076b500000, 0x00000007ba580000, 0x00000007c0000000)
  eden space 1229312K, 100% used [0x000000076b500000,0x00000007b6580000,0x00000007b6580000)
  from space 32256K, 8% used [0x00000007b8600000,0x00000007b889aa70,0x00000007ba580000)
  to   space 32768K, 0% used [0x00000007b6580000,0x00000007b6580000,0x00000007b8580000)
 ParOldGen       total 532992K, used 380714K [0x00000006c1e00000, 0x00000006e2680000, 0x000000076b500000)
  object space 532992K, 71% used [0x00000006c1e00000,0x00000006d91caac8,0x00000006e2680000)
 Metaspace       used 28066K, capacity 28448K, committed 28672K, reserved 1075200K
  class space    used 3652K, capacity 3772K, committed 3840K, reserved 1048576K
Event: 156.437 GC heap after
Heap after GC invocations=95 (full 4):
 PSYoungGen      total 1262080K, used 5501K [0x000000076b500000, 0x00000007ba400000, 0x00000007c0000000)
  eden space 1229312K, 0% used [0x000000076b500000,0x000000076b500000,0x00000007b6580000)
  from space 32768K, 16% used [0x00000007b6580000,0x00000007b6adf658,0x00000007b8580000)
  to   space 31232K, 0% used [0x00000007b8580000,0x00000007b8580000,0x00000007ba400000)
 ParOldGen       total 532992K, used 380738K [0x00000006c1e00000, 0x00000006e2680000, 0x000000076b500000)
  object space 532992K, 71% used [0x00000006c1e00000,0x00000006d91d0ac8,0x00000006e2680000)
 Metaspace       used 28066K, capacity 28448K, committed 28672K, reserved 1075200K
  class space    used 3652K, capacity 3772K, committed 3840K, reserved 1048576K
}
Event: 158.704 GC heap before
{Heap before GC invocations=96 (full 4):
 PSYoungGen      total 1262080K, used 1234813K [0x000000076b500000, 0x00000007ba400000, 0x00000007c0000000)
  eden space 1229312K, 100% used [0x000000076b500000,0x00000007b6580000,0x00000007b6580000)
  from space 32768K, 16% used [0x00000007b6580000,0x00000007b6adf658,0x00000007b8580000)
  to   space 31232K, 0% used [0x00000007b8580000,0x00000007b8580000,0x00000007ba400000)
 ParOldGen       total 532992K, used 380738K [0x00000006c1e00000, 0x00000006e2680000, 0x000000076b500000)
  object space 532992K, 71% used [0x00000006c1e00000,0x00000006d91d0ac8,0x00000006e2680000)
 Metaspace       used 28071K, capacity 28448K, committed 28672K, reserved 1075200K
  class space    used 3652K, capacity 3772K, committed 3840K, reserved 1048576K
Event: 158.707 GC heap after
Heap after GC invocations=96 (full 4):
 PSYoungGen      total 1257984K, used 9949K [0x000000076b500000, 0x00000007ba000000, 0x00000007c0000000)
  eden space 1230848K, 0% used [0x000000076b500000,0x000000076b500000,0x00000007b6700000)
  from space 27136K, 36% used [0x00000007b8580000,0x00000007b8f37658,0x00000007ba000000)
  to   space 29184K, 0% used [0x00000007b6700000,0x00000007b6700000,0x00000007b8380000)
 ParOldGen       total 532992K, used 380746K [0x00000006c1e00000, 0x00000006e2680000, 0x000000076b500000)
  object space 532992K, 71% used [0x00000006c1e00000,0x00000006d91d2ac8,0x00000006e2680000)
 Metaspace       used 28071K, capacity 28448K, committed 28672K, reserved 1075200K
  class space    used 3652K, capacity 3772K, committed 3840K, reserved 1048576K
}
Event: 160.806 GC heap before
{Heap before GC invocations=97 (full 4):
 PSYoungGen      total 1257984K, used 1240797K [0x000000076b500000, 0x00000007ba000000, 0x00000007c0000000)
  eden space 1230848K, 100% used [0x000000076b500000,0x00000007b6700000,0x00000007b6700000)
  from space 27136K, 36% used [0x00000007b8580000,0x00000007b8f37658,0x00000007ba000000)
  to   space 29184K, 0% used [0x00000007b6700000,0x00000007b6700000,0x00000007b8380000)
 ParOldGen       total 532992K, used 380746K [0x00000006c1e00000, 0x00000006e2680000, 0x000000076b500000)
  object space 532992K, 71% used [0x00000006c1e00000,0x00000006d91d2ac8,0x00000006e2680000)
 Metaspace       used 28071K, capacity 28448K, committed 28672K, reserved 1075200K
  class space    used 3652K, capacity 3772K, committed 3840K, reserved 1048576K
Event: 160.809 GC heap after
Heap after GC invocations=97 (full 4):
 PSYoungGen      total 1260032K, used 17556K [0x000000076b500000, 0x00000007ba380000, 0x00000007c0000000)
  eden space 1230848K, 0% used [0x000000076b500000,0x000000076b500000,0x00000007b6700000)
  from space 29184K, 60% used [0x00000007b6700000,0x00000007b7825368,0x00000007b8380000)
  to   space 30208K, 0% used [0x00000007b8600000,0x00000007b8600000,0x00000007ba380000)
 ParOldGen       total 532992K, used 380754K [0x00000006c1e00000, 0x00000006e2680000, 0x000000076b500000)
  object space 532992K, 71% used [0x00000006c1e00000,0x00000006d91d4ac8,0x00000006e2680000)
 Metaspace       used 28071K, capacity 28448K, committed 28672K, reserved 1075200K
  class space    used 3652K, capacity 3772K, committed 3840K, reserved 1048576K
}
Event: 163.021 GC heap before
{Heap before GC invocations=98 (full 4):
 PSYoungGen      total 1260032K, used 1248404K [0x000000076b500000, 0x00000007ba380000, 0x00000007c0000000)
  eden space 1230848K, 100% used [0x000000076b500000,0x00000007b6700000,0x00000007b6700000)
  from space 29184K, 60% used [0x00000007b6700000,0x00000007b7825368,0x00000007b8380000)
  to   space 30208K, 0% used [0x00000007b8600000,0x00000007b8600000,0x00000007ba380000)
 ParOldGen       total 532992K, used 380754K [0x00000006c1e00000, 0x00000006e2680000, 0x000000076b500000)
  object space 532992K, 71% used [0x00000006c1e00000,0x00000006d91d4ac8,0x00000006e2680000)
 Metaspace       used 28079K, capacity 28448K, committed 28672K, reserved 1075200K
  class space    used 3652K, capacity 3772K, committed 3840K, reserved 1048576K
Event: 163.024 GC heap after
Heap after GC invocations=98 (full 4):
 PSYoungGen      total 1258496K, used 10196K [0x000000076b500000, 0x00000007b9f80000, 0x00000007c0000000)
  eden space 1232384K, 0% used [0x000000076b500000,0x000000076b500000,0x00000007b6880000)
  from space 26112K, 39% used [0x00000007b8600000,0x00000007b8ff5368,0x00000007b9f80000)
  to   space 28160K, 0% used [0x00000007b6880000,0x00000007b6880000,0x00000007b8400000)
 ParOldGen       total 532992K, used 380762K [0x00000006c1e00000, 0x00000006e2680000, 0x000000076b500000)
  object space 532992K, 71% used [0x00000006c1e00000,0x00000006d91d6ac8,0x00000006e2680000)
 Metaspace       used 28079K, capacity 28448K, committed 28672K, reserved 1075200K
  class space    used 3652K, capacity 3772K, committed 3840K, reserved 1048576K
}

Deoptimization events (10 events):
Event: 147.009 Thread 0x0000000021cde800 Uncommon trap: reason=class_check action=maybe_recompile pc=0x00000000038ac2d8 method=sun.font.TrueTypeGlyphMapper.getGlyphFromCMAP(I)C @ 5
Event: 147.009 Thread 0x0000000021cde800 Uncommon trap: reason=class_check action=maybe_recompile pc=0x00000000038ac2d8 method=sun.font.TrueTypeGlyphMapper.getGlyphFromCMAP(I)C @ 5
Event: 150.107 Thread 0x0000000021cde800 Uncommon trap: reason=unstable_if action=reinterpret pc=0x0000000003ce7000 method=javax.swing.SwingUtilities.computeIntersection(IIIILjava/awt/Rectangle;)Ljava/awt/Rectangle; @ 62
Event: 161.902 Thread 0x0000000021cde800 Uncommon trap: reason=class_check action=maybe_recompile pc=0x0000000003c31444 method=java.awt.EventQueue.coalesceEvent(Ljava/awt/AWTEvent;I)Z @ 77
Event: 161.902 Thread 0x0000000021cde800 Uncommon trap: reason=class_check action=maybe_recompile pc=0x0000000003cb0b9c method=java.awt.EventQueue.setCurrentEventAndMostRecentTimeImpl(Ljava/awt/AWTEvent;)V @ 53
Event: 161.902 Thread 0x0000000021cde800 Uncommon trap: reason=class_check action=maybe_recompile pc=0x0000000003cb0b9c method=java.awt.EventQueue.setCurrentEventAndMostRecentTimeImpl(Ljava/awt/AWTEvent;)V @ 53
Event: 161.949 Thread 0x0000000021cde800 Uncommon trap: reason=class_check action=maybe_recompile pc=0x0000000003c31444 method=java.awt.EventQueue.coalesceEvent(Ljava/awt/AWTEvent;I)Z @ 77
Event: 161.949 Thread 0x0000000021cde800 Uncommon trap: reason=class_check action=maybe_recompile pc=0x0000000003cb0b9c method=java.awt.EventQueue.setCurrentEventAndMostRecentTimeImpl(Ljava/awt/AWTEvent;)V @ 53
Event: 161.949 Thread 0x0000000021cde800 Uncommon trap: reason=class_check action=maybe_recompile pc=0x0000000003cb0b9c method=java.awt.EventQueue.setCurrentEventAndMostRecentTimeImpl(Ljava/awt/AWTEvent;)V @ 53
Event: 161.991 Thread 0x0000000021cde800 Uncommon trap: reason=class_check action=maybe_recompile pc=0x0000000003c31444 method=java.awt.EventQueue.coalesceEvent(Ljava/awt/AWTEvent;I)Z @ 77

Classes redefined (0 events):
No events

Internal exceptions (10 events):
Event: 56.210 Thread 0x0000000021d30000 Implicit null exception at 0x0000000003066fbe to 0x000000000306736d
Event: 57.249 Thread 0x0000000002df5000 Exception <a 'java/lang/reflect/InvocationTargetException'> (0x00000007afb09cf8) thrown at [C:\re\workspace\8-2-build-windows-amd64-cygwin\jdk8u161\10277\hotspot\src\share\vm\runtime\reflection.cpp, line 1092]
Event: 57.443 Thread 0x0000000002df5000 Implicit null exception at 0x0000000003131af5 to 0x0000000003132251
Event: 143.240 Thread 0x0000000021cde800 Implicit null exception at 0x000000000399f263 to 0x000000000399f42f
Event: 143.240 Thread 0x0000000021cde800 Exception <a 'java/lang/NullPointerException'> (0x000000076fd99f80) thrown at [C:\re\workspace\8-2-build-windows-amd64-cygwin\jdk8u161\10277\hotspot\src\share\vm\runtime\sharedRuntime.cpp, line 605]
Event: 147.008 Thread 0x0000000021cde800 Implicit null exception at 0x0000000003c9624e to 0x0000000003c976a1
Event: 161.327 Thread 0x0000000021cde800 Implicit null exception at 0x000000000399f263 to 0x000000000399f42f
Event: 161.327 Thread 0x0000000021cde800 Exception <a 'java/lang/NullPointerException'> (0x000000077f53ad28) thrown at [C:\re\workspace\8-2-build-windows-amd64-cygwin\jdk8u161\10277\hotspot\src\share\vm\runtime\sharedRuntime.cpp, line 605]
Event: 162.812 Thread 0x0000000021cde800 Implicit null exception at 0x000000000399f263 to 0x000000000399f42f
Event: 162.812 Thread 0x0000000021cde800 Exception <a 'java/lang/NullPointerException'> (0x00000007af542288) thrown at [C:\re\workspace\8-2-build-windows-amd64-cygwin\jdk8u161\10277\hotspot\src\share\vm\runtime\sharedRuntime.cpp, line 605]

Events (10 events):
Event: 161.951 Thread 0x000000001e8e9800 flushing nmethod 0x0000000003b4a2d0
Event: 161.951 Thread 0x000000001e8e9800 flushing nmethod 0x0000000003b4bf90
Event: 161.951 Thread 0x000000001e8e9800 flushing nmethod 0x0000000003b5b550
Event: 161.991 Thread 0x0000000021cde800 Uncommon trap: trap_request=0xffffffde fr.pc=0x0000000003c31444
Event: 161.991 Thread 0x0000000021cde800 DEOPT PACKING pc=0x0000000003c31444 sp=0x0000000020d8f310
Event: 161.991 Thread 0x0000000021cde800 DEOPT UNPACKING pc=0x0000000002f3583b sp=0x0000000020d8f188 mode 2
Event: 163.021 Executing VM operation: ParallelGCFailedAllocation
Event: 163.024 Executing VM operation: ParallelGCFailedAllocation done
Event: 163.563 Executing VM operation: RevokeBias
Event: 163.563 Executing VM operation: RevokeBias done


Dynamic libraries:
0x00007ff66cfc0000 - 0x00007ff66cff7000 	C:\Program Files\Java\jdk1.8.0_161\jre\bin\javaw.exe
0x00007ffe2b1a0000 - 0x00007ffe2b390000 	C:\WINDOWS\SYSTEM32\ntdll.dll
0x00007ffe237d0000 - 0x00007ffe237e3000 	D:\Program Files\AVAST Software\Avast\aswhook.dll
0x00007ffe2aa50000 - 0x00007ffe2ab02000 	C:\WINDOWS\System32\KERNEL32.DLL
0x00007ffe281e0000 - 0x00007ffe28483000 	C:\WINDOWS\System32\KERNELBASE.dll
0x00007ffe2a750000 - 0x00007ffe2a7f3000 	C:\WINDOWS\System32\ADVAPI32.dll
0x00007ffe29c60000 - 0x00007ffe29cfe000 	C:\WINDOWS\System32\msvcrt.dll
0x00007ffe2ab90000 - 0x00007ffe2ac27000 	C:\WINDOWS\System32\sechost.dll
0x00007ffe29250000 - 0x00007ffe29370000 	C:\WINDOWS\System32\RPCRT4.dll
0x00007ffe2adf0000 - 0x00007ffe2af84000 	C:\WINDOWS\System32\USER32.dll
0x00007ffe29220000 - 0x00007ffe29241000 	C:\WINDOWS\System32\win32u.dll
0x00007ffe2aa20000 - 0x00007ffe2aa46000 	C:\WINDOWS\System32\GDI32.dll
0x00007ffe287b0000 - 0x00007ffe28944000 	C:\WINDOWS\System32\gdi32full.dll
0x00007ffe28610000 - 0x00007ffe286ae000 	C:\WINDOWS\System32\msvcp_win.dll
0x00007ffe286b0000 - 0x00007ffe287aa000 	C:\WINDOWS\System32\ucrtbase.dll
0x00007ffe143a0000 - 0x00007ffe14625000 	C:\WINDOWS\WinSxS\amd64_microsoft.windows.common-controls_6595b64144ccf1df_6.0.18362.778_none_e6c6b761130d4fb8\COMCTL32.dll
0x00007ffe29d90000 - 0x00007ffe2a0c6000 	C:\WINDOWS\System32\combase.dll
0x00007ffe290d0000 - 0x00007ffe29150000 	C:\WINDOWS\System32\bcryptPrimitives.dll
0x00007ffe29d60000 - 0x00007ffe29d8e000 	C:\WINDOWS\System32\IMM32.DLL
0x00000000750d0000 - 0x00000000751a2000 	C:\Program Files\Java\jdk1.8.0_161\jre\bin\msvcr100.dll
0x0000000073d70000 - 0x000000007460f000 	C:\Program Files\Java\jdk1.8.0_161\jre\bin\server\jvm.dll
0x00007ffe2ade0000 - 0x00007ffe2ade8000 	C:\WINDOWS\System32\PSAPI.DLL
0x00007ffe1dbc0000 - 0x00007ffe1dbc9000 	C:\WINDOWS\SYSTEM32\WSOCK32.dll
0x00007ffe2a950000 - 0x00007ffe2a9bf000 	C:\WINDOWS\System32\WS2_32.dll
0x00007ffe1c900000 - 0x00007ffe1c924000 	C:\WINDOWS\SYSTEM32\WINMM.dll
0x00007ffe22030000 - 0x00007ffe2203a000 	C:\WINDOWS\SYSTEM32\VERSION.dll
0x00007ffe1c8d0000 - 0x00007ffe1c8fd000 	C:\WINDOWS\SYSTEM32\WINMMBASE.dll
0x00007ffe28190000 - 0x00007ffe281da000 	C:\WINDOWS\System32\cfgmgr32.dll
0x00000000750c0000 - 0x00000000750cf000 	C:\Program Files\Java\jdk1.8.0_161\jre\bin\verify.dll
0x0000000075090000 - 0x00000000750b9000 	C:\Program Files\Java\jdk1.8.0_161\jre\bin\java.dll
0x0000000075070000 - 0x0000000075086000 	C:\Program Files\Java\jdk1.8.0_161\jre\bin\zip.dll
0x00007ffe294d0000 - 0x00007ffe29bb5000 	C:\WINDOWS\System32\SHELL32.dll
0x00007ffe2af90000 - 0x00007ffe2b039000 	C:\WINDOWS\System32\shcore.dll
0x00007ffe28950000 - 0x00007ffe290d0000 	C:\WINDOWS\System32\windows.storage.dll
0x00007ffe280b0000 - 0x00007ffe280d3000 	C:\WINDOWS\System32\profapi.dll
0x00007ffe280e0000 - 0x00007ffe2812a000 	C:\WINDOWS\System32\powrprof.dll
0x00007ffe28060000 - 0x00007ffe28070000 	C:\WINDOWS\System32\UMPDC.dll
0x00007ffe29d00000 - 0x00007ffe29d52000 	C:\WINDOWS\System32\shlwapi.dll
0x00007ffe28090000 - 0x00007ffe280a1000 	C:\WINDOWS\System32\kernel.appcore.dll
0x00007ffe29150000 - 0x00007ffe29167000 	C:\WINDOWS\System32\cryptsp.dll
0x00007ffe273e0000 - 0x00007ffe27413000 	C:\WINDOWS\system32\rsaenh.dll
0x00007ffe28490000 - 0x00007ffe284b6000 	C:\WINDOWS\System32\bcrypt.dll
0x00007ffe27f80000 - 0x00007ffe27fa5000 	C:\WINDOWS\SYSTEM32\USERENV.dll
0x00007ffe27aa0000 - 0x00007ffe27aac000 	C:\WINDOWS\SYSTEM32\CRYPTBASE.dll
0x0000000075050000 - 0x000000007506a000 	C:\Program Files\Java\jdk1.8.0_161\jre\bin\net.dll
0x00007ffe278d0000 - 0x00007ffe27937000 	C:\WINDOWS\system32\mswsock.dll
0x00007ffe27580000 - 0x00007ffe275ba000 	C:\WINDOWS\SYSTEM32\IPHLPAPI.DLL
0x00007ffe2a610000 - 0x00007ffe2a618000 	C:\WINDOWS\System32\NSI.dll
0x00007ffe20d90000 - 0x00007ffe20da6000 	C:\WINDOWS\SYSTEM32\dhcpcsvc6.DLL
0x00007ffe21a70000 - 0x00007ffe21a8c000 	C:\WINDOWS\SYSTEM32\dhcpcsvc.DLL
0x00007ffe275c0000 - 0x00007ffe2768a000 	C:\WINDOWS\SYSTEM32\DNSAPI.dll
0x0000000075030000 - 0x0000000075041000 	C:\Program Files\Java\jdk1.8.0_161\jre\bin\nio.dll
0x0000000073bd0000 - 0x0000000073d68000 	C:\Program Files\Java\jdk1.8.0_161\jre\bin\awt.dll
0x00007ffe2a540000 - 0x00007ffe2a604000 	C:\WINDOWS\System32\OLEAUT32.dll
0x00007ffe25eb0000 - 0x00007ffe25f3f000 	C:\WINDOWS\SYSTEM32\apphelp.dll
0x00007ffe26040000 - 0x00007ffe260d9000 	C:\WINDOWS\system32\uxtheme.dll
0x00007ffe2a800000 - 0x00007ffe2a936000 	C:\WINDOWS\System32\MSCTF.dll
0x00007ffe29370000 - 0x00007ffe294c7000 	C:\WINDOWS\System32\ole32.dll
0x00007ffe26570000 - 0x00007ffe2659d000 	C:\WINDOWS\system32\DWMAPI.DLL
0x00007ffe19e40000 - 0x00007ffe19f96000 	C:\WINDOWS\system32\opengl32.dll
0x00007ffe21ff0000 - 0x00007ffe2201c000 	C:\WINDOWS\SYSTEM32\GLU32.dll
0x00007ffe26cd0000 - 0x00007ffe26cf0000 	C:\WINDOWS\SYSTEM32\dxcore.dll
0x0000000073b80000 - 0x0000000073bc7000 	C:\Program Files\Java\jdk1.8.0_161\jre\bin\fontmanager.dll
0x00007ffe1b580000 - 0x00007ffe1b61e000 	C:\WINDOWS\System32\TextInputFramework.dll
0x00007ffe1bad0000 - 0x00007ffe1bdfa000 	C:\WINDOWS\System32\CoreUIComponents.dll
0x00007ffe25510000 - 0x00007ffe255e4000 	C:\WINDOWS\System32\CoreMessaging.dll
0x00007ffe270c0000 - 0x00007ffe270f1000 	C:\WINDOWS\SYSTEM32\ntmarta.dll
0x00007ffe23430000 - 0x00007ffe23583000 	C:\WINDOWS\SYSTEM32\wintypes.dll
0x00007ffe1cca0000 - 0x00007ffe1cf46000 	C:\WINDOWS\System32\iertutil.dll
0x00007ffe2b040000 - 0x00007ffe2b0e2000 	C:\WINDOWS\System32\clbcatq.dll
0x00007ffe1ade0000 - 0x00007ffe1af8f000 	C:\WINDOWS\SYSTEM32\WindowsCodecs.dll
0x00007ffe1f480000 - 0x00007ffe1f4ba000 	C:\WINDOWS\system32\dataexchange.dll
0x00007ffe24e50000 - 0x00007ffe250ab000 	C:\WINDOWS\system32\d3d11.dll
0x00007ffe255f0000 - 0x00007ffe257cc000 	C:\WINDOWS\system32\dcomp.dll
0x00007ffe26d60000 - 0x00007ffe26e4b000 	C:\WINDOWS\system32\dxgi.dll
0x00007ffe26100000 - 0x00007ffe2635a000 	C:\WINDOWS\system32\twinapi.appcore.dll
0x00007ffe26540000 - 0x00007ffe26569000 	C:\WINDOWS\system32\RMCLIENT.dll
0x0000000073b30000 - 0x0000000073b72000 	C:\Program Files\Java\jdk1.8.0_161\jre\bin\t2k.dll
0x00000000637c0000 - 0x00000000637ca000 	C:\Users\Lenovo\AppData\Local\Temp\jogamp.tmp.cache_000000\jln353560895475310164\jln5545663681625119284\gluegen-rt.dll
0x0000000073b20000 - 0x0000000073b27000 	C:\Program Files\Java\jdk1.8.0_161\jre\bin\jawt.dll
0x000000006a440000 - 0x000000006a44b000 	C:\Users\Lenovo\AppData\Local\Temp\jogamp.tmp.cache_000000\jln353560895475310164\jln5545663681625119284\nativewindow_awt.dll
0x000000006c100000 - 0x000000006c10b000 	C:\Users\Lenovo\AppData\Local\Temp\jogamp.tmp.cache_000000\jln353560895475310164\jln5545663681625119284\nativewindow_win32.dll
0x0000000064500000 - 0x000000006458d000 	C:\Users\Lenovo\AppData\Local\Temp\jogamp.tmp.cache_000000\jln353560895475310164\jln5545663681625119284\jogl_desktop.dll
0x00007ffde85f0000 - 0x00007ffde94f9000 	C:\WINDOWS\System32\DriverStore\FileRepository\iigd_dch.inf_amd64_3c82703a0fbed0ab\ig9icd64.dll
0x00007ffe17220000 - 0x00007ffe173c0000 	C:\WINDOWS\System32\DriverStore\FileRepository\iigd_dch.inf_amd64_3c82703a0fbed0ab\igdgmm64.dll
0x00007ffe14960000 - 0x00007ffe16d5c000 	C:\WINDOWS\System32\DriverStore\FileRepository\iigd_dch.inf_amd64_3c82703a0fbed0ab\igc64.dll
0x00007ffdf1ec0000 - 0x00007ffdf1faf000 	C:\Users\Lenovo\.javacpp\cache\opencv-3.1.0-1.3-windows-x86_64.jar\org\bytedeco\javacpp\windows-x86_64\msvcr120.dll
0x00007ffdef6e0000 - 0x00007ffdef786000 	C:\Users\Lenovo\.javacpp\cache\opencv-3.1.0-1.3-windows-x86_64.jar\org\bytedeco\javacpp\windows-x86_64\msvcp120.dll
0x00007ffdedb70000 - 0x00007ffdeddea000 	C:\Users\Lenovo\.javacpp\cache\opencv-3.1.0-1.3-windows-x86_64.jar\org\bytedeco\javacpp\windows-x86_64\opencv_core310.dll
0x00007ffded820000 - 0x00007ffdedb62000 	C:\Users\Lenovo\.javacpp\cache\opencv-3.1.0-1.3-windows-x86_64.jar\org\bytedeco\javacpp\windows-x86_64\opencv_imgproc310.dll
0x000000002ec20000 - 0x000000002ee47000 	C:\Users\Lenovo\.javacpp\cache\opencv-3.1.0-1.3-windows-x86_64.jar\org\bytedeco\javacpp\windows-x86_64\jniopencv_core.dll
0x0000000073ae0000 - 0x0000000073b11000 	C:\Program Files\Java\jdk1.8.0_161\jre\bin\jpeg.dll
0x00007ffdef5f0000 - 0x00007ffdef6dd000 	C:\Users\Lenovo\.javacpp\cache\opencv-3.1.0-1.3-windows-x86_64.jar\org\bytedeco\javacpp\windows-x86_64\jniopencv_imgproc.dll
0x00007ffdea2b0000 - 0x00007ffdea579000 	C:\Users\Lenovo\.javacpp\cache\opencv-3.1.0-1.3-windows-x86_64.jar\org\bytedeco\javacpp\windows-x86_64\opencv_imgcodecs310.dll
0x00007ffe22e30000 - 0x00007ffe22e55000 	C:\Users\Lenovo\.javacpp\cache\opencv-3.1.0-1.3-windows-x86_64.jar\org\bytedeco\javacpp\windows-x86_64\jniopencv_imgcodecs.dll
0x00007ffe21610000 - 0x00007ffe21663000 	C:\Users\Lenovo\.javacpp\cache\opencv-3.1.0-1.3-windows-x86_64.jar\org\bytedeco\javacpp\windows-x86_64\opencv_videoio310.dll
0x00007ffe22e00000 - 0x00007ffe22e29000 	C:\WINDOWS\SYSTEM32\MSVFW32.dll
0x00007ffe21c90000 - 0x00007ffe21cb0000 	C:\WINDOWS\SYSTEM32\AVIFIL32.dll
0x00007ffe215f0000 - 0x00007ffe21608000 	C:\WINDOWS\SYSTEM32\AVICAP32.dll
0x00007ffe12da0000 - 0x00007ffe12dbc000 	C:\WINDOWS\SYSTEM32\MSACM32.dll
0x00007ffe1c5c0000 - 0x00007ffe1c5d7000 	C:\Users\Lenovo\.javacpp\cache\opencv-3.1.0-1.3-windows-x86_64.jar\org\bytedeco\javacpp\windows-x86_64\jniopencv_videoio.dll
0x00007ffe1c0f0000 - 0x00007ffe1c108000 	C:\Windows\System32\devenum.dll
0x00007ffe2a0d0000 - 0x00007ffe2a540000 	C:\WINDOWS\System32\setupapi.dll
0x00007ffe27e60000 - 0x00007ffe27e8a000 	C:\WINDOWS\SYSTEM32\DEVOBJ.dll
0x00007ffe28130000 - 0x00007ffe2818c000 	C:\WINDOWS\System32\WINTRUST.dll
0x00007ffe28070000 - 0x00007ffe28082000 	C:\WINDOWS\System32\MSASN1.dll
0x00007ffe284c0000 - 0x00007ffe28609000 	C:\WINDOWS\System32\CRYPT32.dll
0x00007ffe23720000 - 0x00007ffe2372b000 	C:\WINDOWS\SYSTEM32\msdmo.dll
0x00007ffe12480000 - 0x00007ffe124b4000 	C:\Windows\System32\qcap.dll
0x00007ffdea0e0000 - 0x00007ffdea2a4000 	C:\Windows\System32\quartz.dll
0x00007ffe12370000 - 0x00007ffe123bc000 	C:\Windows\System32\mfksproxy.dll
0x00007ffe1c600000 - 0x00007ffe1c61c000 	C:\Windows\System32\ATL.DLL
0x00007ffe1efb0000 - 0x00007ffe1f1aa000 	C:\Windows\System32\MFPlat.DLL
0x00007ffe1f400000 - 0x00007ffe1f42f000 	C:\Windows\System32\RTWorkQ.DLL
0x00007ffde9cf0000 - 0x00007ffdea0dc000 	C:\Windows\System32\MFCORE.dll
0x00007ffe13ad0000 - 0x00007ffe13ad9000 	C:\Windows\System32\ksuser.dll
0x00007ffe009f0000 - 0x00007ffe00a45000 	C:\Windows\System32\FSClient.dll
0x00007ffe008b0000 - 0x00007ffe0090c000 	C:\Windows\System32\MFSENSORGROUP.dll
0x00007ffe22020000 - 0x00007ffe2202a000 	C:\Windows\System32\AVRT.dll
0x00007ffe236f0000 - 0x00007ffe236fd000 	C:\Windows\System32\vidcap.ax
0x00007ffe00880000 - 0x00007ffe008a6000 	C:\Windows\System32\kswdmcap.ax
0x00007ffde9920000 - 0x00007ffde9a82000 	C:\Windows\System32\MFC42.dll
0x00007ffdeaf50000 - 0x00007ffdeb089000 	C:\Windows\System32\MFReadWrite.dll
0x00007ffdef000000 - 0x00007ffdef0a1000 	C:\Windows\System32\qedit.dll
0x00007ffe2a680000 - 0x00007ffe2a750000 	C:\WINDOWS\System32\COMDLG32.dll
0x00007ffe191c0000 - 0x00007ffe19363000 	C:\WINDOWS\WinSxS\amd64_microsoft.windows.gdiplus_6595b64144ccf1df_1.1.18362.778_none_17b1aa466d9fc986\gdiplus.dll
0x00007ffe00d80000 - 0x00007ffe00e77000 	C:\Windows\System32\DDRAW.dll
0x00007ffe21fd0000 - 0x00007ffe21fd8000 	C:\Windows\System32\DCIMAN32.dll

VM Arguments:
jvm_args: -Dfile.encoding=GBK 
java_command: ME.sample.Frame
java_class_path (initial): D:\Users\Lenovo\eclipse-workspace\DETA_YLJ1.5.9\target\classes;D:\Users\Lenovo\eclipse-workspace\DETA_YLJ1.5.9\lib\bssm.jar;D:\Users\Lenovo\eclipse-workspace\DETA_YLJ1.5.9\lib\commons-math-2.1.jar;D:\Users\Lenovo\eclipse-workspace\DETA_YLJ1.5.9\lib\commons-math3-3.0.jar;D:\Users\Lenovo\eclipse-workspace\DETA_YLJ1.5.9\lib\customizer.jar;D:\Users\Lenovo\eclipse-workspace\DETA_YLJ1.5.9\lib\ffmpeg-3.2.1-1.3-windows-x86_64.jar;D:\Users\Lenovo\eclipse-workspace\DETA_YLJ1.5.9\lib\ffmpeg-platform-3.2.1-1.3.jar;D:\Users\Lenovo\eclipse-workspace\DETA_YLJ1.5.9\lib;D:\Users\Lenovo\eclipse-workspace\DETA_YLJ1.5.9\lib\flandmark-1.07-1.3.jar;D:\Users\Lenovo\eclipse-workspace\DETA_YLJ1.5.9\lib\flandmark-platform-1.07-1.3.jar;D:\Users\Lenovo\eclipse-workspace\DETA_YLJ1.5.9\lib\flycapture-2.9.3.43-1.3-windows-x86_64.jar;D:\Users\Lenovo\eclipse-workspace\DETA_YLJ1.5.9\lib\flycapture-2.9.3.43-1.3.jar;D:\Users\Lenovo\eclipse-workspace\DETA_YLJ1.5.9\lib\flycapture-platform-2.9.3.43-1.3.jar;D:\Users\Lenovo\eclipse-workspace\DETA_YLJ1.5.9\lib\gluegen-rt.jar;D:\Users\Lenovo\eclipse-workspace\DETA_YLJ1.5.9\lib\gluegen.jar;D:\Users\Lenovo\eclipse-workspace\DETA_YLJ1.5.9\lib\gnujaxp.jar;D:\Users\Lenovo\eclipse-workspace\DETA_YLJ1.5.9\lib\icam.jar;D:\Users\Lenovo\eclipse-workspace\DETA_YLJ1.5.9\lib\iText-2.1.5.jar;D:\Users\Lenovo\eclipse-workspace\DETA_YLJ1.5.9\lib\javabuilder.jar;D:\Users\Lenovo\eclipse-workspace\DETA_YLJ1.5.9\lib\javacpp-1.3.jar;D:\Users\Lenovo\eclipse-workspace\DETA_YLJ1.5.9\lib\javacv-platform-1.3.jar;D:\Users\Lenovo\eclipse-workspace\DETA_YLJ1.5.9\lib\jcommon-1.0.16.jar;D:\Users\Lenovo\eclipse-workspace\DETA_YLJ1.5.9\lib\jfreechart-1.0.13-experimental.jar;D:\Users\Lenovo\eclipse-workspace\DETA_YLJ1.5.9\lib\jfreechart-1.0.13-swt.jar;D:\Users\Lenovo\eclipse-workspace\DETA_YLJ1.5.9\lib\jfreechart-1.0.13.jar;D:\Users\Lenovo\eclipse-workspace\DETA_YLJ1.5.9\lib\jmf.jar;D:\Users\Lenovo\eclipse-workspace\DETA_YLJ1.5.9\lib\jogl.all.jar;D:\Users\Lenovo\e
Launcher Type: SUN_STANDARD

Environment Variables:
PATH=C:/Program Files/Java/jre1.8.0_161/bin/server;C:/Program Files/Java/jre1.8.0_161/bin;C:/Program Files/Java/jre1.8.0_161/lib/amd64;C:\ProgramData\Oracle\Java\javapath;C:\Program Files (x86)\Intel\Intel(R) Management Engine Components\iCLS\;C:\Program Files\Intel\Intel(R) Management Engine Components\iCLS\;C:\Windows\system32;C:\Windows;C:\Windows\System32\Wbem;C:\Windows\System32\WindowsPowerShell\v1.0\;C:\Windows\System32\OpenSSH\;C:\Program Files (x86)\Intel\Intel(R) Management Engine Components\DAL;C:\Program Files\Intel\Intel(R) Management Engine Components\DAL;C:\Program Files (x86)\Intel\Intel(R) Management Engine Components\IPT;C:\Program Files\Intel\Intel(R) Management Engine Components\IPT;C:\Program Files (x86)\NVIDIA Corporation\PhysX\Common;C:\Program Files\Java\jdk1.8.0_161\bin;C:\Program Files\Java\jre1.8.0_161\bin;C:\Program Files\NVIDIA Corporation\NVIDIA NvDLISR;C:\WINDOWS\system32;C:\WINDOWS;C:\WINDOWS\System32\Wbem;C:\WINDOWS\System32\WindowsPowerShell\v1.0\;C:\WINDOWS\System32\OpenSSH\;D:\jdk\64\6.1.9\bin;D:\jdk\64\6.1.9;C:\Users\Lenovo\AppData\Local\Microsoft\WindowsApps;;C:\Users\Lenovo\Desktop\ZHUOMIAN;
USERNAME=Lenovo
OS=Windows_NT
PROCESSOR_IDENTIFIER=Intel64 Family 6 Model 158 Stepping 10, GenuineIntel



---------------  S Y S T E M  ---------------

OS: Windows 10.0 , 64 bit Build 18362 (10.0.18362.778)

CPU:total 8 (initial active 8) (4 cores per cpu, 2 threads per core) family 6 model 158 stepping 10, cmov, cx8, fxsr, mmx, sse, sse2, sse3, ssse3, sse4.1, sse4.2, popcnt, avx, avx2, aes, clmul, erms, 3dnowpref, lzcnt, ht, tsc, tscinvbit, bmi1, bmi2, adx

Memory: 4k page, physical 16648500k(8621952k free), swap 17697076k(7566396k free)

vm_info: Java HotSpot(TM) 64-Bit Server VM (25.161-b12) for windows-amd64 JRE (1.8.0_161-b12), built on Dec 19 2017 17:52:25 by "java_re" with MS VC++ 10.0 (VS2010)

time: Mon Nov 16 06:24:38 2020
elapsed time: 164 seconds (0d 0h 2m 44s)

