#
# A fatal error has been detected by the Java Runtime Environment:
#
#  EXCEPTION_ACCESS_VIOLATION (0xc0000005) at pc=0x00007ffde66197d0, pid=10160, tid=0x0000000000003c08
#
# JRE version: Java(TM) SE Runtime Environment (8.0_161-b12) (build 1.8.0_161-b12)
# Java VM: Java HotSpot(TM) 64-Bit Server VM (25.161-b12 mixed mode windows-amd64 compressed oops)
# Problematic frame:
# C  [ig9icd64.dll+0x1497d0]
#
# Failed to write core dump. Minidumps are not enabled by default on client versions of Windows
#
# If you would like to submit a bug report, please visit:
#   http://bugreport.java.com/bugreport/crash.jsp
# The crash happened outside the Java Virtual Machine in native code.
# See problematic frame for where to report the bug.
#

---------------  T H R E A D  ---------------

Current thread (0x000000001fdc9800):  JavaThread "AWT-EventQueue-0" [_thread_in_native, id=15368, stack(0x0000000021df0000,0x0000000021ef0000)]

siginfo: ExceptionCode=0xc0000005, reading address 0x00000000a0759630

Registers:
RAX=0x0000000000000000, RBX=0x0000000021eece80, RCX=0x0000000000000000, RDX=0x00000000a0759630
RSP=0x0000000021eeccf0, RBP=0x0000000000000013, RSI=0x000000002b45b000, RDI=0x000000002b45b000
R8 =0x00000000000000b4, R9 =0x0000000000000001, R10=0x0000000000000000, R11=0x0000000021eed350
R12=0x00000000000001c1, R13=0x000000002b45b000, R14=0x00000000000000b4, R15=0x00007ffde64d0000
RIP=0x00007ffde66197d0, EFLAGS=0x0000000000010202

Top of Stack: (sp=0x0000000021eeccf0)
0x0000000021eeccf0:   4040000000000000 0000000000000000
0x0000000021eecd00:   3fe6666660000000 0000000000000000
0x0000000021eecd10:   00000000a0759630 00007ffde698ae00
0x0000000021eecd20:   4000444040000280 0000000000000001
0x0000000021eecd30:   0000000021eed130 0000000000000000
0x0000000021eecd40:   0000000000000000 00007ffde698d4bc
0x0000000021eecd50:   0000000021eece50 00000000000000c0
0x0000000021eecd60:   0000000021eed130 0000000000000001
0x0000000021eecd70:   000000002a23002a 00007ffd00000001
0x0000000021eecd80:   0000000020059970 00007ffde6511400
0x0000000021eecd90:   0000a98ac8657715 0000000000000050
0x0000000021eecda0:   0000000000000001 0000000021eecee8
0x0000000021eecdb0:   0000000021eed090 000000002949c8c0
0x0000000021eecdc0:   000000002916c960 0000000000000000
0x0000000021eecdd0:   0000000000000000 00007ffde69dbbdd
0x0000000021eecde0:   00000000294464a0 0000000000000000 

Instructions: (pc=0x00007ffde66197d0)
0x00007ffde66197b0:   e7 07 48 83 c7 10 49 3b c2 72 e5 e9 ab 00 00 00
0x00007ffde66197c0:   4d 85 c9 74 6c 66 66 66 0f 1f 84 00 00 00 00 00
0x00007ffde66197d0:   f3 0f 6f 02 41 ff c2 f3 0f 6f 4a 10 f3 0f 6f 52
0x00007ffde66197e0:   20 f3 0f 6f 5a 30 f3 0f 6f 62 40 f3 0f 6f 6a 50 


Register to memory mapping:

RAX=0x0000000000000000 is an unknown value
RBX=0x0000000021eece80 is pointing into the stack for thread: 0x000000001fdc9800
RCX=0x0000000000000000 is an unknown value
RDX=0x00000000a0759630 is an unknown value
RSP=0x0000000021eeccf0 is pointing into the stack for thread: 0x000000001fdc9800
RBP=0x0000000000000013 is an unknown value
RSI=0x000000002b45b000 is an unknown value
RDI=0x000000002b45b000 is an unknown value
R8 =0x00000000000000b4 is an unknown value
R9 =0x0000000000000001 is an unknown value
R10=0x0000000000000000 is an unknown value
R11=0x0000000021eed350 is pointing into the stack for thread: 0x000000001fdc9800
R12=0x00000000000001c1 is an unknown value
R13=0x000000002b45b000 is an unknown value
R14=0x00000000000000b4 is an unknown value
R15=0x00007ffde64d0000 is an unknown value


Stack: [0x0000000021df0000,0x0000000021ef0000],  sp=0x0000000021eeccf0,  free space=1011k
Native frames: (J=compiled Java code, j=interpreted, Vv=VM code, C=native code)
C  [ig9icd64.dll+0x1497d0]
C  [ig9icd64.dll+0x4bae00]
C  [ig9icd64.dll+0x4bd4bc]
C  [ig9icd64.dll+0x4c280d]
C  [ig9icd64.dll+0x9e02cc]
C  [ig9icd64.dll+0x96a1b6]
C  [opengl32.dll+0x31e95]
C  0x00000000038c307a

Java frames: (J=compiled Java code, j=interpreted, Vv=VM code)
J 5082  jogamp.opengl.gl4.GL4bcImpl.dispatch_glDrawPixels1(IIIILjava/lang/Object;IZJ)V (0 bytes) @ 0x00000000038c2ffc [0x00000000038c2f80+0x7c]
J 5055 C1 jogamp.opengl.gl4.GL4bcImpl.glDrawPixels(IIIILjava/nio/Buffer;)V (109 bytes) @ 0x0000000003890f04 [0x0000000003890940+0x5c4]
J 5106 C1 biProcessor.coAuthorForWord.drawWords([II[DFIILjava/util/Map;Ljava/util/Map;)V (1493 bytes) @ 0x0000000003ad8674 [0x0000000003ad0de0+0x7894]
J 5088 C2 biProcessor.coAuthorForWord.drawWords([II[DFIILjava/util/Map;Ljava/util/Map;)V (1493 bytes) @ 0x0000000003aac0b4 [0x0000000003aa6520+0x5b94]
j  biProcessor.coAuthorForWord.drawWords([II[DFIILjava/util/Map;Ljava/util/Map;)V+1416
J 4808 C1 biProcessor.coAuthorForWord.display(Ljavax/media/opengl/GLAutoDrawable;)V (248 bytes) @ 0x00000000039c33c4 [0x00000000039c2480+0xf44]
J 4807 C1 jogamp.opengl.GLDrawableHelper.displayImpl(Ljavax/media/opengl/GLAutoDrawable;)V (69 bytes) @ 0x00000000039bedac [0x00000000039be940+0x46c]
J 4743 C1 javax.media.opengl.awt.GLCanvas$6.run()V (122 bytes) @ 0x00000000036b2024 [0x00000000036b1ba0+0x484]
J 4843 C1 jogamp.opengl.GLDrawableHelper.invokeGLImpl(Ljavax/media/opengl/GLDrawable;Ljavax/media/opengl/GLContext;Ljava/lang/Runnable;Ljava/lang/Runnable;Ljavax/media/opengl/GLAutoDrawable;)V (420 bytes) @ 0x00000000039e355c [0x00000000039e2860+0xcfc]
J 4842 C1 jogamp.opengl.GLDrawableHelper.invokeGL(Ljavax/media/opengl/GLDrawable;Ljavax/media/opengl/GLContext;Ljava/lang/Runnable;Ljava/lang/Runnable;)V (90 bytes) @ 0x00000000039ea304 [0x00000000039ea200+0x104]
J 4806 C1 javax.media.opengl.awt.GLCanvas$8.run()V (39 bytes) @ 0x00000000039c1b74 [0x00000000039c19c0+0x1b4]
J 1537 C1 java.awt.event.InvocationEvent.dispatch()V (69 bytes) @ 0x0000000002f5f80c [0x0000000002f5f6c0+0x14c]
J 4925 C2 java.awt.EventQueue$3.run()Ljava/lang/Object; (5 bytes) @ 0x00000000039d2a7c [0x00000000039d2980+0xfc]
v  ~StubRoutines::call_stub
J 613  java.security.AccessController.doPrivileged(Ljava/security/PrivilegedAction;Ljava/security/AccessControlContext;)Ljava/lang/Object; (0 bytes) @ 0x0000000002d01e66 [0x0000000002d01e00+0x66]
J 4907 C2 java.awt.EventQueue.dispatchEvent(Ljava/awt/AWTEvent;)V (80 bytes) @ 0x00000000036e9d98 [0x00000000036e9b80+0x218]
J 4908 C2 java.awt.EventDispatchThread.pumpOneEventForFilters(I)V (295 bytes) @ 0x0000000003a2e3bc [0x0000000003a2cd20+0x169c]
j  java.awt.EventDispatchThread.pumpEventsForFilter(ILjava/awt/Conditional;Ljava/awt/EventFilter;)V+35
j  java.awt.EventDispatchThread.pumpEventsForHierarchy(ILjava/awt/Conditional;Ljava/awt/Component;)V+11
j  java.awt.EventDispatchThread.pumpEvents(ILjava/awt/Conditional;)V+4
j  java.awt.EventDispatchThread.pumpEvents(Ljava/awt/Conditional;)V+3
j  java.awt.EventDispatchThread.run()V+9
v  ~StubRoutines::call_stub

---------------  P R O C E S S  ---------------

Java Threads: ( => current thread )
  0x00000000205b6800 JavaThread "Thread-42" [_thread_blocked, id=14340, stack(0x0000000036350000,0x0000000036450000)]
  0x00000000205b9000 JavaThread "Thread-41" [_thread_blocked, id=2312, stack(0x0000000034c00000,0x0000000034d00000)]
  0x00000000205b2000 JavaThread "Timer-0" [_thread_blocked, id=15472, stack(0x0000000025510000,0x0000000025610000)]
  0x00000000205b1800 JavaThread "DestroyJavaVM" [_thread_blocked, id=4296, stack(0x00000000022e0000,0x00000000023e0000)]
  0x00000000205b3800 JavaThread "JavaCPP Deallocator" daemon [_thread_blocked, id=9400, stack(0x0000000033500000,0x0000000033600000)]
  0x0000000020502800 JavaThread "Thread-6-SharedResourceRunner" daemon [_thread_blocked, id=5168, stack(0x0000000025680000,0x0000000025780000)]
  0x0000000020503800 JavaThread "Thread-13" [_thread_in_Java, id=3216, stack(0x00000000241a0000,0x00000000242a0000)]
  0x000000001fc63800 JavaThread "Thread-10" [_thread_in_native, id=15708, stack(0x0000000026f10000,0x0000000027010000)]
  0x00000000260fb000 JavaThread "Thread-9" [_thread_in_native, id=15592, stack(0x0000000026a20000,0x0000000026b20000)]
  0x0000000020190000 JavaThread "Thread-2" [_thread_in_native, id=5132, stack(0x0000000022ec0000,0x0000000022fc0000)]
=>0x000000001fdc9800 JavaThread "AWT-EventQueue-0" [_thread_in_native, id=15368, stack(0x0000000021df0000,0x0000000021ef0000)]
  0x000000001ff97800 JavaThread "AWT-Shutdown" [_thread_blocked, id=10376, stack(0x0000000021cf0000,0x0000000021df0000)]
  0x000000001eff5800 JavaThread "AWT-Windows" daemon [_thread_in_native, id=12748, stack(0x0000000020f00000,0x0000000021000000)]
  0x000000001f218800 JavaThread "Java2D Disposer" daemon [_thread_blocked, id=1044, stack(0x0000000020d00000,0x0000000020e00000)]
  0x000000001f118000 JavaThread "TimerQueue" daemon [_thread_blocked, id=5228, stack(0x0000000020c00000,0x0000000020d00000)]
  0x000000001ef08000 JavaThread "Service Thread" daemon [_thread_blocked, id=964, stack(0x000000001f980000,0x000000001fa80000)]
  0x000000001ee7c800 JavaThread "C1 CompilerThread3" daemon [_thread_blocked, id=2484, stack(0x000000001f880000,0x000000001f980000)]
  0x000000001ee7b800 JavaThread "C2 CompilerThread2" daemon [_thread_blocked, id=15820, stack(0x000000001f780000,0x000000001f880000)]
  0x000000001ee74000 JavaThread "C2 CompilerThread1" daemon [_thread_blocked, id=1532, stack(0x000000001f680000,0x000000001f780000)]
  0x000000001ee73800 JavaThread "C2 CompilerThread0" daemon [_thread_in_native, id=10588, stack(0x000000001f580000,0x000000001f680000)]
  0x000000001e3cc800 JavaThread "JDWP Command Reader" daemon [_thread_in_native, id=14316, stack(0x000000001ec80000,0x000000001ed80000)]
  0x000000001e3cb000 JavaThread "JDWP Event Helper Thread" daemon [_thread_blocked, id=12580, stack(0x000000001eb80000,0x000000001ec80000)]
  0x000000001e3be800 JavaThread "JDWP Transport Listener: dt_socket" daemon [_thread_blocked, id=15908, stack(0x000000001ea80000,0x000000001eb80000)]
  0x000000001e3b1800 JavaThread "Attach Listener" daemon [_thread_blocked, id=532, stack(0x000000001e980000,0x000000001ea80000)]
  0x000000001e362800 JavaThread "Signal Dispatcher" daemon [_thread_blocked, id=12868, stack(0x000000001e880000,0x000000001e980000)]
  0x000000001e340800 JavaThread "Finalizer" daemon [_thread_blocked, id=13452, stack(0x000000001e720000,0x000000001e820000)]
  0x0000000002a2c000 JavaThread "Reference Handler" daemon [_thread_blocked, id=840, stack(0x000000001e220000,0x000000001e320000)]

Other Threads:
  0x000000001c439000 VMThread [stack: 0x000000001e120000,0x000000001e220000] [id=9528]
  0x000000001ef7a800 WatcherThread [stack: 0x000000001fa80000,0x000000001fb80000] [id=15020]

VM state:not at safepoint (normal execution)

VM Mutex/Monitor currently owned by a thread: None

Heap:
 PSYoungGen      total 1361920K, used 1145024K [0x000000076b500000, 0x00000007bfe00000, 0x00000007c0000000)
  eden space 1340416K, 84% used [0x000000076b500000,0x00000007b0bc83d8,0x00000007bd200000)
  from space 21504K, 35% used [0x00000007be900000,0x00000007bf068000,0x00000007bfe00000)
  to   space 22528K, 0% used [0x00000007bd200000,0x00000007bd200000,0x00000007be800000)
 ParOldGen       total 563712K, used 378250K [0x00000006c1e00000, 0x00000006e4480000, 0x000000076b500000)
  object space 563712K, 67% used [0x00000006c1e00000,0x00000006d8f62a00,0x00000006e4480000)
 Metaspace       used 29632K, capacity 30016K, committed 30336K, reserved 1075200K
  class space    used 3790K, capacity 3907K, committed 3968K, reserved 1048576K

Card table byte_map: [0x0000000011df0000,0x00000000125f0000] byte_map_base: 0x000000000e7e1000

Marking Bits: (ParMarkBitMap*) 0x00000000743cf860
 Begin Bits: [0x0000000013340000, 0x00000000172c8000)
 End Bits:   [0x00000000172c8000, 0x000000001b250000)

Polling page: 0x0000000000830000

CodeCache: size=245760Kb used=17028Kb max_used=17028Kb free=228731Kb
 bounds [0x0000000002a30000, 0x0000000003b00000, 0x0000000011a30000]
 total_blobs=4931 nmethods=4014 adapters=834
 compilation: enabled

Compilation events (10 events):
Event: 181.972 Thread 0x000000001ee7c800 nmethod 5104 0x0000000003a71c50 code [0x0000000003a71f60, 0x0000000003a73798]
Event: 182.595 Thread 0x000000001ee74000 5105       4       java.awt.Component::getGraphics (124 bytes)
Event: 182.781 Thread 0x000000001ee74000 nmethod 5105 0x0000000003ac6390 code [0x0000000003ac67e0, 0x0000000003aca870]
Event: 184.377 Thread 0x000000001ee7c800 5106       3       biProcessor.coAuthorForWord::drawWords (1493 bytes)
Event: 184.385 Thread 0x000000001ee7c800 nmethod 5106 0x0000000003ad0290 code [0x0000000003ad0de0, 0x0000000003ada558]
Event: 184.398 Thread 0x000000001ee7c800 5107 %     3       biProcessor.coAuthorForWord::drawWords @ 1137 (1493 bytes)
Event: 184.407 Thread 0x000000001ee7c800 nmethod 5107% 0x0000000003ae0cd0 code [0x0000000003ae1840, 0x0000000003aebdb8]
Event: 184.434 Thread 0x000000001ee73800 5108 %     4       biProcessor.coAuthorForWord::drawWords @ 1137 (1493 bytes)
Event: 184.580 Thread 0x000000001ee7c800 5109       1       sun.java2d.SurfaceDataProxy$1::replaceData (2 bytes)
Event: 184.580 Thread 0x000000001ee7c800 nmethod 5109 0x0000000002ed8710 code [0x0000000002ed8860, 0x0000000002ed8970]

GC Heap History (10 events):
Event: 168.797 GC heap before
{Heap before GC invocations=87 (full 3):
 PSYoungGen      total 1360896K, used 1348256K [0x000000076b500000, 0x00000007bff00000, 0x00000007c0000000)
  eden space 1336320K, 100% used [0x000000076b500000,0x00000007bce00000,0x00000007bce00000)
  from space 24576K, 48% used [0x00000007bce00000,0x00000007bd9a8000,0x00000007be600000)
  to   space 24064K, 0% used [0x00000007be780000,0x00000007be780000,0x00000007bff00000)
 ParOldGen       total 563712K, used 378210K [0x00000006c1e00000, 0x00000006e4480000, 0x000000076b500000)
  object space 563712K, 67% used [0x00000006c1e00000,0x00000006d8f58a00,0x00000006e4480000)
 Metaspace       used 29631K, capacity 30016K, committed 30336K, reserved 1075200K
  class space    used 3790K, capacity 3907K, committed 3968K, reserved 1048576K
Event: 168.802 GC heap after
Heap after GC invocations=87 (full 3):
 PSYoungGen      total 1361920K, used 15104K [0x000000076b500000, 0x00000007c0000000, 0x00000007c0000000)
  eden space 1337856K, 0% used [0x000000076b500000,0x000000076b500000,0x00000007bcf80000)
  from space 24064K, 62% used [0x00000007be780000,0x00000007bf640000,0x00000007bff00000)
  to   space 24576K, 0% used [0x00000007bcf80000,0x00000007bcf80000,0x00000007be780000)
 ParOldGen       total 563712K, used 378210K [0x00000006c1e00000, 0x00000006e4480000, 0x000000076b500000)
  object space 563712K, 67% used [0x00000006c1e00000,0x00000006d8f58a00,0x00000006e4480000)
 Metaspace       used 29631K, capacity 30016K, committed 30336K, reserved 1075200K
  class space    used 3790K, capacity 3907K, committed 3968K, reserved 1048576K
}
Event: 172.338 GC heap before
{Heap before GC invocations=88 (full 3):
 PSYoungGen      total 1361920K, used 1352960K [0x000000076b500000, 0x00000007c0000000, 0x00000007c0000000)
  eden space 1337856K, 100% used [0x000000076b500000,0x00000007bcf80000,0x00000007bcf80000)
  from space 24064K, 62% used [0x00000007be780000,0x00000007bf640000,0x00000007bff00000)
  to   space 24576K, 0% used [0x00000007bcf80000,0x00000007bcf80000,0x00000007be780000)
 ParOldGen       total 563712K, used 378210K [0x00000006c1e00000, 0x00000006e4480000, 0x000000076b500000)
  object space 563712K, 67% used [0x00000006c1e00000,0x00000006d8f58a00,0x00000006e4480000)
 Metaspace       used 29631K, capacity 30016K, committed 30336K, reserved 1075200K
  class space    used 3790K, capacity 3907K, committed 3968K, reserved 1048576K
Event: 172.341 GC heap after
Heap after GC invocations=88 (full 3):
 PSYoungGen      total 1362432K, used 11936K [0x000000076b500000, 0x00000007bff80000, 0x00000007c0000000)
  eden space 1337856K, 0% used [0x000000076b500000,0x000000076b500000,0x00000007bcf80000)
  from space 24576K, 48% used [0x00000007bcf80000,0x00000007bdb28000,0x00000007be780000)
  to   space 24064K, 0% used [0x00000007be800000,0x00000007be800000,0x00000007bff80000)
 ParOldGen       total 563712K, used 378218K [0x00000006c1e00000, 0x00000006e4480000, 0x000000076b500000)
  object space 563712K, 67% used [0x00000006c1e00000,0x00000006d8f5aa00,0x00000006e4480000)
 Metaspace       used 29631K, capacity 30016K, committed 30336K, reserved 1075200K
  class space    used 3790K, capacity 3907K, committed 3968K, reserved 1048576K
}
Event: 175.875 GC heap before
{Heap before GC invocations=89 (full 3):
 PSYoungGen      total 1362432K, used 1349792K [0x000000076b500000, 0x00000007bff80000, 0x00000007c0000000)
  eden space 1337856K, 100% used [0x000000076b500000,0x00000007bcf80000,0x00000007bcf80000)
  from space 24576K, 48% used [0x00000007bcf80000,0x00000007bdb28000,0x00000007be780000)
  to   space 24064K, 0% used [0x00000007be800000,0x00000007be800000,0x00000007bff80000)
 ParOldGen       total 563712K, used 378218K [0x00000006c1e00000, 0x00000006e4480000, 0x000000076b500000)
  object space 563712K, 67% used [0x00000006c1e00000,0x00000006d8f5aa00,0x00000006e4480000)
 Metaspace       used 29631K, capacity 30016K, committed 30336K, reserved 1075200K
  class space    used 3790K, capacity 3907K, committed 3968K, reserved 1048576K
Event: 175.879 GC heap after
Heap after GC invocations=89 (full 3):
 PSYoungGen      total 1361920K, used 11936K [0x000000076b500000, 0x00000007bfe80000, 0x00000007c0000000)
  eden space 1338880K, 0% used [0x000000076b500000,0x000000076b500000,0x00000007bd080000)
  from space 23040K, 51% used [0x00000007be800000,0x00000007bf3a8000,0x00000007bfe80000)
  to   space 23552K, 0% used [0x00000007bd080000,0x00000007bd080000,0x00000007be780000)
 ParOldGen       total 563712K, used 378250K [0x00000006c1e00000, 0x00000006e4480000, 0x000000076b500000)
  object space 563712K, 67% used [0x00000006c1e00000,0x00000006d8f62a00,0x00000006e4480000)
 Metaspace       used 29631K, capacity 30016K, committed 30336K, reserved 1075200K
  class space    used 3790K, capacity 3907K, committed 3968K, reserved 1048576K
}
Event: 179.322 GC heap before
{Heap before GC invocations=90 (full 3):
 PSYoungGen      total 1361920K, used 1350816K [0x000000076b500000, 0x00000007bfe80000, 0x00000007c0000000)
  eden space 1338880K, 100% used [0x000000076b500000,0x00000007bd080000,0x00000007bd080000)
  from space 23040K, 51% used [0x00000007be800000,0x00000007bf3a8000,0x00000007bfe80000)
  to   space 23552K, 0% used [0x00000007bd080000,0x00000007bd080000,0x00000007be780000)
 ParOldGen       total 563712K, used 378250K [0x00000006c1e00000, 0x00000006e4480000, 0x000000076b500000)
  object space 563712K, 67% used [0x00000006c1e00000,0x00000006d8f62a00,0x00000006e4480000)
 Metaspace       used 29631K, capacity 30016K, committed 30336K, reserved 1075200K
  class space    used 3790K, capacity 3907K, committed 3968K, reserved 1048576K
Event: 179.325 GC heap after
Heap after GC invocations=90 (full 3):
 PSYoungGen      total 1362432K, used 2016K [0x000000076b500000, 0x00000007c0000000, 0x00000007c0000000)
  eden space 1338880K, 0% used [0x000000076b500000,0x000000076b500000,0x00000007bd080000)
  from space 23552K, 8% used [0x00000007bd080000,0x00000007bd278000,0x00000007be780000)
  to   space 23552K, 0% used [0x00000007be900000,0x00000007be900000,0x00000007c0000000)
 ParOldGen       total 563712K, used 378250K [0x00000006c1e00000, 0x00000006e4480000, 0x000000076b500000)
  object space 563712K, 67% used [0x00000006c1e00000,0x00000006d8f62a00,0x00000006e4480000)
 Metaspace       used 29631K, capacity 30016K, committed 30336K, reserved 1075200K
  class space    used 3790K, capacity 3907K, committed 3968K, reserved 1048576K
}
Event: 182.603 GC heap before
{Heap before GC invocations=91 (full 3):
 PSYoungGen      total 1362432K, used 1340896K [0x000000076b500000, 0x00000007c0000000, 0x00000007c0000000)
  eden space 1338880K, 100% used [0x000000076b500000,0x00000007bd080000,0x00000007bd080000)
  from space 23552K, 8% used [0x00000007bd080000,0x00000007bd278000,0x00000007be780000)
  to   space 23552K, 0% used [0x00000007be900000,0x00000007be900000,0x00000007c0000000)
 ParOldGen       total 563712K, used 378250K [0x00000006c1e00000, 0x00000006e4480000, 0x000000076b500000)
  object space 563712K, 67% used [0x00000006c1e00000,0x00000006d8f62a00,0x00000006e4480000)
 Metaspace       used 29632K, capacity 30016K, committed 30336K, reserved 1075200K
  class space    used 3790K, capacity 3907K, committed 3968K, reserved 1048576K
Event: 182.607 GC heap after
Heap after GC invocations=91 (full 3):
 PSYoungGen      total 1361920K, used 7584K [0x000000076b500000, 0x00000007bfe00000, 0x00000007c0000000)
  eden space 1340416K, 0% used [0x000000076b500000,0x000000076b500000,0x00000007bd200000)
  from space 21504K, 35% used [0x00000007be900000,0x00000007bf068000,0x00000007bfe00000)
  to   space 22528K, 0% used [0x00000007bd200000,0x00000007bd200000,0x00000007be800000)
 ParOldGen       total 563712K, used 378250K [0x00000006c1e00000, 0x00000006e4480000, 0x000000076b500000)
  object space 563712K, 67% used [0x00000006c1e00000,0x00000006d8f62a00,0x00000006e4480000)
 Metaspace       used 29632K, capacity 30016K, committed 30336K, reserved 1075200K
  class space    used 3790K, capacity 3907K, committed 3968K, reserved 1048576K
}

Deoptimization events (10 events):
Event: 138.667 Thread 0x000000001fdc9800 Uncommon trap: reason=class_check action=maybe_recompile pc=0x00000000036c46b4 method=javax.swing.text.ParagraphView.findEdgeSpan(Ljavax/swing/text/View;IIII)F @ 50
Event: 138.667 Thread 0x000000001fdc9800 Uncommon trap: reason=class_check action=maybe_recompile pc=0x00000000036c50d8 method=javax.swing.text.ParagraphView.findEdgeSpan(Ljavax/swing/text/View;IIII)F @ 15
Event: 138.667 Thread 0x000000001fdc9800 Uncommon trap: reason=class_check action=maybe_recompile pc=0x00000000036c4384 method=javax.swing.text.ParagraphView.findEdgeSpan(Ljavax/swing/text/View;IIII)F @ 60
Event: 138.667 Thread 0x000000001fdc9800 Uncommon trap: reason=class_check action=maybe_recompile pc=0x00000000036c50d8 method=javax.swing.text.ParagraphView.findEdgeSpan(Ljavax/swing/text/View;IIII)F @ 15
Event: 138.669 Thread 0x000000001fdc9800 Uncommon trap: reason=unstable_if action=reinterpret pc=0x0000000002eb3ed4 method=javax.swing.SwingUtilities.computeIntersection(IIIILjava/awt/Rectangle;)Ljava/awt/Rectangle; @ 159
Event: 138.670 Thread 0x000000001fdc9800 Uncommon trap: reason=unstable_if action=reinterpret pc=0x00000000034a41fc method=javax.swing.text.Utilities.getTabbedTextOffset(Ljavax/swing/text/View;Ljavax/swing/text/Segment;Ljava/awt/FontMetrics;IILjavax/swing/text/TabExpander;IZ[I)I @ 292
Event: 139.009 Thread 0x000000001fdc9800 Uncommon trap: reason=range_check action=make_not_entrant pc=0x00000000038d64e0 method=java.awt.image.DirectColorModel.getsRGBComponentFromsRGB(II)I @ 6
Event: 139.069 Thread 0x000000001fdc9800 Uncommon trap: reason=class_check action=maybe_recompile pc=0x0000000002f4c820 method=java.awt.Container.getMouseEventTargetImpl(IIZLjava/awt/Container$EventTargetFilter;ZZ)Ljava/awt/Component; @ 64
Event: 184.377 Thread 0x000000001fdc9800 Uncommon trap: reason=unstable_if action=reinterpret pc=0x0000000003ab08c4 method=biProcessor.coAuthorForWord.drawWords([II[DFIILjava/util/Map;Ljava/util/Map;)V @ 435
Event: 184.397 Thread 0x000000001fdc9800 Uncommon trap: reason=unstable_if action=reinterpret pc=0x0000000003a8db44 method=biProcessor.coAuthorForWord.drawWords([II[DFIILjava/util/Map;Ljava/util/Map;)V @ 435

Classes redefined (0 events):
No events

Internal exceptions (10 events):
Event: 66.204 Thread 0x0000000002935800 Exception <a 'java/lang/NullPointerException'> (0x00000007ade8a0a0) thrown at [C:\re\workspace\8-2-build-windows-amd64-cygwin\jdk8u161\10277\hotspot\src\share\vm\interpreter\linkResolver.cpp, line 1185]
Event: 80.179 Thread 0x0000000002935800 Implicit null exception at 0x0000000002ff62cd to 0x0000000002ff729d
Event: 80.323 Thread 0x00000000205b1800 Implicit null exception at 0x0000000003746c27 to 0x00000000037479c5
Event: 81.210 Thread 0x0000000020acf800 Exception <a 'java/lang/InterruptedException'> (0x0000000784a116c0) thrown at [C:\re\workspace\8-2-build-windows-amd64-cygwin\jdk8u161\10277\hotspot\src\share\vm\runtime\objectMonitor.cpp, line 1684]
Event: 81.259 Thread 0x00000000205b7800 Implicit null exception at 0x0000000002d38a9b to 0x0000000002d3a021
Event: 81.553 Thread 0x0000000020504000 Implicit null exception at 0x00000000031cc808 to 0x00000000031cd04d
Event: 81.964 Thread 0x0000000020acf800 Exception <a 'java/lang/reflect/InvocationTargetException'> (0x0000000784c3d148) thrown at [C:\re\workspace\8-2-build-windows-amd64-cygwin\jdk8u161\10277\hotspot\src\share\vm\runtime\reflection.cpp, line 1092]
Event: 138.651 Thread 0x000000001fdc9800 Implicit null exception at 0x0000000002d4b7e3 to 0x0000000002d4b9af
Event: 138.651 Thread 0x000000001fdc9800 Exception <a 'java/lang/NullPointerException'> (0x00000007ab8dd3d0) thrown at [C:\re\workspace\8-2-build-windows-amd64-cygwin\jdk8u161\10277\hotspot\src\share\vm\runtime\sharedRuntime.cpp, line 605]
Event: 138.654 Thread 0x000000001fdc9800 Implicit null exception at 0x00000000033f89f1 to 0x00000000033fa701

Events (10 events):
Event: 182.416 Executing VM operation: GetOrSetLocal
Event: 182.416 Executing VM operation: GetOrSetLocal done
Event: 182.603 Executing VM operation: ParallelGCFailedAllocation
Event: 182.607 Executing VM operation: ParallelGCFailedAllocation done
Event: 184.377 Thread 0x000000001fdc9800 Uncommon trap: trap_request=0xffffff65 fr.pc=0x0000000003ab08c4
Event: 184.377 Thread 0x000000001fdc9800 DEOPT PACKING pc=0x0000000003ab08c4 sp=0x0000000021eed930
Event: 184.377 Thread 0x000000001fdc9800 DEOPT UNPACKING pc=0x0000000002a7583b sp=0x0000000021eed9a0 mode 2
Event: 184.397 Thread 0x000000001fdc9800 Uncommon trap: trap_request=0xffffff65 fr.pc=0x0000000003a8db44
Event: 184.397 Thread 0x000000001fdc9800 DEOPT PACKING pc=0x0000000003a8db44 sp=0x0000000021eed940
Event: 184.397 Thread 0x000000001fdc9800 DEOPT UNPACKING pc=0x0000000002a7583b sp=0x0000000021eed9a0 mode 2


Dynamic libraries:
0x00007ff615bb0000 - 0x00007ff615be7000 	C:\Program Files\Java\jdk1.8.0_161\jre\bin\javaw.exe
0x00007ffe2b1a0000 - 0x00007ffe2b390000 	C:\WINDOWS\SYSTEM32\ntdll.dll
0x00007ffe237d0000 - 0x00007ffe237e3000 	D:\Program Files\AVAST Software\Avast\aswhook.dll
0x00007ffe2aa50000 - 0x00007ffe2ab02000 	C:\WINDOWS\System32\KERNEL32.DLL
0x00007ffe281e0000 - 0x00007ffe28483000 	C:\WINDOWS\System32\KERNELBASE.dll
0x00007ffe2a750000 - 0x00007ffe2a7f3000 	C:\WINDOWS\System32\ADVAPI32.dll
0x00007ffe29c60000 - 0x00007ffe29cfe000 	C:\WINDOWS\System32\msvcrt.dll
0x00007ffe2ab90000 - 0x00007ffe2ac27000 	C:\WINDOWS\System32\sechost.dll
0x00007ffe29250000 - 0x00007ffe29370000 	C:\WINDOWS\System32\RPCRT4.dll
0x00007ffe2adf0000 - 0x00007ffe2af84000 	C:\WINDOWS\System32\USER32.dll
0x00007ffe29220000 - 0x00007ffe29241000 	C:\WINDOWS\System32\win32u.dll
0x00007ffe2aa20000 - 0x00007ffe2aa46000 	C:\WINDOWS\System32\GDI32.dll
0x00007ffe287b0000 - 0x00007ffe28944000 	C:\WINDOWS\System32\gdi32full.dll
0x00007ffe28610000 - 0x00007ffe286ae000 	C:\WINDOWS\System32\msvcp_win.dll
0x00007ffe286b0000 - 0x00007ffe287aa000 	C:\WINDOWS\System32\ucrtbase.dll
0x00007ffe143a0000 - 0x00007ffe14625000 	C:\WINDOWS\WinSxS\amd64_microsoft.windows.common-controls_6595b64144ccf1df_6.0.18362.778_none_e6c6b761130d4fb8\COMCTL32.dll
0x00007ffe29d90000 - 0x00007ffe2a0c6000 	C:\WINDOWS\System32\combase.dll
0x00007ffe290d0000 - 0x00007ffe29150000 	C:\WINDOWS\System32\bcryptPrimitives.dll
0x00007ffe29d60000 - 0x00007ffe29d8e000 	C:\WINDOWS\System32\IMM32.DLL
0x0000000074450000 - 0x0000000074522000 	C:\Program Files\Java\jdk1.8.0_161\jre\bin\msvcr100.dll
0x0000000073bb0000 - 0x000000007444f000 	C:\Program Files\Java\jdk1.8.0_161\jre\bin\server\jvm.dll
0x00007ffe2ade0000 - 0x00007ffe2ade8000 	C:\WINDOWS\System32\PSAPI.DLL
0x00007ffe1dbc0000 - 0x00007ffe1dbc9000 	C:\WINDOWS\SYSTEM32\WSOCK32.dll
0x00007ffe2a950000 - 0x00007ffe2a9bf000 	C:\WINDOWS\System32\WS2_32.dll
0x00007ffe1c900000 - 0x00007ffe1c924000 	C:\WINDOWS\SYSTEM32\WINMM.dll
0x00007ffe22030000 - 0x00007ffe2203a000 	C:\WINDOWS\SYSTEM32\VERSION.dll
0x00007ffe1c8d0000 - 0x00007ffe1c8fd000 	C:\WINDOWS\SYSTEM32\WINMMBASE.dll
0x00007ffe28190000 - 0x00007ffe281da000 	C:\WINDOWS\System32\cfgmgr32.dll
0x00000000750a0000 - 0x00000000750af000 	C:\Program Files\Java\jdk1.8.0_161\jre\bin\verify.dll
0x0000000075070000 - 0x0000000075099000 	C:\Program Files\Java\jdk1.8.0_161\jre\bin\java.dll
0x0000000075030000 - 0x0000000075065000 	C:\Program Files\Java\jdk1.8.0_161\jre\bin\jdwp.dll
0x0000000073ba0000 - 0x0000000073ba8000 	C:\Program Files\Java\jdk1.8.0_161\jre\bin\npt.dll
0x0000000073b70000 - 0x0000000073b93000 	C:\Program Files\Java\jdk1.8.0_161\jre\bin\instrument.dll
0x0000000073b50000 - 0x0000000073b66000 	C:\Program Files\Java\jdk1.8.0_161\jre\bin\zip.dll
0x00007ffe294d0000 - 0x00007ffe29bb5000 	C:\WINDOWS\System32\SHELL32.dll
0x00007ffe2af90000 - 0x00007ffe2b039000 	C:\WINDOWS\System32\shcore.dll
0x00007ffe28950000 - 0x00007ffe290d0000 	C:\WINDOWS\System32\windows.storage.dll
0x00007ffe280b0000 - 0x00007ffe280d3000 	C:\WINDOWS\System32\profapi.dll
0x00007ffe280e0000 - 0x00007ffe2812a000 	C:\WINDOWS\System32\powrprof.dll
0x00007ffe28060000 - 0x00007ffe28070000 	C:\WINDOWS\System32\UMPDC.dll
0x00007ffe29d00000 - 0x00007ffe29d52000 	C:\WINDOWS\System32\shlwapi.dll
0x00007ffe28090000 - 0x00007ffe280a1000 	C:\WINDOWS\System32\kernel.appcore.dll
0x00007ffe29150000 - 0x00007ffe29167000 	C:\WINDOWS\System32\cryptsp.dll
0x0000000073b40000 - 0x0000000073b49000 	C:\Program Files\Java\jdk1.8.0_161\jre\bin\dt_socket.dll
0x00007ffe0df00000 - 0x00007ffe0df16000 	C:\WINDOWS\system32\napinsp.dll
0x00007ffe0c1c0000 - 0x00007ffe0c1da000 	C:\WINDOWS\system32\pnrpnsp.dll
0x00007ffe278d0000 - 0x00007ffe27937000 	C:\WINDOWS\System32\mswsock.dll
0x00007ffe275c0000 - 0x00007ffe2768a000 	C:\WINDOWS\SYSTEM32\DNSAPI.dll
0x00007ffe2a610000 - 0x00007ffe2a618000 	C:\WINDOWS\System32\NSI.dll
0x00007ffe27580000 - 0x00007ffe275ba000 	C:\WINDOWS\SYSTEM32\IPHLPAPI.DLL
0x00007ffe09f30000 - 0x00007ffe09f3e000 	C:\WINDOWS\System32\winrnr.dll
0x00007ffe243b0000 - 0x00007ffe243cc000 	C:\WINDOWS\system32\NLAapi.dll
0x00007ffe09f10000 - 0x00007ffe09f25000 	C:\WINDOWS\system32\wshbth.dll
0x00007ffe20650000 - 0x00007ffe206c7000 	C:\WINDOWS\System32\fwpuclnt.dll
0x00007ffe28490000 - 0x00007ffe284b6000 	C:\WINDOWS\System32\bcrypt.dll
0x00007ffe1eda0000 - 0x00007ffe1edaa000 	C:\Windows\System32\rasadhlp.dll
0x00007ffe273e0000 - 0x00007ffe27413000 	C:\WINDOWS\system32\rsaenh.dll
0x00007ffe27f80000 - 0x00007ffe27fa5000 	C:\WINDOWS\SYSTEM32\USERENV.dll
0x00007ffe27aa0000 - 0x00007ffe27aac000 	C:\WINDOWS\SYSTEM32\CRYPTBASE.dll
0x0000000073b20000 - 0x0000000073b3a000 	C:\Program Files\Java\jdk1.8.0_161\jre\bin\net.dll
0x00007ffe20d90000 - 0x00007ffe20da6000 	C:\WINDOWS\SYSTEM32\dhcpcsvc6.DLL
0x00007ffe21a70000 - 0x00007ffe21a8c000 	C:\WINDOWS\SYSTEM32\dhcpcsvc.DLL
0x0000000073b00000 - 0x0000000073b11000 	C:\Program Files\Java\jdk1.8.0_161\jre\bin\nio.dll
0x0000000073960000 - 0x0000000073af8000 	C:\Program Files\Java\jdk1.8.0_161\jre\bin\awt.dll
0x00007ffe2a540000 - 0x00007ffe2a604000 	C:\WINDOWS\System32\OLEAUT32.dll
0x00007ffe25eb0000 - 0x00007ffe25f3f000 	C:\WINDOWS\SYSTEM32\apphelp.dll
0x00007ffe26040000 - 0x00007ffe260d9000 	C:\WINDOWS\system32\uxtheme.dll
0x00007ffe2a800000 - 0x00007ffe2a936000 	C:\WINDOWS\System32\MSCTF.dll
0x00007ffe29370000 - 0x00007ffe294c7000 	C:\WINDOWS\System32\ole32.dll
0x00007ffe26570000 - 0x00007ffe2659d000 	C:\WINDOWS\system32\DWMAPI.DLL
0x00007ffe19bc0000 - 0x00007ffe19d16000 	C:\WINDOWS\system32\opengl32.dll
0x00007ffe1ee80000 - 0x00007ffe1eeac000 	C:\WINDOWS\SYSTEM32\GLU32.dll
0x00007ffe26cd0000 - 0x00007ffe26cf0000 	C:\WINDOWS\SYSTEM32\dxcore.dll
0x0000000073910000 - 0x0000000073957000 	C:\Program Files\Java\jdk1.8.0_161\jre\bin\fontmanager.dll
0x00007ffe2b040000 - 0x00007ffe2b0e2000 	C:\WINDOWS\System32\clbcatq.dll
0x00007ffe1ade0000 - 0x00007ffe1af8f000 	C:\WINDOWS\SYSTEM32\WindowsCodecs.dll
0x00007ffe0e8e0000 - 0x00007ffe0e91a000 	C:\WINDOWS\system32\dataexchange.dll
0x00007ffe24e50000 - 0x00007ffe250ab000 	C:\WINDOWS\system32\d3d11.dll
0x00007ffe255f0000 - 0x00007ffe257cc000 	C:\WINDOWS\system32\dcomp.dll
0x00007ffe26d60000 - 0x00007ffe26e4b000 	C:\WINDOWS\system32\dxgi.dll
0x00007ffe26100000 - 0x00007ffe2635a000 	C:\WINDOWS\system32\twinapi.appcore.dll
0x00007ffe26540000 - 0x00007ffe26569000 	C:\WINDOWS\system32\RMCLIENT.dll
0x00000000738c0000 - 0x0000000073902000 	C:\Program Files\Java\jdk1.8.0_161\jre\bin\t2k.dll
0x00007ffe1b580000 - 0x00007ffe1b61e000 	C:\WINDOWS\System32\TextInputFramework.dll
0x00007ffe1bad0000 - 0x00007ffe1bdfa000 	C:\WINDOWS\System32\CoreUIComponents.dll
0x00007ffe25510000 - 0x00007ffe255e4000 	C:\WINDOWS\System32\CoreMessaging.dll
0x00007ffe270c0000 - 0x00007ffe270f1000 	C:\WINDOWS\SYSTEM32\ntmarta.dll
0x00007ffe23430000 - 0x00007ffe23583000 	C:\WINDOWS\SYSTEM32\wintypes.dll
0x00007ffe1cca0000 - 0x00007ffe1cf46000 	C:\WINDOWS\System32\iertutil.dll
0x00000000637c0000 - 0x00000000637ca000 	C:\Users\Lenovo\AppData\Local\Temp\jogamp.tmp.cache_000000\jln7189135010732723367\jln4423814500751271157\gluegen-rt.dll
0x00000000738b0000 - 0x00000000738b7000 	C:\Program Files\Java\jdk1.8.0_161\jre\bin\jawt.dll
0x000000006a440000 - 0x000000006a44b000 	C:\Users\Lenovo\AppData\Local\Temp\jogamp.tmp.cache_000000\jln7189135010732723367\jln4423814500751271157\nativewindow_awt.dll
0x000000006c100000 - 0x000000006c10b000 	C:\Users\Lenovo\AppData\Local\Temp\jogamp.tmp.cache_000000\jln7189135010732723367\jln4423814500751271157\nativewindow_win32.dll
0x0000000064500000 - 0x000000006458d000 	C:\Users\Lenovo\AppData\Local\Temp\jogamp.tmp.cache_000000\jln7189135010732723367\jln4423814500751271157\jogl_desktop.dll
0x00007ffde64d0000 - 0x00007ffde73d9000 	C:\WINDOWS\System32\DriverStore\FileRepository\iigd_dch.inf_amd64_3c82703a0fbed0ab\ig9icd64.dll
0x00007ffe21730000 - 0x00007ffe218d0000 	C:\WINDOWS\System32\DriverStore\FileRepository\iigd_dch.inf_amd64_3c82703a0fbed0ab\igdgmm64.dll
0x00007ffe14960000 - 0x00007ffe16d5c000 	C:\WINDOWS\System32\DriverStore\FileRepository\iigd_dch.inf_amd64_3c82703a0fbed0ab\igc64.dll
0x00007ffe1b900000 - 0x00007ffe1b9ef000 	C:\Users\Lenovo\.javacpp\cache\opencv-3.1.0-1.3-windows-x86_64.jar\org\bytedeco\javacpp\windows-x86_64\msvcr120.dll
0x00007ffe1e210000 - 0x00007ffe1e2b6000 	C:\Users\Lenovo\.javacpp\cache\opencv-3.1.0-1.3-windows-x86_64.jar\org\bytedeco\javacpp\windows-x86_64\msvcp120.dll
0x00007ffdecf10000 - 0x00007ffded18a000 	C:\Users\Lenovo\.javacpp\cache\opencv-3.1.0-1.3-windows-x86_64.jar\org\bytedeco\javacpp\windows-x86_64\opencv_core310.dll
0x00007ffdecbc0000 - 0x00007ffdecf02000 	C:\Users\Lenovo\.javacpp\cache\opencv-3.1.0-1.3-windows-x86_64.jar\org\bytedeco\javacpp\windows-x86_64\opencv_imgproc310.dll
0x00007ffdec3a0000 - 0x00007ffdec5c7000 	C:\Users\Lenovo\.javacpp\cache\opencv-3.1.0-1.3-windows-x86_64.jar\org\bytedeco\javacpp\windows-x86_64\jniopencv_core.dll
0x00007ffdf4d60000 - 0x00007ffdf4e4d000 	C:\Users\Lenovo\.javacpp\cache\opencv-3.1.0-1.3-windows-x86_64.jar\org\bytedeco\javacpp\windows-x86_64\jniopencv_imgproc.dll
0x00007ffde8cf0000 - 0x00007ffde8fb9000 	C:\Users\Lenovo\.javacpp\cache\opencv-3.1.0-1.3-windows-x86_64.jar\org\bytedeco\javacpp\windows-x86_64\opencv_imgcodecs310.dll
0x00007ffe1e120000 - 0x00007ffe1e145000 	C:\Users\Lenovo\.javacpp\cache\opencv-3.1.0-1.3-windows-x86_64.jar\org\bytedeco\javacpp\windows-x86_64\jniopencv_imgcodecs.dll
0x00007ffe1e0c0000 - 0x00007ffe1e113000 	C:\Users\Lenovo\.javacpp\cache\opencv-3.1.0-1.3-windows-x86_64.jar\org\bytedeco\javacpp\windows-x86_64\opencv_videoio310.dll
0x00007ffe1b8d0000 - 0x00007ffe1b8f9000 	C:\WINDOWS\SYSTEM32\MSVFW32.dll
0x00007ffe236c0000 - 0x00007ffe236e0000 	C:\WINDOWS\SYSTEM32\AVIFIL32.dll
0x00007ffe1c0f0000 - 0x00007ffe1c108000 	C:\WINDOWS\SYSTEM32\AVICAP32.dll
0x00007ffe1edc0000 - 0x00007ffe1eddc000 	C:\WINDOWS\SYSTEM32\MSACM32.dll
0x00007ffe17080000 - 0x00007ffe17097000 	C:\Users\Lenovo\.javacpp\cache\opencv-3.1.0-1.3-windows-x86_64.jar\org\bytedeco\javacpp\windows-x86_64\jniopencv_videoio.dll
0x00007ffe17060000 - 0x00007ffe17078000 	C:\Windows\System32\devenum.dll
0x00007ffe2a0d0000 - 0x00007ffe2a540000 	C:\WINDOWS\System32\setupapi.dll
0x00007ffe27e60000 - 0x00007ffe27e8a000 	C:\WINDOWS\SYSTEM32\DEVOBJ.dll
0x00007ffe28130000 - 0x00007ffe2818c000 	C:\WINDOWS\System32\WINTRUST.dll
0x00007ffe28070000 - 0x00007ffe28082000 	C:\WINDOWS\System32\MSASN1.dll
0x00007ffe284c0000 - 0x00007ffe28609000 	C:\WINDOWS\System32\CRYPT32.dll
0x00007ffe1edb0000 - 0x00007ffe1edbb000 	C:\WINDOWS\SYSTEM32\msdmo.dll
0x00007ffe14360000 - 0x00007ffe14394000 	C:\Windows\System32\qcap.dll
0x00007ffdeb5c0000 - 0x00007ffdeb784000 	C:\Windows\System32\quartz.dll
0x00007ffe14310000 - 0x00007ffe1435c000 	C:\Windows\System32\mfksproxy.dll
0x00007ffe018f0000 - 0x00007ffe0190c000 	C:\Windows\System32\ATL.DLL
0x00007ffe1efb0000 - 0x00007ffe1f1aa000 	C:\Windows\System32\MFPlat.DLL
0x00007ffe1f400000 - 0x00007ffe1f42f000 	C:\Windows\System32\RTWorkQ.DLL
0x00007ffde7c00000 - 0x00007ffde7fec000 	C:\Windows\System32\MFCORE.dll
0x00007ffe24420000 - 0x00007ffe24429000 	C:\Windows\System32\ksuser.dll
0x00007ffe049c0000 - 0x00007ffe04a15000 	C:\Windows\System32\FSClient.dll
0x00007ffe00a60000 - 0x00007ffe00abc000 	C:\Windows\System32\MFSENSORGROUP.dll

VM Arguments:
jvm_args: -agentlib:jdwp=transport=dt_socket,suspend=y,address=localhost:49698 -javaagent:D:\Users\Lenovo\eclipse\jee-2019-03\eclipse\configuration\org.eclipse.osgi\409\0\.cp\lib\javaagent-shaded.jar -Dfile.encoding=GBK 
java_command: ME.sample.Frame
java_class_path (initial): D:\Users\Lenovo\eclipse-workspace\DETA_YLJ1.5.9\target\classes;D:\Users\Lenovo\eclipse-workspace\DETA_YLJ1.5.9\lib\bssm.jar;D:\Users\Lenovo\eclipse-workspace\DETA_YLJ1.5.9\lib\commons-math-2.1.jar;D:\Users\Lenovo\eclipse-workspace\DETA_YLJ1.5.9\lib\commons-math3-3.0.jar;D:\Users\Lenovo\eclipse-workspace\DETA_YLJ1.5.9\lib\customizer.jar;D:\Users\Lenovo\eclipse-workspace\DETA_YLJ1.5.9\lib\ffmpeg-3.2.1-1.3-windows-x86_64.jar;D:\Users\Lenovo\eclipse-workspace\DETA_YLJ1.5.9\lib\ffmpeg-platform-3.2.1-1.3.jar;D:\Users\Lenovo\eclipse-workspace\DETA_YLJ1.5.9\lib;D:\Users\Lenovo\eclipse-workspace\DETA_YLJ1.5.9\lib\flandmark-1.07-1.3.jar;D:\Users\Lenovo\eclipse-workspace\DETA_YLJ1.5.9\lib\flandmark-platform-1.07-1.3.jar;D:\Users\Lenovo\eclipse-workspace\DETA_YLJ1.5.9\lib\flycapture-2.9.3.43-1.3-windows-x86_64.jar;D:\Users\Lenovo\eclipse-workspace\DETA_YLJ1.5.9\lib\flycapture-2.9.3.43-1.3.jar;D:\Users\Lenovo\eclipse-workspace\DETA_YLJ1.5.9\lib\flycapture-platform-2.9.3.43-1.3.jar;D:\Users\Lenovo\eclipse-workspace\DETA_YLJ1.5.9\lib\gluegen-rt.jar;D:\Users\Lenovo\eclipse-workspace\DETA_YLJ1.5.9\lib\gluegen.jar;D:\Users\Lenovo\eclipse-workspace\DETA_YLJ1.5.9\lib\gnujaxp.jar;D:\Users\Lenovo\eclipse-workspace\DETA_YLJ1.5.9\lib\icam.jar;D:\Users\Lenovo\eclipse-workspace\DETA_YLJ1.5.9\lib\iText-2.1.5.jar;D:\Users\Lenovo\eclipse-workspace\DETA_YLJ1.5.9\lib\javabuilder.jar;D:\Users\Lenovo\eclipse-workspace\DETA_YLJ1.5.9\lib\javacpp-1.3.jar;D:\Users\Lenovo\eclipse-workspace\DETA_YLJ1.5.9\lib\javacv-platform-1.3.jar;D:\Users\Lenovo\eclipse-workspace\DETA_YLJ1.5.9\lib\jcommon-1.0.16.jar;D:\Users\Lenovo\eclipse-workspace\DETA_YLJ1.5.9\lib\jfreechart-1.0.13-experimental.jar;D:\Users\Lenovo\eclipse-workspace\DETA_YLJ1.5.9\lib\jfreechart-1.0.13-swt.jar;D:\Users\Lenovo\eclipse-workspace\DETA_YLJ1.5.9\lib\jfreechart-1.0.13.jar;D:\Users\Lenovo\eclipse-workspace\DETA_YLJ1.5.9\lib\jmf.jar;D:\Users\Lenovo\eclipse-workspace\DETA_YLJ1.5.9\lib\jogl.all.jar;D:\Users\Lenovo\e
Launcher Type: SUN_STANDARD

Environment Variables:
PATH=C:\Program Files\Java\jdk1.8.0_161\jre\bin;C:/Program Files/Java/jre1.8.0_161/bin/server;C:/Program Files/Java/jre1.8.0_161/bin;C:/Program Files/Java/jre1.8.0_161/lib/amd64;C:\ProgramData\Oracle\Java\javapath;C:\Program Files (x86)\Intel\Intel(R) Management Engine Components\iCLS\;C:\Program Files\Intel\Intel(R) Management Engine Components\iCLS\;C:\Windows\system32;C:\Windows;C:\Windows\System32\Wbem;C:\Windows\System32\WindowsPowerShell\v1.0\;C:\Windows\System32\OpenSSH\;C:\Program Files (x86)\Intel\Intel(R) Management Engine Components\DAL;C:\Program Files\Intel\Intel(R) Management Engine Components\DAL;C:\Program Files (x86)\Intel\Intel(R) Management Engine Components\IPT;C:\Program Files\Intel\Intel(R) Management Engine Components\IPT;C:\Program Files (x86)\NVIDIA Corporation\PhysX\Common;C:\Program Files\Java\jdk1.8.0_161\bin;C:\Program Files\Java\jre1.8.0_161\bin;C:\Program Files\NVIDIA Corporation\NVIDIA NvDLISR;C:\WINDOWS\system32;C:\WINDOWS;C:\WINDOWS\System32\Wbem;C:\WINDOWS\System32\WindowsPowerShell\v1.0\;C:\WINDOWS\System32\OpenSSH\;D:\jdk\64\6.1.9\bin;D:\jdk\64\6.1.9;C:\Users\Lenovo\AppData\Local\Microsoft\WindowsApps;;C:\Users\Lenovo\Desktop\ZHUOMIAN;
USERNAME=Lenovo
OS=Windows_NT
PROCESSOR_IDENTIFIER=Intel64 Family 6 Model 158 Stepping 10, GenuineIntel



---------------  S Y S T E M  ---------------

OS: Windows 10.0 , 64 bit Build 18362 (10.0.18362.778)

CPU:total 8 (initial active 8) (4 cores per cpu, 2 threads per core) family 6 model 158 stepping 10, cmov, cx8, fxsr, mmx, sse, sse2, sse3, ssse3, sse4.1, sse4.2, popcnt, avx, avx2, aes, clmul, erms, 3dnowpref, lzcnt, ht, tsc, tscinvbit, bmi1, bmi2, adx

Memory: 4k page, physical 16648500k(7611604k free), swap 17697076k(6891328k free)

vm_info: Java HotSpot(TM) 64-Bit Server VM (25.161-b12) for windows-amd64 JRE (1.8.0_161-b12), built on Dec 19 2017 17:52:25 by "java_re" with MS VC++ 10.0 (VS2010)

time: Tue Nov 17 04:51:50 2020
elapsed time: 185 seconds (0d 0h 3m 5s)

