#
# A fatal error has been detected by the Java Runtime Environment:
#
#  EXCEPTION_INT_DIVIDE_BY_ZERO (0xc0000094) at pc=0x0000000028d0ab5d, pid=3856, tid=0x000000000000303c
#
# JRE version: Java(TM) SE Runtime Environment (8.0_161-b12) (build 1.8.0_161-b12)
# Java VM: Java HotSpot(TM) 64-Bit Server VM (25.161-b12 mixed mode windows-amd64 compressed oops)
# Problematic frame:
# C  [ig9icd64.dll+0x4bab5d]
#
# Failed to write core dump. Minidumps are not enabled by default on client versions of Windows
#
# If you would like to submit a bug report, please visit:
#   http://bugreport.java.com/bugreport/crash.jsp
# The crash happened outside the Java Virtual Machine in native code.
# See problematic frame for where to report the bug.
#

---------------  T H R E A D  ---------------

Current thread (0x000000002122e000):  JavaThread "AWT-EventQueue-0" [_thread_in_native, id=12348, stack(0x00000000222d0000,0x00000000223d0000)]

siginfo: ExceptionCode=0xc0000094

Registers:
RAX=0x00000000000000f0, RBX=0x00000000223cdd70, RCX=0x00000000000000f0, RDX=0x0000000000000000
RSP=0x00000000223cdbc8, RBP=0x0000000000000000, RSI=0x0000000000000050, RDI=0x0000000000000014
R8 =0x0000000000000003, R9 =0x0000000000000001, R10=0x00000000223cdc70, R11=0x00000000223ce070
R12=0x00000000000001c1, R13=0x00000000294eaab0, R14=0x0000000000000000, R15=0x0000000000000000
RIP=0x0000000028d0ab5d, EFLAGS=0x0000000000010297

Top of Stack: (sp=0x00000000223cdbc8)
0x00000000223cdbc8:   0000000000000001 0000000000000000
0x00000000223cdbd8:   0000000000000001 0000000000000007
0x00000000223cdbe8:   0000000028d0d79b 00000000223cdd70
0x00000000223cdbf8:   00000000223cdcf0 0000000000000000
0x00000000223cdc08:   0000000000000000 000000000000002a
0x00000000223cdc18:   0000000000000001 00000000240b9e90
0x00000000223cdc28:   0000000000000000 0000000000000001
0x00000000223cdc38:   000000002887a16c 80000fc040000280
0x00000000223cdc48:   0000000000000000 000000002fb0d000
0x00000000223cdc58:   0000000000000000 0000000033344140
0x00000000223cdc68:   0000000028875ecf 0000000029302270
0x00000000223cdc78:   0000000032341400 0000001400000050
0x00000000223cdc88:   0000002a00000000 000000f000000003
0x00000000223cdc98:   0000000000000000 0000000032375670
0x00000000223cdca8:   000000003333f050 0000000000000000
0x00000000223cdcb8:   0000000000000000 0000000032341400 

Instructions: (pc=0x0000000028d0ab5d)
0x0000000028d0ab3d:   42 20 0f 44 ce 41 0f af c8 41 89 4a 24 41 80 f9
0x0000000028d0ab4d:   08 75 0a 83 c1 07 c1 f9 03 41 89 4a 24 8b c1 99
0x0000000028d0ab5d:   41 f7 fe 85 d2 74 09 2b ca 41 03 ce 41 89 4a 24
0x0000000028d0ab6d:   41 8b 43 10 44 0f af c5 41 8b d0 c1 ea 03 41 80 


Register to memory mapping:

RAX=0x00000000000000f0 is an unknown value
RBX=0x00000000223cdd70 is pointing into the stack for thread: 0x000000002122e000
RCX=0x00000000000000f0 is an unknown value
RDX=0x0000000000000000 is an unknown value
RSP=0x00000000223cdbc8 is pointing into the stack for thread: 0x000000002122e000
RBP=0x0000000000000000 is an unknown value
RSI=0x0000000000000050 is an unknown value
RDI=0x0000000000000014 is an unknown value
R8 =0x0000000000000003 is an unknown value
R9 =0x0000000000000001 is an unknown value
R10=0x00000000223cdc70 is pointing into the stack for thread: 0x000000002122e000
R11=0x00000000223ce070 is pointing into the stack for thread: 0x000000002122e000
R12=0x00000000000001c1 is an unknown value
R13=0x00000000294eaab0 is an unknown value
R14=0x0000000000000000 is an unknown value
R15=0x0000000000000000 is an unknown value


Stack: [0x00000000222d0000,0x00000000223d0000],  sp=0x00000000223cdbc8,  free space=1014k
Native frames: (J=compiled Java code, j=interpreted, Vv=VM code, C=native code)

Java frames: (J=compiled Java code, j=interpreted, Vv=VM code)
J 4513  jogamp.opengl.gl4.GL4bcImpl.dispatch_glDrawPixels1(IIIILjava/lang/Object;IZJ)V (0 bytes) @ 0x0000000003f4317c [0x0000000003f43100+0x7c]
J 4763 C2 jogamp.opengl.gl4.GL4bcImpl.glDrawPixels(IIIILjava/nio/Buffer;)V (109 bytes) @ 0x0000000004070d14 [0x0000000004070b60+0x1b4]
J 5431 C2 biProcessor.coAuthorForWord.drawWords([II[DFIILjava/util/Map;Ljava/util/Map;)V (1501 bytes) @ 0x0000000004218440 [0x0000000004214b80+0x38c0]
J 5431 C2 biProcessor.coAuthorForWord.drawWords([II[DFIILjava/util/Map;Ljava/util/Map;)V (1501 bytes) @ 0x0000000004219060 [0x0000000004214b80+0x44e0]
J 6013 C2 javax.media.opengl.awt.GLCanvas$6.run()V (122 bytes) @ 0x0000000003d7c89c [0x0000000003d7c680+0x21c]
J 6062 C2 jogamp.opengl.GLDrawableHelper.invokeGLImpl(Ljavax/media/opengl/GLDrawable;Ljavax/media/opengl/GLContext;Ljava/lang/Runnable;Ljava/lang/Runnable;Ljavax/media/opengl/GLAutoDrawable;)V (414 bytes) @ 0x0000000003e37858 [0x0000000003e37600+0x258]
J 6001 C2 javax.media.opengl.awt.GLCanvas$8.run()V (39 bytes) @ 0x00000000038a1a6c [0x00000000038a19e0+0x8c]
J 5129 C2 java.awt.event.InvocationEvent.dispatch()V (69 bytes) @ 0x0000000003e2e798 [0x0000000003e2e740+0x58]
J 4858 C2 java.awt.EventQueue$3.run()Ljava/lang/Object; (5 bytes) @ 0x0000000004125cf0 [0x0000000004125980+0x370]
v  ~StubRoutines::call_stub
J 593  java.security.AccessController.doPrivileged(Ljava/security/PrivilegedAction;Ljava/security/AccessControlContext;)Ljava/lang/Object; (0 bytes) @ 0x000000000350cae6 [0x000000000350ca80+0x66]
J 5947 C2 java.awt.EventDispatchThread.pumpOneEventForFilters(I)V (295 bytes) @ 0x0000000004307e0c [0x0000000004307700+0x70c]
j  java.awt.EventDispatchThread.pumpEventsForFilter(ILjava/awt/Conditional;Ljava/awt/EventFilter;)V+35
j  java.awt.EventDispatchThread.pumpEventsForHierarchy(ILjava/awt/Conditional;Ljava/awt/Component;)V+11
j  java.awt.EventDispatchThread.pumpEvents(ILjava/awt/Conditional;)V+4
j  java.awt.EventDispatchThread.pumpEvents(Ljava/awt/Conditional;)V+3
j  java.awt.EventDispatchThread.run()V+9
v  ~StubRoutines::call_stub

---------------  P R O C E S S  ---------------

Java Threads: ( => current thread )
  0x000000001ec34000 JavaThread "Image Fetcher 0" daemon [_thread_blocked, id=16156, stack(0x0000000046550000,0x0000000046650000)]
  0x000000001ec33800 JavaThread "Timer-1" [_thread_blocked, id=18956, stack(0x00000000369b0000,0x0000000036ab0000)]
  0x000000001ec37000 JavaThread "DestroyJavaVM" [_thread_blocked, id=18084, stack(0x0000000003080000,0x0000000003180000)]
  0x000000001ec32800 JavaThread "Thread-39" [_thread_blocked, id=19692, stack(0x00000000360b0000,0x00000000361b0000)]
  0x000000001febc800 JavaThread "Timer-0" [_thread_blocked, id=14416, stack(0x0000000033a60000,0x0000000033b60000)]
  0x000000001feb8800 JavaThread "JavaCPP Deallocator" daemon [_thread_blocked, id=4032, stack(0x0000000033860000,0x0000000033960000)]
  0x000000001ec38000 JavaThread "Thread-14" [_thread_in_native, id=15756, stack(0x0000000028650000,0x0000000028750000)]
  0x000000001ec36800 JavaThread "Thread-6-SharedResourceRunner" daemon [_thread_blocked, id=15128, stack(0x0000000028550000,0x0000000028650000)]
  0x000000001ee2e800 JavaThread "Thread-10" [_thread_in_native, id=244, stack(0x0000000028150000,0x0000000028250000)]
  0x0000000021e12000 JavaThread "Thread-9" [_thread_in_native, id=16336, stack(0x0000000028050000,0x0000000028150000)]
  0x0000000021472800 JavaThread "Thread-2" [_thread_in_native, id=13800, stack(0x00000000234b0000,0x00000000235b0000)]
=>0x000000002122e000 JavaThread "AWT-EventQueue-0" [_thread_in_native, id=12348, stack(0x00000000222d0000,0x00000000223d0000)]
  0x0000000021704800 JavaThread "AWT-Shutdown" [_thread_blocked, id=19660, stack(0x00000000221d0000,0x00000000222d0000)]
  0x000000001fe29800 JavaThread "AWT-Windows" daemon [_thread_in_native, id=5568, stack(0x00000000204a0000,0x00000000205a0000)]
  0x000000001fdd3800 JavaThread "Java2D Disposer" daemon [_thread_blocked, id=4660, stack(0x00000000202a0000,0x00000000203a0000)]
  0x000000001fdcb800 JavaThread "TimerQueue" daemon [_thread_blocked, id=18876, stack(0x00000000201a0000,0x00000000202a0000)]
  0x000000001ec7a000 JavaThread "Service Thread" daemon [_thread_blocked, id=9764, stack(0x000000001f6f0000,0x000000001f7f0000)]
  0x000000001ec38800 JavaThread "C1 CompilerThread3" daemon [_thread_blocked, id=20636, stack(0x000000001f5f0000,0x000000001f6f0000)]
  0x000000001ec2b800 JavaThread "C2 CompilerThread2" daemon [_thread_in_native, id=14548, stack(0x000000001f4f0000,0x000000001f5f0000)]
  0x000000001ec27800 JavaThread "C2 CompilerThread1" daemon [_thread_in_native, id=13396, stack(0x000000001f3f0000,0x000000001f4f0000)]
  0x000000001ec25000 JavaThread "C2 CompilerThread0" daemon [_thread_in_native, id=20512, stack(0x000000001f2f0000,0x000000001f3f0000)]
  0x000000001ebc9000 JavaThread "Attach Listener" daemon [_thread_blocked, id=20920, stack(0x000000001f1f0000,0x000000001f2f0000)]
  0x000000001ec20800 JavaThread "Signal Dispatcher" daemon [_thread_blocked, id=19668, stack(0x000000001f0f0000,0x000000001f1f0000)]
  0x000000001ebb0800 JavaThread "Finalizer" daemon [_thread_blocked, id=8504, stack(0x000000001ef90000,0x000000001f090000)]
  0x000000000327b000 JavaThread "Reference Handler" daemon [_thread_blocked, id=17028, stack(0x000000001ea90000,0x000000001eb90000)]

Other Threads:
  0x000000001cc89800 VMThread [stack: 0x000000001e990000,0x000000001ea90000] [id=7464]
  0x000000001ec7f000 WatcherThread [stack: 0x000000001f7f0000,0x000000001f8f0000] [id=18144]

VM state:not at safepoint (normal execution)

VM Mutex/Monitor currently owned by a thread: None

Heap:
 PSYoungGen      total 1367040K, used 1038503K [0x000000076b500000, 0x00000007bfe80000, 0x00000007c0000000)
  eden space 1349120K, 76% used [0x000000076b500000,0x00000007aa299da8,0x00000007bda80000)
  from space 17920K, 48% used [0x00000007bed00000,0x00000007bf590000,0x00000007bfe80000)
  to   space 18432K, 0% used [0x00000007bda80000,0x00000007bda80000,0x00000007bec80000)
 ParOldGen       total 678912K, used 397512K [0x00000006c1e00000, 0x00000006eb500000, 0x000000076b500000)
  object space 678912K, 58% used [0x00000006c1e00000,0x00000006da232028,0x00000006eb500000)
 Metaspace       used 29695K, capacity 29964K, committed 30336K, reserved 1075200K
  class space    used 3794K, capacity 3870K, committed 3968K, reserved 1048576K

Card table byte_map: [0x0000000012640000,0x0000000012e40000] byte_map_base: 0x000000000f031000

Marking Bits: (ParMarkBitMap*) 0x000000006912f860
 Begin Bits: [0x0000000013b90000, 0x0000000017b18000)
 End Bits:   [0x0000000017b18000, 0x000000001baa0000)

Polling page: 0x00000000012d0000

CodeCache: size=245760Kb used=21448Kb max_used=22102Kb free=224311Kb
 bounds [0x0000000003280000, 0x00000000048b0000, 0x0000000012280000]
 total_blobs=5705 nmethods=4757 adapters=857
 compilation: enabled

Compilation events (10 events):
Event: 450.535 Thread 0x000000001ec27800 nmethod 6416 0x00000000046b36d0 code [0x00000000046b3800, 0x00000000046b3878]
Event: 450.560 Thread 0x000000001ec25000 6417       4       javax.swing.text.GlyphPainter1::getBoundedPosition (68 bytes)
Event: 450.560 Thread 0x000000001ec2b800 6418       4       javax.swing.text.html.InlineView::getBreakWeight (17 bytes)
Event: 450.560 Thread 0x000000001ec27800 6419       4       javax.swing.text.GlyphView::getBreakSpot (247 bytes)
Event: 450.570 Thread 0x000000001ec38800 6424       3       javax.swing.text.html.ParagraphView::isVisible (106 bytes)
Event: 450.571 Thread 0x000000001ec38800 nmethod 6424 0x000000000460f810 code [0x000000000460faa0, 0x0000000004611298]
Event: 450.580 Thread 0x000000001ec25000 nmethod 6417 0x000000000460c990 code [0x000000000460cc40, 0x000000000460df20]
Event: 450.580 Thread 0x000000001ec25000 6420       4       javax.swing.text.Utilities::getTabbedTextOffset (449 bytes)
Event: 450.588 Thread 0x000000001ec25000 nmethod 6420 0x0000000004487510 code [0x0000000004487700, 0x0000000004487f00]
Event: 450.588 Thread 0x000000001ec25000 6421       4       javax.swing.text.GlyphView::getBreakWeight (69 bytes)

GC Heap History (10 events):
Event: 440.767 GC heap before
{Heap before GC invocations=210 (full 4):
 PSYoungGen      total 1366016K, used 1354752K [0x000000076b500000, 0x00000007bfd80000, 0x00000007c0000000)
  eden space 1346048K, 100% used [0x000000076b500000,0x00000007bd780000,0x00000007bd780000)
  from space 19968K, 43% used [0x00000007bd780000,0x00000007be000000,0x00000007beb00000)
  to   space 18944K, 0% used [0x00000007beb00000,0x00000007beb00000,0x00000007bfd80000)
 ParOldGen       total 678912K, used 397456K [0x00000006c1e00000, 0x00000006eb500000, 0x000000076b500000)
  object space 678912K, 58% used [0x00000006c1e00000,0x00000006da224028,0x00000006eb500000)
 Metaspace       used 29655K, capacity 29964K, committed 30336K, reserved 1075200K
  class space    used 3794K, capacity 3870K, committed 3968K, reserved 1048576K
Event: 440.770 GC heap after
Heap after GC invocations=210 (full 4):
 PSYoungGen      total 1365504K, used 13056K [0x000000076b500000, 0x00000007c0000000, 0x00000007c0000000)
  eden space 1346560K, 0% used [0x000000076b500000,0x000000076b500000,0x00000007bd800000)
  from space 18944K, 68% used [0x00000007beb00000,0x00000007bf7c0000,0x00000007bfd80000)
  to   space 19456K, 0% used [0x00000007bd800000,0x00000007bd800000,0x00000007beb00000)
 ParOldGen       total 678912K, used 397464K [0x00000006c1e00000, 0x00000006eb500000, 0x000000076b500000)
  object space 678912K, 58% used [0x00000006c1e00000,0x00000006da226028,0x00000006eb500000)
 Metaspace       used 29655K, capacity 29964K, committed 30336K, reserved 1075200K
  class space    used 3794K, capacity 3870K, committed 3968K, reserved 1048576K
}
Event: 443.201 GC heap before
{Heap before GC invocations=211 (full 4):
 PSYoungGen      total 1365504K, used 1359616K [0x000000076b500000, 0x00000007c0000000, 0x00000007c0000000)
  eden space 1346560K, 100% used [0x000000076b500000,0x00000007bd800000,0x00000007bd800000)
  from space 18944K, 68% used [0x00000007beb00000,0x00000007bf7c0000,0x00000007bfd80000)
  to   space 19456K, 0% used [0x00000007bd800000,0x00000007bd800000,0x00000007beb00000)
 ParOldGen       total 678912K, used 397464K [0x00000006c1e00000, 0x00000006eb500000, 0x000000076b500000)
  object space 678912K, 58% used [0x00000006c1e00000,0x00000006da226028,0x00000006eb500000)
 Metaspace       used 29655K, capacity 29964K, committed 30336K, reserved 1075200K
  class space    used 3794K, capacity 3870K, committed 3968K, reserved 1048576K
Event: 443.203 GC heap after
Heap after GC invocations=211 (full 4):
 PSYoungGen      total 1366016K, used 1120K [0x000000076b500000, 0x00000007c0000000, 0x00000007c0000000)
  eden space 1346560K, 0% used [0x000000076b500000,0x000000076b500000,0x00000007bd800000)
  from space 19456K, 5% used [0x00000007bd800000,0x00000007bd918000,0x00000007beb00000)
  to   space 19968K, 0% used [0x00000007bec80000,0x00000007bec80000,0x00000007c0000000)
 ParOldGen       total 678912K, used 397496K [0x00000006c1e00000, 0x00000006eb500000, 0x000000076b500000)
  object space 678912K, 58% used [0x00000006c1e00000,0x00000006da22e028,0x00000006eb500000)
 Metaspace       used 29655K, capacity 29964K, committed 30336K, reserved 1075200K
  class space    used 3794K, capacity 3870K, committed 3968K, reserved 1048576K
}
Event: 445.664 GC heap before
{Heap before GC invocations=212 (full 4):
 PSYoungGen      total 1366016K, used 1347680K [0x000000076b500000, 0x00000007c0000000, 0x00000007c0000000)
  eden space 1346560K, 100% used [0x000000076b500000,0x00000007bd800000,0x00000007bd800000)
  from space 19456K, 5% used [0x00000007bd800000,0x00000007bd918000,0x00000007beb00000)
  to   space 19968K, 0% used [0x00000007bec80000,0x00000007bec80000,0x00000007c0000000)
 ParOldGen       total 678912K, used 397496K [0x00000006c1e00000, 0x00000006eb500000, 0x000000076b500000)
  object space 678912K, 58% used [0x00000006c1e00000,0x00000006da22e028,0x00000006eb500000)
 Metaspace       used 29656K, capacity 29964K, committed 30336K, reserved 1075200K
  class space    used 3794K, capacity 3870K, committed 3968K, reserved 1048576K
Event: 445.666 GC heap after
Heap after GC invocations=212 (full 4):
 PSYoungGen      total 1366528K, used 9014K [0x000000076b500000, 0x00000007bfe80000, 0x00000007c0000000)
  eden space 1348096K, 0% used [0x000000076b500000,0x000000076b500000,0x00000007bd980000)
  from space 18432K, 48% used [0x00000007bec80000,0x00000007bf54da10,0x00000007bfe80000)
  to   space 18944K, 0% used [0x00000007bd980000,0x00000007bd980000,0x00000007bec00000)
 ParOldGen       total 678912K, used 397496K [0x00000006c1e00000, 0x00000006eb500000, 0x000000076b500000)
  object space 678912K, 58% used [0x00000006c1e00000,0x00000006da22e028,0x00000006eb500000)
 Metaspace       used 29656K, capacity 29964K, committed 30336K, reserved 1075200K
  class space    used 3794K, capacity 3870K, committed 3968K, reserved 1048576K
}
Event: 447.809 GC heap before
{Heap before GC invocations=213 (full 4):
 PSYoungGen      total 1366528K, used 1357110K [0x000000076b500000, 0x00000007bfe80000, 0x00000007c0000000)
  eden space 1348096K, 100% used [0x000000076b500000,0x00000007bd980000,0x00000007bd980000)
  from space 18432K, 48% used [0x00000007bec80000,0x00000007bf54da10,0x00000007bfe80000)
  to   space 18944K, 0% used [0x00000007bd980000,0x00000007bd980000,0x00000007bec00000)
 ParOldGen       total 678912K, used 397496K [0x00000006c1e00000, 0x00000006eb500000, 0x000000076b500000)
  object space 678912K, 58% used [0x00000006c1e00000,0x00000006da22e028,0x00000006eb500000)
 Metaspace       used 29663K, capacity 29964K, committed 30336K, reserved 1075200K
  class space    used 3794K, capacity 3870K, committed 3968K, reserved 1048576K
Event: 447.811 GC heap after
Heap after GC invocations=213 (full 4):
 PSYoungGen      total 1367040K, used 1312K [0x000000076b500000, 0x00000007c0000000, 0x00000007c0000000)
  eden space 1348096K, 0% used [0x000000076b500000,0x000000076b500000,0x00000007bd980000)
  from space 18944K, 6% used [0x00000007bd980000,0x00000007bdac8000,0x00000007bec00000)
  to   space 19456K, 0% used [0x00000007bed00000,0x00000007bed00000,0x00000007c0000000)
 ParOldGen       total 678912K, used 397512K [0x00000006c1e00000, 0x00000006eb500000, 0x000000076b500000)
  object space 678912K, 58% used [0x00000006c1e00000,0x00000006da232028,0x00000006eb500000)
 Metaspace       used 29663K, capacity 29964K, committed 30336K, reserved 1075200K
  class space    used 3794K, capacity 3870K, committed 3968K, reserved 1048576K
}
Event: 449.676 GC heap before
{Heap before GC invocations=214 (full 4):
 PSYoungGen      total 1367040K, used 1349408K [0x000000076b500000, 0x00000007c0000000, 0x00000007c0000000)
  eden space 1348096K, 100% used [0x000000076b500000,0x00000007bd980000,0x00000007bd980000)
  from space 18944K, 6% used [0x00000007bd980000,0x00000007bdac8000,0x00000007bec00000)
  to   space 19456K, 0% used [0x00000007bed00000,0x00000007bed00000,0x00000007c0000000)
 ParOldGen       total 678912K, used 397512K [0x00000006c1e00000, 0x00000006eb500000, 0x000000076b500000)
  object space 678912K, 58% used [0x00000006c1e00000,0x00000006da232028,0x00000006eb500000)
 Metaspace       used 29664K, capacity 29964K, committed 30336K, reserved 1075200K
  class space    used 3794K, capacity 3870K, committed 3968K, reserved 1048576K
Event: 449.679 GC heap after
Heap after GC invocations=214 (full 4):
 PSYoungGen      total 1367040K, used 8768K [0x000000076b500000, 0x00000007bfe80000, 0x00000007c0000000)
  eden space 1349120K, 0% used [0x000000076b500000,0x000000076b500000,0x00000007bda80000)
  from space 17920K, 48% used [0x00000007bed00000,0x00000007bf590000,0x00000007bfe80000)
  to   space 18432K, 0% used [0x00000007bda80000,0x00000007bda80000,0x00000007bec80000)
 ParOldGen       total 678912K, used 397512K [0x00000006c1e00000, 0x00000006eb500000, 0x000000076b500000)
  object space 678912K, 58% used [0x00000006c1e00000,0x00000006da232028,0x00000006eb500000)
 Metaspace       used 29664K, capacity 29964K, committed 30336K, reserved 1075200K
  class space    used 3794K, capacity 3870K, committed 3968K, reserved 1048576K
}

Deoptimization events (10 events):
Event: 413.716 Thread 0x000000002122e000 Uncommon trap: reason=unstable_if action=reinterpret pc=0x000000000401c394 method=javax.swing.RepaintManager.addDirtyRegion0(Ljava/awt/Container;IIII)V @ 26
Event: 413.716 Thread 0x000000002122e000 Uncommon trap: reason=unstable_if action=reinterpret pc=0x00000000042b9a88 method=ME.sample.App.zhongYaoSearch(Ljava/lang/String;Ljava/lang/String;Ljava/lang/String;)V @ 2394
Event: 447.757 Thread 0x000000002122e000 Uncommon trap: reason=speculate_class_check action=maybe_recompile pc=0x0000000003d934e4 method=java.awt.Component.dispatchEventImpl(Ljava/awt/AWTEvent;)V @ 506
Event: 447.757 Thread 0x000000002122e000 Uncommon trap: reason=class_check action=maybe_recompile pc=0x0000000003783dd4 method=java.awt.Component.processEvent(Ljava/awt/AWTEvent;)V @ 121
Event: 447.852 Thread 0x000000002122e000 Uncommon trap: reason=speculate_class_check action=maybe_recompile pc=0x0000000003d934e4 method=java.awt.Component.dispatchEventImpl(Ljava/awt/AWTEvent;)V @ 506
Event: 447.852 Thread 0x000000002122e000 Uncommon trap: reason=class_check action=maybe_recompile pc=0x0000000003783dd4 method=java.awt.Component.processEvent(Ljava/awt/AWTEvent;)V @ 121
Event: 448.709 Thread 0x000000002122e000 Uncommon trap: reason=speculate_class_check action=maybe_recompile pc=0x0000000003d934e4 method=java.awt.Component.dispatchEventImpl(Ljava/awt/AWTEvent;)V @ 506
Event: 448.831 Thread 0x000000002122e000 Uncommon trap: reason=speculate_class_check action=maybe_recompile pc=0x0000000003d934e4 method=java.awt.Component.dispatchEventImpl(Ljava/awt/AWTEvent;)V @ 506
Event: 449.929 Thread 0x000000002122e000 Uncommon trap: reason=unstable_if action=reinterpret pc=0x000000000477d78c method=ME.sample.zynkx.zynkx.keyReleased(Ljava/awt/event/KeyEvent;)V @ 1064
Event: 449.933 Thread 0x000000002122e000 Uncommon trap: reason=null_check action=make_not_entrant pc=0x00000000042acb98 method=org.ASQ.PSU.OEI.tinos.engine.nero.imp.NEROControllerOneTimeImp.getBinaryForestRecurWordOneTime(Ljava/lang/StringBuilder;Ljava/lang/String;IILjava/util/Map;II)Ljava/lang/

Classes redefined (0 events):
No events

Internal exceptions (10 events):
Event: 315.133 Thread 0x000000002122e000 Exception <a 'java/lang/ArrayIndexOutOfBoundsException': 0> (0x000000079cd95c50) thrown at [C:\re\workspace\8-2-build-windows-amd64-cygwin\jdk8u161\10277\hotspot\src\share\vm\interpreter\interpreterRuntime.cpp, line 366]
Event: 315.133 Thread 0x000000002122e000 Exception <a 'java/lang/ArrayIndexOutOfBoundsException'> (0x000000079cd95c50) thrown at [C:\re\workspace\8-2-build-windows-amd64-cygwin\jdk8u161\10277\hotspot\src\share\vm\prims\jvm.cpp, line 1394]
Event: 315.133 Thread 0x000000002122e000 Exception <a 'java/lang/ArrayIndexOutOfBoundsException'> (0x000000079cd95c50) thrown at [C:\re\workspace\8-2-build-windows-amd64-cygwin\jdk8u161\10277\hotspot\src\share\vm\prims\jvm.cpp, line 1394]
Event: 320.606 Thread 0x000000002122e000 Exception <a 'java/lang/ArrayIndexOutOfBoundsException': 0> (0x000000076bce6400) thrown at [C:\re\workspace\8-2-build-windows-amd64-cygwin\jdk8u161\10277\hotspot\src\share\vm\interpreter\interpreterRuntime.cpp, line 366]
Event: 320.606 Thread 0x000000002122e000 Exception <a 'java/lang/ArrayIndexOutOfBoundsException'> (0x000000076bce6400) thrown at [C:\re\workspace\8-2-build-windows-amd64-cygwin\jdk8u161\10277\hotspot\src\share\vm\prims\jvm.cpp, line 1394]
Event: 320.606 Thread 0x000000002122e000 Exception <a 'java/lang/ArrayIndexOutOfBoundsException'> (0x000000076bce6400) thrown at [C:\re\workspace\8-2-build-windows-amd64-cygwin\jdk8u161\10277\hotspot\src\share\vm\prims\jvm.cpp, line 1394]
Event: 323.910 Thread 0x000000002122e000 Exception <a 'java/lang/ArrayIndexOutOfBoundsException': 0> (0x000000078a011b58) thrown at [C:\re\workspace\8-2-build-windows-amd64-cygwin\jdk8u161\10277\hotspot\src\share\vm\interpreter\interpreterRuntime.cpp, line 366]
Event: 323.911 Thread 0x000000002122e000 Exception <a 'java/lang/ArrayIndexOutOfBoundsException'> (0x000000078a011b58) thrown at [C:\re\workspace\8-2-build-windows-amd64-cygwin\jdk8u161\10277\hotspot\src\share\vm\prims\jvm.cpp, line 1394]
Event: 323.911 Thread 0x000000002122e000 Exception <a 'java/lang/ArrayIndexOutOfBoundsException'> (0x000000078a011b58) thrown at [C:\re\workspace\8-2-build-windows-amd64-cygwin\jdk8u161\10277\hotspot\src\share\vm\prims\jvm.cpp, line 1394]
Event: 449.933 Thread 0x000000002122e000 Implicit null exception at 0x00000000042abb25 to 0x00000000042acb89

Events (10 events):
Event: 449.941 Thread 0x000000001ec25000 flushing nmethod 0x0000000003696d90
Event: 449.941 Thread 0x000000001ec25000 flushing nmethod 0x00000000036be790
Event: 449.947 Thread 0x000000001ec38800 flushing nmethod 0x00000000036e3c50
Event: 449.949 Thread 0x000000001ec38800 flushing nmethod 0x00000000038a0710
Event: 449.985 Thread 0x000000001ec38800 flushing nmethod 0x0000000003f80290
Event: 449.985 Thread 0x000000001ec38800 flushing nmethod 0x0000000003f93890
Event: 449.985 Thread 0x000000001ec38800 flushing nmethod 0x0000000003f9b7d0
Event: 449.988 Thread 0x000000001ec38800 flushing nmethod 0x000000000478ee10
Event: 449.988 Thread 0x000000001ec38800 flushing nmethod 0x0000000004847650
Event: 450.365 Thread 0x000000001ec34000 Thread added: 0x000000001ec34000


Dynamic libraries:
0x00007ff74cec0000 - 0x00007ff74cef7000 	C:\Program Files\Java\jdk1.8.0_161\jre\bin\javaw.exe
0x00007ffc62240000 - 0x00007ffc62430000 	C:\WINDOWS\SYSTEM32\ntdll.dll
0x00007ffc48b20000 - 0x00007ffc48b33000 	D:\Program Files\AVAST Software\Avast\aswhook.dll
0x00007ffc62120000 - 0x00007ffc621d2000 	C:\WINDOWS\System32\KERNEL32.DLL
0x00007ffc5ff90000 - 0x00007ffc60233000 	C:\WINDOWS\System32\KERNELBASE.dll
0x00007ffc616d0000 - 0x00007ffc61773000 	C:\WINDOWS\System32\ADVAPI32.dll
0x00007ffc61b10000 - 0x00007ffc61bae000 	C:\WINDOWS\System32\msvcrt.dll
0x00007ffc62080000 - 0x00007ffc62117000 	C:\WINDOWS\System32\sechost.dll
0x00007ffc61bb0000 - 0x00007ffc61cd0000 	C:\WINDOWS\System32\RPCRT4.dll
0x00007ffc60610000 - 0x00007ffc607a4000 	C:\WINDOWS\System32\USER32.dll
0x00007ffc602c0000 - 0x00007ffc602e1000 	C:\WINDOWS\System32\win32u.dll
0x00007ffc618a0000 - 0x00007ffc618c6000 	C:\WINDOWS\System32\GDI32.dll
0x00007ffc5f970000 - 0x00007ffc5fb04000 	C:\WINDOWS\System32\gdi32full.dll
0x00007ffc5fbf0000 - 0x00007ffc5fc8e000 	C:\WINDOWS\System32\msvcp_win.dll
0x00007ffc5fe90000 - 0x00007ffc5ff8a000 	C:\WINDOWS\System32\ucrtbase.dll
0x00007ffc4a460000 - 0x00007ffc4a6e5000 	C:\WINDOWS\WinSxS\amd64_microsoft.windows.common-controls_6595b64144ccf1df_6.0.18362.778_none_e6c6b761130d4fb8\COMCTL32.dll
0x00007ffc61d40000 - 0x00007ffc62076000 	C:\WINDOWS\System32\combase.dll
0x00007ffc60240000 - 0x00007ffc602c0000 	C:\WINDOWS\System32\bcryptPrimitives.dll
0x00007ffc60300000 - 0x00007ffc6032e000 	C:\WINDOWS\System32\IMM32.DLL
0x0000000069c70000 - 0x0000000069d42000 	C:\Program Files\Java\jdk1.8.0_161\jre\bin\msvcr100.dll
0x0000000068910000 - 0x00000000691af000 	C:\Program Files\Java\jdk1.8.0_161\jre\bin\server\jvm.dll
0x00007ffc61890000 - 0x00007ffc61898000 	C:\WINDOWS\System32\PSAPI.DLL
0x00007ffc54a00000 - 0x00007ffc54a09000 	C:\WINDOWS\SYSTEM32\WSOCK32.dll
0x00007ffc614d0000 - 0x00007ffc6153f000 	C:\WINDOWS\System32\WS2_32.dll
0x00007ffc53e10000 - 0x00007ffc53e34000 	C:\WINDOWS\SYSTEM32\WINMM.dll
0x00007ffc5a560000 - 0x00007ffc5a56a000 	C:\WINDOWS\SYSTEM32\VERSION.dll
0x00007ffc53de0000 - 0x00007ffc53e0d000 	C:\WINDOWS\SYSTEM32\WINMMBASE.dll
0x00007ffc5fe40000 - 0x00007ffc5fe8a000 	C:\WINDOWS\System32\cfgmgr32.dll
0x0000000069c60000 - 0x0000000069c6f000 	C:\Program Files\Java\jdk1.8.0_161\jre\bin\verify.dll
0x0000000069c30000 - 0x0000000069c59000 	C:\Program Files\Java\jdk1.8.0_161\jre\bin\java.dll
0x0000000069c10000 - 0x0000000069c26000 	C:\Program Files\Java\jdk1.8.0_161\jre\bin\zip.dll
0x00007ffc60de0000 - 0x00007ffc614c5000 	C:\WINDOWS\System32\SHELL32.dll
0x00007ffc617e0000 - 0x00007ffc61889000 	C:\WINDOWS\System32\shcore.dll
0x00007ffc5f1d0000 - 0x00007ffc5f950000 	C:\WINDOWS\System32\windows.storage.dll
0x00007ffc5f1a0000 - 0x00007ffc5f1c3000 	C:\WINDOWS\System32\profapi.dll
0x00007ffc5f110000 - 0x00007ffc5f15a000 	C:\WINDOWS\System32\powrprof.dll
0x00007ffc5f100000 - 0x00007ffc5f110000 	C:\WINDOWS\System32\UMPDC.dll
0x00007ffc60d80000 - 0x00007ffc60dd2000 	C:\WINDOWS\System32\shlwapi.dll
0x00007ffc5f160000 - 0x00007ffc5f171000 	C:\WINDOWS\System32\kernel.appcore.dll
0x00007ffc5f950000 - 0x00007ffc5f967000 	C:\WINDOWS\System32\cryptsp.dll
0x00007ffc5e480000 - 0x00007ffc5e4b3000 	C:\WINDOWS\system32\rsaenh.dll
0x00007ffc5fb10000 - 0x00007ffc5fb36000 	C:\WINDOWS\System32\bcrypt.dll
0x00007ffc5eff0000 - 0x00007ffc5f015000 	C:\WINDOWS\SYSTEM32\USERENV.dll
0x00007ffc5eae0000 - 0x00007ffc5eaec000 	C:\WINDOWS\SYSTEM32\CRYPTBASE.dll
0x0000000069bf0000 - 0x0000000069c0a000 	C:\Program Files\Java\jdk1.8.0_161\jre\bin\net.dll
0x00007ffc5e910000 - 0x00007ffc5e977000 	C:\WINDOWS\system32\mswsock.dll
0x00007ffc5e620000 - 0x00007ffc5e65a000 	C:\WINDOWS\SYSTEM32\IPHLPAPI.DLL
0x00007ffc602f0000 - 0x00007ffc602f8000 	C:\WINDOWS\System32\NSI.dll
0x00007ffc57b10000 - 0x00007ffc57b26000 	C:\WINDOWS\SYSTEM32\dhcpcsvc6.DLL
0x00007ffc593c0000 - 0x00007ffc593dc000 	C:\WINDOWS\SYSTEM32\dhcpcsvc.DLL
0x00007ffc5e660000 - 0x00007ffc5e72a000 	C:\WINDOWS\SYSTEM32\DNSAPI.dll
0x0000000069bd0000 - 0x0000000069be1000 	C:\Program Files\Java\jdk1.8.0_161\jre\bin\nio.dll
0x0000000068770000 - 0x0000000068908000 	C:\Program Files\Java\jdk1.8.0_161\jre\bin\awt.dll
0x00007ffc60390000 - 0x00007ffc60454000 	C:\WINDOWS\System32\OLEAUT32.dll
0x00007ffc5cdb0000 - 0x00007ffc5ce3f000 	C:\WINDOWS\SYSTEM32\apphelp.dll
0x00007ffc5d0e0000 - 0x00007ffc5d179000 	C:\WINDOWS\system32\uxtheme.dll
0x00007ffc619d0000 - 0x00007ffc61b06000 	C:\WINDOWS\System32\MSCTF.dll
0x00007ffc607b0000 - 0x00007ffc60907000 	C:\WINDOWS\System32\ole32.dll
0x00007ffc5d6d0000 - 0x00007ffc5d6fd000 	C:\WINDOWS\system32\DWMAPI.DLL
0x00007ffc50d30000 - 0x00007ffc50e86000 	C:\WINDOWS\system32\opengl32.dll
0x00007ffc59ae0000 - 0x00007ffc59b0c000 	C:\WINDOWS\SYSTEM32\GLU32.dll
0x00007ffc5dd70000 - 0x00007ffc5dd90000 	C:\WINDOWS\SYSTEM32\dxcore.dll
0x0000000068720000 - 0x0000000068767000 	C:\Program Files\Java\jdk1.8.0_161\jre\bin\fontmanager.dll
0x00007ffc61620000 - 0x00007ffc616c2000 	C:\WINDOWS\System32\clbcatq.dll
0x00007ffc52480000 - 0x00007ffc5262f000 	C:\WINDOWS\SYSTEM32\WindowsCodecs.dll
0x00007ffc58800000 - 0x00007ffc5883a000 	C:\WINDOWS\system32\dataexchange.dll
0x00007ffc5bdf0000 - 0x00007ffc5c04b000 	C:\WINDOWS\system32\d3d11.dll
0x00007ffc5c590000 - 0x00007ffc5c76c000 	C:\WINDOWS\system32\dcomp.dll
0x00007ffc5de00000 - 0x00007ffc5deeb000 	C:\WINDOWS\system32\dxgi.dll
0x00007ffc5d180000 - 0x00007ffc5d3da000 	C:\WINDOWS\system32\twinapi.appcore.dll
0x00007ffc5d5e0000 - 0x00007ffc5d609000 	C:\WINDOWS\system32\RMCLIENT.dll
0x00000000686d0000 - 0x0000000068712000 	C:\Program Files\Java\jdk1.8.0_161\jre\bin\t2k.dll
0x00007ffc52a60000 - 0x00007ffc52afe000 	C:\WINDOWS\System32\TextInputFramework.dll
0x00007ffc52c60000 - 0x00007ffc52f8a000 	C:\WINDOWS\System32\CoreUIComponents.dll
0x00007ffc5c4b0000 - 0x00007ffc5c584000 	C:\WINDOWS\System32\CoreMessaging.dll
0x00007ffc5e160000 - 0x00007ffc5e191000 	C:\WINDOWS\SYSTEM32\ntmarta.dll
0x00007ffc5a850000 - 0x00007ffc5a9a3000 	C:\WINDOWS\SYSTEM32\wintypes.dll
0x00007ffc53870000 - 0x00007ffc53b16000 	C:\WINDOWS\System32\iertutil.dll
0x00007ffc4b0b0000 - 0x00007ffc4b0e8000 	C:\Program Files\Java\jdk1.8.0_161\jre\bin\jacob-1.18-x64.dll
0x00007ffc22cb0000 - 0x00007ffc22e2f000 	C:\WINDOWS\System32\Speech\Common\sapi.dll
0x00007ffc5fc90000 - 0x00007ffc5fcec000 	C:\WINDOWS\System32\WINTRUST.dll
0x00007ffc5f180000 - 0x00007ffc5f192000 	C:\WINDOWS\System32\MSASN1.dll
0x00007ffc5fcf0000 - 0x00007ffc5fe39000 	C:\WINDOWS\System32\CRYPT32.dll
0x00007ffc53e40000 - 0x00007ffc53e5c000 	C:\WINDOWS\SYSTEM32\MSACM32.dll
0x00007ffc59850000 - 0x00007ffc5985b000 	C:\WINDOWS\SYSTEM32\msdmo.dll
0x00007ffc57a60000 - 0x00007ffc57ad2000 	C:\WINDOWS\System32\MMDevApi.dll
0x00007ffc5ef20000 - 0x00007ffc5ef4a000 	C:\WINDOWS\System32\DEVOBJ.dll
0x00007ffc5ef50000 - 0x00007ffc5efed000 	C:\WINDOWS\SYSTEM32\sxs.dll
0x00007ffc22aa0000 - 0x00007ffc22ca1000 	C:\Windows\System32\speech_onecore\engines\tts\MSTTSEngine_OneCore.dll
0x00007ffc59b10000 - 0x00007ffc59b9a000 	C:\WINDOWS\SYSTEM32\msvcp110_win.dll
0x00007ffc2f840000 - 0x00007ffc2fd23000 	C:\WINDOWS\System32\Speech_OneCore\Common\sapi_onecore.dll
0x00007ffc57b50000 - 0x00007ffc57cad000 	C:\WINDOWS\SYSTEM32\AudioSes.DLL
0x00007ffc5f020000 - 0x00007ffc5f04f000 	C:\WINDOWS\SYSTEM32\SspiCli.dll
0x00007ffc53fb0000 - 0x00007ffc54185000 	C:\WINDOWS\SYSTEM32\urlmon.dll
0x00007ffc5cae0000 - 0x00007ffc5cbcf000 	C:\WINDOWS\SYSTEM32\PROPSYS.dll
0x00007ffc56680000 - 0x00007ffc56770000 	C:\WINDOWS\SYSTEM32\WINHTTP.dll
0x00007ffc58210000 - 0x00007ffc582ee000 	C:\Windows\System32\Windows.ApplicationModel.dll
0x00007ffc48900000 - 0x00007ffc489bf000 	C:\Windows\System32\speech_onecore\engines\tts\MSTTSLoc_OneCore.DLL
0x00007ffc5b610000 - 0x00007ffc5b6c5000 	C:\WINDOWS\system32\MSWB70804.dll
0x00000000637c0000 - 0x00000000637ca000 	C:\Users\Lenovo\AppData\Local\Temp\jogamp.tmp.cache_000000\jln3890999487312889763\jln8307464862302905673\gluegen-rt.dll
0x00000000686c0000 - 0x00000000686c7000 	C:\Program Files\Java\jdk1.8.0_161\jre\bin\jawt.dll
0x000000006a440000 - 0x000000006a44b000 	C:\Users\Lenovo\AppData\Local\Temp\jogamp.tmp.cache_000000\jln3890999487312889763\jln8307464862302905673\nativewindow_awt.dll
0x000000006c100000 - 0x000000006c10b000 	C:\Users\Lenovo\AppData\Local\Temp\jogamp.tmp.cache_000000\jln3890999487312889763\jln8307464862302905673\nativewindow_win32.dll
0x0000000064500000 - 0x000000006458d000 	C:\Users\Lenovo\AppData\Local\Temp\jogamp.tmp.cache_000000\jln3890999487312889763\jln8307464862302905673\jogl_desktop.dll
0x0000000028850000 - 0x0000000029759000 	C:\WINDOWS\System32\DriverStore\FileRepository\iigd_dch.inf_amd64_3c82703a0fbed0ab\ig9icd64.dll
0x00007ffc53150000 - 0x00007ffc532f0000 	C:\WINDOWS\System32\DriverStore\FileRepository\iigd_dch.inf_amd64_3c82703a0fbed0ab\igdgmm64.dll
0x00007ffc30e30000 - 0x00007ffc3322c000 	C:\WINDOWS\System32\DriverStore\FileRepository\iigd_dch.inf_amd64_3c82703a0fbed0ab\igc64.dll
0x00007ffc21aa0000 - 0x00007ffc21b8f000 	C:\Users\Lenovo\.javacpp\cache\opencv-3.1.0-1.3-windows-x86_64.jar\org\bytedeco\javacpp\windows-x86_64\msvcr120.dll
0x00007ffc27d20000 - 0x00007ffc27dc6000 	C:\Users\Lenovo\.javacpp\cache\opencv-3.1.0-1.3-windows-x86_64.jar\org\bytedeco\javacpp\windows-x86_64\msvcp120.dll
0x00007ffc20d50000 - 0x00007ffc20fca000 	C:\Users\Lenovo\.javacpp\cache\opencv-3.1.0-1.3-windows-x86_64.jar\org\bytedeco\javacpp\windows-x86_64\opencv_core310.dll
0x00007ffc20a00000 - 0x00007ffc20d42000 	C:\Users\Lenovo\.javacpp\cache\opencv-3.1.0-1.3-windows-x86_64.jar\org\bytedeco\javacpp\windows-x86_64\opencv_imgproc310.dll
0x00007ffc207d0000 - 0x00007ffc209f7000 	C:\Users\Lenovo\.javacpp\cache\opencv-3.1.0-1.3-windows-x86_64.jar\org\bytedeco\javacpp\windows-x86_64\jniopencv_core.dll
0x00007ffc219b0000 - 0x00007ffc21a9d000 	C:\Users\Lenovo\.javacpp\cache\opencv-3.1.0-1.3-windows-x86_64.jar\org\bytedeco\javacpp\windows-x86_64\jniopencv_imgproc.dll
0x00007ffc20500000 - 0x00007ffc207c9000 	C:\Users\Lenovo\.javacpp\cache\opencv-3.1.0-1.3-windows-x86_64.jar\org\bytedeco\javacpp\windows-x86_64\opencv_imgcodecs310.dll
0x00007ffc4b080000 - 0x00007ffc4b0a5000 	C:\Users\Lenovo\.javacpp\cache\opencv-3.1.0-1.3-windows-x86_64.jar\org\bytedeco\javacpp\windows-x86_64\jniopencv_imgcodecs.dll
0x00007ffc2bf30000 - 0x00007ffc2bf83000 	C:\Users\Lenovo\.javacpp\cache\opencv-3.1.0-1.3-windows-x86_64.jar\org\bytedeco\javacpp\windows-x86_64\opencv_videoio310.dll
0x00007ffc4b050000 - 0x00007ffc4b079000 	C:\WINDOWS\SYSTEM32\MSVFW32.dll
0x00007ffc4b680000 - 0x00007ffc4b6a0000 	C:\WINDOWS\SYSTEM32\AVIFIL32.dll
0x00007ffc488e0000 - 0x00007ffc488f8000 	C:\WINDOWS\SYSTEM32\AVICAP32.dll
0x00007ffc47730000 - 0x00007ffc47747000 	C:\Users\Lenovo\.javacpp\cache\opencv-3.1.0-1.3-windows-x86_64.jar\org\bytedeco\javacpp\windows-x86_64\jniopencv_videoio.dll
0x00007ffc35870000 - 0x00007ffc35888000 	C:\Windows\System32\devenum.dll
0x00007ffc60910000 - 0x00007ffc60d80000 	C:\WINDOWS\System32\setupapi.dll
0x00007ffc29060000 - 0x00007ffc29094000 	C:\Windows\System32\qcap.dll
0x00007ffc20330000 - 0x00007ffc204f4000 	C:\Windows\System32\quartz.dll
0x00007ffc29010000 - 0x00007ffc2905c000 	C:\Windows\System32\mfksproxy.dll
0x00007ffc48560000 - 0x00007ffc4857c000 	C:\Windows\System32\ATL.DLL
0x00007ffc52740000 - 0x00007ffc5293a000 	C:\Windows\System32\MFPlat.DLL
0x00007ffc5a430000 - 0x00007ffc5a45f000 	C:\Windows\System32\RTWorkQ.DLL

VM Arguments:
jvm_args: -Dfile.encoding=GBK 
java_command: ME.sample.Frame
java_class_path (initial): D:\Users\Lenovo\eclipse-workspace\DETA_YLJ1.5.9\target\classes;D:\Users\Lenovo\eclipse-workspace\DETA_YLJ1.5.9\lib\bssm.jar;D:\Users\Lenovo\eclipse-workspace\DETA_YLJ1.5.9\lib\commons-math-2.1.jar;D:\Users\Lenovo\eclipse-workspace\DETA_YLJ1.5.9\lib\commons-math3-3.0.jar;D:\Users\Lenovo\eclipse-workspace\DETA_YLJ1.5.9\lib\customizer.jar;D:\Users\Lenovo\eclipse-workspace\DETA_YLJ1.5.9\lib\ffmpeg-3.2.1-1.3-windows-x86_64.jar;D:\Users\Lenovo\eclipse-workspace\DETA_YLJ1.5.9\lib\ffmpeg-platform-3.2.1-1.3.jar;D:\Users\Lenovo\eclipse-workspace\DETA_YLJ1.5.9\lib;D:\Users\Lenovo\eclipse-workspace\DETA_YLJ1.5.9\lib\flandmark-1.07-1.3.jar;D:\Users\Lenovo\eclipse-workspace\DETA_YLJ1.5.9\lib\flandmark-platform-1.07-1.3.jar;D:\Users\Lenovo\eclipse-workspace\DETA_YLJ1.5.9\lib\flycapture-2.9.3.43-1.3-windows-x86_64.jar;D:\Users\Lenovo\eclipse-workspace\DETA_YLJ1.5.9\lib\flycapture-2.9.3.43-1.3.jar;D:\Users\Lenovo\eclipse-workspace\DETA_YLJ1.5.9\lib\flycapture-platform-2.9.3.43-1.3.jar;D:\Users\Lenovo\eclipse-workspace\DETA_YLJ1.5.9\lib\gluegen-rt.jar;D:\Users\Lenovo\eclipse-workspace\DETA_YLJ1.5.9\lib\gluegen.jar;D:\Users\Lenovo\eclipse-workspace\DETA_YLJ1.5.9\lib\gnujaxp.jar;D:\Users\Lenovo\eclipse-workspace\DETA_YLJ1.5.9\lib\icam.jar;D:\Users\Lenovo\eclipse-workspace\DETA_YLJ1.5.9\lib\iText-2.1.5.jar;D:\Users\Lenovo\eclipse-workspace\DETA_YLJ1.5.9\lib\javabuilder.jar;D:\Users\Lenovo\eclipse-workspace\DETA_YLJ1.5.9\lib\javacpp-1.3.jar;D:\Users\Lenovo\eclipse-workspace\DETA_YLJ1.5.9\lib\javacv-platform-1.3.jar;D:\Users\Lenovo\eclipse-workspace\DETA_YLJ1.5.9\lib\jcommon-1.0.16.jar;D:\Users\Lenovo\eclipse-workspace\DETA_YLJ1.5.9\lib\jfreechart-1.0.13-experimental.jar;D:\Users\Lenovo\eclipse-workspace\DETA_YLJ1.5.9\lib\jfreechart-1.0.13-swt.jar;D:\Users\Lenovo\eclipse-workspace\DETA_YLJ1.5.9\lib\jfreechart-1.0.13.jar;D:\Users\Lenovo\eclipse-workspace\DETA_YLJ1.5.9\lib\jmf.jar;D:\Users\Lenovo\eclipse-workspace\DETA_YLJ1.5.9\lib\jogl.all.jar;D:\Users\Lenovo\e
Launcher Type: SUN_STANDARD

Environment Variables:
PATH=C:/Program Files/Java/jre1.8.0_161/bin/server;C:/Program Files/Java/jre1.8.0_161/bin;C:/Program Files/Java/jre1.8.0_161/lib/amd64;C:\ProgramData\Oracle\Java\javapath;C:\Program Files (x86)\Intel\Intel(R) Management Engine Components\iCLS\;C:\Program Files\Intel\Intel(R) Management Engine Components\iCLS\;C:\Windows\system32;C:\Windows;C:\Windows\System32\Wbem;C:\Windows\System32\WindowsPowerShell\v1.0\;C:\Windows\System32\OpenSSH\;C:\Program Files (x86)\Intel\Intel(R) Management Engine Components\DAL;C:\Program Files\Intel\Intel(R) Management Engine Components\DAL;C:\Program Files (x86)\Intel\Intel(R) Management Engine Components\IPT;C:\Program Files\Intel\Intel(R) Management Engine Components\IPT;C:\Program Files (x86)\NVIDIA Corporation\PhysX\Common;C:\Program Files\Java\jdk1.8.0_161\bin;C:\Program Files\Java\jre1.8.0_161\bin;C:\Program Files\NVIDIA Corporation\NVIDIA NvDLISR;C:\WINDOWS\system32;C:\WINDOWS;C:\WINDOWS\System32\Wbem;C:\WINDOWS\System32\WindowsPowerShell\v1.0\;C:\WINDOWS\System32\OpenSSH\;D:\jdk\64\6.1.9\bin;D:\jdk\64\6.1.9;C:\Users\Lenovo\AppData\Local\Microsoft\WindowsApps;;C:\Users\Lenovo\Desktop\ZHUOMIAN;
USERNAME=Lenovo
OS=Windows_NT
PROCESSOR_IDENTIFIER=Intel64 Family 6 Model 158 Stepping 10, GenuineIntel



---------------  S Y S T E M  ---------------

OS: Windows 10.0 , 64 bit Build 18362 (10.0.18362.778)

CPU:total 8 (initial active 8) (4 cores per cpu, 2 threads per core) family 6 model 158 stepping 10, cmov, cx8, fxsr, mmx, sse, sse2, sse3, ssse3, sse4.1, sse4.2, popcnt, avx, avx2, aes, clmul, erms, 3dnowpref, lzcnt, ht, tsc, tscinvbit, bmi1, bmi2, adx

Memory: 4k page, physical 16648500k(9303696k free), swap 17697076k(6532692k free)

vm_info: Java HotSpot(TM) 64-Bit Server VM (25.161-b12) for windows-amd64 JRE (1.8.0_161-b12), built on Dec 19 2017 17:52:25 by "java_re" with MS VC++ 10.0 (VS2010)

time: Mon Feb 08 20:58:46 2021
elapsed time: 450 seconds (0d 0h 7m 30s)

