#
# A fatal error has been detected by the Java Runtime Environment:
#
#  EXCEPTION_ACCESS_VIOLATION (0xc0000005) at pc=0x00007ffc1c7b6ca0, pid=16364, tid=0x00000000000032a4
#
# JRE version: Java(TM) SE Runtime Environment (8.0_161-b12) (build 1.8.0_161-b12)
# Java VM: Java HotSpot(TM) 64-Bit Server VM (25.161-b12 mixed mode windows-amd64 compressed oops)
# Problematic frame:
# C  [ig9icd64.dll+0x106ca0]
#
# Failed to write core dump. Minidumps are not enabled by default on client versions of Windows
#
# If you would like to submit a bug report, please visit:
#   http://bugreport.java.com/bugreport/crash.jsp
# The crash happened outside the Java Virtual Machine in native code.
# See problematic frame for where to report the bug.
#

---------------  T H R E A D  ---------------

Current thread (0x0000000020a3e800):  JavaThread "AWT-EventQueue-0" [_thread_in_native, id=12964, stack(0x0000000021750000,0x0000000021850000)]

siginfo: ExceptionCode=0xc0000005, reading address 0x0000000093250c00

Registers:
RAX=0x0000000000000013, RBX=0x0000000093250c00, RCX=0x0000000000000000, RDX=0x0000000000000000
RSP=0x000000002184d280, RBP=0x0000000000000003, RSI=0x0000000000000064, RDI=0x000000002f386000
R8 =0x0000000000000700, R9 =0x0000000000000002, R10=0x00007ffc1d34aab0, R11=0x000000000000002a
R12=0x0000000000000010, R13=0x0000000000000157, R14=0x000000002f386000, R15=0x0000000093250c00
RIP=0x00007ffc1c7b6ca0, EFLAGS=0x0000000000010246

Top of Stack: (sp=0x000000002184d280)
0x000000002184d280:   0000000000000002 00007ffc58a8c962
0x000000002184d290:   0000000023a80c00 00007ffc6227fb91
0x000000002184d2a0:   0000001000000013 0000000000000700
0x000000002184d2b0:   0000000000000000 3f80000000000000
0x000000002184d2c0:   00001971f57cf96d 00007ffc6227fb91
0x000000002184d2d0:   0000000031bb8d00 0000000000000007
0x000000002184d2e0:   0000000000000001 000000002f386000
0x000000002184d2f0:   0000000000000001 0000000000000000
0x000000002184d300:   0000000000000000 000000002184d370
0x000000002184d310:   0000000000000157 00007ffc1cbb4294
0x000000002184d320:   0000000031bb8e00 0000000000000000
0x000000002184d330:   0000000000000040 0000000000000000
0x000000002184d340:   0000000000000064 0000000000000014
0x000000002184d350:   0000000000000010 0000000000000003
0x000000002184d360:   0000000000000700 00007ffc6888f0c0
0x000000002184d370:   000000002184d3e0 00007ffc1cbba512 

Instructions: (pc=0x00007ffc1c7b6ca0)
0x00007ffc1c7b6c80:   63 ac 24 d8 00 00 00 4c 63 e6 8b f1 0f 1f 40 00
0x00007ffc1c7b6c90:   33 c9 33 d2 0f 1f 40 00 0f 1f 84 00 00 00 00 00
0x00007ffc1c7b6ca0:   0f b6 04 1a 66 0f 6e c0 0f 5b c0 f3 0f 5e c5 48
0x00007ffc1c7b6cb0:   85 d2 75 04 33 c0 eb 16 48 83 fa 01 75 04 8b c2 


Register to memory mapping:

RAX=0x0000000000000013 is an unknown value
RBX=0x0000000093250c00 is an unknown value
RCX=0x0000000000000000 is an unknown value
RDX=0x0000000000000000 is an unknown value
RSP=0x000000002184d280 is pointing into the stack for thread: 0x0000000020a3e800
RBP=0x0000000000000003 is an unknown value
RSI=0x0000000000000064 is an unknown value
RDI=0x000000002f386000 is an unknown value
R8 =0x0000000000000700 is an unknown value
R9 =0x0000000000000002 is an unknown value
R10=0x00007ffc1d34aab0 is an unknown value
R11=0x000000000000002a is an unknown value
R12=0x0000000000000010 is an unknown value
R13=0x0000000000000157 is an unknown value
R14=0x000000002f386000 is an unknown value
R15=0x0000000093250c00 is an unknown value


Stack: [0x0000000021750000,0x0000000021850000],  sp=0x000000002184d280,  free space=1012k
Native frames: (J=compiled Java code, j=interpreted, Vv=VM code, C=native code)
C  [ig9icd64.dll+0x106ca0]
C  [ig9icd64.dll+0x504294]
C  [ig9icd64.dll+0x50a512]
C  [ig9icd64.dll+0x4bd8fd]
C  [ig9icd64.dll+0x4c3281]
C  [ig9icd64.dll+0x9e02c1]
C  [ig9icd64.dll+0x96a1b6]
C  [opengl32.dll+0x31e95]
C  0x0000000002758c67

Java frames: (J=compiled Java code, j=interpreted, Vv=VM code)
j  jogamp.opengl.gl4.GL4bcImpl.dispatch_glDrawPixels1(IIIILjava/lang/Object;IZJ)V+0
J 4771 C1 jogamp.opengl.gl4.GL4bcImpl.glDrawPixels(IIIILjava/nio/Buffer;)V (109 bytes) @ 0x000000000352112c [0x0000000003520b60+0x5cc]
J 4730 C2 biProcessor.coAuthorForWord.drawWords([II[DFIILjava/util/Map;Ljava/util/Map;)V (1501 bytes) @ 0x00000000034f35a8 [0x00000000034f2b40+0xa68]
J 4730 C2 biProcessor.coAuthorForWord.drawWords([II[DFIILjava/util/Map;Ljava/util/Map;)V (1501 bytes) @ 0x00000000034f56c8 [0x00000000034f2b40+0x2b88]
j  biProcessor.coAuthorForWord.display(Ljavax/media/opengl/GLAutoDrawable;)V+222
j  jogamp.opengl.GLDrawableHelper.displayImpl(Ljavax/media/opengl/GLAutoDrawable;)V+45
j  jogamp.opengl.GLDrawableHelper.display(Ljavax/media/opengl/GLAutoDrawable;)V+2
j  javax.media.opengl.awt.GLCanvas$6.run()V+118
j  jogamp.opengl.GLDrawableHelper.invokeGLImpl(Ljavax/media/opengl/GLDrawable;Ljavax/media/opengl/GLContext;Ljava/lang/Runnable;Ljava/lang/Runnable;Ljavax/media/opengl/GLAutoDrawable;)V+136
j  jogamp.opengl.GLDrawableHelper.invokeGL(Ljavax/media/opengl/GLDrawable;Ljavax/media/opengl/GLContext;Ljava/lang/Runnable;Ljava/lang/Runnable;)V+85
j  javax.media.opengl.awt.GLCanvas$8.run()V+35
J 1478 C1 java.awt.event.InvocationEvent.dispatch()V (69 bytes) @ 0x0000000002c1354c [0x0000000002c13400+0x14c]
J 2645 C1 java.awt.EventQueue.dispatchEventImpl(Ljava/awt/AWTEvent;Ljava/lang/Object;)V (149 bytes) @ 0x0000000002fa2ec4 [0x0000000002fa13c0+0x1b04]
J 1417 C1 java.awt.EventQueue$3.run()Ljava/lang/Void; (60 bytes) @ 0x0000000002bc9b5c [0x0000000002bc9940+0x21c]
J 1416 C1 java.awt.EventQueue$3.run()Ljava/lang/Object; (5 bytes) @ 0x0000000002bc95cc [0x0000000002bc9540+0x8c]
v  ~StubRoutines::call_stub
J 565  java.security.AccessController.doPrivileged(Ljava/security/PrivilegedAction;Ljava/security/AccessControlContext;)Ljava/lang/Object; (0 bytes) @ 0x00000000029c5ca6 [0x00000000029c5c40+0x66]
J 1372 C1 java.awt.EventQueue.dispatchEvent(Ljava/awt/AWTEvent;)V (80 bytes) @ 0x0000000002ba7c6c [0x0000000002ba72c0+0x9ac]
J 1374 C1 java.awt.EventDispatchThread.pumpOneEventForFilters(I)V (295 bytes) @ 0x0000000002bab34c [0x0000000002ba97c0+0x1b8c]
j  java.awt.EventDispatchThread.pumpEventsForFilter(ILjava/awt/Conditional;Ljava/awt/EventFilter;)V+35
j  java.awt.EventDispatchThread.pumpEventsForHierarchy(ILjava/awt/Conditional;Ljava/awt/Component;)V+11
j  java.awt.EventDispatchThread.pumpEvents(ILjava/awt/Conditional;)V+4
j  java.awt.EventDispatchThread.pumpEvents(Ljava/awt/Conditional;)V+3
j  java.awt.EventDispatchThread.run()V+9
v  ~StubRoutines::call_stub

---------------  P R O C E S S  ---------------

Java Threads: ( => current thread )
  0x0000000020e29000 JavaThread "Image Fetcher 0" daemon [_thread_blocked, id=7180, stack(0x0000000032210000,0x0000000032310000)]
  0x0000000020e28800 JavaThread "DestroyJavaVM" [_thread_blocked, id=20692, stack(0x0000000002540000,0x0000000002640000)]
  0x0000000020e2e800 JavaThread "Thread-33" [_thread_blocked, id=22424, stack(0x0000000036f70000,0x0000000037070000)]
  0x0000000020e2d800 JavaThread "Timer-0" [_thread_blocked, id=2808, stack(0x00000000359f0000,0x0000000035af0000)]
  0x0000000020e2d000 JavaThread "JavaCPP Deallocator" daemon [_thread_blocked, id=22944, stack(0x00000000334f0000,0x00000000335f0000)]
  0x000000001e0d3000 JavaThread "Thread-14" [_thread_blocked, id=17136, stack(0x0000000028ae0000,0x0000000028be0000)]
  0x000000001e0d2800 JavaThread "Thread-6-SharedResourceRunner" daemon [_thread_blocked, id=23060, stack(0x00000000289e0000,0x0000000028ae0000)]
  0x0000000020c0c800 JavaThread "Thread-12" [_thread_in_native, id=22436, stack(0x00000000287e0000,0x00000000288e0000)]
  0x00000000206ae800 JavaThread "Thread-9" [_thread_in_native, id=19484, stack(0x00000000286e0000,0x00000000287e0000)]
  0x0000000020f23800 JavaThread "Thread-2" [_thread_in_native, id=22520, stack(0x0000000022e00000,0x0000000022f00000)]
=>0x0000000020a3e800 JavaThread "AWT-EventQueue-0" [_thread_in_native, id=12964, stack(0x0000000021750000,0x0000000021850000)]
  0x000000001f281800 JavaThread "AWT-Shutdown" [_thread_blocked, id=20608, stack(0x0000000021650000,0x0000000021750000)]
  0x000000001f282800 JavaThread "AWT-Windows" daemon [_thread_in_native, id=16516, stack(0x000000001f900000,0x000000001fa00000)]
  0x000000001f281000 JavaThread "Java2D Disposer" daemon [_thread_blocked, id=17912, stack(0x000000001f700000,0x000000001f800000)]
  0x000000001f22e800 JavaThread "TimerQueue" daemon [_thread_blocked, id=312, stack(0x000000001f600000,0x000000001f700000)]
  0x000000001e10d000 JavaThread "Service Thread" daemon [_thread_blocked, id=20628, stack(0x000000001eb30000,0x000000001ec30000)]
  0x000000001e0d4000 JavaThread "C1 CompilerThread3" daemon [_thread_blocked, id=1412, stack(0x000000001ea30000,0x000000001eb30000)]
  0x000000001e0d9800 JavaThread "C2 CompilerThread2" daemon [_thread_blocked, id=15356, stack(0x000000001e930000,0x000000001ea30000)]
  0x000000001e0c5800 JavaThread "C2 CompilerThread1" daemon [_thread_blocked, id=19180, stack(0x000000001e830000,0x000000001e930000)]
  0x000000001e06a800 JavaThread "C2 CompilerThread0" daemon [_thread_blocked, id=21692, stack(0x000000001e730000,0x000000001e830000)]
  0x000000001e069000 JavaThread "Attach Listener" daemon [_thread_blocked, id=21676, stack(0x000000001e630000,0x000000001e730000)]
  0x000000001e0c0800 JavaThread "Signal Dispatcher" daemon [_thread_blocked, id=22820, stack(0x000000001e530000,0x000000001e630000)]
  0x000000001e050800 JavaThread "Finalizer" daemon [_thread_blocked, id=22012, stack(0x000000001e430000,0x000000001e530000)]
  0x000000000273b000 JavaThread "Reference Handler" daemon [_thread_blocked, id=3432, stack(0x000000001df30000,0x000000001e030000)]

Other Threads:
  0x000000001c148800 VMThread [stack: 0x000000001de30000,0x000000001df30000] [id=18972]
  0x000000001e111800 WatcherThread [stack: 0x000000001ec30000,0x000000001ed30000] [id=19396]

VM state:not at safepoint (normal execution)

VM Mutex/Monitor currently owned by a thread: None

Heap:
 PSYoungGen      total 1314304K, used 318765K [0x000000076b500000, 0x00000007bf800000, 0x00000007c0000000)
  eden space 1259520K, 24% used [0x000000076b500000,0x000000077dfe3240,0x00000007b8300000)
  from space 54784K, 23% used [0x00000007bc280000,0x00000007bcee83c0,0x00000007bf800000)
  to   space 59904K, 0% used [0x00000007b8300000,0x00000007b8300000,0x00000007bbd80000)
 ParOldGen       total 549376K, used 394422K [0x00000006c1e00000, 0x00000006e3680000, 0x000000076b500000)
  object space 549376K, 71% used [0x00000006c1e00000,0x00000006d9f2dae0,0x00000006e3680000)
 Metaspace       used 28208K, capacity 28582K, committed 28928K, reserved 1075200K
  class space    used 3660K, capacity 3773K, committed 3840K, reserved 1048576K

Card table byte_map: [0x0000000011b00000,0x0000000012300000] byte_map_base: 0x000000000e4f1000

Marking Bits: (ParMarkBitMap*) 0x000000006910f860
 Begin Bits: [0x0000000013050000, 0x0000000016fd8000)
 End Bits:   [0x0000000016fd8000, 0x000000001af60000)

Polling page: 0x00000000020a0000

CodeCache: size=245760Kb used=14201Kb max_used=14213Kb free=231558Kb
 bounds [0x0000000002740000, 0x0000000003540000, 0x0000000011740000]
 total_blobs=4822 nmethods=3887 adapters=842
 compilation: enabled

Compilation events (10 events):
Event: 93.133 Thread 0x000000001e0d4000 4795       3       javax.swing.text.html.CSS::getColor (22 bytes)
Event: 93.134 Thread 0x000000001e0d4000 nmethod 4795 0x000000000352ca90 code [0x000000000352cc00, 0x000000000352cf88]
Event: 93.137 Thread 0x000000001e0d4000 4797       3       javax.swing.text.ParagraphView::getLayoutView (9 bytes)
Event: 93.138 Thread 0x000000001e0d4000 nmethod 4797 0x000000000352d090 code [0x000000000352d200, 0x000000000352d428]
Event: 93.138 Thread 0x000000001e0d4000 4796       3       javax.swing.text.ParagraphView::getLayoutViewCount (8 bytes)
Event: 93.138 Thread 0x000000001e0d4000 nmethod 4796 0x000000000352d4d0 code [0x000000000352d640, 0x000000000352d868]
Event: 93.138 Thread 0x000000001e0d4000 4798       1       javax.swing.text.html.CSS$BorderStyle::getValue (5 bytes)
Event: 93.138 Thread 0x000000001e0d4000 nmethod 4798 0x0000000003529510 code [0x0000000003529660, 0x0000000003529770]
Event: 93.138 Thread 0x000000001e0d4000 4799       3       javax.swing.plaf.basic.BasicScrollBarUI::layoutHScrollbar (646 bytes)
Event: 93.140 Thread 0x000000001e0d4000 nmethod 4799 0x000000000352d910 code [0x000000000352dd20, 0x0000000003530f38]

GC Heap History (10 events):
Event: 86.665 GC heap before
{Heap before GC invocations=55 (full 2):
 PSYoungGen      total 1327104K, used 1327080K [0x000000076b500000, 0x00000007c0000000, 0x00000007c0000000)
  eden space 1298432K, 100% used [0x000000076b500000,0x00000007ba900000,0x00000007ba900000)
  from space 28672K, 99% used [0x00000007be400000,0x00000007bfffa160,0x00000007c0000000)
  to   space 44544K, 0% used [0x00000007ba900000,0x00000007ba900000,0x00000007bd480000)
 ParOldGen       total 371712K, used 329320K [0x00000006c1e00000, 0x00000006d8900000, 0x000000076b500000)
  object space 371712K, 88% used [0x00000006c1e00000,0x00000006d5f9a048,0x00000006d8900000)
 Metaspace       used 27892K, capacity 28230K, committed 28672K, reserved 1075200K
  class space    used 3653K, capacity 3741K, committed 3840K, reserved 1048576K
Event: 86.691 GC heap after
Heap after GC invocations=55 (full 2):
 PSYoungGen      total 1342976K, used 44523K [0x000000076b500000, 0x00000007c0000000, 0x00000007c0000000)
  eden space 1298432K, 0% used [0x000000076b500000,0x000000076b500000,0x00000007ba900000)
  from space 44544K, 99% used [0x00000007ba900000,0x00000007bd47aec0,0x00000007bd480000)
  to   space 44544K, 0% used [0x00000007bd480000,0x00000007bd480000,0x00000007c0000000)
 ParOldGen       total 371712K, used 369569K [0x00000006c1e00000, 0x00000006d8900000, 0x000000076b500000)
  object space 371712K, 99% used [0x00000006c1e00000,0x00000006d86e8550,0x00000006d8900000)
 Metaspace       used 27892K, capacity 28230K, committed 28672K, reserved 1075200K
  class space    used 3653K, capacity 3741K, committed 3840K, reserved 1048576K
}
Event: 86.691 GC heap before
{Heap before GC invocations=56 (full 3):
 PSYoungGen      total 1342976K, used 44523K [0x000000076b500000, 0x00000007c0000000, 0x00000007c0000000)
  eden space 1298432K, 0% used [0x000000076b500000,0x000000076b500000,0x00000007ba900000)
  from space 44544K, 99% used [0x00000007ba900000,0x00000007bd47aec0,0x00000007bd480000)
  to   space 44544K, 0% used [0x00000007bd480000,0x00000007bd480000,0x00000007c0000000)
 ParOldGen       total 371712K, used 369569K [0x00000006c1e00000, 0x00000006d8900000, 0x000000076b500000)
  object space 371712K, 99% used [0x00000006c1e00000,0x00000006d86e8550,0x00000006d8900000)
 Metaspace       used 27892K, capacity 28230K, committed 28672K, reserved 1075200K
  class space    used 3653K, capacity 3741K, committed 3840K, reserved 1048576K
Event: 87.289 GC heap after
Heap after GC invocations=56 (full 3):
 PSYoungGen      total 1342976K, used 22242K [0x000000076b500000, 0x00000007c0000000, 0x00000007c0000000)
  eden space 1298432K, 0% used [0x000000076b500000,0x000000076b500000,0x00000007ba900000)
  from space 44544K, 49% used [0x00000007ba900000,0x00000007bbeb8af8,0x00000007bd480000)
  to   space 44544K, 0% used [0x00000007bd480000,0x00000007bd480000,0x00000007c0000000)
 ParOldGen       total 549376K, used 371327K [0x00000006c1e00000, 0x00000006e3680000, 0x000000076b500000)
  object space 549376K, 67% used [0x00000006c1e00000,0x00000006d889fda8,0x00000006e3680000)
 Metaspace       used 27892K, capacity 28230K, committed 28672K, reserved 1075200K
  class space    used 3653K, capacity 3741K, committed 3840K, reserved 1048576K
}
Event: 89.196 GC heap before
{Heap before GC invocations=57 (full 3):
 PSYoungGen      total 1342976K, used 1320674K [0x000000076b500000, 0x00000007c0000000, 0x00000007c0000000)
  eden space 1298432K, 100% used [0x000000076b500000,0x00000007ba900000,0x00000007ba900000)
  from space 44544K, 49% used [0x00000007ba900000,0x00000007bbeb8af8,0x00000007bd480000)
  to   space 44544K, 0% used [0x00000007bd480000,0x00000007bd480000,0x00000007c0000000)
 ParOldGen       total 549376K, used 371327K [0x00000006c1e00000, 0x00000006e3680000, 0x000000076b500000)
  object space 549376K, 67% used [0x00000006c1e00000,0x00000006d889fda8,0x00000006e3680000)
 Metaspace       used 27974K, capacity 28294K, committed 28672K, reserved 1075200K
  class space    used 3653K, capacity 3741K, committed 3840K, reserved 1048576K
Event: 89.227 GC heap after
Heap after GC invocations=57 (full 3):
 PSYoungGen      total 1302016K, used 8384K [0x000000076b500000, 0x00000007c0000000, 0x00000007c0000000)
  eden space 1257472K, 0% used [0x000000076b500000,0x000000076b500000,0x00000007b8100000)
  from space 44544K, 18% used [0x00000007bd480000,0x00000007bdcb0000,0x00000007c0000000)
  to   space 65024K, 0% used [0x00000007b8100000,0x00000007b8100000,0x00000007bc080000)
 ParOldGen       total 549376K, used 394406K [0x00000006c1e00000, 0x00000006e3680000, 0x000000076b500000)
  object space 549376K, 71% used [0x00000006c1e00000,0x00000006d9f29ae0,0x00000006e3680000)
 Metaspace       used 27974K, capacity 28294K, committed 28672K, reserved 1075200K
  class space    used 3653K, capacity 3741K, committed 3840K, reserved 1048576K
}
Event: 91.058 GC heap before
{Heap before GC invocations=58 (full 3):
 PSYoungGen      total 1302016K, used 1265856K [0x000000076b500000, 0x00000007c0000000, 0x00000007c0000000)
  eden space 1257472K, 100% used [0x000000076b500000,0x00000007b8100000,0x00000007b8100000)
  from space 44544K, 18% used [0x00000007bd480000,0x00000007bdcb0000,0x00000007c0000000)
  to   space 65024K, 0% used [0x00000007b8100000,0x00000007b8100000,0x00000007bc080000)
 ParOldGen       total 549376K, used 394406K [0x00000006c1e00000, 0x00000006e3680000, 0x000000076b500000)
  object space 549376K, 71% used [0x00000006c1e00000,0x00000006d9f29ae0,0x00000006e3680000)
 Metaspace       used 28058K, capacity 28358K, committed 28672K, reserved 1075200K
  class space    used 3654K, capacity 3741K, committed 3840K, reserved 1048576K
Event: 91.061 GC heap after
Heap after GC invocations=58 (full 3):
 PSYoungGen      total 1322496K, used 9120K [0x000000076b500000, 0x00000007c0000000, 0x00000007c0000000)
  eden space 1257472K, 0% used [0x000000076b500000,0x000000076b500000,0x00000007b8100000)
  from space 65024K, 14% used [0x00000007b8100000,0x00000007b89e8000,0x00000007bc080000)
  to   space 62976K, 0% used [0x00000007bc280000,0x00000007bc280000,0x00000007c0000000)
 ParOldGen       total 549376K, used 394414K [0x00000006c1e00000, 0x00000006e3680000, 0x000000076b500000)
  object space 549376K, 71% used [0x00000006c1e00000,0x00000006d9f2bae0,0x00000006e3680000)
 Metaspace       used 28058K, capacity 28358K, committed 28672K, reserved 1075200K
  class space    used 3654K, capacity 3741K, committed 3840K, reserved 1048576K
}
Event: 92.814 GC heap before
{Heap before GC invocations=59 (full 3):
 PSYoungGen      total 1322496K, used 1266592K [0x000000076b500000, 0x00000007c0000000, 0x00000007c0000000)
  eden space 1257472K, 100% used [0x000000076b500000,0x00000007b8100000,0x00000007b8100000)
  from space 65024K, 14% used [0x00000007b8100000,0x00000007b89e8000,0x00000007bc080000)
  to   space 62976K, 0% used [0x00000007bc280000,0x00000007bc280000,0x00000007c0000000)
 ParOldGen       total 549376K, used 394414K [0x00000006c1e00000, 0x00000006e3680000, 0x000000076b500000)
  object space 549376K, 71% used [0x00000006c1e00000,0x00000006d9f2bae0,0x00000006e3680000)
 Metaspace       used 28163K, capacity 28518K, committed 28928K, reserved 1075200K
  class space    used 3660K, capacity 3773K, committed 3840K, reserved 1048576K
Event: 92.818 GC heap after
Heap after GC invocations=59 (full 3):
 PSYoungGen      total 1314304K, used 12704K [0x000000076b500000, 0x00000007bf800000, 0x00000007c0000000)
  eden space 1259520K, 0% used [0x000000076b500000,0x000000076b500000,0x00000007b8300000)
  from space 54784K, 23% used [0x00000007bc280000,0x00000007bcee83c0,0x00000007bf800000)
  to   space 59904K, 0% used [0x00000007b8300000,0x00000007b8300000,0x00000007bbd80000)
 ParOldGen       total 549376K, used 394422K [0x00000006c1e00000, 0x00000006e3680000, 0x000000076b500000)
  object space 549376K, 71% used [0x00000006c1e00000,0x00000006d9f2dae0,0x00000006e3680000)
 Metaspace       used 28163K, capacity 28518K, committed 28928K, reserved 1075200K
  class space    used 3660K, capacity 3773K, committed 3840K, reserved 1048576K
}

Deoptimization events (10 events):
Event: 87.316 Thread 0x0000000020a3e800 Uncommon trap: reason=unstable_if action=reinterpret pc=0x0000000002b9aaa4 method=java.awt.Container.findComponentAtImpl(IIZ)Ljava/awt/Component; @ 13
Event: 87.316 Thread 0x0000000020a3e800 Uncommon trap: reason=unstable_if action=reinterpret pc=0x00000000029ce304 method=javax.swing.JComponent.contains(II)Z @ 4
Event: 91.530 Thread 0x0000000020a3e800 Uncommon trap: reason=bimorphic action=maybe_recompile pc=0x0000000003346394 method=java.awt.Component.applyCurrentShapeBelowMe()V @ 14
Event: 91.531 Thread 0x0000000020a3e800 Uncommon trap: reason=unstable_if action=reinterpret pc=0x00000000031e70cc method=javax.swing.text.AbstractDocument$BranchElement.getElementIndex(I)I @ 129
Event: 91.549 Thread 0x0000000020a3e800 Uncommon trap: reason=unstable_if action=reinterpret pc=0x000000000339ce50 method=sun.java2d.SunGraphics2D.checkFontInfo(Lsun/java2d/loops/FontInfo;Ljava/awt/Font;Ljava/awt/font/FontRenderContext;)Lsun/java2d/loops/FontInfo; @ 556
Event: 91.567 Thread 0x0000000020a3e800 Uncommon trap: reason=unstable_if action=reinterpret pc=0x00000000030579d0 method=sun.font.FileFontStrike.getSlot0GlyphImagePtrs([I[JI)I @ 62
Event: 91.592 Thread 0x0000000020a3e800 Uncommon trap: reason=unstable_if action=reinterpret pc=0x00000000031dd24c method=javax.swing.SwingUtilities.computeIntersection(IIIILjava/awt/Rectangle;)Ljava/awt/Rectangle; @ 159
Event: 92.293 Thread 0x0000000020a3e800 Uncommon trap: reason=bimorphic action=maybe_recompile pc=0x0000000003346394 method=java.awt.Component.applyCurrentShapeBelowMe()V @ 14
Event: 92.314 Thread 0x0000000020a3e800 Uncommon trap: reason=unstable_if action=reinterpret pc=0x00000000034a0718 method=biProcessor.coAuthorForWord.drawWords([II[DFIILjava/util/Map;Ljava/util/Map;)V @ 904
Event: 93.126 Thread 0x0000000020a3e800 Uncommon trap: reason=bimorphic action=maybe_recompile pc=0x0000000003346394 method=java.awt.Component.applyCurrentShapeBelowMe()V @ 14

Classes redefined (0 events):
No events

Internal exceptions (10 events):
Event: 70.102 Thread 0x0000000002644000 Implicit null exception at 0x0000000002de6c8f to 0x0000000002de6e0d
Event: 70.858 Thread 0x0000000002644000 Implicit null exception at 0x0000000002c94475 to 0x0000000002c94b91
Event: 71.282 Thread 0x0000000002644000 Exception <a 'java/lang/NullPointerException'> (0x000000078f0615c8) thrown at [C:\re\workspace\8-2-build-windows-amd64-cygwin\jdk8u161\10277\hotspot\src\share\vm\interpreter\linkResolver.cpp, line 1185]
Event: 77.117 Thread 0x000000001f424000 Exception <a 'java/lang/InterruptedException'> (0x000000076e2da1d0) thrown at [C:\re\workspace\8-2-build-windows-amd64-cygwin\jdk8u161\10277\hotspot\src\share\vm\runtime\objectMonitor.cpp, line 1684]
Event: 77.221 Thread 0x0000000020e25800 Implicit null exception at 0x0000000002a0836f to 0x0000000002a08f75
Event: 77.619 Thread 0x000000001e0d7000 Implicit null exception at 0x0000000002e12efe to 0x0000000002e132ad
Event: 85.192 Thread 0x0000000002644000 Exception <a 'java/lang/reflect/InvocationTargetException'> (0x000000077dc02070) thrown at [C:\re\workspace\8-2-build-windows-amd64-cygwin\jdk8u161\10277\hotspot\src\share\vm\runtime\reflection.cpp, line 1092]
Event: 85.402 Thread 0x0000000002644000 Implicit null exception at 0x0000000002d4548a to 0x0000000002d460d1
Event: 91.535 Thread 0x0000000020a3e800 Implicit null exception at 0x00000000032892a3 to 0x000000000328946f
Event: 91.535 Thread 0x0000000020a3e800 Exception <a 'java/lang/NullPointerException'> (0x000000077d8a5a90) thrown at [C:\re\workspace\8-2-build-windows-amd64-cygwin\jdk8u161\10277\hotspot\src\share\vm\runtime\sharedRuntime.cpp, line 605]

Events (10 events):
Event: 92.621 Thread 0x0000000020a3e800 DEOPT UNPACKING pc=0x0000000002787890 sp=0x000000002184d610 mode 0
Event: 92.814 Executing VM operation: ParallelGCFailedAllocation
Event: 92.818 Executing VM operation: ParallelGCFailedAllocation done
Event: 92.821 Executing VM operation: RevokeBias
Event: 92.821 Executing VM operation: RevokeBias done
Event: 93.126 Thread 0x0000000020a3e800 Uncommon trap: trap_request=0xffffffc6 fr.pc=0x0000000003346394
Event: 93.126 Thread 0x0000000020a3e800 DEOPT PACKING pc=0x0000000003346394 sp=0x000000002184cd00
Event: 93.126 Thread 0x0000000020a3e800 DEOPT UNPACKING pc=0x000000000278583b sp=0x000000002184cb08 mode 2
Event: 93.134 Executing VM operation: RevokeBias
Event: 93.134 Executing VM operation: RevokeBias done


Dynamic libraries:
0x00007ff78fd90000 - 0x00007ff78fdc7000 	C:\Program Files\Java\jdk1.8.0_161\jre\bin\javaw.exe
0x00007ffc62240000 - 0x00007ffc62430000 	C:\WINDOWS\SYSTEM32\ntdll.dll
0x00007ffc48b20000 - 0x00007ffc48b33000 	D:\Program Files\AVAST Software\Avast\aswhook.dll
0x00007ffc62120000 - 0x00007ffc621d2000 	C:\WINDOWS\System32\KERNEL32.DLL
0x00007ffc5ff90000 - 0x00007ffc60233000 	C:\WINDOWS\System32\KERNELBASE.dll
0x00007ffc616d0000 - 0x00007ffc61773000 	C:\WINDOWS\System32\ADVAPI32.dll
0x00007ffc61b10000 - 0x00007ffc61bae000 	C:\WINDOWS\System32\msvcrt.dll
0x00007ffc62080000 - 0x00007ffc62117000 	C:\WINDOWS\System32\sechost.dll
0x00007ffc61bb0000 - 0x00007ffc61cd0000 	C:\WINDOWS\System32\RPCRT4.dll
0x00007ffc60610000 - 0x00007ffc607a4000 	C:\WINDOWS\System32\USER32.dll
0x00007ffc602c0000 - 0x00007ffc602e1000 	C:\WINDOWS\System32\win32u.dll
0x00007ffc618a0000 - 0x00007ffc618c6000 	C:\WINDOWS\System32\GDI32.dll
0x00007ffc5f970000 - 0x00007ffc5fb04000 	C:\WINDOWS\System32\gdi32full.dll
0x00007ffc5fbf0000 - 0x00007ffc5fc8e000 	C:\WINDOWS\System32\msvcp_win.dll
0x00007ffc5fe90000 - 0x00007ffc5ff8a000 	C:\WINDOWS\System32\ucrtbase.dll
0x00007ffc4a460000 - 0x00007ffc4a6e5000 	C:\WINDOWS\WinSxS\amd64_microsoft.windows.common-controls_6595b64144ccf1df_6.0.18362.778_none_e6c6b761130d4fb8\COMCTL32.dll
0x00007ffc61d40000 - 0x00007ffc62076000 	C:\WINDOWS\System32\combase.dll
0x00007ffc60240000 - 0x00007ffc602c0000 	C:\WINDOWS\System32\bcryptPrimitives.dll
0x00007ffc60300000 - 0x00007ffc6032e000 	C:\WINDOWS\System32\IMM32.DLL
0x0000000069c70000 - 0x0000000069d42000 	C:\Program Files\Java\jdk1.8.0_161\jre\bin\msvcr100.dll
0x00000000688f0000 - 0x000000006918f000 	C:\Program Files\Java\jdk1.8.0_161\jre\bin\server\jvm.dll
0x00007ffc61890000 - 0x00007ffc61898000 	C:\WINDOWS\System32\PSAPI.DLL
0x00007ffc54a00000 - 0x00007ffc54a09000 	C:\WINDOWS\SYSTEM32\WSOCK32.dll
0x00007ffc614d0000 - 0x00007ffc6153f000 	C:\WINDOWS\System32\WS2_32.dll
0x00007ffc53e10000 - 0x00007ffc53e34000 	C:\WINDOWS\SYSTEM32\WINMM.dll
0x00007ffc5a560000 - 0x00007ffc5a56a000 	C:\WINDOWS\SYSTEM32\VERSION.dll
0x00007ffc53de0000 - 0x00007ffc53e0d000 	C:\WINDOWS\SYSTEM32\WINMMBASE.dll
0x00007ffc5fe40000 - 0x00007ffc5fe8a000 	C:\WINDOWS\System32\cfgmgr32.dll
0x0000000069c60000 - 0x0000000069c6f000 	C:\Program Files\Java\jdk1.8.0_161\jre\bin\verify.dll
0x0000000069c30000 - 0x0000000069c59000 	C:\Program Files\Java\jdk1.8.0_161\jre\bin\java.dll
0x0000000069c10000 - 0x0000000069c26000 	C:\Program Files\Java\jdk1.8.0_161\jre\bin\zip.dll
0x00007ffc60de0000 - 0x00007ffc614c5000 	C:\WINDOWS\System32\SHELL32.dll
0x00007ffc617e0000 - 0x00007ffc61889000 	C:\WINDOWS\System32\shcore.dll
0x00007ffc5f1d0000 - 0x00007ffc5f950000 	C:\WINDOWS\System32\windows.storage.dll
0x00007ffc5f1a0000 - 0x00007ffc5f1c3000 	C:\WINDOWS\System32\profapi.dll
0x00007ffc5f110000 - 0x00007ffc5f15a000 	C:\WINDOWS\System32\powrprof.dll
0x00007ffc5f100000 - 0x00007ffc5f110000 	C:\WINDOWS\System32\UMPDC.dll
0x00007ffc60d80000 - 0x00007ffc60dd2000 	C:\WINDOWS\System32\shlwapi.dll
0x00007ffc5f160000 - 0x00007ffc5f171000 	C:\WINDOWS\System32\kernel.appcore.dll
0x00007ffc5f950000 - 0x00007ffc5f967000 	C:\WINDOWS\System32\cryptsp.dll
0x00007ffc5e480000 - 0x00007ffc5e4b3000 	C:\WINDOWS\system32\rsaenh.dll
0x00007ffc5fb10000 - 0x00007ffc5fb36000 	C:\WINDOWS\System32\bcrypt.dll
0x00007ffc5eff0000 - 0x00007ffc5f015000 	C:\WINDOWS\SYSTEM32\USERENV.dll
0x00007ffc5eae0000 - 0x00007ffc5eaec000 	C:\WINDOWS\SYSTEM32\CRYPTBASE.dll
0x0000000069bf0000 - 0x0000000069c0a000 	C:\Program Files\Java\jdk1.8.0_161\jre\bin\net.dll
0x00007ffc5e910000 - 0x00007ffc5e977000 	C:\WINDOWS\system32\mswsock.dll
0x00007ffc5e620000 - 0x00007ffc5e65a000 	C:\WINDOWS\SYSTEM32\IPHLPAPI.DLL
0x00007ffc602f0000 - 0x00007ffc602f8000 	C:\WINDOWS\System32\NSI.dll
0x00007ffc57b10000 - 0x00007ffc57b26000 	C:\WINDOWS\SYSTEM32\dhcpcsvc6.DLL
0x00007ffc593c0000 - 0x00007ffc593dc000 	C:\WINDOWS\SYSTEM32\dhcpcsvc.DLL
0x00007ffc5e660000 - 0x00007ffc5e72a000 	C:\WINDOWS\SYSTEM32\DNSAPI.dll
0x0000000069bd0000 - 0x0000000069be1000 	C:\Program Files\Java\jdk1.8.0_161\jre\bin\nio.dll
0x0000000068750000 - 0x00000000688e8000 	C:\Program Files\Java\jdk1.8.0_161\jre\bin\awt.dll
0x00007ffc60390000 - 0x00007ffc60454000 	C:\WINDOWS\System32\OLEAUT32.dll
0x00007ffc5cdb0000 - 0x00007ffc5ce3f000 	C:\WINDOWS\SYSTEM32\apphelp.dll
0x00007ffc5d0e0000 - 0x00007ffc5d179000 	C:\WINDOWS\system32\uxtheme.dll
0x00007ffc619d0000 - 0x00007ffc61b06000 	C:\WINDOWS\System32\MSCTF.dll
0x00007ffc607b0000 - 0x00007ffc60907000 	C:\WINDOWS\System32\ole32.dll
0x00007ffc5d6d0000 - 0x00007ffc5d6fd000 	C:\WINDOWS\system32\DWMAPI.DLL
0x00007ffc4f860000 - 0x00007ffc4f9b6000 	C:\WINDOWS\system32\opengl32.dll
0x00007ffc58810000 - 0x00007ffc5883c000 	C:\WINDOWS\SYSTEM32\GLU32.dll
0x00007ffc5dd70000 - 0x00007ffc5dd90000 	C:\WINDOWS\SYSTEM32\dxcore.dll
0x0000000068700000 - 0x0000000068747000 	C:\Program Files\Java\jdk1.8.0_161\jre\bin\fontmanager.dll
0x00007ffc61620000 - 0x00007ffc616c2000 	C:\WINDOWS\System32\clbcatq.dll
0x00007ffc52480000 - 0x00007ffc5262f000 	C:\WINDOWS\SYSTEM32\WindowsCodecs.dll
0x00007ffc53e50000 - 0x00007ffc53e8a000 	C:\WINDOWS\system32\dataexchange.dll
0x00007ffc5bdf0000 - 0x00007ffc5c04b000 	C:\WINDOWS\system32\d3d11.dll
0x00007ffc5c590000 - 0x00007ffc5c76c000 	C:\WINDOWS\system32\dcomp.dll
0x00007ffc5de00000 - 0x00007ffc5deeb000 	C:\WINDOWS\system32\dxgi.dll
0x00007ffc5d180000 - 0x00007ffc5d3da000 	C:\WINDOWS\system32\twinapi.appcore.dll
0x00007ffc5d5e0000 - 0x00007ffc5d609000 	C:\WINDOWS\system32\RMCLIENT.dll
0x00000000686b0000 - 0x00000000686f2000 	C:\Program Files\Java\jdk1.8.0_161\jre\bin\t2k.dll
0x00007ffc52a60000 - 0x00007ffc52afe000 	C:\WINDOWS\System32\TextInputFramework.dll
0x00007ffc52c60000 - 0x00007ffc52f8a000 	C:\WINDOWS\System32\CoreUIComponents.dll
0x00007ffc5c4b0000 - 0x00007ffc5c584000 	C:\WINDOWS\System32\CoreMessaging.dll
0x00007ffc5e160000 - 0x00007ffc5e191000 	C:\WINDOWS\SYSTEM32\ntmarta.dll
0x00007ffc5a850000 - 0x00007ffc5a9a3000 	C:\WINDOWS\SYSTEM32\wintypes.dll
0x00007ffc53870000 - 0x00007ffc53b16000 	C:\WINDOWS\System32\iertutil.dll
0x00007ffc4f7b0000 - 0x00007ffc4f7e8000 	C:\Program Files\Java\jdk1.8.0_161\jre\bin\jacob-1.18-x64.dll
0x00007ffc2b880000 - 0x00007ffc2b9ff000 	C:\WINDOWS\System32\Speech\Common\sapi.dll
0x00007ffc5fc90000 - 0x00007ffc5fcec000 	C:\WINDOWS\System32\WINTRUST.dll
0x00007ffc5f180000 - 0x00007ffc5f192000 	C:\WINDOWS\System32\MSASN1.dll
0x00007ffc5fcf0000 - 0x00007ffc5fe39000 	C:\WINDOWS\System32\CRYPT32.dll
0x00007ffc5a730000 - 0x00007ffc5a74c000 	C:\WINDOWS\SYSTEM32\MSACM32.dll
0x00007ffc5ab90000 - 0x00007ffc5ab9b000 	C:\WINDOWS\SYSTEM32\msdmo.dll
0x00007ffc57a60000 - 0x00007ffc57ad2000 	C:\WINDOWS\System32\MMDevApi.dll
0x00007ffc5ef20000 - 0x00007ffc5ef4a000 	C:\WINDOWS\System32\DEVOBJ.dll
0x00007ffc5ef50000 - 0x00007ffc5efed000 	C:\WINDOWS\SYSTEM32\sxs.dll
0x00007ffc287a0000 - 0x00007ffc289a1000 	C:\Windows\System32\speech_onecore\engines\tts\MSTTSEngine_OneCore.dll
0x00007ffc59b10000 - 0x00007ffc59b9a000 	C:\WINDOWS\SYSTEM32\msvcp110_win.dll
0x00007ffc2d620000 - 0x00007ffc2db03000 	C:\WINDOWS\System32\Speech_OneCore\Common\sapi_onecore.dll
0x00007ffc57b50000 - 0x00007ffc57cad000 	C:\WINDOWS\SYSTEM32\AudioSes.DLL
0x00007ffc5f020000 - 0x00007ffc5f04f000 	C:\WINDOWS\SYSTEM32\SspiCli.dll
0x00007ffc53fb0000 - 0x00007ffc54185000 	C:\WINDOWS\SYSTEM32\urlmon.dll
0x00007ffc5cae0000 - 0x00007ffc5cbcf000 	C:\WINDOWS\SYSTEM32\PROPSYS.dll
0x00007ffc56680000 - 0x00007ffc56770000 	C:\WINDOWS\SYSTEM32\WINHTTP.dll
0x00007ffc58210000 - 0x00007ffc582ee000 	C:\Windows\System32\Windows.ApplicationModel.dll
0x00007ffc4f6f0000 - 0x00007ffc4f7af000 	C:\Windows\System32\speech_onecore\engines\tts\MSTTSLoc_OneCore.DLL
0x00007ffc5b610000 - 0x00007ffc5b6c5000 	C:\WINDOWS\system32\MSWB70804.dll
0x00000000637c0000 - 0x00000000637ca000 	C:\Users\Lenovo\AppData\Local\Temp\jogamp.tmp.cache_000000\jln7954145633661483424\jln823949961594982365\gluegen-rt.dll
0x00000000686a0000 - 0x00000000686a7000 	C:\Program Files\Java\jdk1.8.0_161\jre\bin\jawt.dll
0x000000006a440000 - 0x000000006a44b000 	C:\Users\Lenovo\AppData\Local\Temp\jogamp.tmp.cache_000000\jln7954145633661483424\jln823949961594982365\nativewindow_awt.dll
0x000000006c100000 - 0x000000006c10b000 	C:\Users\Lenovo\AppData\Local\Temp\jogamp.tmp.cache_000000\jln7954145633661483424\jln823949961594982365\nativewindow_win32.dll
0x0000000064500000 - 0x000000006458d000 	C:\Users\Lenovo\AppData\Local\Temp\jogamp.tmp.cache_000000\jln7954145633661483424\jln823949961594982365\jogl_desktop.dll
0x00007ffc1c6b0000 - 0x00007ffc1d5b9000 	C:\WINDOWS\System32\DriverStore\FileRepository\iigd_dch.inf_amd64_3c82703a0fbed0ab\ig9icd64.dll
0x00007ffc58930000 - 0x00007ffc58ad0000 	C:\WINDOWS\System32\DriverStore\FileRepository\iigd_dch.inf_amd64_3c82703a0fbed0ab\igdgmm64.dll
0x00007ffc30e30000 - 0x00007ffc3322c000 	C:\WINDOWS\System32\DriverStore\FileRepository\iigd_dch.inf_amd64_3c82703a0fbed0ab\igc64.dll
0x00007ffc2c350000 - 0x00007ffc2c43f000 	C:\Users\Lenovo\.javacpp\cache\opencv-3.1.0-1.3-windows-x86_64.jar\org\bytedeco\javacpp\windows-x86_64\msvcr120.dll
0x00007ffc286f0000 - 0x00007ffc28796000 	C:\Users\Lenovo\.javacpp\cache\opencv-3.1.0-1.3-windows-x86_64.jar\org\bytedeco\javacpp\windows-x86_64\msvcp120.dll
0x0000000068660000 - 0x0000000068691000 	C:\Program Files\Java\jdk1.8.0_161\jre\bin\jpeg.dll
0x00007ffc281c0000 - 0x00007ffc2843a000 	C:\Users\Lenovo\.javacpp\cache\opencv-3.1.0-1.3-windows-x86_64.jar\org\bytedeco\javacpp\windows-x86_64\opencv_core310.dll
0x00007ffc209c0000 - 0x00007ffc20d02000 	C:\Users\Lenovo\.javacpp\cache\opencv-3.1.0-1.3-windows-x86_64.jar\org\bytedeco\javacpp\windows-x86_64\opencv_imgproc310.dll
0x00007ffc27f90000 - 0x00007ffc281b7000 	C:\Users\Lenovo\.javacpp\cache\opencv-3.1.0-1.3-windows-x86_64.jar\org\bytedeco\javacpp\windows-x86_64\jniopencv_core.dll
0x00007ffc28600000 - 0x00007ffc286ed000 	C:\Users\Lenovo\.javacpp\cache\opencv-3.1.0-1.3-windows-x86_64.jar\org\bytedeco\javacpp\windows-x86_64\jniopencv_imgproc.dll
0x00007ffc206f0000 - 0x00007ffc209b9000 	C:\Users\Lenovo\.javacpp\cache\opencv-3.1.0-1.3-windows-x86_64.jar\org\bytedeco\javacpp\windows-x86_64\opencv_imgcodecs310.dll
0x00007ffc4ef80000 - 0x00007ffc4efa5000 	C:\Users\Lenovo\.javacpp\cache\opencv-3.1.0-1.3-windows-x86_64.jar\org\bytedeco\javacpp\windows-x86_64\jniopencv_imgcodecs.dll
0x00007ffc4c450000 - 0x00007ffc4c4a3000 	C:\Users\Lenovo\.javacpp\cache\opencv-3.1.0-1.3-windows-x86_64.jar\org\bytedeco\javacpp\windows-x86_64\opencv_videoio310.dll
0x00007ffc4ef50000 - 0x00007ffc4ef79000 	C:\WINDOWS\SYSTEM32\MSVFW32.dll
0x00007ffc4ef30000 - 0x00007ffc4ef50000 	C:\WINDOWS\SYSTEM32\AVIFIL32.dll
0x00007ffc4c2b0000 - 0x00007ffc4c2c8000 	C:\WINDOWS\SYSTEM32\AVICAP32.dll
0x00007ffc4b930000 - 0x00007ffc4b947000 	C:\Users\Lenovo\.javacpp\cache\opencv-3.1.0-1.3-windows-x86_64.jar\org\bytedeco\javacpp\windows-x86_64\jniopencv_videoio.dll
0x00007ffc4b700000 - 0x00007ffc4b718000 	C:\Windows\System32\devenum.dll
0x00007ffc60910000 - 0x00007ffc60d80000 	C:\WINDOWS\System32\setupapi.dll
0x00007ffc4b6c0000 - 0x00007ffc4b6f4000 	C:\Windows\System32\qcap.dll
0x00007ffc23f90000 - 0x00007ffc24154000 	C:\Windows\System32\quartz.dll
0x00007ffc488b0000 - 0x00007ffc488fc000 	C:\Windows\System32\mfksproxy.dll
0x00007ffc4a890000 - 0x00007ffc4a8ac000 	C:\Windows\System32\ATL.DLL
0x00007ffc52740000 - 0x00007ffc5293a000 	C:\Windows\System32\MFPlat.DLL

VM Arguments:
jvm_args: -Dfile.encoding=GBK 
java_command: ME.sample.Frame
java_class_path (initial): D:\Users\Lenovo\eclipse-workspace\DETA_YLJ1.5.9\target\classes;D:\Users\Lenovo\eclipse-workspace\DETA_YLJ1.5.9\lib\bssm.jar;D:\Users\Lenovo\eclipse-workspace\DETA_YLJ1.5.9\lib\commons-math-2.1.jar;D:\Users\Lenovo\eclipse-workspace\DETA_YLJ1.5.9\lib\commons-math3-3.0.jar;D:\Users\Lenovo\eclipse-workspace\DETA_YLJ1.5.9\lib\customizer.jar;D:\Users\Lenovo\eclipse-workspace\DETA_YLJ1.5.9\lib\ffmpeg-3.2.1-1.3-windows-x86_64.jar;D:\Users\Lenovo\eclipse-workspace\DETA_YLJ1.5.9\lib\ffmpeg-platform-3.2.1-1.3.jar;D:\Users\Lenovo\eclipse-workspace\DETA_YLJ1.5.9\lib;D:\Users\Lenovo\eclipse-workspace\DETA_YLJ1.5.9\lib\flandmark-1.07-1.3.jar;D:\Users\Lenovo\eclipse-workspace\DETA_YLJ1.5.9\lib\flandmark-platform-1.07-1.3.jar;D:\Users\Lenovo\eclipse-workspace\DETA_YLJ1.5.9\lib\flycapture-2.9.3.43-1.3-windows-x86_64.jar;D:\Users\Lenovo\eclipse-workspace\DETA_YLJ1.5.9\lib\flycapture-2.9.3.43-1.3.jar;D:\Users\Lenovo\eclipse-workspace\DETA_YLJ1.5.9\lib\flycapture-platform-2.9.3.43-1.3.jar;D:\Users\Lenovo\eclipse-workspace\DETA_YLJ1.5.9\lib\gluegen-rt.jar;D:\Users\Lenovo\eclipse-workspace\DETA_YLJ1.5.9\lib\gluegen.jar;D:\Users\Lenovo\eclipse-workspace\DETA_YLJ1.5.9\lib\gnujaxp.jar;D:\Users\Lenovo\eclipse-workspace\DETA_YLJ1.5.9\lib\icam.jar;D:\Users\Lenovo\eclipse-workspace\DETA_YLJ1.5.9\lib\iText-2.1.5.jar;D:\Users\Lenovo\eclipse-workspace\DETA_YLJ1.5.9\lib\javabuilder.jar;D:\Users\Lenovo\eclipse-workspace\DETA_YLJ1.5.9\lib\javacpp-1.3.jar;D:\Users\Lenovo\eclipse-workspace\DETA_YLJ1.5.9\lib\javacv-platform-1.3.jar;D:\Users\Lenovo\eclipse-workspace\DETA_YLJ1.5.9\lib\jcommon-1.0.16.jar;D:\Users\Lenovo\eclipse-workspace\DETA_YLJ1.5.9\lib\jfreechart-1.0.13-experimental.jar;D:\Users\Lenovo\eclipse-workspace\DETA_YLJ1.5.9\lib\jfreechart-1.0.13-swt.jar;D:\Users\Lenovo\eclipse-workspace\DETA_YLJ1.5.9\lib\jfreechart-1.0.13.jar;D:\Users\Lenovo\eclipse-workspace\DETA_YLJ1.5.9\lib\jmf.jar;D:\Users\Lenovo\eclipse-workspace\DETA_YLJ1.5.9\lib\jogl.all.jar;D:\Users\Lenovo\e
Launcher Type: SUN_STANDARD

Environment Variables:
PATH=C:/Program Files/Java/jre1.8.0_161/bin/server;C:/Program Files/Java/jre1.8.0_161/bin;C:/Program Files/Java/jre1.8.0_161/lib/amd64;C:\ProgramData\Oracle\Java\javapath;C:\Program Files (x86)\Intel\Intel(R) Management Engine Components\iCLS\;C:\Program Files\Intel\Intel(R) Management Engine Components\iCLS\;C:\Windows\system32;C:\Windows;C:\Windows\System32\Wbem;C:\Windows\System32\WindowsPowerShell\v1.0\;C:\Windows\System32\OpenSSH\;C:\Program Files (x86)\Intel\Intel(R) Management Engine Components\DAL;C:\Program Files\Intel\Intel(R) Management Engine Components\DAL;C:\Program Files (x86)\Intel\Intel(R) Management Engine Components\IPT;C:\Program Files\Intel\Intel(R) Management Engine Components\IPT;C:\Program Files (x86)\NVIDIA Corporation\PhysX\Common;C:\Program Files\Java\jdk1.8.0_161\bin;C:\Program Files\Java\jre1.8.0_161\bin;C:\Program Files\NVIDIA Corporation\NVIDIA NvDLISR;C:\WINDOWS\system32;C:\WINDOWS;C:\WINDOWS\System32\Wbem;C:\WINDOWS\System32\WindowsPowerShell\v1.0\;C:\WINDOWS\System32\OpenSSH\;D:\jdk\64\6.1.9\bin;D:\jdk\64\6.1.9;C:\Users\Lenovo\AppData\Local\Microsoft\WindowsApps;;C:\Users\Lenovo\Desktop\ZHUOMIAN;
USERNAME=Lenovo
OS=Windows_NT
PROCESSOR_IDENTIFIER=Intel64 Family 6 Model 158 Stepping 10, GenuineIntel



---------------  S Y S T E M  ---------------

OS: Windows 10.0 , 64 bit Build 18362 (10.0.18362.778)

CPU:total 8 (initial active 8) (4 cores per cpu, 2 threads per core) family 6 model 158 stepping 10, cmov, cx8, fxsr, mmx, sse, sse2, sse3, ssse3, sse4.1, sse4.2, popcnt, avx, avx2, aes, clmul, erms, 3dnowpref, lzcnt, ht, tsc, tscinvbit, bmi1, bmi2, adx

Memory: 4k page, physical 16648500k(6267288k free), swap 18752376k(2663788k free)

vm_info: Java HotSpot(TM) 64-Bit Server VM (25.161-b12) for windows-amd64 JRE (1.8.0_161-b12), built on Dec 19 2017 17:52:25 by "java_re" with MS VC++ 10.0 (VS2010)

time: Sun Feb 21 23:17:23 2021
elapsed time: 93 seconds (0d 0h 1m 33s)

