#
# A fatal error has been detected by the Java Runtime Environment:
#
#  EXCEPTION_INT_DIVIDE_BY_ZERO (0xc0000094) at pc=0x00007ffc1cb6ab5d, pid=20204, tid=0x000000000000245c
#
# JRE version: Java(TM) SE Runtime Environment (8.0_161-b12) (build 1.8.0_161-b12)
# Java VM: Java HotSpot(TM) 64-Bit Server VM (25.161-b12 mixed mode windows-amd64 compressed oops)
# Problematic frame:
# C  [ig9icd64.dll+0x4bab5d]
#
# Failed to write core dump. Minidumps are not enabled by default on client versions of Windows
#
# If you would like to submit a bug report, please visit:
#   http://bugreport.java.com/bugreport/crash.jsp
# The crash happened outside the Java Virtual Machine in native code.
# See problematic frame for where to report the bug.
#

---------------  T H R E A D  ---------------

Current thread (0x000000001f8a5800):  JavaThread "AWT-EventQueue-0" [_thread_in_native, id=9308, stack(0x00000000226c0000,0x00000000227c0000)]

siginfo: ExceptionCode=0xc0000094

Registers:
RAX=0x0000000000000168, RBX=0x00000000227bd550, RCX=0x0000000000000168, RDX=0x0000000000000000
RSP=0x00000000227bd3a8, RBP=0x0000000000000000, RSI=0x0000000000000078, RDI=0x0000000000000014
R8 =0x0000000000000003, R9 =0x0000000000000001, R10=0x00000000227bd450, R11=0x00000000227bd850
R12=0x00000000000001c1, R13=0x00007ffc1d34aab0, R14=0x0000000000000000, R15=0x0000000000000000
RIP=0x00007ffc1cb6ab5d, EFLAGS=0x0000000000010297

Top of Stack: (sp=0x00000000227bd3a8)
0x00000000227bd3a8:   0000000000000001 0000000000000000
0x00000000227bd3b8:   0000000000000001 0000000000000007
0x00000000227bd3c8:   00007ffc1cb6d79b 00000000227bd550
0x00000000227bd3d8:   00000000227bd4d0 0000000000000000
0x00000000227bd3e8:   0000000000000000 000000000000002a
0x00000000227bd3f8:   00007ffc00000001 0000000020980820
0x00000000227bd408:   0000000000000000 0000000000000001
0x00000000227bd418:   00007ffc1c6da16c c000304040000280
0x00000000227bd428:   0000000000000000 0000000032494000
0x00000000227bd438:   0000000000000000 000000002c3ace70
0x00000000227bd448:   00007ffc1c6d5ecf 00007ffc1d162270
0x00000000227bd458:   0000000035514e40 0000001400000078
0x00000000227bd468:   0000002a00000000 0000016800000003
0x00000000227bd478:   0000000000000000 00000000355490b0
0x00000000227bd488:   0000000034c82c20 0000000000000000
0x00000000227bd498:   0000000000000000 0000000035514e40 

Instructions: (pc=0x00007ffc1cb6ab5d)
0x00007ffc1cb6ab3d:   42 20 0f 44 ce 41 0f af c8 41 89 4a 24 41 80 f9
0x00007ffc1cb6ab4d:   08 75 0a 83 c1 07 c1 f9 03 41 89 4a 24 8b c1 99
0x00007ffc1cb6ab5d:   41 f7 fe 85 d2 74 09 2b ca 41 03 ce 41 89 4a 24
0x00007ffc1cb6ab6d:   41 8b 43 10 44 0f af c5 41 8b d0 c1 ea 03 41 80 


Register to memory mapping:

RAX=0x0000000000000168 is an unknown value
RBX=0x00000000227bd550 is pointing into the stack for thread: 0x000000001f8a5800
RCX=0x0000000000000168 is an unknown value
RDX=0x0000000000000000 is an unknown value
RSP=0x00000000227bd3a8 is pointing into the stack for thread: 0x000000001f8a5800
RBP=0x0000000000000000 is an unknown value
RSI=0x0000000000000078 is an unknown value
RDI=0x0000000000000014 is an unknown value
R8 =0x0000000000000003 is an unknown value
R9 =0x0000000000000001 is an unknown value
R10=0x00000000227bd450 is pointing into the stack for thread: 0x000000001f8a5800
R11=0x00000000227bd850 is pointing into the stack for thread: 0x000000001f8a5800
R12=0x00000000000001c1 is an unknown value
R13=0x00007ffc1d34aab0 is an unknown value
R14=0x0000000000000000 is an unknown value
R15=0x0000000000000000 is an unknown value


Stack: [0x00000000226c0000,0x00000000227c0000],  sp=0x00000000227bd3a8,  free space=1012k
Native frames: (J=compiled Java code, j=interpreted, Vv=VM code, C=native code)

Java frames: (J=compiled Java code, j=interpreted, Vv=VM code)
J 5024  jogamp.opengl.gl4.GL4bcImpl.dispatch_glDrawPixels1(IIIILjava/lang/Object;IZJ)V (0 bytes) @ 0x000000000423a5bc [0x000000000423a540+0x7c]
J 4988 C1 jogamp.opengl.gl4.GL4bcImpl.glDrawPixels(IIIILjava/nio/Buffer;)V (109 bytes) @ 0x0000000004210844 [0x0000000004210280+0x5c4]
J 4911 C2 biProcessor.coAuthorForWord.drawWords([II[DFIILjava/util/Map;Ljava/util/Map;)V (1501 bytes) @ 0x00000000041c1484 [0x00000000041c0f40+0x544]
J 4911 C2 biProcessor.coAuthorForWord.drawWords([II[DFIILjava/util/Map;Ljava/util/Map;)V (1501 bytes) @ 0x00000000041c384c [0x00000000041c0f40+0x290c]
J 4842 C1 biProcessor.coAuthorForWord.display(Ljavax/media/opengl/GLAutoDrawable;)V (248 bytes) @ 0x0000000004140b84 [0x000000000413fc40+0xf44]
J 4841 C1 jogamp.opengl.GLDrawableHelper.displayImpl(Ljavax/media/opengl/GLAutoDrawable;)V (69 bytes) @ 0x0000000004136c6c [0x0000000004136800+0x46c]
J 4525 C1 javax.media.opengl.awt.GLCanvas$6.run()V (122 bytes) @ 0x0000000003fe9064 [0x0000000003fe8be0+0x484]
J 4840 C1 jogamp.opengl.GLDrawableHelper.invokeGLImpl(Ljavax/media/opengl/GLDrawable;Ljavax/media/opengl/GLContext;Ljava/lang/Runnable;Ljava/lang/Runnable;Ljavax/media/opengl/GLAutoDrawable;)V (420 bytes) @ 0x00000000041398dc [0x0000000004138be0+0xcfc]
J 4839 C1 jogamp.opengl.GLDrawableHelper.invokeGL(Ljavax/media/opengl/GLDrawable;Ljavax/media/opengl/GLContext;Ljava/lang/Runnable;Ljava/lang/Runnable;)V (90 bytes) @ 0x00000000041380c4 [0x0000000004137fc0+0x104]
J 4838 C1 javax.media.opengl.awt.GLCanvas$8.run()V (39 bytes) @ 0x0000000004137bf4 [0x0000000004137a40+0x1b4]
J 1526 C1 java.awt.event.InvocationEvent.dispatch()V (69 bytes) @ 0x00000000037a878c [0x00000000037a8640+0x14c]
J 5265 C2 java.awt.EventQueue$3.run()Ljava/lang/Object; (5 bytes) @ 0x00000000043396fc [0x0000000004339600+0xfc]
v  ~StubRoutines::call_stub
J 615  java.security.AccessController.doPrivileged(Ljava/security/PrivilegedAction;Ljava/security/AccessControlContext;)Ljava/lang/Object; (0 bytes) @ 0x0000000003533a26 [0x00000000035339c0+0x66]
J 5258 C2 java.awt.EventQueue.dispatchEvent(Ljava/awt/AWTEvent;)V (80 bytes) @ 0x000000000431b574 [0x000000000431b140+0x434]
J 5259 C2 java.awt.EventDispatchThread.pumpOneEventForFilters(I)V (295 bytes) @ 0x00000000043253fc [0x0000000004324ce0+0x71c]
j  java.awt.EventDispatchThread.pumpEventsForFilter(ILjava/awt/Conditional;Ljava/awt/EventFilter;)V+35
j  java.awt.EventDispatchThread.pumpEventsForHierarchy(ILjava/awt/Conditional;Ljava/awt/Component;)V+11
j  java.awt.EventDispatchThread.pumpEvents(ILjava/awt/Conditional;)V+4
j  java.awt.EventDispatchThread.pumpEvents(Ljava/awt/Conditional;)V+3
j  java.awt.EventDispatchThread.run()V+9
v  ~StubRoutines::call_stub

---------------  P R O C E S S  ---------------

Java Threads: ( => current thread )
  0x0000000025026800 JavaThread "Image Fetcher 0" daemon [_thread_blocked, id=17684, stack(0x0000000036310000,0x0000000036410000)]
  0x0000000025025800 JavaThread "DestroyJavaVM" [_thread_blocked, id=13788, stack(0x0000000002f50000,0x0000000003050000)]
  0x0000000025028800 JavaThread "Thread-39" [_thread_blocked, id=3860, stack(0x0000000039d50000,0x0000000039e50000)]
  0x0000000025028000 JavaThread "Thread-38" [_thread_blocked, id=21736, stack(0x000000002bc20000,0x000000002bd20000)]
  0x0000000025022800 JavaThread "Timer-0" [_thread_blocked, id=19908, stack(0x000000002ba20000,0x000000002bb20000)]
  0x0000000025025000 JavaThread "JavaCPP Deallocator" daemon [_thread_blocked, id=11812, stack(0x0000000035210000,0x0000000035310000)]
  0x000000002077e000 JavaThread "Thread-6-SharedResourceRunner" daemon [_thread_blocked, id=5488, stack(0x000000002be10000,0x000000002bf10000)]
  0x000000002077a800 JavaThread "Thread-14" [_thread_in_native, id=19624, stack(0x0000000025fb0000,0x00000000260b0000)]
  0x0000000020c76800 JavaThread "Thread-11" [_thread_in_native, id=19820, stack(0x0000000026110000,0x0000000026210000)]
  0x00000000208d8800 JavaThread "Thread-9" [_thread_in_native, id=22904, stack(0x0000000024d60000,0x0000000024e60000)]
  0x0000000020b4d800 JavaThread "Thread-2" [_thread_in_native, id=20712, stack(0x0000000023790000,0x0000000023890000)]
=>0x000000001f8a5800 JavaThread "AWT-EventQueue-0" [_thread_in_native, id=9308, stack(0x00000000226c0000,0x00000000227c0000)]
  0x000000001fb4d000 JavaThread "AWT-Shutdown" [_thread_blocked, id=7528, stack(0x00000000225c0000,0x00000000226c0000)]
  0x000000001fb51000 JavaThread "AWT-Windows" daemon [_thread_in_native, id=18592, stack(0x0000000021940000,0x0000000021a40000)]
  0x000000001fb4c800 JavaThread "Java2D Disposer" daemon [_thread_blocked, id=9908, stack(0x0000000021740000,0x0000000021840000)]
  0x000000001fafd000 JavaThread "TimerQueue" daemon [_thread_blocked, id=10052, stack(0x0000000021440000,0x0000000021540000)]
  0x000000001f73d800 JavaThread "Service Thread" daemon [_thread_blocked, id=2808, stack(0x00000000201a0000,0x00000000202a0000)]
  0x000000001f6aa800 JavaThread "C1 CompilerThread3" daemon [_thread_blocked, id=13824, stack(0x00000000200a0000,0x00000000201a0000)]
  0x000000001f6a5800 JavaThread "C2 CompilerThread2" daemon [_thread_blocked, id=17832, stack(0x000000001ffa0000,0x00000000200a0000)]
  0x000000001f6a4800 JavaThread "C2 CompilerThread1" daemon [_thread_blocked, id=19420, stack(0x000000001fea0000,0x000000001ffa0000)]
  0x000000001f699000 JavaThread "C2 CompilerThread0" daemon [_thread_blocked, id=19068, stack(0x000000001fda0000,0x000000001fea0000)]
  0x000000001ec01000 JavaThread "JDWP Command Reader" daemon [_thread_in_native, id=22148, stack(0x000000001f4a0000,0x000000001f5a0000)]
  0x000000001ebee000 JavaThread "JDWP Event Helper Thread" daemon [_thread_blocked, id=11024, stack(0x000000001f3a0000,0x000000001f4a0000)]
  0x000000001ebe6000 JavaThread "JDWP Transport Listener: dt_socket" daemon [_thread_blocked, id=20800, stack(0x000000001f2a0000,0x000000001f3a0000)]
  0x000000001ebd8800 JavaThread "Attach Listener" daemon [_thread_blocked, id=19900, stack(0x000000001f1a0000,0x000000001f2a0000)]
  0x000000001eb6e800 JavaThread "Signal Dispatcher" daemon [_thread_blocked, id=14156, stack(0x000000001f0a0000,0x000000001f1a0000)]
  0x000000001eb61800 JavaThread "Finalizer" daemon [_thread_blocked, id=22916, stack(0x000000001ef40000,0x000000001f040000)]
  0x000000000324e000 JavaThread "Reference Handler" daemon [_thread_blocked, id=312, stack(0x000000001ea40000,0x000000001eb40000)]

Other Threads:
  0x000000001cc59800 VMThread [stack: 0x000000001e940000,0x000000001ea40000] [id=11924]
  0x000000001f7bb000 WatcherThread [stack: 0x00000000202a0000,0x00000000203a0000] [id=18696]

VM state:not at safepoint (normal execution)

VM Mutex/Monitor currently owned by a thread: None

Heap:
 PSYoungGen      total 1355776K, used 1159723K [0x000000076b500000, 0x00000007c0000000, 0x00000007c0000000)
  eden space 1327104K, 86% used [0x000000076b500000,0x00000007b1314590,0x00000007bc500000)
  from space 28672K, 51% used [0x00000007bc500000,0x00000007bd376768,0x00000007be100000)
  to   space 28160K, 0% used [0x00000007be480000,0x00000007be480000,0x00000007c0000000)
 ParOldGen       total 586752K, used 405079K [0x00000006c1e00000, 0x00000006e5b00000, 0x000000076b500000)
  object space 586752K, 69% used [0x00000006c1e00000,0x00000006da995cf8,0x00000006e5b00000)
 Metaspace       used 29954K, capacity 30318K, committed 30592K, reserved 1075200K
  class space    used 3772K, capacity 3876K, committed 3968K, reserved 1048576K

Card table byte_map: [0x0000000012610000,0x0000000012e10000] byte_map_base: 0x000000000f001000

Marking Bits: (ParMarkBitMap*) 0x000000006910f860
 Begin Bits: [0x0000000013b60000, 0x0000000017ae8000)
 End Bits:   [0x0000000017ae8000, 0x000000001ba70000)

Polling page: 0x0000000001350000

CodeCache: size=245760Kb used=17567Kb max_used=17575Kb free=228192Kb
 bounds [0x0000000003250000, 0x00000000043c0000, 0x0000000012250000]
 total_blobs=5223 nmethods=4284 adapters=854
 compilation: enabled

Compilation events (10 events):
Event: 202.099 Thread 0x000000001f6aa800 5342       1       javax.swing.text.JTextComponent::getNavigationFilter (5 bytes)
Event: 202.099 Thread 0x000000001f6aa800 nmethod 5342 0x00000000036edcd0 code [0x00000000036ede20, 0x00000000036edf30]
Event: 202.101 Thread 0x000000001f6aa800 5343       3       sun.awt.image.PNGImageDecoder::getData (58 bytes)
Event: 202.101 Thread 0x000000001f6aa800 nmethod 5343 0x0000000003f47c50 code [0x0000000003f47de0, 0x0000000003f48198]
Event: 202.102 Thread 0x000000001f6a4800 5344       4       sun.awt.image.PNGImageDecoder::getInt (59 bytes)
Event: 202.103 Thread 0x000000001f6a4800 nmethod 5344 0x0000000003a00810 code [0x0000000003a00960, 0x0000000003a00a98]
Event: 202.112 Thread 0x000000001f6aa800 5345       3       javax.swing.text.html.ParagraphView::getAttributes (26 bytes)
Event: 202.112 Thread 0x000000001f6aa800 nmethod 5345 0x0000000003769290 code [0x0000000003769440, 0x0000000003769c28]
Event: 202.112 Thread 0x000000001f6aa800 5346       3       javax.swing.text.html.InlineView::getBreakWeight (17 bytes)
Event: 202.112 Thread 0x000000001f6aa800 nmethod 5346 0x000000000362d0d0 code [0x000000000362d240, 0x000000000362d448]

GC Heap History (10 events):
Event: 194.494 GC heap before
{Heap before GC invocations=74 (full 3):
 PSYoungGen      total 1350656K, used 1317632K [0x000000076b500000, 0x00000007bfe00000, 0x00000007c0000000)
  eden space 1316864K, 100% used [0x000000076b500000,0x00000007bbb00000,0x00000007bbb00000)
  from space 33792K, 2% used [0x00000007bdd00000,0x00000007bddc0000,0x00000007bfe00000)
  to   space 34304K, 0% used [0x00000007bbb00000,0x00000007bbb00000,0x00000007bdc80000)
 ParOldGen       total 586752K, used 404751K [0x00000006c1e00000, 0x00000006e5b00000, 0x000000076b500000)
  object space 586752K, 68% used [0x00000006c1e00000,0x00000006da943cf8,0x00000006e5b00000)
 Metaspace       used 29919K, capacity 30254K, committed 30592K, reserved 1075200K
  class space    used 3771K, capacity 3876K, committed 3968K, reserved 1048576K
Event: 194.497 GC heap after
Heap after GC invocations=74 (full 3):
 PSYoungGen      total 1351168K, used 12096K [0x000000076b500000, 0x00000007bfd80000, 0x00000007c0000000)
  eden space 1316864K, 0% used [0x000000076b500000,0x000000076b500000,0x00000007bbb00000)
  from space 34304K, 35% used [0x00000007bbb00000,0x00000007bc6d0000,0x00000007bdc80000)
  to   space 32768K, 0% used [0x00000007bdd80000,0x00000007bdd80000,0x00000007bfd80000)
 ParOldGen       total 586752K, used 405015K [0x00000006c1e00000, 0x00000006e5b00000, 0x000000076b500000)
  object space 586752K, 69% used [0x00000006c1e00000,0x00000006da985cf8,0x00000006e5b00000)
 Metaspace       used 29919K, capacity 30254K, committed 30592K, reserved 1075200K
  class space    used 3771K, capacity 3876K, committed 3968K, reserved 1048576K
}
Event: 196.379 GC heap before
{Heap before GC invocations=75 (full 3):
 PSYoungGen      total 1351168K, used 1328580K [0x000000076b500000, 0x00000007bfd80000, 0x00000007c0000000)
  eden space 1316864K, 99% used [0x000000076b500000,0x00000007bbaa1090,0x00000007bbb00000)
  from space 34304K, 35% used [0x00000007bbb00000,0x00000007bc6d0000,0x00000007bdc80000)
  to   space 32768K, 0% used [0x00000007bdd80000,0x00000007bdd80000,0x00000007bfd80000)
 ParOldGen       total 586752K, used 405015K [0x00000006c1e00000, 0x00000006e5b00000, 0x000000076b500000)
  object space 586752K, 69% used [0x00000006c1e00000,0x00000006da985cf8,0x00000006e5b00000)
 Metaspace       used 29920K, capacity 30254K, committed 30592K, reserved 1075200K
  class space    used 3771K, capacity 3876K, committed 3968K, reserved 1048576K
Event: 196.381 GC heap after
Heap after GC invocations=75 (full 3):
 PSYoungGen      total 1350144K, used 8224K [0x000000076b500000, 0x00000007bfa80000, 0x00000007c0000000)
  eden space 1320448K, 0% used [0x000000076b500000,0x000000076b500000,0x00000007bbe80000)
  from space 29696K, 27% used [0x00000007bdd80000,0x00000007be588000,0x00000007bfa80000)
  to   space 30720K, 0% used [0x00000007bbe80000,0x00000007bbe80000,0x00000007bdc80000)
 ParOldGen       total 586752K, used 405023K [0x00000006c1e00000, 0x00000006e5b00000, 0x000000076b500000)
  object space 586752K, 69% used [0x00000006c1e00000,0x00000006da987cf8,0x00000006e5b00000)
 Metaspace       used 29920K, capacity 30254K, committed 30592K, reserved 1075200K
  class space    used 3771K, capacity 3876K, committed 3968K, reserved 1048576K
}
Event: 197.788 GC heap before
{Heap before GC invocations=76 (full 3):
 PSYoungGen      total 1350144K, used 1328672K [0x000000076b500000, 0x00000007bfa80000, 0x00000007c0000000)
  eden space 1320448K, 100% used [0x000000076b500000,0x00000007bbe80000,0x00000007bbe80000)
  from space 29696K, 27% used [0x00000007bdd80000,0x00000007be588000,0x00000007bfa80000)
  to   space 30720K, 0% used [0x00000007bbe80000,0x00000007bbe80000,0x00000007bdc80000)
 ParOldGen       total 586752K, used 405023K [0x00000006c1e00000, 0x00000006e5b00000, 0x000000076b500000)
  object space 586752K, 69% used [0x00000006c1e00000,0x00000006da987cf8,0x00000006e5b00000)
 Metaspace       used 29942K, capacity 30318K, committed 30592K, reserved 1075200K
  class space    used 3771K, capacity 3876K, committed 3968K, reserved 1048576K
Event: 197.791 GC heap after
Heap after GC invocations=76 (full 3):
 PSYoungGen      total 1351168K, used 12259K [0x000000076b500000, 0x00000007bff00000, 0x00000007c0000000)
  eden space 1320448K, 0% used [0x000000076b500000,0x000000076b500000,0x00000007bbe80000)
  from space 30720K, 39% used [0x00000007bbe80000,0x00000007bca78f70,0x00000007bdc80000)
  to   space 29696K, 0% used [0x00000007be200000,0x00000007be200000,0x00000007bff00000)
 ParOldGen       total 586752K, used 405039K [0x00000006c1e00000, 0x00000006e5b00000, 0x000000076b500000)
  object space 586752K, 69% used [0x00000006c1e00000,0x00000006da98bcf8,0x00000006e5b00000)
 Metaspace       used 29942K, capacity 30318K, committed 30592K, reserved 1075200K
  class space    used 3771K, capacity 3876K, committed 3968K, reserved 1048576K
}
Event: 199.092 GC heap before
{Heap before GC invocations=77 (full 3):
 PSYoungGen      total 1351168K, used 1332707K [0x000000076b500000, 0x00000007bff00000, 0x00000007c0000000)
  eden space 1320448K, 100% used [0x000000076b500000,0x00000007bbe80000,0x00000007bbe80000)
  from space 30720K, 39% used [0x00000007bbe80000,0x00000007bca78f70,0x00000007bdc80000)
  to   space 29696K, 0% used [0x00000007be200000,0x00000007be200000,0x00000007bff00000)
 ParOldGen       total 586752K, used 405039K [0x00000006c1e00000, 0x00000006e5b00000, 0x000000076b500000)
  object space 586752K, 69% used [0x00000006c1e00000,0x00000006da98bcf8,0x00000006e5b00000)
 Metaspace       used 29942K, capacity 30318K, committed 30592K, reserved 1075200K
  class space    used 3771K, capacity 3876K, committed 3968K, reserved 1048576K
Event: 199.095 GC heap after
Heap after GC invocations=77 (full 3):
 PSYoungGen      total 1354752K, used 12675K [0x000000076b500000, 0x00000007bfd00000, 0x00000007c0000000)
  eden space 1327104K, 0% used [0x000000076b500000,0x000000076b500000,0x00000007bc500000)
  from space 27648K, 45% used [0x00000007be200000,0x00000007bee60f70,0x00000007bfd00000)
  to   space 28672K, 0% used [0x00000007bc500000,0x00000007bc500000,0x00000007be100000)
 ParOldGen       total 586752K, used 405039K [0x00000006c1e00000, 0x00000006e5b00000, 0x000000076b500000)
  object space 586752K, 69% used [0x00000006c1e00000,0x00000006da98bcf8,0x00000006e5b00000)
 Metaspace       used 29942K, capacity 30318K, committed 30592K, reserved 1075200K
  class space    used 3771K, capacity 3876K, committed 3968K, reserved 1048576K
}
Event: 200.588 GC heap before
{Heap before GC invocations=78 (full 3):
 PSYoungGen      total 1354752K, used 1339779K [0x000000076b500000, 0x00000007bfd00000, 0x00000007c0000000)
  eden space 1327104K, 100% used [0x000000076b500000,0x00000007bc500000,0x00000007bc500000)
  from space 27648K, 45% used [0x00000007be200000,0x00000007bee60f70,0x00000007bfd00000)
  to   space 28672K, 0% used [0x00000007bc500000,0x00000007bc500000,0x00000007be100000)
 ParOldGen       total 586752K, used 405039K [0x00000006c1e00000, 0x00000006e5b00000, 0x000000076b500000)
  object space 586752K, 69% used [0x00000006c1e00000,0x00000006da98bcf8,0x00000006e5b00000)
 Metaspace       used 29944K, capacity 30318K, committed 30592K, reserved 1075200K
  class space    used 3771K, capacity 3876K, committed 3968K, reserved 1048576K
Event: 200.591 GC heap after
Heap after GC invocations=78 (full 3):
 PSYoungGen      total 1355776K, used 14809K [0x000000076b500000, 0x00000007c0000000, 0x00000007c0000000)
  eden space 1327104K, 0% used [0x000000076b500000,0x000000076b500000,0x00000007bc500000)
  from space 28672K, 51% used [0x00000007bc500000,0x00000007bd376768,0x00000007be100000)
  to   space 28160K, 0% used [0x00000007be480000,0x00000007be480000,0x00000007c0000000)
 ParOldGen       total 586752K, used 405079K [0x00000006c1e00000, 0x00000006e5b00000, 0x000000076b500000)
  object space 586752K, 69% used [0x00000006c1e00000,0x00000006da995cf8,0x00000006e5b00000)
 Metaspace       used 29944K, capacity 30318K, committed 30592K, reserved 1075200K
  class space    used 3771K, capacity 3876K, committed 3968K, reserved 1048576K
}

Deoptimization events (10 events):
Event: 170.797 Thread 0x000000001f8a5800 Uncommon trap: reason=class_check action=maybe_recompile pc=0x0000000003769198 method=java.awt.Container.getMouseEventTargetImpl(IIZLjava/awt/Container$EventTargetFilter;ZZ)Ljava/awt/Component; @ 64
Event: 172.771 Thread 0x000000001f8a5800 Uncommon trap: reason=class_check action=maybe_recompile pc=0x0000000003769198 method=java.awt.Container.getMouseEventTargetImpl(IIZLjava/awt/Container$EventTargetFilter;ZZ)Ljava/awt/Component; @ 64
Event: 172.771 Thread 0x000000001f8a5800 Uncommon trap: reason=class_check action=maybe_recompile pc=0x0000000003769198 method=java.awt.Container.getMouseEventTargetImpl(IIZLjava/awt/Container$EventTargetFilter;ZZ)Ljava/awt/Component; @ 64
Event: 175.590 Thread 0x000000001f8a5800 Uncommon trap: reason=unstable_if action=reinterpret pc=0x000000000375ee34 method=javax.swing.text.AbstractDocument$BranchElement.getElementIndex(I)I @ 129
Event: 175.600 Thread 0x000000001f8a5800 Uncommon trap: reason=speculate_class_check action=maybe_recompile pc=0x00000000033f3e9c method=javax.swing.text.FlowView.layout(II)V @ 89
Event: 180.191 Thread 0x000000001f8a5800 Uncommon trap: reason=class_check action=maybe_recompile pc=0x0000000003fc52c8 method=java.awt.EventQueue.coalesceEvent(Ljava/awt/AWTEvent;I)Z @ 77
Event: 180.192 Thread 0x000000001f8a5800 Uncommon trap: reason=class_check action=maybe_recompile pc=0x0000000003fc52c8 method=java.awt.EventQueue.coalesceEvent(Ljava/awt/AWTEvent;I)Z @ 77
Event: 180.195 Thread 0x000000001f8a5800 Uncommon trap: reason=class_check action=maybe_recompile pc=0x0000000003fc52c8 method=java.awt.EventQueue.coalesceEvent(Ljava/awt/AWTEvent;I)Z @ 77
Event: 180.202 Thread 0x000000001f8a5800 Uncommon trap: reason=class_check action=maybe_recompile pc=0x0000000003fc52c8 method=java.awt.EventQueue.coalesceEvent(Ljava/awt/AWTEvent;I)Z @ 77
Event: 196.691 Thread 0x000000001f8a5800 Uncommon trap: reason=unstable_if action=reinterpret pc=0x00000000042f4dec method=javax.swing.plaf.basic.BasicLabelUI.paint(Ljava/awt/Graphics;Ljavax/swing/JComponent;)V @ 33

Classes redefined (0 events):
No events

Internal exceptions (10 events):
Event: 141.782 Thread 0x0000000003155800 Implicit null exception at 0x000000000350060f to 0x00000000035007a5
Event: 142.541 Thread 0x0000000003155800 Exception <a 'java/lang/NullPointerException'> (0x000000079dc6b928) thrown at [C:\re\workspace\8-2-build-windows-amd64-cygwin\jdk8u161\10277\hotspot\src\share\vm\interpreter\linkResolver.cpp, line 1185]
Event: 149.243 Thread 0x0000000025978800 Exception <a 'java/lang/InterruptedException'> (0x00000007798858f8) thrown at [C:\re\workspace\8-2-build-windows-amd64-cygwin\jdk8u161\10277\hotspot\src\share\vm\runtime\objectMonitor.cpp, line 1684]
Event: 149.551 Thread 0x0000000025020800 Implicit null exception at 0x000000000355f69b to 0x0000000003560c21
Event: 150.632 Thread 0x000000002077d800 Implicit null exception at 0x0000000003832788 to 0x0000000003832fcd
Event: 157.870 Thread 0x0000000003155800 Exception <a 'java/lang/reflect/InvocationTargetException'> (0x000000077e833bf8) thrown at [C:\re\workspace\8-2-build-windows-amd64-cygwin\jdk8u161\10277\hotspot\src\share\vm\runtime\reflection.cpp, line 1092]
Event: 175.594 Thread 0x000000001f8a5800 Implicit null exception at 0x0000000003ee31e3 to 0x0000000003ee33af
Event: 175.594 Thread 0x000000001f8a5800 Exception <a 'java/lang/NullPointerException'> (0x00000007963d0640) thrown at [C:\re\workspace\8-2-build-windows-amd64-cygwin\jdk8u161\10277\hotspot\src\share\vm\runtime\sharedRuntime.cpp, line 605]
Event: 182.649 Thread 0x000000001f8a5800 Implicit null exception at 0x0000000003ee31e3 to 0x0000000003ee33af
Event: 182.650 Thread 0x000000001f8a5800 Exception <a 'java/lang/NullPointerException'> (0x00000007989c0b48) thrown at [C:\re\workspace\8-2-build-windows-amd64-cygwin\jdk8u161\10277\hotspot\src\share\vm\runtime\sharedRuntime.cpp, line 605]

Events (10 events):
Event: 199.092 Executing VM operation: ParallelGCFailedAllocation
Event: 199.095 Executing VM operation: ParallelGCFailedAllocation done
Event: 200.079 Thread 0x000000001f8a5800 DEOPT PACKING pc=0x0000000004274642 sp=0x00000000227b96a0
Event: 200.079 Thread 0x000000001f8a5800 DEOPT UNPACKING pc=0x0000000003297890 sp=0x00000000227b93e8 mode 0
Event: 200.588 Executing VM operation: ParallelGCFailedAllocation
Event: 200.591 Executing VM operation: ParallelGCFailedAllocation done
Event: 200.591 Executing VM operation: RevokeBias
Event: 200.591 Executing VM operation: RevokeBias done
Event: 201.016 loading class sun/awt/EventQueueDelegate$Delegate
Event: 201.016 loading class sun/awt/EventQueueDelegate$Delegate done


Dynamic libraries:
0x00007ff78fd90000 - 0x00007ff78fdc7000 	C:\Program Files\Java\jdk1.8.0_161\jre\bin\javaw.exe
0x00007ffc62240000 - 0x00007ffc62430000 	C:\WINDOWS\SYSTEM32\ntdll.dll
0x00007ffc48b20000 - 0x00007ffc48b33000 	D:\Program Files\AVAST Software\Avast\aswhook.dll
0x00007ffc62120000 - 0x00007ffc621d2000 	C:\WINDOWS\System32\KERNEL32.DLL
0x00007ffc5ff90000 - 0x00007ffc60233000 	C:\WINDOWS\System32\KERNELBASE.dll
0x00007ffc616d0000 - 0x00007ffc61773000 	C:\WINDOWS\System32\ADVAPI32.dll
0x00007ffc61b10000 - 0x00007ffc61bae000 	C:\WINDOWS\System32\msvcrt.dll
0x00007ffc62080000 - 0x00007ffc62117000 	C:\WINDOWS\System32\sechost.dll
0x00007ffc61bb0000 - 0x00007ffc61cd0000 	C:\WINDOWS\System32\RPCRT4.dll
0x00007ffc60610000 - 0x00007ffc607a4000 	C:\WINDOWS\System32\USER32.dll
0x00007ffc602c0000 - 0x00007ffc602e1000 	C:\WINDOWS\System32\win32u.dll
0x00007ffc618a0000 - 0x00007ffc618c6000 	C:\WINDOWS\System32\GDI32.dll
0x00007ffc5f970000 - 0x00007ffc5fb04000 	C:\WINDOWS\System32\gdi32full.dll
0x00007ffc5fbf0000 - 0x00007ffc5fc8e000 	C:\WINDOWS\System32\msvcp_win.dll
0x00007ffc5fe90000 - 0x00007ffc5ff8a000 	C:\WINDOWS\System32\ucrtbase.dll
0x00007ffc4a460000 - 0x00007ffc4a6e5000 	C:\WINDOWS\WinSxS\amd64_microsoft.windows.common-controls_6595b64144ccf1df_6.0.18362.778_none_e6c6b761130d4fb8\COMCTL32.dll
0x00007ffc61d40000 - 0x00007ffc62076000 	C:\WINDOWS\System32\combase.dll
0x00007ffc60240000 - 0x00007ffc602c0000 	C:\WINDOWS\System32\bcryptPrimitives.dll
0x00007ffc60300000 - 0x00007ffc6032e000 	C:\WINDOWS\System32\IMM32.DLL
0x0000000069c70000 - 0x0000000069d42000 	C:\Program Files\Java\jdk1.8.0_161\jre\bin\msvcr100.dll
0x00000000688f0000 - 0x000000006918f000 	C:\Program Files\Java\jdk1.8.0_161\jre\bin\server\jvm.dll
0x00007ffc61890000 - 0x00007ffc61898000 	C:\WINDOWS\System32\PSAPI.DLL
0x00007ffc54a00000 - 0x00007ffc54a09000 	C:\WINDOWS\SYSTEM32\WSOCK32.dll
0x00007ffc614d0000 - 0x00007ffc6153f000 	C:\WINDOWS\System32\WS2_32.dll
0x00007ffc53e10000 - 0x00007ffc53e34000 	C:\WINDOWS\SYSTEM32\WINMM.dll
0x00007ffc5a560000 - 0x00007ffc5a56a000 	C:\WINDOWS\SYSTEM32\VERSION.dll
0x00007ffc53de0000 - 0x00007ffc53e0d000 	C:\WINDOWS\SYSTEM32\WINMMBASE.dll
0x00007ffc5fe40000 - 0x00007ffc5fe8a000 	C:\WINDOWS\System32\cfgmgr32.dll
0x0000000069c60000 - 0x0000000069c6f000 	C:\Program Files\Java\jdk1.8.0_161\jre\bin\verify.dll
0x0000000069c30000 - 0x0000000069c59000 	C:\Program Files\Java\jdk1.8.0_161\jre\bin\java.dll
0x0000000069bf0000 - 0x0000000069c25000 	C:\Program Files\Java\jdk1.8.0_161\jre\bin\jdwp.dll
0x0000000069be0000 - 0x0000000069be8000 	C:\Program Files\Java\jdk1.8.0_161\jre\bin\npt.dll
0x00000000688c0000 - 0x00000000688e3000 	C:\Program Files\Java\jdk1.8.0_161\jre\bin\instrument.dll
0x00000000688a0000 - 0x00000000688b6000 	C:\Program Files\Java\jdk1.8.0_161\jre\bin\zip.dll
0x00007ffc60de0000 - 0x00007ffc614c5000 	C:\WINDOWS\System32\SHELL32.dll
0x00007ffc617e0000 - 0x00007ffc61889000 	C:\WINDOWS\System32\shcore.dll
0x00007ffc5f1d0000 - 0x00007ffc5f950000 	C:\WINDOWS\System32\windows.storage.dll
0x00007ffc5f1a0000 - 0x00007ffc5f1c3000 	C:\WINDOWS\System32\profapi.dll
0x00007ffc5f110000 - 0x00007ffc5f15a000 	C:\WINDOWS\System32\powrprof.dll
0x00007ffc5f100000 - 0x00007ffc5f110000 	C:\WINDOWS\System32\UMPDC.dll
0x00007ffc60d80000 - 0x00007ffc60dd2000 	C:\WINDOWS\System32\shlwapi.dll
0x00007ffc5f160000 - 0x00007ffc5f171000 	C:\WINDOWS\System32\kernel.appcore.dll
0x00007ffc5f950000 - 0x00007ffc5f967000 	C:\WINDOWS\System32\cryptsp.dll
0x0000000069bd0000 - 0x0000000069bd9000 	C:\Program Files\Java\jdk1.8.0_161\jre\bin\dt_socket.dll
0x00007ffc56a60000 - 0x00007ffc56a76000 	C:\WINDOWS\system32\napinsp.dll
0x00007ffc49b90000 - 0x00007ffc49baa000 	C:\WINDOWS\system32\pnrpnsp.dll
0x00007ffc5e910000 - 0x00007ffc5e977000 	C:\WINDOWS\System32\mswsock.dll
0x00007ffc5e660000 - 0x00007ffc5e72a000 	C:\WINDOWS\SYSTEM32\DNSAPI.dll
0x00007ffc602f0000 - 0x00007ffc602f8000 	C:\WINDOWS\System32\NSI.dll
0x00007ffc5e620000 - 0x00007ffc5e65a000 	C:\WINDOWS\SYSTEM32\IPHLPAPI.DLL
0x00007ffc49a00000 - 0x00007ffc49a0e000 	C:\WINDOWS\System32\winrnr.dll
0x00007ffc5b110000 - 0x00007ffc5b12c000 	C:\WINDOWS\system32\NLAapi.dll
0x00007ffc3c130000 - 0x00007ffc3c145000 	C:\WINDOWS\system32\wshbth.dll
0x00007ffc576d0000 - 0x00007ffc57747000 	C:\WINDOWS\System32\fwpuclnt.dll
0x00007ffc5fb10000 - 0x00007ffc5fb36000 	C:\WINDOWS\System32\bcrypt.dll
0x00007ffc55c00000 - 0x00007ffc55c0a000 	C:\Windows\System32\rasadhlp.dll
0x00007ffc5e480000 - 0x00007ffc5e4b3000 	C:\WINDOWS\system32\rsaenh.dll
0x00007ffc5eff0000 - 0x00007ffc5f015000 	C:\WINDOWS\SYSTEM32\USERENV.dll
0x00007ffc5eae0000 - 0x00007ffc5eaec000 	C:\WINDOWS\SYSTEM32\CRYPTBASE.dll
0x0000000068880000 - 0x000000006889a000 	C:\Program Files\Java\jdk1.8.0_161\jre\bin\net.dll
0x00007ffc57b10000 - 0x00007ffc57b26000 	C:\WINDOWS\SYSTEM32\dhcpcsvc6.DLL
0x00007ffc593c0000 - 0x00007ffc593dc000 	C:\WINDOWS\SYSTEM32\dhcpcsvc.DLL
0x0000000068860000 - 0x0000000068871000 	C:\Program Files\Java\jdk1.8.0_161\jre\bin\nio.dll
0x0000000068500000 - 0x0000000068698000 	C:\Program Files\Java\jdk1.8.0_161\jre\bin\awt.dll
0x00007ffc60390000 - 0x00007ffc60454000 	C:\WINDOWS\System32\OLEAUT32.dll
0x00007ffc5cdb0000 - 0x00007ffc5ce3f000 	C:\WINDOWS\SYSTEM32\apphelp.dll
0x00007ffc5d0e0000 - 0x00007ffc5d179000 	C:\WINDOWS\system32\uxtheme.dll
0x00007ffc619d0000 - 0x00007ffc61b06000 	C:\WINDOWS\System32\MSCTF.dll
0x00007ffc607b0000 - 0x00007ffc60907000 	C:\WINDOWS\System32\ole32.dll
0x00007ffc5d6d0000 - 0x00007ffc5d6fd000 	C:\WINDOWS\system32\DWMAPI.DLL
0x00007ffc4f860000 - 0x00007ffc4f9b6000 	C:\WINDOWS\system32\opengl32.dll
0x00007ffc58810000 - 0x00007ffc5883c000 	C:\WINDOWS\SYSTEM32\GLU32.dll
0x00007ffc5dd70000 - 0x00007ffc5dd90000 	C:\WINDOWS\SYSTEM32\dxcore.dll
0x0000000068810000 - 0x0000000068857000 	C:\Program Files\Java\jdk1.8.0_161\jre\bin\fontmanager.dll
0x00007ffc61620000 - 0x00007ffc616c2000 	C:\WINDOWS\System32\clbcatq.dll
0x00007ffc52480000 - 0x00007ffc5262f000 	C:\WINDOWS\SYSTEM32\WindowsCodecs.dll
0x00007ffc53e50000 - 0x00007ffc53e8a000 	C:\WINDOWS\system32\dataexchange.dll
0x00007ffc5bdf0000 - 0x00007ffc5c04b000 	C:\WINDOWS\system32\d3d11.dll
0x00007ffc5c590000 - 0x00007ffc5c76c000 	C:\WINDOWS\system32\dcomp.dll
0x00007ffc5de00000 - 0x00007ffc5deeb000 	C:\WINDOWS\system32\dxgi.dll
0x00007ffc5d180000 - 0x00007ffc5d3da000 	C:\WINDOWS\system32\twinapi.appcore.dll
0x00007ffc5d5e0000 - 0x00007ffc5d609000 	C:\WINDOWS\system32\RMCLIENT.dll
0x00000000687c0000 - 0x0000000068802000 	C:\Program Files\Java\jdk1.8.0_161\jre\bin\t2k.dll
0x00007ffc52a60000 - 0x00007ffc52afe000 	C:\WINDOWS\System32\TextInputFramework.dll
0x00007ffc52c60000 - 0x00007ffc52f8a000 	C:\WINDOWS\System32\CoreUIComponents.dll
0x00007ffc5c4b0000 - 0x00007ffc5c584000 	C:\WINDOWS\System32\CoreMessaging.dll
0x00007ffc5e160000 - 0x00007ffc5e191000 	C:\WINDOWS\SYSTEM32\ntmarta.dll
0x00007ffc5a850000 - 0x00007ffc5a9a3000 	C:\WINDOWS\SYSTEM32\wintypes.dll
0x00007ffc53870000 - 0x00007ffc53b16000 	C:\WINDOWS\System32\iertutil.dll
0x00007ffc4f7b0000 - 0x00007ffc4f7e8000 	C:\Program Files\Java\jdk1.8.0_161\jre\bin\jacob-1.18-x64.dll
0x00007ffc2c1a0000 - 0x00007ffc2c31f000 	C:\WINDOWS\System32\Speech\Common\sapi.dll
0x00007ffc5fc90000 - 0x00007ffc5fcec000 	C:\WINDOWS\System32\WINTRUST.dll
0x00007ffc5f180000 - 0x00007ffc5f192000 	C:\WINDOWS\System32\MSASN1.dll
0x00007ffc5fcf0000 - 0x00007ffc5fe39000 	C:\WINDOWS\System32\CRYPT32.dll
0x00007ffc5a730000 - 0x00007ffc5a74c000 	C:\WINDOWS\SYSTEM32\MSACM32.dll
0x00007ffc59910000 - 0x00007ffc5991b000 	C:\WINDOWS\SYSTEM32\msdmo.dll
0x00007ffc57a60000 - 0x00007ffc57ad2000 	C:\WINDOWS\System32\MMDevApi.dll
0x00007ffc5ef20000 - 0x00007ffc5ef4a000 	C:\WINDOWS\System32\DEVOBJ.dll
0x00007ffc5ef50000 - 0x00007ffc5efed000 	C:\WINDOWS\SYSTEM32\sxs.dll
0x00007ffc2bf90000 - 0x00007ffc2c191000 	C:\Windows\System32\speech_onecore\engines\tts\MSTTSEngine_OneCore.dll
0x00007ffc59b10000 - 0x00007ffc59b9a000 	C:\WINDOWS\SYSTEM32\msvcp110_win.dll
0x00007ffc2d620000 - 0x00007ffc2db03000 	C:\WINDOWS\System32\Speech_OneCore\Common\sapi_onecore.dll
0x00007ffc57b50000 - 0x00007ffc57cad000 	C:\WINDOWS\SYSTEM32\AudioSes.DLL
0x00007ffc5f020000 - 0x00007ffc5f04f000 	C:\WINDOWS\SYSTEM32\SspiCli.dll
0x00007ffc53fb0000 - 0x00007ffc54185000 	C:\WINDOWS\SYSTEM32\urlmon.dll
0x00007ffc5cae0000 - 0x00007ffc5cbcf000 	C:\WINDOWS\SYSTEM32\PROPSYS.dll
0x00007ffc56680000 - 0x00007ffc56770000 	C:\WINDOWS\SYSTEM32\WINHTTP.dll
0x00007ffc58210000 - 0x00007ffc582ee000 	C:\Windows\System32\Windows.ApplicationModel.dll
0x00007ffc4f6f0000 - 0x00007ffc4f7af000 	C:\Windows\System32\speech_onecore\engines\tts\MSTTSLoc_OneCore.DLL
0x00007ffc5b610000 - 0x00007ffc5b6c5000 	C:\WINDOWS\system32\MSWB70804.dll
0x00000000637c0000 - 0x00000000637ca000 	C:\Users\Lenovo\AppData\Local\Temp\jogamp.tmp.cache_000000\jln4415652804681383889\jln3125976585418566821\gluegen-rt.dll
0x00000000687b0000 - 0x00000000687b7000 	C:\Program Files\Java\jdk1.8.0_161\jre\bin\jawt.dll
0x000000006a440000 - 0x000000006a44b000 	C:\Users\Lenovo\AppData\Local\Temp\jogamp.tmp.cache_000000\jln4415652804681383889\jln3125976585418566821\nativewindow_awt.dll
0x000000006c100000 - 0x000000006c10b000 	C:\Users\Lenovo\AppData\Local\Temp\jogamp.tmp.cache_000000\jln4415652804681383889\jln3125976585418566821\nativewindow_win32.dll
0x0000000064500000 - 0x000000006458d000 	C:\Users\Lenovo\AppData\Local\Temp\jogamp.tmp.cache_000000\jln4415652804681383889\jln3125976585418566821\jogl_desktop.dll
0x00007ffc1c6b0000 - 0x00007ffc1d5b9000 	C:\WINDOWS\System32\DriverStore\FileRepository\iigd_dch.inf_amd64_3c82703a0fbed0ab\ig9icd64.dll
0x00007ffc58930000 - 0x00007ffc58ad0000 	C:\WINDOWS\System32\DriverStore\FileRepository\iigd_dch.inf_amd64_3c82703a0fbed0ab\igdgmm64.dll
0x00007ffc30e30000 - 0x00007ffc3322c000 	C:\WINDOWS\System32\DriverStore\FileRepository\iigd_dch.inf_amd64_3c82703a0fbed0ab\igc64.dll
0x00007ffc28ce0000 - 0x00007ffc28dcf000 	C:\Users\Lenovo\.javacpp\cache\opencv-3.1.0-1.3-windows-x86_64.jar\org\bytedeco\javacpp\windows-x86_64\msvcr120.dll
0x00007ffc4c6a0000 - 0x00007ffc4c746000 	C:\Users\Lenovo\.javacpp\cache\opencv-3.1.0-1.3-windows-x86_64.jar\org\bytedeco\javacpp\windows-x86_64\msvcp120.dll
0x00007ffc28a60000 - 0x00007ffc28cda000 	C:\Users\Lenovo\.javacpp\cache\opencv-3.1.0-1.3-windows-x86_64.jar\org\bytedeco\javacpp\windows-x86_64\opencv_core310.dll
0x0000000068770000 - 0x00000000687a1000 	C:\Program Files\Java\jdk1.8.0_161\jre\bin\jpeg.dll
0x00007ffc28710000 - 0x00007ffc28a52000 	C:\Users\Lenovo\.javacpp\cache\opencv-3.1.0-1.3-windows-x86_64.jar\org\bytedeco\javacpp\windows-x86_64\opencv_imgproc310.dll
0x00007ffc284e0000 - 0x00007ffc28707000 	C:\Users\Lenovo\.javacpp\cache\opencv-3.1.0-1.3-windows-x86_64.jar\org\bytedeco\javacpp\windows-x86_64\jniopencv_core.dll
0x00007ffc28350000 - 0x00007ffc2843d000 	C:\Users\Lenovo\.javacpp\cache\opencv-3.1.0-1.3-windows-x86_64.jar\org\bytedeco\javacpp\windows-x86_64\jniopencv_imgproc.dll
0x00007ffc28080000 - 0x00007ffc28349000 	C:\Users\Lenovo\.javacpp\cache\opencv-3.1.0-1.3-windows-x86_64.jar\org\bytedeco\javacpp\windows-x86_64\opencv_imgcodecs310.dll
0x00007ffc4ef30000 - 0x00007ffc4ef55000 	C:\Users\Lenovo\.javacpp\cache\opencv-3.1.0-1.3-windows-x86_64.jar\org\bytedeco\javacpp\windows-x86_64\jniopencv_imgcodecs.dll
0x00007ffc488a0000 - 0x00007ffc488f3000 	C:\Users\Lenovo\.javacpp\cache\opencv-3.1.0-1.3-windows-x86_64.jar\org\bytedeco\javacpp\windows-x86_64\opencv_videoio310.dll

VM Arguments:
jvm_args: -agentlib:jdwp=transport=dt_socket,suspend=y,address=localhost:50164 -javaagent:D:\Users\Lenovo\eclipse\jee-2019-03\eclipse\configuration\org.eclipse.osgi\409\0\.cp\lib\javaagent-shaded.jar -Dfile.encoding=GBK 
java_command: ME.sample.Frame
java_class_path (initial): D:\Users\Lenovo\eclipse-workspace\DETA_YLJ1.5.9\target\classes;D:\Users\Lenovo\eclipse-workspace\DETA_YLJ1.5.9\lib\bssm.jar;D:\Users\Lenovo\eclipse-workspace\DETA_YLJ1.5.9\lib\commons-math-2.1.jar;D:\Users\Lenovo\eclipse-workspace\DETA_YLJ1.5.9\lib\commons-math3-3.0.jar;D:\Users\Lenovo\eclipse-workspace\DETA_YLJ1.5.9\lib\customizer.jar;D:\Users\Lenovo\eclipse-workspace\DETA_YLJ1.5.9\lib\ffmpeg-3.2.1-1.3-windows-x86_64.jar;D:\Users\Lenovo\eclipse-workspace\DETA_YLJ1.5.9\lib\ffmpeg-platform-3.2.1-1.3.jar;D:\Users\Lenovo\eclipse-workspace\DETA_YLJ1.5.9\lib;D:\Users\Lenovo\eclipse-workspace\DETA_YLJ1.5.9\lib\flandmark-1.07-1.3.jar;D:\Users\Lenovo\eclipse-workspace\DETA_YLJ1.5.9\lib\flandmark-platform-1.07-1.3.jar;D:\Users\Lenovo\eclipse-workspace\DETA_YLJ1.5.9\lib\flycapture-2.9.3.43-1.3-windows-x86_64.jar;D:\Users\Lenovo\eclipse-workspace\DETA_YLJ1.5.9\lib\flycapture-2.9.3.43-1.3.jar;D:\Users\Lenovo\eclipse-workspace\DETA_YLJ1.5.9\lib\flycapture-platform-2.9.3.43-1.3.jar;D:\Users\Lenovo\eclipse-workspace\DETA_YLJ1.5.9\lib\gluegen-rt.jar;D:\Users\Lenovo\eclipse-workspace\DETA_YLJ1.5.9\lib\gluegen.jar;D:\Users\Lenovo\eclipse-workspace\DETA_YLJ1.5.9\lib\gnujaxp.jar;D:\Users\Lenovo\eclipse-workspace\DETA_YLJ1.5.9\lib\icam.jar;D:\Users\Lenovo\eclipse-workspace\DETA_YLJ1.5.9\lib\iText-2.1.5.jar;D:\Users\Lenovo\eclipse-workspace\DETA_YLJ1.5.9\lib\javabuilder.jar;D:\Users\Lenovo\eclipse-workspace\DETA_YLJ1.5.9\lib\javacpp-1.3.jar;D:\Users\Lenovo\eclipse-workspace\DETA_YLJ1.5.9\lib\javacv-platform-1.3.jar;D:\Users\Lenovo\eclipse-workspace\DETA_YLJ1.5.9\lib\jcommon-1.0.16.jar;D:\Users\Lenovo\eclipse-workspace\DETA_YLJ1.5.9\lib\jfreechart-1.0.13-experimental.jar;D:\Users\Lenovo\eclipse-workspace\DETA_YLJ1.5.9\lib\jfreechart-1.0.13-swt.jar;D:\Users\Lenovo\eclipse-workspace\DETA_YLJ1.5.9\lib\jfreechart-1.0.13.jar;D:\Users\Lenovo\eclipse-workspace\DETA_YLJ1.5.9\lib\jmf.jar;D:\Users\Lenovo\eclipse-workspace\DETA_YLJ1.5.9\lib\jogl.all.jar;D:\Users\Lenovo\e
Launcher Type: SUN_STANDARD

Environment Variables:
PATH=C:\Program Files\Java\jdk1.8.0_161\jre\bin;C:/Program Files/Java/jre1.8.0_161/bin/server;C:/Program Files/Java/jre1.8.0_161/bin;C:/Program Files/Java/jre1.8.0_161/lib/amd64;C:\ProgramData\Oracle\Java\javapath;C:\Program Files (x86)\Intel\Intel(R) Management Engine Components\iCLS\;C:\Program Files\Intel\Intel(R) Management Engine Components\iCLS\;C:\Windows\system32;C:\Windows;C:\Windows\System32\Wbem;C:\Windows\System32\WindowsPowerShell\v1.0\;C:\Windows\System32\OpenSSH\;C:\Program Files (x86)\Intel\Intel(R) Management Engine Components\DAL;C:\Program Files\Intel\Intel(R) Management Engine Components\DAL;C:\Program Files (x86)\Intel\Intel(R) Management Engine Components\IPT;C:\Program Files\Intel\Intel(R) Management Engine Components\IPT;C:\Program Files (x86)\NVIDIA Corporation\PhysX\Common;C:\Program Files\Java\jdk1.8.0_161\bin;C:\Program Files\Java\jre1.8.0_161\bin;C:\Program Files\NVIDIA Corporation\NVIDIA NvDLISR;C:\WINDOWS\system32;C:\WINDOWS;C:\WINDOWS\System32\Wbem;C:\WINDOWS\System32\WindowsPowerShell\v1.0\;C:\WINDOWS\System32\OpenSSH\;D:\jdk\64\6.1.9\bin;D:\jdk\64\6.1.9;C:\Users\Lenovo\AppData\Local\Microsoft\WindowsApps;;C:\Users\Lenovo\Desktop\ZHUOMIAN;
USERNAME=Lenovo
OS=Windows_NT
PROCESSOR_IDENTIFIER=Intel64 Family 6 Model 158 Stepping 10, GenuineIntel



---------------  S Y S T E M  ---------------

OS: Windows 10.0 , 64 bit Build 18362 (10.0.18362.778)

CPU:total 8 (initial active 8) (4 cores per cpu, 2 threads per core) family 6 model 158 stepping 10, cmov, cx8, fxsr, mmx, sse, sse2, sse3, ssse3, sse4.1, sse4.2, popcnt, avx, avx2, aes, clmul, erms, 3dnowpref, lzcnt, ht, tsc, tscinvbit, bmi1, bmi2, adx

Memory: 4k page, physical 16648500k(6292676k free), swap 18755400k(2547192k free)

vm_info: Java HotSpot(TM) 64-Bit Server VM (25.161-b12) for windows-amd64 JRE (1.8.0_161-b12), built on Dec 19 2017 17:52:25 by "java_re" with MS VC++ 10.0 (VS2010)

time: Sun Feb 21 23:33:43 2021
elapsed time: 202 seconds (0d 0h 3m 22s)

