#
# A fatal error has been detected by the Java Runtime Environment:
#
#  EXCEPTION_ACCESS_VIOLATION (0xc0000005) at pc=0x00007ffdd8a26ca0, pid=11028, tid=0x0000000000001460
#
# JRE version: Java(TM) SE Runtime Environment (8.0_161-b12) (build 1.8.0_161-b12)
# Java VM: Java HotSpot(TM) 64-Bit Server VM (25.161-b12 mixed mode windows-amd64 compressed oops)
# Problematic frame:
# C  [ig9icd64.dll+0x106ca0]
#
# Failed to write core dump. Minidumps are not enabled by default on client versions of Windows
#
# If you would like to submit a bug report, please visit:
#   http://bugreport.java.com/bugreport/crash.jsp
# The crash happened outside the Java Virtual Machine in native code.
# See problematic frame for where to report the bug.
#

---------------  T H R E A D  ---------------

Current thread (0x000000001fb48800):  JavaThread "AWT-EventQueue-0" [_thread_in_native, id=5216, stack(0x0000000020c80000,0x0000000020d80000)]

siginfo: ExceptionCode=0xc0000005, reading address 0x0000000087f254d0

Registers:
RAX=0x0000000000000013, RBX=0x0000000087f254d0, RCX=0x0000000000000000, RDX=0x0000000000000000
RSP=0x0000000020d7d1d0, RBP=0x0000000000000003, RSI=0x0000000000000050, RDI=0x000000002af69000
R8 =0x0000000000000500, R9 =0x0000000000000002, R10=0x00007ffdd95baab0, R11=0x000000000000002a
R12=0x0000000000000010, R13=0x0000000000000157, R14=0x000000002af69000, R15=0x0000000087f254d0
RIP=0x00007ffdd8a26ca0, EFLAGS=0x0000000000010246

Top of Stack: (sp=0x0000000020d7d1d0)
0x0000000020d7d1d0:   0000000000000002 00007ffe1737c962
0x0000000020d7d1e0:   0000000038a32df0 00007ffe2b1dfb91
0x0000000020d7d1f0:   0000001000000013 0000000000000500
0x0000000020d7d200:   0000000000000000 3f80000000000000
0x0000000020d7d210:   00003d06e7f037c1 00007ffe2b1dfb91
0x0000000020d7d220:   000000002ea05a00 0000000000000007
0x0000000020d7d230:   0000000000000001 000000002af69000
0x0000000020d7d240:   0000000000000001 0000000000000000
0x0000000020d7d250:   0000000000000000 0000000020d7d2c0
0x0000000020d7d260:   0000000000000157 00007ffdd8e24294
0x0000000020d7d270:   000000002ea05a80 0000000000000000
0x0000000020d7d280:   0000000000000040 0000000000000000
0x0000000020d7d290:   0000000000000050 0000000000000014
0x0000000020d7d2a0:   0000000000000010 0000000000000003
0x0000000020d7d2b0:   0000000000000500 00007ffe73cef0c0
0x0000000020d7d2c0:   0000000020d7d330 00007ffdd8e2a512 

Instructions: (pc=0x00007ffdd8a26ca0)
0x00007ffdd8a26c80:   63 ac 24 d8 00 00 00 4c 63 e6 8b f1 0f 1f 40 00
0x00007ffdd8a26c90:   33 c9 33 d2 0f 1f 40 00 0f 1f 84 00 00 00 00 00
0x00007ffdd8a26ca0:   0f b6 04 1a 66 0f 6e c0 0f 5b c0 f3 0f 5e c5 48
0x00007ffdd8a26cb0:   85 d2 75 04 33 c0 eb 16 48 83 fa 01 75 04 8b c2 


Register to memory mapping:

RAX=0x0000000000000013 is an unknown value
RBX=0x0000000087f254d0 is an unknown value
RCX=0x0000000000000000 is an unknown value
RDX=0x0000000000000000 is an unknown value
RSP=0x0000000020d7d1d0 is pointing into the stack for thread: 0x000000001fb48800
RBP=0x0000000000000003 is an unknown value
RSI=0x0000000000000050 is an unknown value
RDI=0x000000002af69000 is an unknown value
R8 =0x0000000000000500 is an unknown value
R9 =0x0000000000000002 is an unknown value
R10=0x00007ffdd95baab0 is an unknown value
R11=0x000000000000002a is an unknown value
R12=0x0000000000000010 is an unknown value
R13=0x0000000000000157 is an unknown value
R14=0x000000002af69000 is an unknown value
R15=0x0000000087f254d0 is an unknown value


Stack: [0x0000000020c80000,0x0000000020d80000],  sp=0x0000000020d7d1d0,  free space=1012k
Native frames: (J=compiled Java code, j=interpreted, Vv=VM code, C=native code)
C  [ig9icd64.dll+0x106ca0]
C  [ig9icd64.dll+0x504294]
C  [ig9icd64.dll+0x50a512]
C  [ig9icd64.dll+0x4bd8fd]
C  [ig9icd64.dll+0x4c3281]
C  [ig9icd64.dll+0x9e02c1]
C  [ig9icd64.dll+0x96a1b6]
C  [opengl32.dll+0x31e95]
C  0x00000000040b34fa

Java frames: (J=compiled Java code, j=interpreted, Vv=VM code)
J 5498  jogamp.opengl.gl4.GL4bcImpl.dispatch_glDrawPixels1(IIIILjava/lang/Object;IZJ)V (0 bytes) @ 0x00000000040b347c [0x00000000040b3400+0x7c]
J 5835 C2 jogamp.opengl.gl4.GL4bcImpl.glDrawPixels(IIIILjava/nio/Buffer;)V (109 bytes) @ 0x0000000003f724d4 [0x0000000003f72340+0x194]
J 6024 C2 biProcessor.coAuthorForWord.drawWords([II[DFIILjava/util/Map;Ljava/util/Map;)V (1493 bytes) @ 0x0000000003f52258 [0x0000000003f516c0+0xb98]
J 6024 C2 biProcessor.coAuthorForWord.drawWords([II[DFIILjava/util/Map;Ljava/util/Map;)V (1493 bytes) @ 0x0000000003f56960 [0x0000000003f516c0+0x52a0]
J 4416 C1 biProcessor.coAuthorForWord.display(Ljavax/media/opengl/GLAutoDrawable;)V (248 bytes) @ 0x0000000003d39b84 [0x0000000003d38c40+0xf44]
J 4415 C1 jogamp.opengl.GLDrawableHelper.displayImpl(Ljavax/media/opengl/GLAutoDrawable;)V (69 bytes) @ 0x0000000003d334ac [0x0000000003d33040+0x46c]
J 4314 C1 javax.media.opengl.awt.GLCanvas$6.run()V (122 bytes) @ 0x0000000003cf6c64 [0x0000000003cf67e0+0x484]
J 4449 C1 jogamp.opengl.GLDrawableHelper.invokeGLImpl(Ljavax/media/opengl/GLDrawable;Ljavax/media/opengl/GLContext;Ljava/lang/Runnable;Ljava/lang/Runnable;Ljavax/media/opengl/GLAutoDrawable;)V (414 bytes) @ 0x0000000003d5299c [0x0000000003d51ca0+0xcfc]
J 4448 C1 jogamp.opengl.GLDrawableHelper.invokeGL(Ljavax/media/opengl/GLDrawable;Ljavax/media/opengl/GLContext;Ljava/lang/Runnable;Ljava/lang/Runnable;)V (89 bytes) @ 0x0000000003d4f74c [0x0000000003d4f680+0xcc]
J 4414 C1 javax.media.opengl.awt.GLCanvas$8.run()V (39 bytes) @ 0x0000000003d386ac [0x0000000003d38500+0x1ac]
J 4763 C2 java.awt.EventQueue$3.run()Ljava/lang/Object; (5 bytes) @ 0x00000000038d34a8 [0x00000000038d3180+0x328]
v  ~StubRoutines::call_stub
J 515  java.security.AccessController.doPrivileged(Ljava/security/PrivilegedAction;Ljava/security/AccessControlContext;)Ljava/lang/Object; (0 bytes) @ 0x00000000032d7ca6 [0x00000000032d7c40+0x66]
J 4742 C2 java.awt.EventQueue.dispatchEvent(Ljava/awt/AWTEvent;)V (80 bytes) @ 0x00000000038edc08 [0x00000000038ed880+0x388]
J 4746 C2 java.awt.EventDispatchThread.pumpOneEventForFilters(I)V (295 bytes) @ 0x0000000003dce610 [0x0000000003dcd520+0x10f0]
j  java.awt.EventDispatchThread.pumpEventsForFilter(ILjava/awt/Conditional;Ljava/awt/EventFilter;)V+35
j  java.awt.EventDispatchThread.pumpEventsForHierarchy(ILjava/awt/Conditional;Ljava/awt/Component;)V+11
j  java.awt.EventDispatchThread.pumpEvents(ILjava/awt/Conditional;)V+4
j  java.awt.EventDispatchThread.pumpEvents(Ljava/awt/Conditional;)V+3
j  java.awt.EventDispatchThread.run()V+9
v  ~StubRoutines::call_stub

---------------  P R O C E S S  ---------------

Java Threads: ( => current thread )
  0x0000000021166800 JavaThread "Image Fetcher 0" daemon [_thread_blocked, id=4476, stack(0x0000000034d30000,0x0000000034e30000)]
  0x000000002116b800 JavaThread "Thread-39" [_thread_blocked, id=4596, stack(0x000000002ecf0000,0x000000002edf0000)]
  0x000000002116e000 JavaThread "Thread-38" [_thread_blocked, id=4352, stack(0x000000002ebf0000,0x000000002ecf0000)]
  0x000000002116d000 JavaThread "Timer-0" [_thread_blocked, id=7704, stack(0x00000000322e0000,0x00000000323e0000)]
  0x0000000021165800 JavaThread "DestroyJavaVM" [_thread_blocked, id=3940, stack(0x0000000002a70000,0x0000000002b70000)]
  0x000000002116a000 JavaThread "JavaCPP Deallocator" daemon [_thread_blocked, id=1564, stack(0x000000002dff0000,0x000000002e0f0000)]
  0x000000001e9fa800 JavaThread "Thread-14" [_thread_in_vm, id=6396, stack(0x0000000024bf0000,0x0000000024cf0000)]
  0x000000001e9f6800 JavaThread "Thread-6-SharedResourceRunner" daemon [_thread_blocked, id=11880, stack(0x0000000024af0000,0x0000000024bf0000)]
  0x0000000021396000 JavaThread "Thread-10" [_thread_in_native, id=8548, stack(0x00000000246f0000,0x00000000247f0000)]
  0x0000000023846800 JavaThread "Thread-9" [_thread_in_native, id=11360, stack(0x0000000023290000,0x0000000023390000)]
  0x0000000021b0d000 JavaThread "Thread-2" [_thread_in_native, id=13160, stack(0x0000000023190000,0x0000000023290000)]
=>0x000000001fb48800 JavaThread "AWT-EventQueue-0" [_thread_in_native, id=5216, stack(0x0000000020c80000,0x0000000020d80000)]
  0x00000000212d8800 JavaThread "AWT-Shutdown" [_thread_blocked, id=12172, stack(0x0000000020100000,0x0000000020200000)]
  0x000000001fb49800 JavaThread "AWT-Windows" daemon [_thread_in_native, id=9864, stack(0x0000000020200000,0x0000000020300000)]
  0x000000001eba1000 JavaThread "Java2D Disposer" daemon [_thread_blocked, id=832, stack(0x0000000020000000,0x0000000020100000)]
  0x000000001fb44800 JavaThread "TimerQueue" daemon [_thread_blocked, id=556, stack(0x000000001ff00000,0x0000000020000000)]
  0x000000001ea47000 JavaThread "Service Thread" daemon [_thread_blocked, id=12972, stack(0x000000001f450000,0x000000001f550000)]
  0x000000001e9f8000 JavaThread "C1 CompilerThread3" daemon [_thread_blocked, id=2680, stack(0x000000001f350000,0x000000001f450000)]
  0x000000001e9f7800 JavaThread "C2 CompilerThread2" daemon [_thread_blocked, id=7708, stack(0x000000001f250000,0x000000001f350000)]
  0x000000001e9ee800 JavaThread "C2 CompilerThread1" daemon [_thread_blocked, id=12836, stack(0x000000001f150000,0x000000001f250000)]
  0x000000001e9e9800 JavaThread "C2 CompilerThread0" daemon [_thread_blocked, id=4768, stack(0x000000001f050000,0x000000001f150000)]
  0x000000001e9e0000 JavaThread "Attach Listener" daemon [_thread_blocked, id=1332, stack(0x000000001ef50000,0x000000001f050000)]
  0x000000001e98c800 JavaThread "Signal Dispatcher" daemon [_thread_blocked, id=10388, stack(0x000000001ee50000,0x000000001ef50000)]
  0x000000001e970800 JavaThread "Finalizer" daemon [_thread_blocked, id=6852, stack(0x000000001ed50000,0x000000001ee50000)]
  0x000000001ca8d800 JavaThread "Reference Handler" daemon [_thread_blocked, id=4296, stack(0x000000001e850000,0x000000001e950000)]

Other Threads:
  0x000000001ca88800 VMThread [stack: 0x000000001e750000,0x000000001e850000] [id=11808]
  0x000000001ea4c000 WatcherThread [stack: 0x000000001f550000,0x000000001f650000] [id=12412]

VM state:not at safepoint (normal execution)

VM Mutex/Monitor currently owned by a thread: None

Heap:
 PSYoungGen      total 1339904K, used 383803K [0x000000076b500000, 0x00000007bee80000, 0x00000007c0000000)
  eden space 1313792K, 28% used [0x000000076b500000,0x00000007825aeb38,0x00000007bb800000)
  from space 26112K, 24% used [0x00000007bb800000,0x00000007bbe20160,0x00000007bd180000)
  to   space 26624K, 0% used [0x00000007bd480000,0x00000007bd480000,0x00000007bee80000)
 ParOldGen       total 540160K, used 464243K [0x00000006c1e00000, 0x00000006e2d80000, 0x000000076b500000)
  object space 540160K, 85% used [0x00000006c1e00000,0x00000006de35cd10,0x00000006e2d80000)
 Metaspace       used 29408K, capacity 29728K, committed 30080K, reserved 1075200K
  class space    used 3813K, capacity 3900K, committed 3968K, reserved 1048576K

Card table byte_map: [0x0000000012440000,0x0000000012c40000] byte_map_base: 0x000000000ee31000

Marking Bits: (ParMarkBitMap*) 0x000000007456f860
 Begin Bits: [0x0000000013990000, 0x0000000017918000)
 End Bits:   [0x0000000017918000, 0x000000001b8a0000)

Polling page: 0x0000000001070000

CodeCache: size=245760Kb used=20350Kb max_used=20550Kb free=225409Kb
 bounds [0x0000000003080000, 0x00000000044c0000, 0x0000000012080000]
 total_blobs=5622 nmethods=4688 adapters=843
 compilation: enabled

Compilation events (10 events):
Event: 263.517 Thread 0x000000001e9ee800 nmethod 6046 0x0000000003ca1310 code [0x0000000003ca1460, 0x0000000003ca1508]
Event: 263.517 Thread 0x000000001e9e9800 nmethod 6045 0x000000000413c6d0 code [0x000000000413c820, 0x000000000413c918]
Event: 263.517 Thread 0x000000001e9f8000 nmethod 6047 0x0000000003d5ef50 code [0x0000000003d5f1e0, 0x0000000003d609d8]
Event: 263.518 Thread 0x000000001e9ee800 6048       4       javax.swing.text.Utilities::getTabbedTextOffset (449 bytes)
Event: 263.518 Thread 0x000000001e9e9800 6049       4       javax.swing.text.BoxView::layout (15 bytes)
Event: 263.519 Thread 0x000000001e9f8000 6050       1       javax.swing.text.DefaultCaret::getMagicCaretPosition (5 bytes)
Event: 263.519 Thread 0x000000001e9f8000 nmethod 6050 0x000000000416bb50 code [0x000000000416bca0, 0x000000000416bdb0]
Event: 263.519 Thread 0x000000001e9e9800 nmethod 6049 0x0000000003d02710 code [0x0000000003d02860, 0x0000000003d02918]
Event: 263.519 Thread 0x000000001e9f7800 nmethod 6044 0x0000000003698990 code [0x0000000003698b20, 0x0000000003699538]
Event: 263.520 Thread 0x000000001e9ee800 nmethod 6048 0x0000000003d5b8d0 code [0x0000000003d5ba20, 0x0000000003d5bd18]

GC Heap History (10 events):
Event: 255.538 GC heap before
{Heap before GC invocations=157 (full 4):
 PSYoungGen      total 1334272K, used 1324798K [0x000000076b500000, 0x00000007be800000, 0x00000007c0000000)
  eden space 1308672K, 100% used [0x000000076b500000,0x00000007bb300000,0x00000007bb300000)
  from space 25600K, 62% used [0x00000007bcf00000,0x00000007bdebf928,0x00000007be800000)
  to   space 27136K, 0% used [0x00000007bb300000,0x00000007bb300000,0x00000007bcd80000)
 ParOldGen       total 540160K, used 448624K [0x00000006c1e00000, 0x00000006e2d80000, 0x000000076b500000)
  object space 540160K, 83% used [0x00000006c1e00000,0x00000006dd41c3e0,0x00000006e2d80000)
 Metaspace       used 29360K, capacity 29728K, committed 30080K, reserved 1075200K
  class space    used 3813K, capacity 3900K, committed 3968K, reserved 1048576K
Event: 255.544 GC heap after
Heap after GC invocations=157 (full 4):
 PSYoungGen      total 1335808K, used 11467K [0x000000076b500000, 0x00000007bea80000, 0x00000007c0000000)
  eden space 1308672K, 0% used [0x000000076b500000,0x000000076b500000,0x00000007bb300000)
  from space 27136K, 42% used [0x00000007bb300000,0x00000007bbe32e88,0x00000007bcd80000)
  to   space 27136K, 0% used [0x00000007bd000000,0x00000007bd000000,0x00000007bea80000)
 ParOldGen       total 540160K, used 459864K [0x00000006c1e00000, 0x00000006e2d80000, 0x000000076b500000)
  object space 540160K, 85% used [0x00000006c1e00000,0x00000006ddf163c0,0x00000006e2d80000)
 Metaspace       used 29360K, capacity 29728K, committed 30080K, reserved 1075200K
  class space    used 3813K, capacity 3900K, committed 3968K, reserved 1048576K
}
Event: 257.427 GC heap before
{Heap before GC invocations=158 (full 4):
 PSYoungGen      total 1335808K, used 1320139K [0x000000076b500000, 0x00000007bea80000, 0x00000007c0000000)
  eden space 1308672K, 100% used [0x000000076b500000,0x00000007bb300000,0x00000007bb300000)
  from space 27136K, 42% used [0x00000007bb300000,0x00000007bbe32e88,0x00000007bcd80000)
  to   space 27136K, 0% used [0x00000007bd000000,0x00000007bd000000,0x00000007bea80000)
 ParOldGen       total 540160K, used 459864K [0x00000006c1e00000, 0x00000006e2d80000, 0x000000076b500000)
  object space 540160K, 85% used [0x00000006c1e00000,0x00000006ddf163c0,0x00000006e2d80000)
 Metaspace       used 29377K, capacity 29728K, committed 30080K, reserved 1075200K
  class space    used 3813K, capacity 3900K, committed 3968K, reserved 1048576K
Event: 257.432 GC heap after
Heap after GC invocations=158 (full 4):
 PSYoungGen      total 1336320K, used 14596K [0x000000076b500000, 0x00000007be880000, 0x00000007c0000000)
  eden space 1311232K, 0% used [0x000000076b500000,0x000000076b500000,0x00000007bb580000)
  from space 25088K, 58% used [0x00000007bd000000,0x00000007bde41378,0x00000007be880000)
  to   space 26112K, 0% used [0x00000007bb580000,0x00000007bb580000,0x00000007bcf00000)
 ParOldGen       total 540160K, used 459864K [0x00000006c1e00000, 0x00000006e2d80000, 0x000000076b500000)
  object space 540160K, 85% used [0x00000006c1e00000,0x00000006ddf163c0,0x00000006e2d80000)
 Metaspace       used 29377K, capacity 29728K, committed 30080K, reserved 1075200K
  class space    used 3813K, capacity 3900K, committed 3968K, reserved 1048576K
}
Event: 259.388 GC heap before
{Heap before GC invocations=159 (full 4):
 PSYoungGen      total 1336320K, used 1325828K [0x000000076b500000, 0x00000007be880000, 0x00000007c0000000)
  eden space 1311232K, 100% used [0x000000076b500000,0x00000007bb580000,0x00000007bb580000)
  from space 25088K, 58% used [0x00000007bd000000,0x00000007bde41378,0x00000007be880000)
  to   space 26112K, 0% used [0x00000007bb580000,0x00000007bb580000,0x00000007bcf00000)
 ParOldGen       total 540160K, used 459864K [0x00000006c1e00000, 0x00000006e2d80000, 0x000000076b500000)
  object space 540160K, 85% used [0x00000006c1e00000,0x00000006ddf163c0,0x00000006e2d80000)
 Metaspace       used 29377K, capacity 29728K, committed 30080K, reserved 1075200K
  class space    used 3813K, capacity 3900K, committed 3968K, reserved 1048576K
Event: 259.392 GC heap after
Heap after GC invocations=159 (full 4):
 PSYoungGen      total 1337344K, used 4265K [0x000000076b500000, 0x00000007bec00000, 0x00000007c0000000)
  eden space 1311232K, 0% used [0x000000076b500000,0x000000076b500000,0x00000007bb580000)
  from space 26112K, 16% used [0x00000007bb580000,0x00000007bb9aa608,0x00000007bcf00000)
  to   space 26624K, 0% used [0x00000007bd200000,0x00000007bd200000,0x00000007bec00000)
 ParOldGen       total 540160K, used 459952K [0x00000006c1e00000, 0x00000006e2d80000, 0x000000076b500000)
  object space 540160K, 85% used [0x00000006c1e00000,0x00000006ddf2c3c0,0x00000006e2d80000)
 Metaspace       used 29377K, capacity 29728K, committed 30080K, reserved 1075200K
  class space    used 3813K, capacity 3900K, committed 3968K, reserved 1048576K
}
Event: 261.301 GC heap before
{Heap before GC invocations=160 (full 4):
 PSYoungGen      total 1337344K, used 1315497K [0x000000076b500000, 0x00000007bec00000, 0x00000007c0000000)
  eden space 1311232K, 100% used [0x000000076b500000,0x00000007bb580000,0x00000007bb580000)
  from space 26112K, 16% used [0x00000007bb580000,0x00000007bb9aa608,0x00000007bcf00000)
  to   space 26624K, 0% used [0x00000007bd200000,0x00000007bd200000,0x00000007bec00000)
 ParOldGen       total 540160K, used 459952K [0x00000006c1e00000, 0x00000006e2d80000, 0x000000076b500000)
  object space 540160K, 85% used [0x00000006c1e00000,0x00000006ddf2c3c0,0x00000006e2d80000)
 Metaspace       used 29402K, capacity 29728K, committed 30080K, reserved 1075200K
  class space    used 3813K, capacity 3900K, committed 3968K, reserved 1048576K
Event: 261.306 GC heap after
Heap after GC invocations=160 (full 4):
 PSYoungGen      total 1339392K, used 9985K [0x000000076b500000, 0x00000007beb00000, 0x00000007c0000000)
  eden space 1313792K, 0% used [0x000000076b500000,0x000000076b500000,0x00000007bb800000)
  from space 25600K, 39% used [0x00000007bd200000,0x00000007bdbc0558,0x00000007beb00000)
  to   space 26112K, 0% used [0x00000007bb800000,0x00000007bb800000,0x00000007bd180000)
 ParOldGen       total 540160K, used 464039K [0x00000006c1e00000, 0x00000006e2d80000, 0x000000076b500000)
  object space 540160K, 85% used [0x00000006c1e00000,0x00000006de329d00,0x00000006e2d80000)
 Metaspace       used 29402K, capacity 29728K, committed 30080K, reserved 1075200K
  class space    used 3813K, capacity 3900K, committed 3968K, reserved 1048576K
}
Event: 263.129 GC heap before
{Heap before GC invocations=161 (full 4):
 PSYoungGen      total 1339392K, used 1323777K [0x000000076b500000, 0x00000007beb00000, 0x00000007c0000000)
  eden space 1313792K, 100% used [0x000000076b500000,0x00000007bb800000,0x00000007bb800000)
  from space 25600K, 39% used [0x00000007bd200000,0x00000007bdbc0558,0x00000007beb00000)
  to   space 26112K, 0% used [0x00000007bb800000,0x00000007bb800000,0x00000007bd180000)
 ParOldGen       total 540160K, used 464039K [0x00000006c1e00000, 0x00000006e2d80000, 0x000000076b500000)
  object space 540160K, 85% used [0x00000006c1e00000,0x00000006de329d00,0x00000006e2d80000)
 Metaspace       used 29403K, capacity 29728K, committed 30080K, reserved 1075200K
  class space    used 3813K, capacity 3900K, committed 3968K, reserved 1048576K
Event: 263.134 GC heap after
Heap after GC invocations=161 (full 4):
 PSYoungGen      total 1339904K, used 6272K [0x000000076b500000, 0x00000007bee80000, 0x00000007c0000000)
  eden space 1313792K, 0% used [0x000000076b500000,0x000000076b500000,0x00000007bb800000)
  from space 26112K, 24% used [0x00000007bb800000,0x00000007bbe20160,0x00000007bd180000)
  to   space 26624K, 0% used [0x00000007bd480000,0x00000007bd480000,0x00000007bee80000)
 ParOldGen       total 540160K, used 464243K [0x00000006c1e00000, 0x00000006e2d80000, 0x000000076b500000)
  object space 540160K, 85% used [0x00000006c1e00000,0x00000006de35cd10,0x00000006e2d80000)
 Metaspace       used 29403K, capacity 29728K, committed 30080K, reserved 1075200K
  class space    used 3813K, capacity 3900K, committed 3968K, reserved 1048576K
}

Deoptimization events (10 events):
Event: 261.722 Thread 0x000000001fb48800 Uncommon trap: reason=class_check action=maybe_recompile pc=0x0000000003dd5584 method=java.awt.EventQueue.coalesceEvent(Ljava/awt/AWTEvent;I)Z @ 77
Event: 261.722 Thread 0x000000001fb48800 Uncommon trap: reason=class_check action=maybe_recompile pc=0x0000000003f005a8 method=java.awt.LightweightDispatcher.dispatchEvent(Ljava/awt/AWTEvent;)Z @ 44
Event: 261.722 Thread 0x000000001fb48800 Uncommon trap: reason=speculate_class_check action=maybe_recompile pc=0x0000000003f6e7b8 method=java.awt.LightweightDispatcher.retargetMouseEvent(Ljava/awt/Component;ILjava/awt/event/MouseEvent;)V @ 70
Event: 261.723 Thread 0x000000001fb48800 Uncommon trap: reason=unstable_if action=reinterpret pc=0x0000000003bbfb64 method=java.awt.Toolkit$SelectiveAWTEventListener.eventDispatched(Ljava/awt/AWTEvent;)V @ 240
Event: 261.793 Thread 0x000000001fb48800 Uncommon trap: reason=class_check action=maybe_recompile pc=0x0000000003dd55b4 method=java.awt.EventQueue.coalesceEvent(Ljava/awt/AWTEvent;I)Z @ 77
Event: 261.793 Thread 0x000000001fb48800 Uncommon trap: reason=class_check action=maybe_recompile pc=0x0000000003f005a8 method=java.awt.LightweightDispatcher.dispatchEvent(Ljava/awt/AWTEvent;)Z @ 44
Event: 261.793 Thread 0x000000001fb48800 Uncommon trap: reason=speculate_class_check action=maybe_recompile pc=0x0000000003f6e7b8 method=java.awt.LightweightDispatcher.retargetMouseEvent(Ljava/awt/Component;ILjava/awt/event/MouseEvent;)V @ 70
Event: 262.366 Thread 0x000000001fb48800 Uncommon trap: reason=class_check action=maybe_recompile pc=0x0000000003dd55b4 method=java.awt.EventQueue.coalesceEvent(Ljava/awt/AWTEvent;I)Z @ 77
Event: 262.366 Thread 0x000000001fb48800 Uncommon trap: reason=class_check action=maybe_recompile pc=0x0000000003f005a8 method=java.awt.LightweightDispatcher.dispatchEvent(Ljava/awt/AWTEvent;)Z @ 44
Event: 262.366 Thread 0x000000001fb48800 Uncommon trap: reason=speculate_class_check action=maybe_recompile pc=0x0000000003f6e7b8 method=java.awt.LightweightDispatcher.retargetMouseEvent(Ljava/awt/Component;ILjava/awt/event/MouseEvent;)V @ 70

Classes redefined (0 events):
No events

Internal exceptions (10 events):
Event: 233.580 Thread 0x000000001fb48800 Implicit null exception at 0x0000000003c13ea3 to 0x0000000003c1406f
Event: 233.580 Thread 0x000000001fb48800 Exception <a 'java/lang/NullPointerException'> (0x0000000774432b38) thrown at [C:\re\workspace\8-2-build-windows-amd64-cygwin\jdk8u161\10277\hotspot\src\share\vm\runtime\sharedRuntime.cpp, line 605]
Event: 252.484 Thread 0x000000001fb48800 Implicit null exception at 0x0000000003c13ea3 to 0x0000000003c1406f
Event: 252.484 Thread 0x000000001fb48800 Exception <a 'java/lang/NullPointerException'> (0x000000078882f438) thrown at [C:\re\workspace\8-2-build-windows-amd64-cygwin\jdk8u161\10277\hotspot\src\share\vm\runtime\sharedRuntime.cpp, line 605]
Event: 253.142 Thread 0x000000001fb48800 Implicit null exception at 0x0000000003c13ea3 to 0x0000000003c1406f
Event: 253.142 Thread 0x000000001fb48800 Exception <a 'java/lang/NullPointerException'> (0x00000007a5940710) thrown at [C:\re\workspace\8-2-build-windows-amd64-cygwin\jdk8u161\10277\hotspot\src\share\vm\runtime\sharedRuntime.cpp, line 605]
Event: 254.470 Thread 0x000000001fb48800 Implicit null exception at 0x0000000003c13ea3 to 0x0000000003c1406f
Event: 254.470 Thread 0x000000001fb48800 Exception <a 'java/lang/NullPointerException'> (0x000000078d64a108) thrown at [C:\re\workspace\8-2-build-windows-amd64-cygwin\jdk8u161\10277\hotspot\src\share\vm\runtime\sharedRuntime.cpp, line 605]
Event: 255.888 Thread 0x000000001fb48800 Implicit null exception at 0x0000000003c13ea3 to 0x0000000003c1406f
Event: 255.888 Thread 0x000000001fb48800 Exception <a 'java/lang/NullPointerException'> (0x000000077af13de0) thrown at [C:\re\workspace\8-2-build-windows-amd64-cygwin\jdk8u161\10277\hotspot\src\share\vm\runtime\sharedRuntime.cpp, line 605]

Events (10 events):
Event: 262.366 Thread 0x000000001fb48800 Uncommon trap: trap_request=0xffffffde fr.pc=0x0000000003f005a8
Event: 262.366 Thread 0x000000001fb48800 DEOPT PACKING pc=0x0000000003f005a8 sp=0x0000000020d7d600
Event: 262.366 Thread 0x000000001fb48800 DEOPT UNPACKING pc=0x00000000030c583b sp=0x0000000020d7d598 mode 2
Event: 262.366 Thread 0x000000001fb48800 Uncommon trap: trap_request=0xffffff76 fr.pc=0x0000000003f6e7b8
Event: 262.366 Thread 0x000000001fb48800 DEOPT PACKING pc=0x0000000003f6e7b8 sp=0x0000000020d7d410
Event: 262.366 Thread 0x000000001fb48800 DEOPT UNPACKING pc=0x00000000030c583b sp=0x0000000020d7d408 mode 2
Event: 263.129 Executing VM operation: ParallelGCFailedAllocation
Event: 263.134 Executing VM operation: ParallelGCFailedAllocation done
Event: 263.515 Executing VM operation: BulkRevokeBias
Event: 263.515 Executing VM operation: BulkRevokeBias done


Dynamic libraries:
0x00007ff7f31f0000 - 0x00007ff7f3227000 	C:\Program Files\Java\jdk1.8.0_161\jre\bin\javaw.exe
0x00007ffe2b1a0000 - 0x00007ffe2b390000 	C:\WINDOWS\SYSTEM32\ntdll.dll
0x00007ffe237d0000 - 0x00007ffe237e3000 	D:\Program Files\AVAST Software\Avast\aswhook.dll
0x00007ffe2aa50000 - 0x00007ffe2ab02000 	C:\WINDOWS\System32\KERNEL32.DLL
0x00007ffe281e0000 - 0x00007ffe28483000 	C:\WINDOWS\System32\KERNELBASE.dll
0x00007ffe2a750000 - 0x00007ffe2a7f3000 	C:\WINDOWS\System32\ADVAPI32.dll
0x00007ffe29c60000 - 0x00007ffe29cfe000 	C:\WINDOWS\System32\msvcrt.dll
0x00007ffe2ab90000 - 0x00007ffe2ac27000 	C:\WINDOWS\System32\sechost.dll
0x00007ffe29250000 - 0x00007ffe29370000 	C:\WINDOWS\System32\RPCRT4.dll
0x00007ffe2adf0000 - 0x00007ffe2af84000 	C:\WINDOWS\System32\USER32.dll
0x00007ffe29220000 - 0x00007ffe29241000 	C:\WINDOWS\System32\win32u.dll
0x00007ffe2aa20000 - 0x00007ffe2aa46000 	C:\WINDOWS\System32\GDI32.dll
0x00007ffe287b0000 - 0x00007ffe28944000 	C:\WINDOWS\System32\gdi32full.dll
0x00007ffe28610000 - 0x00007ffe286ae000 	C:\WINDOWS\System32\msvcp_win.dll
0x00007ffe286b0000 - 0x00007ffe287aa000 	C:\WINDOWS\System32\ucrtbase.dll
0x00007ffe143a0000 - 0x00007ffe14625000 	C:\WINDOWS\WinSxS\amd64_microsoft.windows.common-controls_6595b64144ccf1df_6.0.18362.778_none_e6c6b761130d4fb8\COMCTL32.dll
0x00007ffe29d90000 - 0x00007ffe2a0c6000 	C:\WINDOWS\System32\combase.dll
0x00007ffe290d0000 - 0x00007ffe29150000 	C:\WINDOWS\System32\bcryptPrimitives.dll
0x00007ffe29d60000 - 0x00007ffe29d8e000 	C:\WINDOWS\System32\IMM32.DLL
0x00000000750d0000 - 0x00000000751a2000 	C:\Program Files\Java\jdk1.8.0_161\jre\bin\msvcr100.dll
0x0000000073d50000 - 0x00000000745ef000 	C:\Program Files\Java\jdk1.8.0_161\jre\bin\server\jvm.dll
0x00007ffe2ade0000 - 0x00007ffe2ade8000 	C:\WINDOWS\System32\PSAPI.DLL
0x00007ffe1dbc0000 - 0x00007ffe1dbc9000 	C:\WINDOWS\SYSTEM32\WSOCK32.dll
0x00007ffe2a950000 - 0x00007ffe2a9bf000 	C:\WINDOWS\System32\WS2_32.dll
0x00007ffe1c900000 - 0x00007ffe1c924000 	C:\WINDOWS\SYSTEM32\WINMM.dll
0x00007ffe22030000 - 0x00007ffe2203a000 	C:\WINDOWS\SYSTEM32\VERSION.dll
0x00007ffe1c8d0000 - 0x00007ffe1c8fd000 	C:\WINDOWS\SYSTEM32\WINMMBASE.dll
0x00007ffe28190000 - 0x00007ffe281da000 	C:\WINDOWS\System32\cfgmgr32.dll
0x00000000750c0000 - 0x00000000750cf000 	C:\Program Files\Java\jdk1.8.0_161\jre\bin\verify.dll
0x0000000075090000 - 0x00000000750b9000 	C:\Program Files\Java\jdk1.8.0_161\jre\bin\java.dll
0x0000000075070000 - 0x0000000075086000 	C:\Program Files\Java\jdk1.8.0_161\jre\bin\zip.dll
0x00007ffe294d0000 - 0x00007ffe29bb5000 	C:\WINDOWS\System32\SHELL32.dll
0x00007ffe2af90000 - 0x00007ffe2b039000 	C:\WINDOWS\System32\shcore.dll
0x00007ffe28950000 - 0x00007ffe290d0000 	C:\WINDOWS\System32\windows.storage.dll
0x00007ffe280b0000 - 0x00007ffe280d3000 	C:\WINDOWS\System32\profapi.dll
0x00007ffe280e0000 - 0x00007ffe2812a000 	C:\WINDOWS\System32\powrprof.dll
0x00007ffe28060000 - 0x00007ffe28070000 	C:\WINDOWS\System32\UMPDC.dll
0x00007ffe29d00000 - 0x00007ffe29d52000 	C:\WINDOWS\System32\shlwapi.dll
0x00007ffe28090000 - 0x00007ffe280a1000 	C:\WINDOWS\System32\kernel.appcore.dll
0x00007ffe29150000 - 0x00007ffe29167000 	C:\WINDOWS\System32\cryptsp.dll
0x00007ffe273e0000 - 0x00007ffe27413000 	C:\WINDOWS\system32\rsaenh.dll
0x00007ffe28490000 - 0x00007ffe284b6000 	C:\WINDOWS\System32\bcrypt.dll
0x00007ffe27f80000 - 0x00007ffe27fa5000 	C:\WINDOWS\SYSTEM32\USERENV.dll
0x00007ffe27aa0000 - 0x00007ffe27aac000 	C:\WINDOWS\SYSTEM32\CRYPTBASE.dll
0x0000000075050000 - 0x000000007506a000 	C:\Program Files\Java\jdk1.8.0_161\jre\bin\net.dll
0x00007ffe278d0000 - 0x00007ffe27937000 	C:\WINDOWS\system32\mswsock.dll
0x00007ffe27580000 - 0x00007ffe275ba000 	C:\WINDOWS\SYSTEM32\IPHLPAPI.DLL
0x00007ffe2a610000 - 0x00007ffe2a618000 	C:\WINDOWS\System32\NSI.dll
0x00007ffe20d90000 - 0x00007ffe20da6000 	C:\WINDOWS\SYSTEM32\dhcpcsvc6.DLL
0x00007ffe21a70000 - 0x00007ffe21a8c000 	C:\WINDOWS\SYSTEM32\dhcpcsvc.DLL
0x00007ffe275c0000 - 0x00007ffe2768a000 	C:\WINDOWS\SYSTEM32\DNSAPI.dll
0x0000000075030000 - 0x0000000075041000 	C:\Program Files\Java\jdk1.8.0_161\jre\bin\nio.dll
0x0000000073bb0000 - 0x0000000073d48000 	C:\Program Files\Java\jdk1.8.0_161\jre\bin\awt.dll
0x00007ffe2a540000 - 0x00007ffe2a604000 	C:\WINDOWS\System32\OLEAUT32.dll
0x00007ffe25eb0000 - 0x00007ffe25f3f000 	C:\WINDOWS\SYSTEM32\apphelp.dll
0x00007ffe26040000 - 0x00007ffe260d9000 	C:\WINDOWS\system32\uxtheme.dll
0x00007ffe2a800000 - 0x00007ffe2a936000 	C:\WINDOWS\System32\MSCTF.dll
0x00007ffe29370000 - 0x00007ffe294c7000 	C:\WINDOWS\System32\ole32.dll
0x00007ffe26570000 - 0x00007ffe2659d000 	C:\WINDOWS\system32\DWMAPI.DLL
0x00007ffe1b820000 - 0x00007ffe1b976000 	C:\WINDOWS\system32\opengl32.dll
0x00007ffe1ede0000 - 0x00007ffe1ee0c000 	C:\WINDOWS\SYSTEM32\GLU32.dll
0x00007ffe26cd0000 - 0x00007ffe26cf0000 	C:\WINDOWS\SYSTEM32\dxcore.dll
0x0000000073b60000 - 0x0000000073ba7000 	C:\Program Files\Java\jdk1.8.0_161\jre\bin\fontmanager.dll
0x00007ffe2b040000 - 0x00007ffe2b0e2000 	C:\WINDOWS\System32\clbcatq.dll
0x00007ffe1ade0000 - 0x00007ffe1af8f000 	C:\WINDOWS\SYSTEM32\WindowsCodecs.dll
0x00007ffe131e0000 - 0x00007ffe1321a000 	C:\WINDOWS\system32\dataexchange.dll
0x00007ffe24e50000 - 0x00007ffe250ab000 	C:\WINDOWS\system32\d3d11.dll
0x00007ffe255f0000 - 0x00007ffe257cc000 	C:\WINDOWS\system32\dcomp.dll
0x00007ffe26d60000 - 0x00007ffe26e4b000 	C:\WINDOWS\system32\dxgi.dll
0x00007ffe26100000 - 0x00007ffe2635a000 	C:\WINDOWS\system32\twinapi.appcore.dll
0x00007ffe26540000 - 0x00007ffe26569000 	C:\WINDOWS\system32\RMCLIENT.dll
0x0000000073b10000 - 0x0000000073b52000 	C:\Program Files\Java\jdk1.8.0_161\jre\bin\t2k.dll
0x00007ffe1b580000 - 0x00007ffe1b61e000 	C:\WINDOWS\System32\TextInputFramework.dll
0x00007ffe1bad0000 - 0x00007ffe1bdfa000 	C:\WINDOWS\System32\CoreUIComponents.dll
0x00007ffe25510000 - 0x00007ffe255e4000 	C:\WINDOWS\System32\CoreMessaging.dll
0x00007ffe270c0000 - 0x00007ffe270f1000 	C:\WINDOWS\SYSTEM32\ntmarta.dll
0x00007ffe23430000 - 0x00007ffe23583000 	C:\WINDOWS\SYSTEM32\wintypes.dll
0x00007ffe1cca0000 - 0x00007ffe1cf46000 	C:\WINDOWS\System32\iertutil.dll
0x00000000637c0000 - 0x00000000637ca000 	C:\Users\Lenovo\AppData\Local\Temp\jogamp.tmp.cache_000000\jln4927330001188880977\jln8277052981615493799\gluegen-rt.dll
0x0000000073b00000 - 0x0000000073b07000 	C:\Program Files\Java\jdk1.8.0_161\jre\bin\jawt.dll
0x000000006a440000 - 0x000000006a44b000 	C:\Users\Lenovo\AppData\Local\Temp\jogamp.tmp.cache_000000\jln4927330001188880977\jln8277052981615493799\nativewindow_awt.dll
0x000000006c100000 - 0x000000006c10b000 	C:\Users\Lenovo\AppData\Local\Temp\jogamp.tmp.cache_000000\jln4927330001188880977\jln8277052981615493799\nativewindow_win32.dll
0x0000000064500000 - 0x000000006458d000 	C:\Users\Lenovo\AppData\Local\Temp\jogamp.tmp.cache_000000\jln4927330001188880977\jln8277052981615493799\jogl_desktop.dll
0x00007ffdd8920000 - 0x00007ffdd9829000 	C:\WINDOWS\System32\DriverStore\FileRepository\iigd_dch.inf_amd64_3c82703a0fbed0ab\ig9icd64.dll
0x00007ffe17220000 - 0x00007ffe173c0000 	C:\WINDOWS\System32\DriverStore\FileRepository\iigd_dch.inf_amd64_3c82703a0fbed0ab\igdgmm64.dll
0x00007ffe14960000 - 0x00007ffe16d5c000 	C:\WINDOWS\System32\DriverStore\FileRepository\iigd_dch.inf_amd64_3c82703a0fbed0ab\igc64.dll
0x00007ffdf0340000 - 0x00007ffdf042f000 	C:\Users\Lenovo\.javacpp\cache\opencv-3.1.0-1.3-windows-x86_64.jar\org\bytedeco\javacpp\windows-x86_64\msvcr120.dll
0x00007ffde7a20000 - 0x00007ffde7ac6000 	C:\Users\Lenovo\.javacpp\cache\opencv-3.1.0-1.3-windows-x86_64.jar\org\bytedeco\javacpp\windows-x86_64\msvcp120.dll
0x00007ffde2820000 - 0x00007ffde2a9a000 	C:\Users\Lenovo\.javacpp\cache\opencv-3.1.0-1.3-windows-x86_64.jar\org\bytedeco\javacpp\windows-x86_64\opencv_core310.dll
0x00007ffde13b0000 - 0x00007ffde16f2000 	C:\Users\Lenovo\.javacpp\cache\opencv-3.1.0-1.3-windows-x86_64.jar\org\bytedeco\javacpp\windows-x86_64\opencv_imgproc310.dll
0x00007ffdd86f0000 - 0x00007ffdd8917000 	C:\Users\Lenovo\.javacpp\cache\opencv-3.1.0-1.3-windows-x86_64.jar\org\bytedeco\javacpp\windows-x86_64\jniopencv_core.dll
0x00007ffde7630000 - 0x00007ffde771d000 	C:\Users\Lenovo\.javacpp\cache\opencv-3.1.0-1.3-windows-x86_64.jar\org\bytedeco\javacpp\windows-x86_64\jniopencv_imgproc.dll
0x00007ffdd8420000 - 0x00007ffdd86e9000 	C:\Users\Lenovo\.javacpp\cache\opencv-3.1.0-1.3-windows-x86_64.jar\org\bytedeco\javacpp\windows-x86_64\opencv_imgcodecs310.dll
0x00007ffe211d0000 - 0x00007ffe211f5000 	C:\Users\Lenovo\.javacpp\cache\opencv-3.1.0-1.3-windows-x86_64.jar\org\bytedeco\javacpp\windows-x86_64\jniopencv_imgcodecs.dll
0x00007ffdf2f70000 - 0x00007ffdf2fc3000 	C:\Users\Lenovo\.javacpp\cache\opencv-3.1.0-1.3-windows-x86_64.jar\org\bytedeco\javacpp\windows-x86_64\opencv_videoio310.dll
0x00007ffe1c6a0000 - 0x00007ffe1c6c9000 	C:\WINDOWS\SYSTEM32\MSVFW32.dll
0x00007ffe129d0000 - 0x00007ffe129f0000 	C:\WINDOWS\SYSTEM32\AVIFIL32.dll
0x00007ffe04840000 - 0x00007ffe04858000 	C:\WINDOWS\SYSTEM32\AVICAP32.dll
0x00007ffe04820000 - 0x00007ffe0483c000 	C:\WINDOWS\SYSTEM32\MSACM32.dll
0x00007ffe00540000 - 0x00007ffe00557000 	C:\Users\Lenovo\.javacpp\cache\opencv-3.1.0-1.3-windows-x86_64.jar\org\bytedeco\javacpp\windows-x86_64\jniopencv_videoio.dll
0x00007ffe00520000 - 0x00007ffe00538000 	C:\Windows\System32\devenum.dll
0x00007ffe2a0d0000 - 0x00007ffe2a540000 	C:\WINDOWS\System32\setupapi.dll
0x00007ffe27e60000 - 0x00007ffe27e8a000 	C:\WINDOWS\SYSTEM32\DEVOBJ.dll
0x00007ffe28130000 - 0x00007ffe2818c000 	C:\WINDOWS\System32\WINTRUST.dll
0x00007ffe28070000 - 0x00007ffe28082000 	C:\WINDOWS\System32\MSASN1.dll
0x00007ffe284c0000 - 0x00007ffe28609000 	C:\WINDOWS\System32\CRYPT32.dll
0x00007ffe22f20000 - 0x00007ffe22f2b000 	C:\WINDOWS\SYSTEM32\msdmo.dll
0x00007ffdfb590000 - 0x00007ffdfb5c4000 	C:\Windows\System32\qcap.dll
0x00007ffdd8250000 - 0x00007ffdd8414000 	C:\Windows\System32\quartz.dll
0x00007ffdf52c0000 - 0x00007ffdf530c000 	C:\Windows\System32\mfksproxy.dll
0x00007ffe01170000 - 0x00007ffe0118c000 	C:\Windows\System32\ATL.DLL
0x00007ffe1efb0000 - 0x00007ffe1f1aa000 	C:\Windows\System32\MFPlat.DLL
0x00007ffe1f400000 - 0x00007ffe1f42f000 	C:\Windows\System32\RTWorkQ.DLL
0x00007ffdd7e60000 - 0x00007ffdd824c000 	C:\Windows\System32\MFCORE.dll
0x00007ffe21310000 - 0x00007ffe21319000 	C:\Windows\System32\ksuser.dll
0x00007ffde4080000 - 0x00007ffde40d5000 	C:\Windows\System32\FSClient.dll
0x00007ffde1350000 - 0x00007ffde13ac000 	C:\Windows\System32\MFSENSORGROUP.dll
0x00007ffe22020000 - 0x00007ffe2202a000 	C:\Windows\System32\AVRT.dll
0x00007ffe21240000 - 0x00007ffe2124d000 	C:\Windows\System32\vidcap.ax
0x00007ffdfe8d0000 - 0x00007ffdfe8f6000 	C:\Windows\System32\kswdmcap.ax
0x00007ffdd7a90000 - 0x00007ffdd7bf2000 	C:\Windows\System32\MFC42.dll
0x00007ffdd7570000 - 0x00007ffdd76a9000 	C:\Windows\System32\MFReadWrite.dll
0x00007ffde09c0000 - 0x00007ffde0a61000 	C:\Windows\System32\qedit.dll
0x00007ffe2a680000 - 0x00007ffe2a750000 	C:\WINDOWS\System32\COMDLG32.dll
0x00007ffe191c0000 - 0x00007ffe19363000 	C:\WINDOWS\WinSxS\amd64_microsoft.windows.gdiplus_6595b64144ccf1df_1.1.18362.778_none_17b1aa466d9fc986\gdiplus.dll
0x00007ffdff0f0000 - 0x00007ffdff1e7000 	C:\Windows\System32\DDRAW.dll
0x00007ffe0e1a0000 - 0x00007ffe0e1a8000 	C:\Windows\System32\DCIMAN32.dll
0x0000000073ad0000 - 0x0000000073afa000 	C:\Program Files\Java\jdk1.8.0_161\jre\bin\dcpr.dll

VM Arguments:
jvm_args: -Dfile.encoding=GBK 
java_command: ME.sample.Frame
java_class_path (initial): D:\Users\Lenovo\eclipse-workspace\DETA_YLJ1.5.8\target\classes;D:\Users\Lenovo\eclipse-workspace\DETA_YLJ1.5.8\lib\bssm.jar;D:\Users\Lenovo\eclipse-workspace\DETA_YLJ1.5.8\lib\commons-math-2.1.jar;D:\Users\Lenovo\eclipse-workspace\DETA_YLJ1.5.8\lib\commons-math3-3.0.jar;D:\Users\Lenovo\eclipse-workspace\DETA_YLJ1.5.8\lib\customizer.jar;D:\Users\Lenovo\eclipse-workspace\DETA_YLJ1.5.8\lib\ffmpeg-3.2.1-1.3-windows-x86_64.jar;D:\Users\Lenovo\eclipse-workspace\DETA_YLJ1.5.8\lib\ffmpeg-platform-3.2.1-1.3.jar;D:\Users\Lenovo\eclipse-workspace\DETA_YLJ1.5.8\lib;D:\Users\Lenovo\eclipse-workspace\DETA_YLJ1.5.8\lib\flandmark-1.07-1.3.jar;D:\Users\Lenovo\eclipse-workspace\DETA_YLJ1.5.8\lib\flandmark-platform-1.07-1.3.jar;D:\Users\Lenovo\eclipse-workspace\DETA_YLJ1.5.8\lib\flycapture-2.9.3.43-1.3-windows-x86_64.jar;D:\Users\Lenovo\eclipse-workspace\DETA_YLJ1.5.8\lib\flycapture-2.9.3.43-1.3.jar;D:\Users\Lenovo\eclipse-workspace\DETA_YLJ1.5.8\lib\flycapture-platform-2.9.3.43-1.3.jar;D:\Users\Lenovo\eclipse-workspace\DETA_YLJ1.5.8\lib\gluegen-rt.jar;D:\Users\Lenovo\eclipse-workspace\DETA_YLJ1.5.8\lib\gluegen.jar;D:\Users\Lenovo\eclipse-workspace\DETA_YLJ1.5.8\lib\gnujaxp.jar;D:\Users\Lenovo\eclipse-workspace\DETA_YLJ1.5.8\lib\icam.jar;D:\Users\Lenovo\eclipse-workspace\DETA_YLJ1.5.8\lib\iText-2.1.5.jar;D:\Users\Lenovo\eclipse-workspace\DETA_YLJ1.5.8\lib\javabuilder.jar;D:\Users\Lenovo\eclipse-workspace\DETA_YLJ1.5.8\lib\javacpp-1.3.jar;D:\Users\Lenovo\eclipse-workspace\DETA_YLJ1.5.8\lib\javacv-platform-1.3.jar;D:\Users\Lenovo\eclipse-workspace\DETA_YLJ1.5.8\lib\jcommon-1.0.16.jar;D:\Users\Lenovo\eclipse-workspace\DETA_YLJ1.5.8\lib\jfreechart-1.0.13-experimental.jar;D:\Users\Lenovo\eclipse-workspace\DETA_YLJ1.5.8\lib\jfreechart-1.0.13-swt.jar;D:\Users\Lenovo\eclipse-workspace\DETA_YLJ1.5.8\lib\jfreechart-1.0.13.jar;D:\Users\Lenovo\eclipse-workspace\DETA_YLJ1.5.8\lib\jmf.jar;D:\Users\Lenovo\eclipse-workspace\DETA_YLJ1.5.8\lib\jogl.all.jar;D:\Users\Lenovo\e
Launcher Type: SUN_STANDARD

Environment Variables:
PATH=C:/Program Files/Java/jre1.8.0_161/bin/server;C:/Program Files/Java/jre1.8.0_161/bin;C:/Program Files/Java/jre1.8.0_161/lib/amd64;C:\ProgramData\Oracle\Java\javapath;C:\Program Files (x86)\Intel\Intel(R) Management Engine Components\iCLS\;C:\Program Files\Intel\Intel(R) Management Engine Components\iCLS\;C:\Windows\system32;C:\Windows;C:\Windows\System32\Wbem;C:\Windows\System32\WindowsPowerShell\v1.0\;C:\Windows\System32\OpenSSH\;C:\Program Files (x86)\Intel\Intel(R) Management Engine Components\DAL;C:\Program Files\Intel\Intel(R) Management Engine Components\DAL;C:\Program Files (x86)\Intel\Intel(R) Management Engine Components\IPT;C:\Program Files\Intel\Intel(R) Management Engine Components\IPT;C:\Program Files (x86)\NVIDIA Corporation\PhysX\Common;C:\Program Files\Java\jdk1.8.0_161\bin;C:\Program Files\Java\jre1.8.0_161\bin;C:\Program Files\NVIDIA Corporation\NVIDIA NvDLISR;C:\WINDOWS\system32;C:\WINDOWS;C:\WINDOWS\System32\Wbem;C:\WINDOWS\System32\WindowsPowerShell\v1.0\;C:\WINDOWS\System32\OpenSSH\;D:\jdk\64\6.1.9\bin;D:\jdk\64\6.1.9;C:\Users\Lenovo\AppData\Local\Microsoft\WindowsApps;;C:\Users\Lenovo\Desktop\ZHUOMIAN;
USERNAME=Lenovo
OS=Windows_NT
PROCESSOR_IDENTIFIER=Intel64 Family 6 Model 158 Stepping 10, GenuineIntel



---------------  S Y S T E M  ---------------

OS: Windows 10.0 , 64 bit Build 18362 (10.0.18362.778)

CPU:total 8 (initial active 8) (4 cores per cpu, 2 threads per core) family 6 model 158 stepping 10, cmov, cx8, fxsr, mmx, sse, sse2, sse3, ssse3, sse4.1, sse4.2, popcnt, avx, avx2, aes, clmul, erms, 3dnowpref, lzcnt, ht, tsc, tscinvbit, bmi1, bmi2, adx

Memory: 4k page, physical 16648500k(8803800k free), swap 17697076k(7353484k free)

vm_info: Java HotSpot(TM) 64-Bit Server VM (25.161-b12) for windows-amd64 JRE (1.8.0_161-b12), built on Dec 19 2017 17:52:25 by "java_re" with MS VC++ 10.0 (VS2010)

time: Thu Nov 12 09:58:06 2020
elapsed time: 263 seconds (0d 0h 4m 23s)

