#
# A fatal error has been detected by the Java Runtime Environment:
#
#  EXCEPTION_ACCESS_VIOLATION (0xc0000005) at pc=0x00007ffde87397d0, pid=7020, tid=0x0000000000002dcc
#
# JRE version: Java(TM) SE Runtime Environment (8.0_161-b12) (build 1.8.0_161-b12)
# Java VM: Java HotSpot(TM) 64-Bit Server VM (25.161-b12 mixed mode windows-amd64 compressed oops)
# Problematic frame:
# C  [ig9icd64.dll+0x1497d0]
#
# Failed to write core dump. Minidumps are not enabled by default on client versions of Windows
#
# If you would like to submit a bug report, please visit:
#   http://bugreport.java.com/bugreport/crash.jsp
# The crash happened outside the Java Virtual Machine in native code.
# See problematic frame for where to report the bug.
#

---------------  T H R E A D  ---------------

Current thread (0x00000000200c2000):  JavaThread "AWT-EventQueue-0" [_thread_in_native, id=11724, stack(0x0000000020ef0000,0x0000000020ff0000)]

siginfo: ExceptionCode=0xc0000005, reading address 0x00000000a6b071c0

Registers:
RAX=0x0000000000000000, RBX=0x0000000020fecc90, RCX=0x0000000000000000, RDX=0x00000000a6b071c0
RSP=0x0000000020fecb00, RBP=0x0000000000000013, RSI=0x0000000025234000, RDI=0x0000000025234000
R8 =0x00000000000000b4, R9 =0x0000000000000001, R10=0x0000000000000000, R11=0x0000000020fed270
R12=0x00000000000001c1, R13=0x0000000025234000, R14=0x00000000000000b4, R15=0x00007ffde85f0000
RIP=0x00007ffde87397d0, EFLAGS=0x0000000000010202

Top of Stack: (sp=0x0000000020fecb00)
0x0000000020fecb00:   0000000000000000 0000000000000000
0x0000000020fecb10:   0000000000000000 0000000000000000
0x0000000020fecb20:   00000000a6b071c0 00007ffde8aaae00
0x0000000020fecb30:   4000ae4040000280 0000000000000001
0x0000000020fecb40:   0000000020fecf40 0000000000000000
0x0000000020fecb50:   0000000000000000 00007ffde8aad4bc
0x0000000020fecb60:   0000000020fecc60 00000000000000f8
0x0000000020fecb70:   0000000020fecf40 0000000000000001
0x0000000020fecb80:   000000002eb5002a 00007ffd00000001
0x0000000020fecb90:   0000000023c3e8c0 00007ffde8631400
0x0000000020fecba0:   0000e5ebeec6c0e2 0000000000000050
0x0000000020fecbb0:   0000000000000001 0000000020feccf8
0x0000000020fecbc0:   0000000020fecea0 000000002515c940
0x0000000020fecbd0:   000000002d2b2640 0000000000000000
0x0000000020fecbe0:   0000000000000000 00007ffde8afbbdd
0x0000000020fecbf0:   0000000025116220 0000000000000000 

Instructions: (pc=0x00007ffde87397d0)
0x00007ffde87397b0:   e7 07 48 83 c7 10 49 3b c2 72 e5 e9 ab 00 00 00
0x00007ffde87397c0:   4d 85 c9 74 6c 66 66 66 0f 1f 84 00 00 00 00 00
0x00007ffde87397d0:   f3 0f 6f 02 41 ff c2 f3 0f 6f 4a 10 f3 0f 6f 52
0x00007ffde87397e0:   20 f3 0f 6f 5a 30 f3 0f 6f 62 40 f3 0f 6f 6a 50 


Register to memory mapping:

RAX=0x0000000000000000 is an unknown value
RBX=0x0000000020fecc90 is pointing into the stack for thread: 0x00000000200c2000
RCX=0x0000000000000000 is an unknown value
RDX=0x00000000a6b071c0 is an unknown value
RSP=0x0000000020fecb00 is pointing into the stack for thread: 0x00000000200c2000
RBP=0x0000000000000013 is an unknown value
RSI=0x0000000025234000 is an unknown value
RDI=0x0000000025234000 is an unknown value
R8 =0x00000000000000b4 is an unknown value
R9 =0x0000000000000001 is an unknown value
R10=0x0000000000000000 is an unknown value
R11=0x0000000020fed270 is pointing into the stack for thread: 0x00000000200c2000
R12=0x00000000000001c1 is an unknown value
R13=0x0000000025234000 is an unknown value
R14=0x00000000000000b4 is an unknown value
R15=0x00007ffde85f0000 is an unknown value


Stack: [0x0000000020ef0000,0x0000000020ff0000],  sp=0x0000000020fecb00,  free space=1010k
Native frames: (J=compiled Java code, j=interpreted, Vv=VM code, C=native code)
C  [ig9icd64.dll+0x1497d0]
C  [ig9icd64.dll+0x4bae00]
C  [ig9icd64.dll+0x4bd4bc]
C  [ig9icd64.dll+0x4c280d]
C  [ig9icd64.dll+0x9e02cc]
C  [ig9icd64.dll+0x96a1b6]
C  [opengl32.dll+0x31e95]
C  0x000000000402283a

Java frames: (J=compiled Java code, j=interpreted, Vv=VM code)
J 4522  jogamp.opengl.gl4.GL4bcImpl.dispatch_glDrawPixels1(IIIILjava/lang/Object;IZJ)V (0 bytes) @ 0x00000000040227bc [0x0000000004022740+0x7c]
J 4864 C2 jogamp.opengl.gl4.GL4bcImpl.glDrawPixels(IIIILjava/nio/Buffer;)V (109 bytes) @ 0x00000000035a10d4 [0x00000000035a0f40+0x194]
J 4992 C2 biProcessor.coAuthorForWord.drawWords([II[DFIILjava/util/Map;Ljava/util/Map;)V (1493 bytes) @ 0x00000000041e6918 [0x00000000041e5d80+0xb98]
J 4992 C2 biProcessor.coAuthorForWord.drawWords([II[DFIILjava/util/Map;Ljava/util/Map;)V (1493 bytes) @ 0x00000000041e6bc0 [0x00000000041e5d80+0xe40]
J 4992 C2 biProcessor.coAuthorForWord.drawWords([II[DFIILjava/util/Map;Ljava/util/Map;)V (1493 bytes) @ 0x00000000041e6bc0 [0x00000000041e5d80+0xe40]
j  biProcessor.coAuthorForWord.display(Ljavax/media/opengl/GLAutoDrawable;)V+222
j  jogamp.opengl.GLDrawableHelper.displayImpl(Ljavax/media/opengl/GLAutoDrawable;)V+45
J 4802 C1 javax.media.opengl.awt.GLCanvas$6.run()V (122 bytes) @ 0x0000000004170064 [0x000000000416fbe0+0x484]
j  jogamp.opengl.GLDrawableHelper.invokeGLImpl(Ljavax/media/opengl/GLDrawable;Ljavax/media/opengl/GLContext;Ljava/lang/Runnable;Ljava/lang/Runnable;Ljavax/media/opengl/GLAutoDrawable;)V+136
j  jogamp.opengl.GLDrawableHelper.invokeGL(Ljavax/media/opengl/GLDrawable;Ljavax/media/opengl/GLContext;Ljava/lang/Runnable;Ljava/lang/Runnable;)V+85
j  javax.media.opengl.awt.GLCanvas$8.run()V+35
J 1393 C1 java.awt.event.InvocationEvent.dispatch()V (69 bytes) @ 0x000000000371468c [0x0000000003714540+0x14c]
J 2606 C1 java.awt.EventQueue.dispatchEventImpl(Ljava/awt/AWTEvent;Ljava/lang/Object;)V (149 bytes) @ 0x0000000003bce9c4 [0x0000000003bccec0+0x1b04]
J 1353 C1 java.awt.EventQueue$3.run()Ljava/lang/Void; (60 bytes) @ 0x00000000036da69c [0x00000000036da480+0x21c]
J 1352 C1 java.awt.EventQueue$3.run()Ljava/lang/Object; (5 bytes) @ 0x00000000036dad8c [0x00000000036dad00+0x8c]
v  ~StubRoutines::call_stub
J 538  java.security.AccessController.doPrivileged(Ljava/security/PrivilegedAction;Ljava/security/AccessControlContext;)Ljava/lang/Object; (0 bytes) @ 0x00000000034fb3a6 [0x00000000034fb340+0x66]
J 1292 C1 java.awt.EventQueue.dispatchEvent(Ljava/awt/AWTEvent;)V (80 bytes) @ 0x00000000036b09ec [0x00000000036b0040+0x9ac]
J 1294 C1 java.awt.EventDispatchThread.pumpOneEventForFilters(I)V (295 bytes) @ 0x00000000036b3ccc [0x00000000036b2140+0x1b8c]
j  java.awt.EventDispatchThread.pumpEventsForFilter(ILjava/awt/Conditional;Ljava/awt/EventFilter;)V+35
j  java.awt.EventDispatchThread.pumpEventsForHierarchy(ILjava/awt/Conditional;Ljava/awt/Component;)V+11
j  java.awt.EventDispatchThread.pumpEvents(ILjava/awt/Conditional;)V+4
j  java.awt.EventDispatchThread.pumpEvents(Ljava/awt/Conditional;)V+3
j  java.awt.EventDispatchThread.run()V+9
v  ~StubRoutines::call_stub

---------------  P R O C E S S  ---------------

Java Threads: ( => current thread )
  0x0000000023a4b000 JavaThread "DestroyJavaVM" [_thread_blocked, id=8524, stack(0x0000000003080000,0x0000000003180000)]
  0x0000000023a4c800 JavaThread "JavaCPP Deallocator" daemon [_thread_blocked, id=13376, stack(0x0000000024b10000,0x0000000024c10000)]
  0x0000000023a42000 JavaThread "Thread-33" [_thread_blocked, id=4012, stack(0x000000002f4b0000,0x000000002f5b0000)]
  0x0000000023a43800 JavaThread "Thread-32" [_thread_blocked, id=8424, stack(0x0000000031900000,0x0000000031a00000)]
  0x0000000023a3d800 JavaThread "Timer-0" [_thread_blocked, id=1764, stack(0x000000002f0b0000,0x000000002f1b0000)]
  0x000000001ec1f000 JavaThread "Thread-14" [_thread_in_Java, id=4812, stack(0x0000000024f10000,0x0000000025010000)]
  0x000000001ec1c800 JavaThread "Thread-6-SharedResourceRunner" daemon [_thread_blocked, id=11920, stack(0x0000000024e10000,0x0000000024f10000)]
  0x0000000021ac1800 JavaThread "Thread-11" [_thread_in_native, id=12836, stack(0x0000000024a10000,0x0000000024b10000)]
  0x0000000023a51800 JavaThread "Thread-9" [_thread_in_native, id=14236, stack(0x0000000023690000,0x0000000023790000)]
  0x000000001f95b000 JavaThread "Thread-2" [_thread_in_native, id=11824, stack(0x0000000023490000,0x0000000023590000)]
=>0x00000000200c2000 JavaThread "AWT-EventQueue-0" [_thread_in_native, id=11724, stack(0x0000000020ef0000,0x0000000020ff0000)]
  0x000000001fe0e800 JavaThread "AWT-Shutdown" [_thread_blocked, id=6372, stack(0x0000000020380000,0x0000000020480000)]
  0x000000001fe0f000 JavaThread "AWT-Windows" daemon [_thread_in_native, id=7356, stack(0x0000000020480000,0x0000000020580000)]
  0x000000001edb2000 JavaThread "Java2D Disposer" daemon [_thread_blocked, id=14480, stack(0x0000000020280000,0x0000000020380000)]
  0x000000001fdb9800 JavaThread "TimerQueue" daemon [_thread_blocked, id=4220, stack(0x0000000020180000,0x0000000020280000)]
  0x000000001ec5a000 JavaThread "Service Thread" daemon [_thread_blocked, id=11400, stack(0x000000001f6d0000,0x000000001f7d0000)]
  0x000000001ec1e000 JavaThread "C1 CompilerThread3" daemon [_thread_blocked, id=11560, stack(0x000000001f5d0000,0x000000001f6d0000)]
  0x000000001ec14000 JavaThread "C2 CompilerThread2" daemon [_thread_blocked, id=3524, stack(0x000000001f4d0000,0x000000001f5d0000)]
  0x000000001ec08000 JavaThread "C2 CompilerThread1" daemon [_thread_blocked, id=3888, stack(0x000000001f3d0000,0x000000001f4d0000)]
  0x000000001ec01000 JavaThread "C2 CompilerThread0" daemon [_thread_blocked, id=13140, stack(0x000000001f2d0000,0x000000001f3d0000)]
  0x000000001ec00000 JavaThread "Attach Listener" daemon [_thread_blocked, id=9636, stack(0x000000001f1d0000,0x000000001f2d0000)]
  0x000000001ebad000 JavaThread "Signal Dispatcher" daemon [_thread_blocked, id=14860, stack(0x000000001f0d0000,0x000000001f1d0000)]
  0x000000000327e000 JavaThread "Finalizer" daemon [_thread_blocked, id=1592, stack(0x000000001ef70000,0x000000001f070000)]
  0x000000000327c800 JavaThread "Reference Handler" daemon [_thread_blocked, id=2260, stack(0x000000001ea70000,0x000000001eb70000)]

Other Threads:
  0x000000001cc89000 VMThread [stack: 0x000000001e970000,0x000000001ea70000] [id=13468]
  0x000000001ec5f000 WatcherThread [stack: 0x000000001f7d0000,0x000000001f8d0000] [id=6240]

VM state:not at safepoint (normal execution)

VM Mutex/Monitor currently owned by a thread: None

Heap:
 PSYoungGen      total 1341952K, used 1139761K [0x000000076b500000, 0x00000007c0000000, 0x00000007c0000000)
  eden space 1303552K, 85% used [0x000000076b500000,0x00000007af9e3fd8,0x00000007bae00000)
  from space 38400K, 53% used [0x00000007bae00000,0x00000007bc228710,0x00000007bd380000)
  to   space 37888K, 0% used [0x00000007bdb00000,0x00000007bdb00000,0x00000007c0000000)
 ParOldGen       total 558080K, used 368927K [0x00000006c1e00000, 0x00000006e3f00000, 0x000000076b500000)
  object space 558080K, 66% used [0x00000006c1e00000,0x00000006d8647ec8,0x00000006e3f00000)
 Metaspace       used 28056K, capacity 28384K, committed 28672K, reserved 1075200K
  class space    used 3676K, capacity 3772K, committed 3840K, reserved 1048576K

Card table byte_map: [0x0000000012640000,0x0000000012e40000] byte_map_base: 0x000000000f031000

Marking Bits: (ParMarkBitMap*) 0x000000007458f860
 Begin Bits: [0x0000000013b90000, 0x0000000017b18000)
 End Bits:   [0x0000000017b18000, 0x000000001baa0000)

Polling page: 0x0000000001250000

CodeCache: size=245760Kb used=15540Kb max_used=15687Kb free=230219Kb
 bounds [0x0000000003280000, 0x0000000004200000, 0x0000000012280000]
 total_blobs=4962 nmethods=4047 adapters=823
 compilation: enabled

Compilation events (10 events):
Event: 80.846 Thread 0x000000001ec1e000 5052       1       javax.swing.Timer::access$300 (5 bytes)
Event: 80.846 Thread 0x000000001ec1e000 nmethod 5052 0x0000000003abd510 code [0x0000000003abd660, 0x0000000003abd750]
Event: 80.846 Thread 0x000000001ec1e000 5053       1       javax.swing.Timer::isRepeats (5 bytes)
Event: 80.846 Thread 0x000000001ec1e000 nmethod 5053 0x0000000003abd250 code [0x0000000003abd3a0, 0x0000000003abd4b0]
Event: 80.873 Thread 0x000000001ec1e000 5054       1       javax.swing.Timer::access$100 (5 bytes)
Event: 80.873 Thread 0x000000001ec1e000 nmethod 5054 0x0000000003abcf90 code [0x0000000003abd0e0, 0x0000000003abd1d0]
Event: 80.873 Thread 0x000000001ec1e000 5055       1       javax.swing.Timer::getActionCommand (5 bytes)
Event: 80.873 Thread 0x000000001ec1e000 nmethod 5055 0x0000000003abf350 code [0x0000000003abf4a0, 0x0000000003abf5b0]
Event: 80.873 Thread 0x000000001ec1e000 5056       1       javax.swing.Timer::access$200 (5 bytes)
Event: 80.873 Thread 0x000000001ec1e000 nmethod 5056 0x0000000003abf090 code [0x0000000003abf1e0, 0x0000000003abf2d0]

GC Heap History (10 events):
Event: 72.909 GC heap before
{Heap before GC invocations=62 (full 3):
 PSYoungGen      total 1328640K, used 1301825K [0x000000076b500000, 0x00000007bf880000, 0x00000007c0000000)
  eden space 1286656K, 100% used [0x000000076b500000,0x00000007b9d80000,0x00000007b9d80000)
  from space 41984K, 36% used [0x00000007bcf80000,0x00000007bde50710,0x00000007bf880000)
  to   space 46592K, 0% used [0x00000007b9d80000,0x00000007b9d80000,0x00000007bcb00000)
 ParOldGen       total 558080K, used 368911K [0x00000006c1e00000, 0x00000006e3f00000, 0x000000076b500000)
  object space 558080K, 66% used [0x00000006c1e00000,0x00000006d8643ec8,0x00000006e3f00000)
 Metaspace       used 27919K, capacity 28256K, committed 28416K, reserved 1073152K
  class space    used 3657K, capacity 3772K, committed 3840K, reserved 1048576K
Event: 72.914 GC heap after
Heap after GC invocations=62 (full 3):
 PSYoungGen      total 1333248K, used 14689K [0x000000076b500000, 0x00000007c0000000, 0x00000007c0000000)
  eden space 1286656K, 0% used [0x000000076b500000,0x000000076b500000,0x00000007b9d80000)
  from space 46592K, 31% used [0x00000007b9d80000,0x00000007babd8710,0x00000007bcb00000)
  to   space 44544K, 0% used [0x00000007bd480000,0x00000007bd480000,0x00000007c0000000)
 ParOldGen       total 558080K, used 368911K [0x00000006c1e00000, 0x00000006e3f00000, 0x000000076b500000)
  object space 558080K, 66% used [0x00000006c1e00000,0x00000006d8643ec8,0x00000006e3f00000)
 Metaspace       used 27919K, capacity 28256K, committed 28416K, reserved 1073152K
  class space    used 3657K, capacity 3772K, committed 3840K, reserved 1048576K
}
Event: 74.715 GC heap before
{Heap before GC invocations=63 (full 3):
 PSYoungGen      total 1333248K, used 1301345K [0x000000076b500000, 0x00000007c0000000, 0x00000007c0000000)
  eden space 1286656K, 100% used [0x000000076b500000,0x00000007b9d80000,0x00000007b9d80000)
  from space 46592K, 31% used [0x00000007b9d80000,0x00000007babd8710,0x00000007bcb00000)
  to   space 44544K, 0% used [0x00000007bd480000,0x00000007bd480000,0x00000007c0000000)
 ParOldGen       total 558080K, used 368911K [0x00000006c1e00000, 0x00000006e3f00000, 0x000000076b500000)
  object space 558080K, 66% used [0x00000006c1e00000,0x00000006d8643ec8,0x00000006e3f00000)
 Metaspace       used 28011K, capacity 28320K, committed 28672K, reserved 1075200K
  class space    used 3675K, capacity 3772K, committed 3840K, reserved 1048576K
Event: 74.721 GC heap after
Heap after GC invocations=63 (full 3):
 PSYoungGen      total 1336832K, used 7297K [0x000000076b500000, 0x00000007bfc00000, 0x00000007c0000000)
  eden space 1296384K, 0% used [0x000000076b500000,0x000000076b500000,0x00000007ba700000)
  from space 40448K, 18% used [0x00000007bd480000,0x00000007bdba0710,0x00000007bfc00000)
  to   space 43520K, 0% used [0x00000007ba700000,0x00000007ba700000,0x00000007bd180000)
 ParOldGen       total 558080K, used 368911K [0x00000006c1e00000, 0x00000006e3f00000, 0x000000076b500000)
  object space 558080K, 66% used [0x00000006c1e00000,0x00000006d8643ec8,0x00000006e3f00000)
 Metaspace       used 28011K, capacity 28320K, committed 28672K, reserved 1075200K
  class space    used 3675K, capacity 3772K, committed 3840K, reserved 1048576K
}
Event: 76.577 GC heap before
{Heap before GC invocations=64 (full 3):
 PSYoungGen      total 1336832K, used 1303681K [0x000000076b500000, 0x00000007bfc00000, 0x00000007c0000000)
  eden space 1296384K, 100% used [0x000000076b500000,0x00000007ba700000,0x00000007ba700000)
  from space 40448K, 18% used [0x00000007bd480000,0x00000007bdba0710,0x00000007bfc00000)
  to   space 43520K, 0% used [0x00000007ba700000,0x00000007ba700000,0x00000007bd180000)
 ParOldGen       total 558080K, used 368911K [0x00000006c1e00000, 0x00000006e3f00000, 0x000000076b500000)
  object space 558080K, 66% used [0x00000006c1e00000,0x00000006d8643ec8,0x00000006e3f00000)
 Metaspace       used 28012K, capacity 28320K, committed 28672K, reserved 1075200K
  class space    used 3675K, capacity 3772K, committed 3840K, reserved 1048576K
Event: 76.581 GC heap after
Heap after GC invocations=64 (full 3):
 PSYoungGen      total 1339904K, used 16065K [0x000000076b500000, 0x00000007bfd00000, 0x00000007c0000000)
  eden space 1296384K, 0% used [0x000000076b500000,0x000000076b500000,0x00000007ba700000)
  from space 43520K, 36% used [0x00000007ba700000,0x00000007bb6b0710,0x00000007bd180000)
  to   space 40448K, 0% used [0x00000007bd580000,0x00000007bd580000,0x00000007bfd00000)
 ParOldGen       total 558080K, used 368911K [0x00000006c1e00000, 0x00000006e3f00000, 0x000000076b500000)
  object space 558080K, 66% used [0x00000006c1e00000,0x00000006d8643ec8,0x00000006e3f00000)
 Metaspace       used 28012K, capacity 28320K, committed 28672K, reserved 1075200K
  class space    used 3675K, capacity 3772K, committed 3840K, reserved 1048576K
}
Event: 78.480 GC heap before
{Heap before GC invocations=65 (full 3):
 PSYoungGen      total 1339904K, used 1312449K [0x000000076b500000, 0x00000007bfd00000, 0x00000007c0000000)
  eden space 1296384K, 100% used [0x000000076b500000,0x00000007ba700000,0x00000007ba700000)
  from space 43520K, 36% used [0x00000007ba700000,0x00000007bb6b0710,0x00000007bd180000)
  to   space 40448K, 0% used [0x00000007bd580000,0x00000007bd580000,0x00000007bfd00000)
 ParOldGen       total 558080K, used 368911K [0x00000006c1e00000, 0x00000006e3f00000, 0x000000076b500000)
  object space 558080K, 66% used [0x00000006c1e00000,0x00000006d8643ec8,0x00000006e3f00000)
 Metaspace       used 28037K, capacity 28384K, committed 28672K, reserved 1075200K
  class space    used 3676K, capacity 3772K, committed 3840K, reserved 1048576K
Event: 78.485 GC heap after
Heap after GC invocations=65 (full 3):
 PSYoungGen      total 1339904K, used 14977K [0x000000076b500000, 0x00000007bf900000, 0x00000007c0000000)
  eden space 1303552K, 0% used [0x000000076b500000,0x000000076b500000,0x00000007bae00000)
  from space 36352K, 41% used [0x00000007bd580000,0x00000007be420710,0x00000007bf900000)
  to   space 38400K, 0% used [0x00000007bae00000,0x00000007bae00000,0x00000007bd380000)
 ParOldGen       total 558080K, used 368919K [0x00000006c1e00000, 0x00000006e3f00000, 0x000000076b500000)
  object space 558080K, 66% used [0x00000006c1e00000,0x00000006d8645ec8,0x00000006e3f00000)
 Metaspace       used 28037K, capacity 28384K, committed 28672K, reserved 1075200K
  class space    used 3676K, capacity 3772K, committed 3840K, reserved 1048576K
}
Event: 80.328 GC heap before
{Heap before GC invocations=66 (full 3):
 PSYoungGen      total 1339904K, used 1318529K [0x000000076b500000, 0x00000007bf900000, 0x00000007c0000000)
  eden space 1303552K, 100% used [0x000000076b500000,0x00000007bae00000,0x00000007bae00000)
  from space 36352K, 41% used [0x00000007bd580000,0x00000007be420710,0x00000007bf900000)
  to   space 38400K, 0% used [0x00000007bae00000,0x00000007bae00000,0x00000007bd380000)
 ParOldGen       total 558080K, used 368919K [0x00000006c1e00000, 0x00000006e3f00000, 0x000000076b500000)
  object space 558080K, 66% used [0x00000006c1e00000,0x00000006d8645ec8,0x00000006e3f00000)
 Metaspace       used 28056K, capacity 28384K, committed 28672K, reserved 1075200K
  class space    used 3676K, capacity 3772K, committed 3840K, reserved 1048576K
Event: 80.333 GC heap after
Heap after GC invocations=66 (full 3):
 PSYoungGen      total 1341952K, used 20641K [0x000000076b500000, 0x00000007c0000000, 0x00000007c0000000)
  eden space 1303552K, 0% used [0x000000076b500000,0x000000076b500000,0x00000007bae00000)
  from space 38400K, 53% used [0x00000007bae00000,0x00000007bc228710,0x00000007bd380000)
  to   space 37888K, 0% used [0x00000007bdb00000,0x00000007bdb00000,0x00000007c0000000)
 ParOldGen       total 558080K, used 368927K [0x00000006c1e00000, 0x00000006e3f00000, 0x000000076b500000)
  object space 558080K, 66% used [0x00000006c1e00000,0x00000006d8647ec8,0x00000006e3f00000)
 Metaspace       used 28056K, capacity 28384K, committed 28672K, reserved 1075200K
  class space    used 3676K, capacity 3772K, committed 3840K, reserved 1048576K
}

Deoptimization events (10 events):
Event: 69.676 Thread 0x00000000200c2000 Uncommon trap: reason=unstable_if action=reinterpret pc=0x00000000038d0188 method=sun.font.FontUtilities.isComplexCharCode(I)Z @ 11
Event: 69.677 Thread 0x00000000200c2000 Uncommon trap: reason=unstable_if action=reinterpret pc=0x000000000382c3fc method=sun.font.CMap.getControlCodeGlyph(IZ)I @ 64
Event: 73.686 Thread 0x00000000200c2000 Uncommon trap: reason=unstable_if action=reinterpret pc=0x0000000003dc53f4 method=java.awt.image.PackedColorModel.createBitsArray(IIII)[I @ 2
Event: 73.686 Thread 0x00000000200c2000 Uncommon trap: reason=unstable_if action=reinterpret pc=0x000000000419780c method=java.awt.image.ColorModel.<init>(I[ILjava/awt/color/ColorSpace;ZZII)V @ 77
Event: 73.687 Thread 0x00000000200c2000 Uncommon trap: reason=unstable_if action=reinterpret pc=0x0000000004031fb8 method=sun.java2d.loops.GraphicsPrimitiveMgr.locatePrim(ILsun/java2d/loops/SurfaceType;Lsun/java2d/loops/CompositeType;Lsun/java2d/loops/SurfaceType;)Lsun/java2d/loops/GraphicsPrim
Event: 74.056 Thread 0x00000000200c2000 Uncommon trap: reason=predicate action=maybe_recompile pc=0x0000000003757fa0 method=java.lang.String.regionMatches(ZILjava/lang/String;II)Z @ 63
Event: 74.056 Thread 0x00000000200c2000 Uncommon trap: reason=unstable_if action=reinterpret pc=0x0000000003e360b0 method=java.lang.String.split(Ljava/lang/String;I)[Ljava/lang/String; @ 263
Event: 74.072 Thread 0x00000000200c2000 Uncommon trap: reason=unreached action=reinterpret pc=0x000000000359e618 method=OVQ.OSU.sort.Quick9DLYGWithStringSwap.processDouble([III[Ljava/lang/String;I)V @ 171
Event: 76.505 Thread 0x00000000200c2000 Uncommon trap: reason=unstable_if action=reinterpret pc=0x00000000041ca3a0 method=OVQ.OSU.sort.Quick9DLYGWithStringSwap.processDouble([III[Ljava/lang/String;I)V @ 11
Event: 76.530 Thread 0x00000000200c2000 Uncommon trap: reason=unstable_if action=reinterpret pc=0x0000000003ead7f0 method=biProcessor.coAuthorForWord.drawWords([II[DFIILjava/util/Map;Ljava/util/Map;)V @ 452

Classes redefined (0 events):
No events

Internal exceptions (10 events):
Event: 54.445 Thread 0x000000001ec1c000 Implicit null exception at 0x000000000376273e to 0x0000000003762aed
Event: 54.757 Thread 0x0000000003185000 Exception <a 'java/lang/reflect/InvocationTargetException'> (0x000000079a260be8) thrown at [C:\re\workspace\8-2-build-windows-amd64-cygwin\jdk8u161\10277\hotspot\src\share\vm\runtime\reflection.cpp, line 1092]
Event: 54.953 Thread 0x0000000003185000 Implicit null exception at 0x000000000376b275 to 0x000000000376b9d1
Event: 58.989 Thread 0x00000000200c2000 Implicit null exception at 0x00000000035085e3 to 0x00000000035087af
Event: 58.989 Thread 0x00000000200c2000 Exception <a 'java/lang/NullPointerException'> (0x00000007870980d0) thrown at [C:\re\workspace\8-2-build-windows-amd64-cygwin\jdk8u161\10277\hotspot\src\share\vm\runtime\sharedRuntime.cpp, line 605]
Event: 63.582 Thread 0x00000000200c2000 Implicit null exception at 0x00000000035085e3 to 0x00000000035087af
Event: 63.582 Thread 0x00000000200c2000 Exception <a 'java/lang/NullPointerException'> (0x00000007a965e8b8) thrown at [C:\re\workspace\8-2-build-windows-amd64-cygwin\jdk8u161\10277\hotspot\src\share\vm\runtime\sharedRuntime.cpp, line 605]
Event: 65.033 Thread 0x00000000200c2000 Implicit null exception at 0x00000000035085e3 to 0x00000000035087af
Event: 65.033 Thread 0x00000000200c2000 Exception <a 'java/lang/NullPointerException'> (0x000000079b391ab0) thrown at [C:\re\workspace\8-2-build-windows-amd64-cygwin\jdk8u161\10277\hotspot\src\share\vm\runtime\sharedRuntime.cpp, line 605]
Event: 69.236 Thread 0x00000000200c2000 Implicit null exception at 0x00000000041cdc29 to 0x00000000041d38c9

Events (10 events):
Event: 77.337 Thread 0x000000001ec1e000 flushing nmethod 0x0000000003c9f410
Event: 77.337 Thread 0x000000001ec1e000 flushing nmethod 0x0000000003cbf9d0
Event: 77.338 Thread 0x000000001ec1e000 flushing nmethod 0x0000000003d88410
Event: 77.338 Thread 0x000000001ec1e000 flushing nmethod 0x0000000003dbfb10
Event: 77.514 loading class javax/swing/RowSorter
Event: 77.514 loading class javax/swing/RowSorter done
Event: 78.480 Executing VM operation: ParallelGCFailedAllocation
Event: 78.485 Executing VM operation: ParallelGCFailedAllocation done
Event: 80.328 Executing VM operation: ParallelGCFailedAllocation
Event: 80.333 Executing VM operation: ParallelGCFailedAllocation done


Dynamic libraries:
0x00007ff66cfc0000 - 0x00007ff66cff7000 	C:\Program Files\Java\jdk1.8.0_161\jre\bin\javaw.exe
0x00007ffe2b1a0000 - 0x00007ffe2b390000 	C:\WINDOWS\SYSTEM32\ntdll.dll
0x00007ffe237d0000 - 0x00007ffe237e3000 	D:\Program Files\AVAST Software\Avast\aswhook.dll
0x00007ffe2aa50000 - 0x00007ffe2ab02000 	C:\WINDOWS\System32\KERNEL32.DLL
0x00007ffe281e0000 - 0x00007ffe28483000 	C:\WINDOWS\System32\KERNELBASE.dll
0x00007ffe2a750000 - 0x00007ffe2a7f3000 	C:\WINDOWS\System32\ADVAPI32.dll
0x00007ffe29c60000 - 0x00007ffe29cfe000 	C:\WINDOWS\System32\msvcrt.dll
0x00007ffe2ab90000 - 0x00007ffe2ac27000 	C:\WINDOWS\System32\sechost.dll
0x00007ffe29250000 - 0x00007ffe29370000 	C:\WINDOWS\System32\RPCRT4.dll
0x00007ffe2adf0000 - 0x00007ffe2af84000 	C:\WINDOWS\System32\USER32.dll
0x00007ffe29220000 - 0x00007ffe29241000 	C:\WINDOWS\System32\win32u.dll
0x00007ffe2aa20000 - 0x00007ffe2aa46000 	C:\WINDOWS\System32\GDI32.dll
0x00007ffe287b0000 - 0x00007ffe28944000 	C:\WINDOWS\System32\gdi32full.dll
0x00007ffe28610000 - 0x00007ffe286ae000 	C:\WINDOWS\System32\msvcp_win.dll
0x00007ffe286b0000 - 0x00007ffe287aa000 	C:\WINDOWS\System32\ucrtbase.dll
0x00007ffe143a0000 - 0x00007ffe14625000 	C:\WINDOWS\WinSxS\amd64_microsoft.windows.common-controls_6595b64144ccf1df_6.0.18362.778_none_e6c6b761130d4fb8\COMCTL32.dll
0x00007ffe29d90000 - 0x00007ffe2a0c6000 	C:\WINDOWS\System32\combase.dll
0x00007ffe290d0000 - 0x00007ffe29150000 	C:\WINDOWS\System32\bcryptPrimitives.dll
0x00007ffe29d60000 - 0x00007ffe29d8e000 	C:\WINDOWS\System32\IMM32.DLL
0x00000000750d0000 - 0x00000000751a2000 	C:\Program Files\Java\jdk1.8.0_161\jre\bin\msvcr100.dll
0x0000000073d70000 - 0x000000007460f000 	C:\Program Files\Java\jdk1.8.0_161\jre\bin\server\jvm.dll
0x00007ffe2ade0000 - 0x00007ffe2ade8000 	C:\WINDOWS\System32\PSAPI.DLL
0x00007ffe1dbc0000 - 0x00007ffe1dbc9000 	C:\WINDOWS\SYSTEM32\WSOCK32.dll
0x00007ffe2a950000 - 0x00007ffe2a9bf000 	C:\WINDOWS\System32\WS2_32.dll
0x00007ffe1c900000 - 0x00007ffe1c924000 	C:\WINDOWS\SYSTEM32\WINMM.dll
0x00007ffe22030000 - 0x00007ffe2203a000 	C:\WINDOWS\SYSTEM32\VERSION.dll
0x00007ffe1c8d0000 - 0x00007ffe1c8fd000 	C:\WINDOWS\SYSTEM32\WINMMBASE.dll
0x00007ffe28190000 - 0x00007ffe281da000 	C:\WINDOWS\System32\cfgmgr32.dll
0x00000000750c0000 - 0x00000000750cf000 	C:\Program Files\Java\jdk1.8.0_161\jre\bin\verify.dll
0x0000000075090000 - 0x00000000750b9000 	C:\Program Files\Java\jdk1.8.0_161\jre\bin\java.dll
0x0000000075070000 - 0x0000000075086000 	C:\Program Files\Java\jdk1.8.0_161\jre\bin\zip.dll
0x00007ffe294d0000 - 0x00007ffe29bb5000 	C:\WINDOWS\System32\SHELL32.dll
0x00007ffe2af90000 - 0x00007ffe2b039000 	C:\WINDOWS\System32\shcore.dll
0x00007ffe28950000 - 0x00007ffe290d0000 	C:\WINDOWS\System32\windows.storage.dll
0x00007ffe280b0000 - 0x00007ffe280d3000 	C:\WINDOWS\System32\profapi.dll
0x00007ffe280e0000 - 0x00007ffe2812a000 	C:\WINDOWS\System32\powrprof.dll
0x00007ffe28060000 - 0x00007ffe28070000 	C:\WINDOWS\System32\UMPDC.dll
0x00007ffe29d00000 - 0x00007ffe29d52000 	C:\WINDOWS\System32\shlwapi.dll
0x00007ffe28090000 - 0x00007ffe280a1000 	C:\WINDOWS\System32\kernel.appcore.dll
0x00007ffe29150000 - 0x00007ffe29167000 	C:\WINDOWS\System32\cryptsp.dll
0x00007ffe273e0000 - 0x00007ffe27413000 	C:\WINDOWS\system32\rsaenh.dll
0x00007ffe28490000 - 0x00007ffe284b6000 	C:\WINDOWS\System32\bcrypt.dll
0x00007ffe27f80000 - 0x00007ffe27fa5000 	C:\WINDOWS\SYSTEM32\USERENV.dll
0x00007ffe27aa0000 - 0x00007ffe27aac000 	C:\WINDOWS\SYSTEM32\CRYPTBASE.dll
0x0000000075050000 - 0x000000007506a000 	C:\Program Files\Java\jdk1.8.0_161\jre\bin\net.dll
0x00007ffe278d0000 - 0x00007ffe27937000 	C:\WINDOWS\system32\mswsock.dll
0x00007ffe27580000 - 0x00007ffe275ba000 	C:\WINDOWS\SYSTEM32\IPHLPAPI.DLL
0x00007ffe2a610000 - 0x00007ffe2a618000 	C:\WINDOWS\System32\NSI.dll
0x00007ffe20d90000 - 0x00007ffe20da6000 	C:\WINDOWS\SYSTEM32\dhcpcsvc6.DLL
0x00007ffe21a70000 - 0x00007ffe21a8c000 	C:\WINDOWS\SYSTEM32\dhcpcsvc.DLL
0x00007ffe275c0000 - 0x00007ffe2768a000 	C:\WINDOWS\SYSTEM32\DNSAPI.dll
0x0000000075030000 - 0x0000000075041000 	C:\Program Files\Java\jdk1.8.0_161\jre\bin\nio.dll
0x0000000073bd0000 - 0x0000000073d68000 	C:\Program Files\Java\jdk1.8.0_161\jre\bin\awt.dll
0x00007ffe2a540000 - 0x00007ffe2a604000 	C:\WINDOWS\System32\OLEAUT32.dll
0x00007ffe25eb0000 - 0x00007ffe25f3f000 	C:\WINDOWS\SYSTEM32\apphelp.dll
0x00007ffe26040000 - 0x00007ffe260d9000 	C:\WINDOWS\system32\uxtheme.dll
0x00007ffe2a800000 - 0x00007ffe2a936000 	C:\WINDOWS\System32\MSCTF.dll
0x00007ffe29370000 - 0x00007ffe294c7000 	C:\WINDOWS\System32\ole32.dll
0x00007ffe26570000 - 0x00007ffe2659d000 	C:\WINDOWS\system32\DWMAPI.DLL
0x00007ffe19e40000 - 0x00007ffe19f96000 	C:\WINDOWS\system32\opengl32.dll
0x00007ffe21ff0000 - 0x00007ffe2201c000 	C:\WINDOWS\SYSTEM32\GLU32.dll
0x00007ffe26cd0000 - 0x00007ffe26cf0000 	C:\WINDOWS\SYSTEM32\dxcore.dll
0x0000000073b80000 - 0x0000000073bc7000 	C:\Program Files\Java\jdk1.8.0_161\jre\bin\fontmanager.dll
0x00007ffe2b040000 - 0x00007ffe2b0e2000 	C:\WINDOWS\System32\clbcatq.dll
0x00007ffe1ade0000 - 0x00007ffe1af8f000 	C:\WINDOWS\SYSTEM32\WindowsCodecs.dll
0x00007ffe1f480000 - 0x00007ffe1f4ba000 	C:\WINDOWS\system32\dataexchange.dll
0x00007ffe24e50000 - 0x00007ffe250ab000 	C:\WINDOWS\system32\d3d11.dll
0x00007ffe255f0000 - 0x00007ffe257cc000 	C:\WINDOWS\system32\dcomp.dll
0x00007ffe26d60000 - 0x00007ffe26e4b000 	C:\WINDOWS\system32\dxgi.dll
0x00007ffe26100000 - 0x00007ffe2635a000 	C:\WINDOWS\system32\twinapi.appcore.dll
0x00007ffe26540000 - 0x00007ffe26569000 	C:\WINDOWS\system32\RMCLIENT.dll
0x0000000073b30000 - 0x0000000073b72000 	C:\Program Files\Java\jdk1.8.0_161\jre\bin\t2k.dll
0x00007ffe1b580000 - 0x00007ffe1b61e000 	C:\WINDOWS\System32\TextInputFramework.dll
0x00007ffe1bad0000 - 0x00007ffe1bdfa000 	C:\WINDOWS\System32\CoreUIComponents.dll
0x00007ffe25510000 - 0x00007ffe255e4000 	C:\WINDOWS\System32\CoreMessaging.dll
0x00007ffe270c0000 - 0x00007ffe270f1000 	C:\WINDOWS\SYSTEM32\ntmarta.dll
0x00007ffe23430000 - 0x00007ffe23583000 	C:\WINDOWS\SYSTEM32\wintypes.dll
0x00007ffe1cca0000 - 0x00007ffe1cf46000 	C:\WINDOWS\System32\iertutil.dll
0x00000000637c0000 - 0x00000000637ca000 	C:\Users\Lenovo\AppData\Local\Temp\jogamp.tmp.cache_000000\jln7180206378779136744\jln1575192669582544463\gluegen-rt.dll
0x0000000073b20000 - 0x0000000073b27000 	C:\Program Files\Java\jdk1.8.0_161\jre\bin\jawt.dll
0x000000006a440000 - 0x000000006a44b000 	C:\Users\Lenovo\AppData\Local\Temp\jogamp.tmp.cache_000000\jln7180206378779136744\jln1575192669582544463\nativewindow_awt.dll
0x000000006c100000 - 0x000000006c10b000 	C:\Users\Lenovo\AppData\Local\Temp\jogamp.tmp.cache_000000\jln7180206378779136744\jln1575192669582544463\nativewindow_win32.dll
0x0000000064500000 - 0x000000006458d000 	C:\Users\Lenovo\AppData\Local\Temp\jogamp.tmp.cache_000000\jln7180206378779136744\jln1575192669582544463\jogl_desktop.dll
0x00007ffde85f0000 - 0x00007ffde94f9000 	C:\WINDOWS\System32\DriverStore\FileRepository\iigd_dch.inf_amd64_3c82703a0fbed0ab\ig9icd64.dll
0x00007ffe17220000 - 0x00007ffe173c0000 	C:\WINDOWS\System32\DriverStore\FileRepository\iigd_dch.inf_amd64_3c82703a0fbed0ab\igdgmm64.dll
0x00007ffe14960000 - 0x00007ffe16d5c000 	C:\WINDOWS\System32\DriverStore\FileRepository\iigd_dch.inf_amd64_3c82703a0fbed0ab\igc64.dll
0x0000000073ae0000 - 0x0000000073b11000 	C:\Program Files\Java\jdk1.8.0_161\jre\bin\jpeg.dll
0x00007ffdf1ec0000 - 0x00007ffdf1faf000 	C:\Users\Lenovo\.javacpp\cache\opencv-3.1.0-1.3-windows-x86_64.jar\org\bytedeco\javacpp\windows-x86_64\msvcr120.dll
0x00007ffdef6e0000 - 0x00007ffdef786000 	C:\Users\Lenovo\.javacpp\cache\opencv-3.1.0-1.3-windows-x86_64.jar\org\bytedeco\javacpp\windows-x86_64\msvcp120.dll
0x00007ffdedb70000 - 0x00007ffdeddea000 	C:\Users\Lenovo\.javacpp\cache\opencv-3.1.0-1.3-windows-x86_64.jar\org\bytedeco\javacpp\windows-x86_64\opencv_core310.dll
0x00007ffded820000 - 0x00007ffdedb62000 	C:\Users\Lenovo\.javacpp\cache\opencv-3.1.0-1.3-windows-x86_64.jar\org\bytedeco\javacpp\windows-x86_64\opencv_imgproc310.dll
0x0000000031b10000 - 0x0000000031d37000 	C:\Users\Lenovo\.javacpp\cache\opencv-3.1.0-1.3-windows-x86_64.jar\org\bytedeco\javacpp\windows-x86_64\jniopencv_core.dll
0x00007ffdef5f0000 - 0x00007ffdef6dd000 	C:\Users\Lenovo\.javacpp\cache\opencv-3.1.0-1.3-windows-x86_64.jar\org\bytedeco\javacpp\windows-x86_64\jniopencv_imgproc.dll
0x00007ffdea2b0000 - 0x00007ffdea579000 	C:\Users\Lenovo\.javacpp\cache\opencv-3.1.0-1.3-windows-x86_64.jar\org\bytedeco\javacpp\windows-x86_64\opencv_imgcodecs310.dll
0x00007ffe22df0000 - 0x00007ffe22e15000 	C:\Users\Lenovo\.javacpp\cache\opencv-3.1.0-1.3-windows-x86_64.jar\org\bytedeco\javacpp\windows-x86_64\jniopencv_imgcodecs.dll
0x00007ffe21610000 - 0x00007ffe21663000 	C:\Users\Lenovo\.javacpp\cache\opencv-3.1.0-1.3-windows-x86_64.jar\org\bytedeco\javacpp\windows-x86_64\opencv_videoio310.dll
0x00007ffe22e30000 - 0x00007ffe22e59000 	C:\WINDOWS\SYSTEM32\MSVFW32.dll
0x00007ffe21c90000 - 0x00007ffe21cb0000 	C:\WINDOWS\SYSTEM32\AVIFIL32.dll
0x00007ffe215f0000 - 0x00007ffe21608000 	C:\WINDOWS\SYSTEM32\AVICAP32.dll
0x00007ffe12da0000 - 0x00007ffe12dbc000 	C:\WINDOWS\SYSTEM32\MSACM32.dll
0x00007ffe1c5c0000 - 0x00007ffe1c5d7000 	C:\Users\Lenovo\.javacpp\cache\opencv-3.1.0-1.3-windows-x86_64.jar\org\bytedeco\javacpp\windows-x86_64\jniopencv_videoio.dll
0x00007ffe1c0f0000 - 0x00007ffe1c108000 	C:\Windows\System32\devenum.dll
0x00007ffe2a0d0000 - 0x00007ffe2a540000 	C:\WINDOWS\System32\setupapi.dll
0x00007ffe27e60000 - 0x00007ffe27e8a000 	C:\WINDOWS\SYSTEM32\DEVOBJ.dll
0x00007ffe28130000 - 0x00007ffe2818c000 	C:\WINDOWS\System32\WINTRUST.dll
0x00007ffe28070000 - 0x00007ffe28082000 	C:\WINDOWS\System32\MSASN1.dll
0x00007ffe284c0000 - 0x00007ffe28609000 	C:\WINDOWS\System32\CRYPT32.dll
0x00007ffe236f0000 - 0x00007ffe236fb000 	C:\WINDOWS\SYSTEM32\msdmo.dll
0x00007ffe12480000 - 0x00007ffe124b4000 	C:\Windows\System32\qcap.dll
0x00007ffdea0e0000 - 0x00007ffdea2a4000 	C:\Windows\System32\quartz.dll
0x00007ffe12370000 - 0x00007ffe123bc000 	C:\Windows\System32\mfksproxy.dll
0x00007ffe1c600000 - 0x00007ffe1c61c000 	C:\Windows\System32\ATL.DLL
0x00007ffe1efb0000 - 0x00007ffe1f1aa000 	C:\Windows\System32\MFPlat.DLL
0x00007ffe1f400000 - 0x00007ffe1f42f000 	C:\Windows\System32\RTWorkQ.DLL
0x00007ffde9cf0000 - 0x00007ffdea0dc000 	C:\Windows\System32\MFCORE.dll
0x00007ffe13ad0000 - 0x00007ffe13ad9000 	C:\Windows\System32\ksuser.dll
0x00007ffe009f0000 - 0x00007ffe00a45000 	C:\Windows\System32\FSClient.dll
0x00007ffdf3190000 - 0x00007ffdf31ec000 	C:\Windows\System32\MFSENSORGROUP.dll
0x00007ffe22020000 - 0x00007ffe2202a000 	C:\Windows\System32\AVRT.dll
0x0000000073ab0000 - 0x0000000073ada000 	C:\Program Files\Java\jdk1.8.0_161\jre\bin\dcpr.dll
0x00007ffe22e20000 - 0x00007ffe22e2d000 	C:\Windows\System32\vidcap.ax
0x00007ffe00890000 - 0x00007ffe008b6000 	C:\Windows\System32\kswdmcap.ax
0x00007ffde9920000 - 0x00007ffde9a82000 	C:\Windows\System32\MFC42.dll
0x00007ffdeaf50000 - 0x00007ffdeb089000 	C:\Windows\System32\MFReadWrite.dll
0x00007ffdef000000 - 0x00007ffdef0a1000 	C:\Windows\System32\qedit.dll
0x00007ffe2a680000 - 0x00007ffe2a750000 	C:\WINDOWS\System32\COMDLG32.dll
0x00007ffe191c0000 - 0x00007ffe19363000 	C:\WINDOWS\WinSxS\amd64_microsoft.windows.gdiplus_6595b64144ccf1df_1.1.18362.778_none_17b1aa466d9fc986\gdiplus.dll
0x00007ffe00d80000 - 0x00007ffe00e77000 	C:\Windows\System32\DDRAW.dll

VM Arguments:
jvm_args: -Dfile.encoding=GBK 
java_command: ME.sample.Frame
java_class_path (initial): D:\Users\Lenovo\eclipse-workspace\DETA_YLJ1.5.9\target\classes;D:\Users\Lenovo\eclipse-workspace\DETA_YLJ1.5.9\lib\bssm.jar;D:\Users\Lenovo\eclipse-workspace\DETA_YLJ1.5.9\lib\commons-math-2.1.jar;D:\Users\Lenovo\eclipse-workspace\DETA_YLJ1.5.9\lib\commons-math3-3.0.jar;D:\Users\Lenovo\eclipse-workspace\DETA_YLJ1.5.9\lib\customizer.jar;D:\Users\Lenovo\eclipse-workspace\DETA_YLJ1.5.9\lib\ffmpeg-3.2.1-1.3-windows-x86_64.jar;D:\Users\Lenovo\eclipse-workspace\DETA_YLJ1.5.9\lib\ffmpeg-platform-3.2.1-1.3.jar;D:\Users\Lenovo\eclipse-workspace\DETA_YLJ1.5.9\lib;D:\Users\Lenovo\eclipse-workspace\DETA_YLJ1.5.9\lib\flandmark-1.07-1.3.jar;D:\Users\Lenovo\eclipse-workspace\DETA_YLJ1.5.9\lib\flandmark-platform-1.07-1.3.jar;D:\Users\Lenovo\eclipse-workspace\DETA_YLJ1.5.9\lib\flycapture-2.9.3.43-1.3-windows-x86_64.jar;D:\Users\Lenovo\eclipse-workspace\DETA_YLJ1.5.9\lib\flycapture-2.9.3.43-1.3.jar;D:\Users\Lenovo\eclipse-workspace\DETA_YLJ1.5.9\lib\flycapture-platform-2.9.3.43-1.3.jar;D:\Users\Lenovo\eclipse-workspace\DETA_YLJ1.5.9\lib\gluegen-rt.jar;D:\Users\Lenovo\eclipse-workspace\DETA_YLJ1.5.9\lib\gluegen.jar;D:\Users\Lenovo\eclipse-workspace\DETA_YLJ1.5.9\lib\gnujaxp.jar;D:\Users\Lenovo\eclipse-workspace\DETA_YLJ1.5.9\lib\icam.jar;D:\Users\Lenovo\eclipse-workspace\DETA_YLJ1.5.9\lib\iText-2.1.5.jar;D:\Users\Lenovo\eclipse-workspace\DETA_YLJ1.5.9\lib\javabuilder.jar;D:\Users\Lenovo\eclipse-workspace\DETA_YLJ1.5.9\lib\javacpp-1.3.jar;D:\Users\Lenovo\eclipse-workspace\DETA_YLJ1.5.9\lib\javacv-platform-1.3.jar;D:\Users\Lenovo\eclipse-workspace\DETA_YLJ1.5.9\lib\jcommon-1.0.16.jar;D:\Users\Lenovo\eclipse-workspace\DETA_YLJ1.5.9\lib\jfreechart-1.0.13-experimental.jar;D:\Users\Lenovo\eclipse-workspace\DETA_YLJ1.5.9\lib\jfreechart-1.0.13-swt.jar;D:\Users\Lenovo\eclipse-workspace\DETA_YLJ1.5.9\lib\jfreechart-1.0.13.jar;D:\Users\Lenovo\eclipse-workspace\DETA_YLJ1.5.9\lib\jmf.jar;D:\Users\Lenovo\eclipse-workspace\DETA_YLJ1.5.9\lib\jogl.all.jar;D:\Users\Lenovo\e
Launcher Type: SUN_STANDARD

Environment Variables:
PATH=C:/Program Files/Java/jre1.8.0_161/bin/server;C:/Program Files/Java/jre1.8.0_161/bin;C:/Program Files/Java/jre1.8.0_161/lib/amd64;C:\ProgramData\Oracle\Java\javapath;C:\Program Files (x86)\Intel\Intel(R) Management Engine Components\iCLS\;C:\Program Files\Intel\Intel(R) Management Engine Components\iCLS\;C:\Windows\system32;C:\Windows;C:\Windows\System32\Wbem;C:\Windows\System32\WindowsPowerShell\v1.0\;C:\Windows\System32\OpenSSH\;C:\Program Files (x86)\Intel\Intel(R) Management Engine Components\DAL;C:\Program Files\Intel\Intel(R) Management Engine Components\DAL;C:\Program Files (x86)\Intel\Intel(R) Management Engine Components\IPT;C:\Program Files\Intel\Intel(R) Management Engine Components\IPT;C:\Program Files (x86)\NVIDIA Corporation\PhysX\Common;C:\Program Files\Java\jdk1.8.0_161\bin;C:\Program Files\Java\jre1.8.0_161\bin;C:\Program Files\NVIDIA Corporation\NVIDIA NvDLISR;C:\WINDOWS\system32;C:\WINDOWS;C:\WINDOWS\System32\Wbem;C:\WINDOWS\System32\WindowsPowerShell\v1.0\;C:\WINDOWS\System32\OpenSSH\;D:\jdk\64\6.1.9\bin;D:\jdk\64\6.1.9;C:\Users\Lenovo\AppData\Local\Microsoft\WindowsApps;;C:\Users\Lenovo\Desktop\ZHUOMIAN;
USERNAME=Lenovo
OS=Windows_NT
PROCESSOR_IDENTIFIER=Intel64 Family 6 Model 158 Stepping 10, GenuineIntel



---------------  S Y S T E M  ---------------

OS: Windows 10.0 , 64 bit Build 18362 (10.0.18362.778)

CPU:total 8 (initial active 8) (4 cores per cpu, 2 threads per core) family 6 model 158 stepping 10, cmov, cx8, fxsr, mmx, sse, sse2, sse3, ssse3, sse4.1, sse4.2, popcnt, avx, avx2, aes, clmul, erms, 3dnowpref, lzcnt, ht, tsc, tscinvbit, bmi1, bmi2, adx

Memory: 4k page, physical 16648500k(8794352k free), swap 17697076k(7397028k free)

vm_info: Java HotSpot(TM) 64-Bit Server VM (25.161-b12) for windows-amd64 JRE (1.8.0_161-b12), built on Dec 19 2017 17:52:25 by "java_re" with MS VC++ 10.0 (VS2010)

time: Mon Nov 16 06:20:15 2020
elapsed time: 81 seconds (0d 0h 1m 21s)

