#
# A fatal error has been detected by the Java Runtime Environment:
#
#  EXCEPTION_ACCESS_VIOLATION (0xc0000005) at pc=0x00007ffde66197d0, pid=9860, tid=0x0000000000003ef8
#
# JRE version: Java(TM) SE Runtime Environment (8.0_161-b12) (build 1.8.0_161-b12)
# Java VM: Java HotSpot(TM) 64-Bit Server VM (25.161-b12 mixed mode windows-amd64 compressed oops)
# Problematic frame:
# C  [ig9icd64.dll+0x1497d0]
#
# Failed to write core dump. Minidumps are not enabled by default on client versions of Windows
#
# If you would like to submit a bug report, please visit:
#   http://bugreport.java.com/bugreport/crash.jsp
# The crash happened outside the Java Virtual Machine in native code.
# See problematic frame for where to report the bug.
#

---------------  T H R E A D  ---------------

Current thread (0x000000001ffd4000):  JavaThread "AWT-EventQueue-0" [_thread_in_native, id=16120, stack(0x0000000022070000,0x0000000022170000)]

siginfo: ExceptionCode=0xc0000005, reading address 0x00000000fcda53e0

Registers:
RAX=0x0000000000000000, RBX=0x000000002216cd70, RCX=0x0000000000000000, RDX=0x00000000fcda53e0
RSP=0x000000002216cbe0, RBP=0x0000000000000013, RSI=0x000000002992b000, RDI=0x000000002992b000
R8 =0x00000000000000b4, R9 =0x0000000000000001, R10=0x0000000000000000, R11=0x000000002216d390
R12=0x00000000000001c1, R13=0x000000002992b000, R14=0x00000000000000b4, R15=0x00007ffde64d0000
RIP=0x00007ffde66197d0, EFLAGS=0x0000000000010202

Top of Stack: (sp=0x000000002216cbe0)
0x000000002216cbe0:   4040000000000000 0000000000000000
0x000000002216cbf0:   3fe6666660000000 0000000000000000
0x000000002216cc00:   00000000fcda53e0 00007ffde698ae00
0x000000002216cc10:   4000554040000280 0000000000000001
0x000000002216cc20:   000000002216d020 0000000000000000
0x000000002216cc30:   0000000000000000 00007ffde698d4bc
0x000000002216cc40:   000000002216cd40 0000000000000010
0x000000002216cc50:   000000002216d020 0000000000000001
0x000000002216cc60:   0000000025bd002a 00007ffd00000001
0x000000002216cc70:   000000002392dbe0 00007ffde6511400
0x000000002216cc80:   00008cfecfc2ff1d 0000000000000050
0x000000002216cc90:   0000000000000001 000000002216cdd8
0x000000002216cca0:   000000002216cf80 0000000025950680
0x000000002216ccb0:   00000000323f7a40 0000000000000000
0x000000002216ccc0:   0000000000000000 00007ffde69dbbdd
0x000000002216ccd0:   0000000000bb6b90 0000000000000000 

Instructions: (pc=0x00007ffde66197d0)
0x00007ffde66197b0:   e7 07 48 83 c7 10 49 3b c2 72 e5 e9 ab 00 00 00
0x00007ffde66197c0:   4d 85 c9 74 6c 66 66 66 0f 1f 84 00 00 00 00 00
0x00007ffde66197d0:   f3 0f 6f 02 41 ff c2 f3 0f 6f 4a 10 f3 0f 6f 52
0x00007ffde66197e0:   20 f3 0f 6f 5a 30 f3 0f 6f 62 40 f3 0f 6f 6a 50 


Register to memory mapping:

RAX=0x0000000000000000 is an unknown value
RBX=0x000000002216cd70 is pointing into the stack for thread: 0x000000001ffd4000
RCX=0x0000000000000000 is an unknown value
RDX=0x00000000fcda53e0 is an unknown value
RSP=0x000000002216cbe0 is pointing into the stack for thread: 0x000000001ffd4000
RBP=0x0000000000000013 is an unknown value
RSI=0x000000002992b000 is an unknown value
RDI=0x000000002992b000 is an unknown value
R8 =0x00000000000000b4 is an unknown value
R9 =0x0000000000000001 is an unknown value
R10=0x0000000000000000 is an unknown value
R11=0x000000002216d390 is pointing into the stack for thread: 0x000000001ffd4000
R12=0x00000000000001c1 is an unknown value
R13=0x000000002992b000 is an unknown value
R14=0x00000000000000b4 is an unknown value
R15=0x00007ffde64d0000 is an unknown value


Stack: [0x0000000022070000,0x0000000022170000],  sp=0x000000002216cbe0,  free space=1010k
Native frames: (J=compiled Java code, j=interpreted, Vv=VM code, C=native code)
C  [ig9icd64.dll+0x1497d0]
C  [ig9icd64.dll+0x4bae00]
C  [ig9icd64.dll+0x4bd4bc]
C  [ig9icd64.dll+0x4c280d]
C  [ig9icd64.dll+0x9e02cc]
C  [ig9icd64.dll+0x96a1b6]
C  [opengl32.dll+0x31e95]
C  0x0000000002d5813a

Java frames: (J=compiled Java code, j=interpreted, Vv=VM code)
J 4802  jogamp.opengl.gl4.GL4bcImpl.dispatch_glDrawPixels1(IIIILjava/lang/Object;IZJ)V (0 bytes) @ 0x0000000002d580bc [0x0000000002d58040+0x7c]
J 4773 C1 jogamp.opengl.gl4.GL4bcImpl.glDrawPixels(IIIILjava/nio/Buffer;)V (109 bytes) @ 0x0000000003c18a44 [0x0000000003c18480+0x5c4]
J 4855 C1 biProcessor.coAuthorForWord.drawWords([II[DFIILjava/util/Map;Ljava/util/Map;)V (1493 bytes) @ 0x0000000003ccb1b4 [0x0000000003cc3920+0x7894]
J 4814 C2 biProcessor.coAuthorForWord.drawWords([II[DFIILjava/util/Map;Ljava/util/Map;)V (1493 bytes) @ 0x0000000003cab460 [0x0000000003ca60e0+0x5380]
J 4814 C2 biProcessor.coAuthorForWord.drawWords([II[DFIILjava/util/Map;Ljava/util/Map;)V (1493 bytes) @ 0x0000000003cab460 [0x0000000003ca60e0+0x5380]
J 4612 C1 biProcessor.coAuthorForWord.display(Ljavax/media/opengl/GLAutoDrawable;)V (248 bytes) @ 0x000000000375d844 [0x000000000375c900+0xf44]
J 4611 C1 jogamp.opengl.GLDrawableHelper.displayImpl(Ljavax/media/opengl/GLAutoDrawable;)V (69 bytes) @ 0x00000000038b9a2c [0x00000000038b95c0+0x46c]
J 4536 C1 javax.media.opengl.awt.GLCanvas$6.run()V (122 bytes) @ 0x0000000003b3faa4 [0x0000000003b3f620+0x484]
J 4842 C1 jogamp.opengl.GLDrawableHelper.invokeGLImpl(Ljavax/media/opengl/GLDrawable;Ljavax/media/opengl/GLContext;Ljava/lang/Runnable;Ljava/lang/Runnable;Ljavax/media/opengl/GLAutoDrawable;)V (420 bytes) @ 0x0000000003c9c6dc [0x0000000003c9b9e0+0xcfc]
J 4841 C1 jogamp.opengl.GLDrawableHelper.invokeGL(Ljavax/media/opengl/GLDrawable;Ljavax/media/opengl/GLContext;Ljava/lang/Runnable;Ljava/lang/Runnable;)V (90 bytes) @ 0x000000000346ea04 [0x000000000346e900+0x104]
J 4610 C1 javax.media.opengl.awt.GLCanvas$8.run()V (39 bytes) @ 0x0000000003372274 [0x00000000033720c0+0x1b4]
J 1514 C1 java.awt.event.InvocationEvent.dispatch()V (69 bytes) @ 0x0000000003154dcc [0x0000000003154c80+0x14c]
J 3404 C1 java.awt.EventQueue.dispatchEventImpl(Ljava/awt/AWTEvent;Ljava/lang/Object;)V (149 bytes) @ 0x0000000002da2ed4 [0x0000000002da12c0+0x1c14]
J 1476 C1 java.awt.EventQueue$3.run()Ljava/lang/Void; (60 bytes) @ 0x00000000031185b4 [0x0000000003118380+0x234]
J 1475 C1 java.awt.EventQueue$3.run()Ljava/lang/Object; (5 bytes) @ 0x00000000031110d4 [0x0000000003111040+0x94]
v  ~StubRoutines::call_stub
J 618  java.security.AccessController.doPrivileged(Ljava/security/PrivilegedAction;Ljava/security/AccessControlContext;)Ljava/lang/Object; (0 bytes) @ 0x0000000002f198e6 [0x0000000002f19880+0x66]
J 1411 C1 java.awt.EventQueue.dispatchEvent(Ljava/awt/AWTEvent;)V (80 bytes) @ 0x0000000002f0e084 [0x0000000002f0d6c0+0x9c4]
J 1413 C1 java.awt.EventDispatchThread.pumpOneEventForFilters(I)V (295 bytes) @ 0x00000000030f30d4 [0x00000000030f14a0+0x1c34]
j  java.awt.EventDispatchThread.pumpEventsForFilter(ILjava/awt/Conditional;Ljava/awt/EventFilter;)V+35
j  java.awt.EventDispatchThread.pumpEventsForHierarchy(ILjava/awt/Conditional;Ljava/awt/Component;)V+11
j  java.awt.EventDispatchThread.pumpEvents(ILjava/awt/Conditional;)V+4
j  java.awt.EventDispatchThread.pumpEvents(Ljava/awt/Conditional;)V+3
j  java.awt.EventDispatchThread.run()V+9
v  ~StubRoutines::call_stub

---------------  P R O C E S S  ---------------

Java Threads: ( => current thread )
  0x0000000020c0a000 JavaThread "Thread-42" [_thread_blocked, id=11668, stack(0x0000000035320000,0x0000000035420000)]
  0x0000000020c06000 JavaThread "Thread-41" [_thread_blocked, id=15928, stack(0x0000000035430000,0x0000000035530000)]
  0x0000000020c08000 JavaThread "Timer-0" [_thread_blocked, id=8336, stack(0x00000000325d0000,0x00000000326d0000)]
  0x0000000020c05000 JavaThread "DestroyJavaVM" [_thread_blocked, id=15936, stack(0x0000000002820000,0x0000000002920000)]
  0x0000000026c68800 JavaThread "JavaCPP Deallocator" daemon [_thread_blocked, id=14536, stack(0x0000000033880000,0x0000000033980000)]
  0x0000000026c69800 JavaThread "Thread-14" [_thread_blocked, id=8672, stack(0x0000000024430000,0x0000000024530000)]
  0x0000000026c66800 JavaThread "Thread-6-SharedResourceRunner" daemon [_thread_blocked, id=1096, stack(0x0000000028800000,0x0000000028900000)]
  0x0000000025ddc000 JavaThread "Thread-10" [_thread_in_native, id=528, stack(0x0000000026dd0000,0x0000000026ed0000)]
  0x000000002413c000 JavaThread "Thread-9" [_thread_in_native, id=6360, stack(0x0000000026cd0000,0x0000000026dd0000)]
  0x000000001ff5e000 JavaThread "Thread-2" [_thread_in_native, id=5028, stack(0x0000000023160000,0x0000000023260000)]
=>0x000000001ffd4000 JavaThread "AWT-EventQueue-0" [_thread_in_native, id=16120, stack(0x0000000022070000,0x0000000022170000)]
  0x000000001f42a800 JavaThread "AWT-Shutdown" [_thread_blocked, id=9180, stack(0x0000000021f70000,0x0000000022070000)]
  0x000000001f42b800 JavaThread "AWT-Windows" daemon [_thread_in_native, id=15904, stack(0x0000000021310000,0x0000000021410000)]
  0x000000001f0ff800 JavaThread "Java2D Disposer" daemon [_thread_blocked, id=5488, stack(0x0000000020f10000,0x0000000021010000)]
  0x000000001f0ae000 JavaThread "TimerQueue" daemon [_thread_blocked, id=3888, stack(0x0000000020e10000,0x0000000020f10000)]
  0x000000001f11f000 JavaThread "Service Thread" daemon [_thread_blocked, id=6548, stack(0x000000001fb90000,0x000000001fc90000)]
  0x000000001f08c800 JavaThread "C1 CompilerThread3" daemon [_thread_blocked, id=12572, stack(0x000000001fa90000,0x000000001fb90000)]
  0x000000001f08c000 JavaThread "C2 CompilerThread2" daemon [_thread_blocked, id=14484, stack(0x000000001f990000,0x000000001fa90000)]
  0x000000001f08b000 JavaThread "C2 CompilerThread1" daemon [_thread_blocked, id=14604, stack(0x000000001f890000,0x000000001f990000)]
  0x000000001e90f000 JavaThread "C2 CompilerThread0" daemon [_thread_in_native, id=4968, stack(0x000000001f790000,0x000000001f890000)]
  0x000000001e5de800 JavaThread "JDWP Command Reader" daemon [_thread_in_native, id=572, stack(0x000000001ee90000,0x000000001ef90000)]
  0x000000001e5dd800 JavaThread "JDWP Event Helper Thread" daemon [_thread_blocked, id=14732, stack(0x000000001ed90000,0x000000001ee90000)]
  0x000000001e5dc000 JavaThread "JDWP Transport Listener: dt_socket" daemon [_thread_blocked, id=996, stack(0x000000001ec90000,0x000000001ed90000)]
  0x000000001e5c2000 JavaThread "Attach Listener" daemon [_thread_blocked, id=10184, stack(0x000000001eb90000,0x000000001ec90000)]
  0x000000001e5c1800 JavaThread "Signal Dispatcher" daemon [_thread_blocked, id=14344, stack(0x000000001ea90000,0x000000001eb90000)]
  0x0000000002c3d800 JavaThread "Finalizer" daemon [_thread_blocked, id=14156, stack(0x000000001e930000,0x000000001ea30000)]
  0x000000001c64d800 JavaThread "Reference Handler" daemon [_thread_blocked, id=14704, stack(0x000000001e430000,0x000000001e530000)]

Other Threads:
  0x000000001c648800 VMThread [stack: 0x000000001e330000,0x000000001e430000] [id=12796]
  0x000000001e92e800 WatcherThread [stack: 0x000000001fc90000,0x000000001fd90000] [id=10244]

VM state:not at safepoint (normal execution)

VM Mutex/Monitor currently owned by a thread: None

Heap:
 PSYoungGen      total 1287168K, used 1233459K [0x000000076b500000, 0x00000007c0000000, 0x00000007c0000000)
  eden space 1191424K, 99% used [0x000000076b500000,0x00000007b351e9e0,0x00000007b4080000)
  from space 95744K, 56% used [0x00000007b4080000,0x00000007b74ee478,0x00000007b9e00000)
  to   space 95232K, 0% used [0x00000007ba300000,0x00000007ba300000,0x00000007c0000000)
 ParOldGen       total 443392K, used 370998K [0x00000006c1e00000, 0x00000006dcf00000, 0x000000076b500000)
  object space 443392K, 83% used [0x00000006c1e00000,0x00000006d884d880,0x00000006dcf00000)
 Metaspace       used 29528K, capacity 29888K, committed 30080K, reserved 1075200K
  class space    used 3798K, capacity 3907K, committed 3968K, reserved 1048576K

Card table byte_map: [0x0000000012000000,0x0000000012800000] byte_map_base: 0x000000000e9f1000

Marking Bits: (ParMarkBitMap*) 0x00000000743cf860
 Begin Bits: [0x0000000013550000, 0x00000000174d8000)
 End Bits:   [0x00000000174d8000, 0x000000001b460000)

Polling page: 0x0000000002920000

CodeCache: size=245760Kb used=16864Kb max_used=16879Kb free=228895Kb
 bounds [0x0000000002c40000, 0x0000000003ce0000, 0x0000000011c40000]
 total_blobs=4794 nmethods=3878 adapters=834
 compilation: enabled

Compilation events (10 events):
Event: 96.678 Thread 0x000000001f08c800 nmethod 4855 0x0000000003cc2dd0 code [0x0000000003cc3920, 0x0000000003ccd098]
Event: 96.705 Thread 0x000000001f08c000 4856   !   4       sun.font.GlyphList::getInstance (50 bytes)
Event: 96.705 Thread 0x000000001f08b000 4857       4       sun.font.GlyphList::dispose (45 bytes)
Event: 96.706 Thread 0x000000001f08b000 nmethod 4857 0x000000000340ea90 code [0x000000000340ebc0, 0x000000000340ec78]
Event: 96.706 Thread 0x000000001f08c000 nmethod 4856 0x000000000340e550 code [0x000000000340e6a0, 0x000000000340e918]
Event: 96.770 Thread 0x000000001e90f000 4858       4       biProcessor.coAuthorForWord::drawWords (1493 bytes)
Event: 96.874 Thread 0x000000001f08b000 4859   !   4       sun.font.TrueTypeFont::checkUseNatives (316 bytes)
Event: 96.878 Thread 0x000000001f08b000 nmethod 4859 0x0000000003377a90 code [0x0000000003377c00, 0x0000000003378098]
Event: 96.893 Thread 0x000000001f08c000 4860       4       sun.font.TrueTypeGlyphMapper::charToGlyph (54 bytes)
Event: 96.906 Thread 0x000000001f08c000 nmethod 4860 0x0000000003c95e10 code [0x0000000003c95fe0, 0x0000000003c96cf8]

GC Heap History (10 events):
Event: 83.879 GC heap before
{Heap before GC invocations=59 (full 4):
 PSYoungGen      total 1243648K, used 1243594K [0x000000076b500000, 0x00000007c0000000, 0x00000007c0000000)
  eden space 1190912K, 100% used [0x000000076b500000,0x00000007b4000000,0x00000007b4000000)
  from space 52736K, 99% used [0x00000007bcc80000,0x00000007bfff2908,0x00000007c0000000)
  to   space 98304K, 0% used [0x00000007b4000000,0x00000007b4000000,0x00000007ba000000)
 ParOldGen       total 443392K, used 370958K [0x00000006c1e00000, 0x00000006dcf00000, 0x000000076b500000)
  object space 443392K, 83% used [0x00000006c1e00000,0x00000006d8843880,0x00000006dcf00000)
 Metaspace       used 29210K, capacity 29536K, committed 29824K, reserved 1075200K
  class space    used 3792K, capacity 3875K, committed 3968K, reserved 1048576K
Event: 83.892 GC heap after
Heap after GC invocations=59 (full 4):
 PSYoungGen      total 1289216K, used 48337K [0x000000076b500000, 0x00000007c0000000, 0x00000007c0000000)
  eden space 1190912K, 0% used [0x000000076b500000,0x000000076b500000,0x00000007b4000000)
  from space 98304K, 49% used [0x00000007b4000000,0x00000007b6f34420,0x00000007ba000000)
  to   space 97280K, 0% used [0x00000007ba100000,0x00000007ba100000,0x00000007c0000000)
 ParOldGen       total 443392K, used 370966K [0x00000006c1e00000, 0x00000006dcf00000, 0x000000076b500000)
  object space 443392K, 83% used [0x00000006c1e00000,0x00000006d8845880,0x00000006dcf00000)
 Metaspace       used 29210K, capacity 29536K, committed 29824K, reserved 1075200K
  class space    used 3792K, capacity 3875K, committed 3968K, reserved 1048576K
}
Event: 86.349 GC heap before
{Heap before GC invocations=60 (full 4):
 PSYoungGen      total 1289216K, used 1239249K [0x000000076b500000, 0x00000007c0000000, 0x00000007c0000000)
  eden space 1190912K, 100% used [0x000000076b500000,0x00000007b4000000,0x00000007b4000000)
  from space 98304K, 49% used [0x00000007b4000000,0x00000007b6f34420,0x00000007ba000000)
  to   space 97280K, 0% used [0x00000007ba100000,0x00000007ba100000,0x00000007c0000000)
 ParOldGen       total 443392K, used 370966K [0x00000006c1e00000, 0x00000006dcf00000, 0x000000076b500000)
  object space 443392K, 83% used [0x00000006c1e00000,0x00000006d8845880,0x00000006dcf00000)
 Metaspace       used 29302K, capacity 29600K, committed 29824K, reserved 1075200K
  class space    used 3792K, capacity 3875K, committed 3968K, reserved 1048576K
Event: 86.363 GC heap after
Heap after GC invocations=60 (full 4):
 PSYoungGen      total 1288192K, used 55096K [0x000000076b500000, 0x00000007c0000000, 0x00000007c0000000)
  eden space 1190912K, 0% used [0x000000076b500000,0x000000076b500000,0x00000007b4000000)
  from space 97280K, 56% used [0x00000007ba100000,0x00000007bd6ce2b0,0x00000007c0000000)
  to   space 98304K, 0% used [0x00000007b4000000,0x00000007b4000000,0x00000007ba000000)
 ParOldGen       total 443392K, used 370974K [0x00000006c1e00000, 0x00000006dcf00000, 0x000000076b500000)
  object space 443392K, 83% used [0x00000006c1e00000,0x00000006d8847880,0x00000006dcf00000)
 Metaspace       used 29302K, capacity 29600K, committed 29824K, reserved 1075200K
  class space    used 3792K, capacity 3875K, committed 3968K, reserved 1048576K
}
Event: 89.246 GC heap before
{Heap before GC invocations=61 (full 4):
 PSYoungGen      total 1288192K, used 1246008K [0x000000076b500000, 0x00000007c0000000, 0x00000007c0000000)
  eden space 1190912K, 100% used [0x000000076b500000,0x00000007b4000000,0x00000007b4000000)
  from space 97280K, 56% used [0x00000007ba100000,0x00000007bd6ce2b0,0x00000007c0000000)
  to   space 98304K, 0% used [0x00000007b4000000,0x00000007b4000000,0x00000007ba000000)
 ParOldGen       total 443392K, used 370974K [0x00000006c1e00000, 0x00000006dcf00000, 0x000000076b500000)
  object space 443392K, 83% used [0x00000006c1e00000,0x00000006d8847880,0x00000006dcf00000)
 Metaspace       used 29307K, capacity 29600K, committed 29824K, reserved 1075200K
  class space    used 3792K, capacity 3875K, committed 3968K, reserved 1048576K
Event: 89.261 GC heap after
Heap after GC invocations=61 (full 4):
 PSYoungGen      total 1289216K, used 52660K [0x000000076b500000, 0x00000007c0000000, 0x00000007c0000000)
  eden space 1190912K, 0% used [0x000000076b500000,0x000000076b500000,0x00000007b4000000)
  from space 98304K, 53% used [0x00000007b4000000,0x00000007b736d200,0x00000007ba000000)
  to   space 97792K, 0% used [0x00000007ba080000,0x00000007ba080000,0x00000007c0000000)
 ParOldGen       total 443392K, used 370982K [0x00000006c1e00000, 0x00000006dcf00000, 0x000000076b500000)
  object space 443392K, 83% used [0x00000006c1e00000,0x00000006d8849880,0x00000006dcf00000)
 Metaspace       used 29307K, capacity 29600K, committed 29824K, reserved 1075200K
  class space    used 3792K, capacity 3875K, committed 3968K, reserved 1048576K
}
Event: 92.375 GC heap before
{Heap before GC invocations=62 (full 4):
 PSYoungGen      total 1289216K, used 1243572K [0x000000076b500000, 0x00000007c0000000, 0x00000007c0000000)
  eden space 1190912K, 100% used [0x000000076b500000,0x00000007b4000000,0x00000007b4000000)
  from space 98304K, 53% used [0x00000007b4000000,0x00000007b736d200,0x00000007ba000000)
  to   space 97792K, 0% used [0x00000007ba080000,0x00000007ba080000,0x00000007c0000000)
 ParOldGen       total 443392K, used 370982K [0x00000006c1e00000, 0x00000006dcf00000, 0x000000076b500000)
  object space 443392K, 83% used [0x00000006c1e00000,0x00000006d8849880,0x00000006dcf00000)
 Metaspace       used 29342K, capacity 29664K, committed 30080K, reserved 1075200K
  class space    used 3792K, capacity 3875K, committed 3968K, reserved 1048576K
Event: 92.392 GC heap after
Heap after GC invocations=62 (full 4):
 PSYoungGen      total 1284608K, used 49532K [0x000000076b500000, 0x00000007bfb80000, 0x00000007c0000000)
  eden space 1191424K, 0% used [0x000000076b500000,0x000000076b500000,0x00000007b4080000)
  from space 93184K, 53% used [0x00000007ba080000,0x00000007bd0df000,0x00000007bfb80000)
  to   space 95744K, 0% used [0x00000007b4080000,0x00000007b4080000,0x00000007b9e00000)
 ParOldGen       total 443392K, used 370990K [0x00000006c1e00000, 0x00000006dcf00000, 0x000000076b500000)
  object space 443392K, 83% used [0x00000006c1e00000,0x00000006d884b880,0x00000006dcf00000)
 Metaspace       used 29342K, capacity 29664K, committed 30080K, reserved 1075200K
  class space    used 3792K, capacity 3875K, committed 3968K, reserved 1048576K
}
Event: 94.924 GC heap before
{Heap before GC invocations=63 (full 4):
 PSYoungGen      total 1284608K, used 1240956K [0x000000076b500000, 0x00000007bfb80000, 0x00000007c0000000)
  eden space 1191424K, 100% used [0x000000076b500000,0x00000007b4080000,0x00000007b4080000)
  from space 93184K, 53% used [0x00000007ba080000,0x00000007bd0df000,0x00000007bfb80000)
  to   space 95744K, 0% used [0x00000007b4080000,0x00000007b4080000,0x00000007b9e00000)
 ParOldGen       total 443392K, used 370990K [0x00000006c1e00000, 0x00000006dcf00000, 0x000000076b500000)
  object space 443392K, 83% used [0x00000006c1e00000,0x00000006d884b880,0x00000006dcf00000)
 Metaspace       used 29505K, capacity 29824K, committed 30080K, reserved 1075200K
  class space    used 3798K, capacity 3907K, committed 3968K, reserved 1048576K
Event: 94.938 GC heap after
Heap after GC invocations=63 (full 4):
 PSYoungGen      total 1287168K, used 53689K [0x000000076b500000, 0x00000007c0000000, 0x00000007c0000000)
  eden space 1191424K, 0% used [0x000000076b500000,0x000000076b500000,0x00000007b4080000)
  from space 95744K, 56% used [0x00000007b4080000,0x00000007b74ee478,0x00000007b9e00000)
  to   space 95232K, 0% used [0x00000007ba300000,0x00000007ba300000,0x00000007c0000000)
 ParOldGen       total 443392K, used 370998K [0x00000006c1e00000, 0x00000006dcf00000, 0x000000076b500000)
  object space 443392K, 83% used [0x00000006c1e00000,0x00000006d884d880,0x00000006dcf00000)
 Metaspace       used 29505K, capacity 29824K, committed 30080K, reserved 1075200K
  class space    used 3798K, capacity 3907K, committed 3968K, reserved 1048576K
}

Deoptimization events (10 events):
Event: 93.034 Thread 0x000000001ffd4000 Uncommon trap: reason=class_check action=maybe_recompile pc=0x00000000038c92cc method=javax.swing.text.ParagraphView.findEdgeSpan(Ljavax/swing/text/View;IIII)F @ 15
Event: 93.034 Thread 0x000000001ffd4000 Uncommon trap: reason=class_check action=maybe_recompile pc=0x000000000398a048 method=javax.swing.text.GlyphView.getStartOffset()I @ 13
Event: 93.034 Thread 0x000000001ffd4000 Uncommon trap: reason=class_check action=maybe_recompile pc=0x000000000398a048 method=javax.swing.text.GlyphView.getStartOffset()I @ 13
Event: 93.034 Thread 0x000000001ffd4000 Uncommon trap: reason=class_check action=maybe_recompile pc=0x000000000372c998 method=javax.swing.text.GlyphView.getStartOffset()I @ 13
Event: 93.037 Thread 0x000000001ffd4000 Uncommon trap: reason=unstable_if action=reinterpret pc=0x000000000363ef3c method=javax.swing.text.Utilities.getTabbedTextOffset(Ljavax/swing/text/View;Ljavax/swing/text/Segment;Ljava/awt/FontMetrics;IILjavax/swing/text/TabExpander;IZ[I)I @ 292
Event: 93.040 Thread 0x000000001ffd4000 Uncommon trap: reason=unstable_if action=reinterpret pc=0x00000000039c1fcc method=javax.swing.RepaintManager.addDirtyRegion0(Ljava/awt/Container;IIII)V @ 7
Event: 93.478 Thread 0x000000001ffd4000 Uncommon trap: reason=class_check action=maybe_recompile pc=0x00000000030c10d8 method=java.awt.Container.getMouseEventTargetImpl(IIZLjava/awt/Container$EventTargetFilter;ZZ)Ljava/awt/Component; @ 64
Event: 93.765 Thread 0x000000001ffd4000 Uncommon trap: reason=class_check action=maybe_recompile pc=0x00000000030c10d8 method=java.awt.Container.getMouseEventTargetImpl(IIZLjava/awt/Container$EventTargetFilter;ZZ)Ljava/awt/Component; @ 64
Event: 94.607 Thread 0x000000001ffd4000 Uncommon trap: reason=unstable_if action=reinterpret pc=0x0000000003c5b368 method=biProcessor.coAuthorForWord.drawWords([II[DFIILjava/util/Map;Ljava/util/Map;)V @ 435
Event: 96.662 Thread 0x000000001ffd4000 Uncommon trap: reason=unstable_if action=reinterpret pc=0x0000000003cae174 method=biProcessor.coAuthorForWord.drawWords([II[DFIILjava/util/Map;Ljava/util/Map;)V @ 387

Classes redefined (0 events):
No events

Internal exceptions (10 events):
Event: 68.906 Thread 0x000000001ffd4000 Implicit null exception at 0x0000000003372928 to 0x0000000003374549
Event: 73.888 Thread 0x000000001f1a2000 Exception <a 'java/lang/InterruptedException'> (0x000000078eff71a0) thrown at [C:\re\workspace\8-2-build-windows-amd64-cygwin\jdk8u161\10277\hotspot\src\share\vm\runtime\objectMonitor.cpp, line 1684]
Event: 74.130 Thread 0x0000000002b45800 Implicit null exception at 0x00000000031e2181 to 0x00000000031e313d
Event: 74.296 Thread 0x0000000020c05000 Implicit null exception at 0x000000000385d248 to 0x000000000385dfe5
Event: 74.543 Thread 0x0000000020c03000 Implicit null exception at 0x0000000002e019db to 0x0000000002e02f61
Event: 74.912 Thread 0x000000001f1a2000 Exception <a 'java/lang/reflect/InvocationTargetException'> (0x00000007755280a0) thrown at [C:\re\workspace\8-2-build-windows-amd64-cygwin\jdk8u161\10277\hotspot\src\share\vm\runtime\reflection.cpp, line 1092]
Event: 74.955 Thread 0x0000000026c64000 Implicit null exception at 0x00000000031d9b48 to 0x00000000031da38d
Event: 93.019 Thread 0x000000001ffd4000 Implicit null exception at 0x00000000035b3723 to 0x00000000035b38ef
Event: 93.019 Thread 0x000000001ffd4000 Exception <a 'java/lang/NullPointerException'> (0x000000077b1f3e18) thrown at [C:\re\workspace\8-2-build-windows-amd64-cygwin\jdk8u161\10277\hotspot\src\share\vm\runtime\sharedRuntime.cpp, line 605]
Event: 96.662 Thread 0x000000001ffd4000 Implicit null exception at 0x0000000003ca776a to 0x0000000003cae13d

Events (10 events):
Event: 96.894 Thread 0x000000001ffd4000 DEOPT PACKING pc=0x0000000003ccc92c sp=0x000000002216d4b0
Event: 96.895 Thread 0x000000001ffd4000 DEOPT UNPACKING pc=0x0000000002c87890 sp=0x000000002216d360 mode 0
Event: 96.908 Thread 0x000000001ffd4000 DEOPT PACKING pc=0x0000000003ccc92c sp=0x000000002216d4b0
Event: 96.908 Thread 0x000000001ffd4000 DEOPT UNPACKING pc=0x0000000002c87890 sp=0x000000002216d360 mode 0
Event: 96.915 Thread 0x000000001ffd4000 DEOPT PACKING pc=0x0000000003ccc92c sp=0x000000002216d4b0
Event: 96.915 Thread 0x000000001ffd4000 DEOPT UNPACKING pc=0x0000000002c87890 sp=0x000000002216d360 mode 0
Event: 96.923 Thread 0x000000001ffd4000 DEOPT PACKING pc=0x0000000003ccc92c sp=0x000000002216d4b0
Event: 96.923 Thread 0x000000001ffd4000 DEOPT UNPACKING pc=0x0000000002c87890 sp=0x000000002216d360 mode 0
Event: 96.937 Thread 0x000000001ffd4000 DEOPT PACKING pc=0x0000000003ccc92c sp=0x000000002216d4b0
Event: 96.937 Thread 0x000000001ffd4000 DEOPT UNPACKING pc=0x0000000002c87890 sp=0x000000002216d360 mode 0


Dynamic libraries:
0x00007ff615bb0000 - 0x00007ff615be7000 	C:\Program Files\Java\jdk1.8.0_161\jre\bin\javaw.exe
0x00007ffe2b1a0000 - 0x00007ffe2b390000 	C:\WINDOWS\SYSTEM32\ntdll.dll
0x00007ffe237d0000 - 0x00007ffe237e3000 	D:\Program Files\AVAST Software\Avast\aswhook.dll
0x00007ffe2aa50000 - 0x00007ffe2ab02000 	C:\WINDOWS\System32\KERNEL32.DLL
0x00007ffe281e0000 - 0x00007ffe28483000 	C:\WINDOWS\System32\KERNELBASE.dll
0x00007ffe2a750000 - 0x00007ffe2a7f3000 	C:\WINDOWS\System32\ADVAPI32.dll
0x00007ffe29c60000 - 0x00007ffe29cfe000 	C:\WINDOWS\System32\msvcrt.dll
0x00007ffe2ab90000 - 0x00007ffe2ac27000 	C:\WINDOWS\System32\sechost.dll
0x00007ffe29250000 - 0x00007ffe29370000 	C:\WINDOWS\System32\RPCRT4.dll
0x00007ffe2adf0000 - 0x00007ffe2af84000 	C:\WINDOWS\System32\USER32.dll
0x00007ffe29220000 - 0x00007ffe29241000 	C:\WINDOWS\System32\win32u.dll
0x00007ffe2aa20000 - 0x00007ffe2aa46000 	C:\WINDOWS\System32\GDI32.dll
0x00007ffe287b0000 - 0x00007ffe28944000 	C:\WINDOWS\System32\gdi32full.dll
0x00007ffe28610000 - 0x00007ffe286ae000 	C:\WINDOWS\System32\msvcp_win.dll
0x00007ffe286b0000 - 0x00007ffe287aa000 	C:\WINDOWS\System32\ucrtbase.dll
0x00007ffe143a0000 - 0x00007ffe14625000 	C:\WINDOWS\WinSxS\amd64_microsoft.windows.common-controls_6595b64144ccf1df_6.0.18362.778_none_e6c6b761130d4fb8\COMCTL32.dll
0x00007ffe29d90000 - 0x00007ffe2a0c6000 	C:\WINDOWS\System32\combase.dll
0x00007ffe290d0000 - 0x00007ffe29150000 	C:\WINDOWS\System32\bcryptPrimitives.dll
0x00007ffe29d60000 - 0x00007ffe29d8e000 	C:\WINDOWS\System32\IMM32.DLL
0x0000000074450000 - 0x0000000074522000 	C:\Program Files\Java\jdk1.8.0_161\jre\bin\msvcr100.dll
0x0000000073bb0000 - 0x000000007444f000 	C:\Program Files\Java\jdk1.8.0_161\jre\bin\server\jvm.dll
0x00007ffe2ade0000 - 0x00007ffe2ade8000 	C:\WINDOWS\System32\PSAPI.DLL
0x00007ffe1dbc0000 - 0x00007ffe1dbc9000 	C:\WINDOWS\SYSTEM32\WSOCK32.dll
0x00007ffe2a950000 - 0x00007ffe2a9bf000 	C:\WINDOWS\System32\WS2_32.dll
0x00007ffe1c900000 - 0x00007ffe1c924000 	C:\WINDOWS\SYSTEM32\WINMM.dll
0x00007ffe22030000 - 0x00007ffe2203a000 	C:\WINDOWS\SYSTEM32\VERSION.dll
0x00007ffe1c8d0000 - 0x00007ffe1c8fd000 	C:\WINDOWS\SYSTEM32\WINMMBASE.dll
0x00007ffe28190000 - 0x00007ffe281da000 	C:\WINDOWS\System32\cfgmgr32.dll
0x00000000750a0000 - 0x00000000750af000 	C:\Program Files\Java\jdk1.8.0_161\jre\bin\verify.dll
0x0000000075070000 - 0x0000000075099000 	C:\Program Files\Java\jdk1.8.0_161\jre\bin\java.dll
0x0000000075030000 - 0x0000000075065000 	C:\Program Files\Java\jdk1.8.0_161\jre\bin\jdwp.dll
0x0000000073ba0000 - 0x0000000073ba8000 	C:\Program Files\Java\jdk1.8.0_161\jre\bin\npt.dll
0x0000000073b70000 - 0x0000000073b93000 	C:\Program Files\Java\jdk1.8.0_161\jre\bin\instrument.dll
0x0000000073b50000 - 0x0000000073b66000 	C:\Program Files\Java\jdk1.8.0_161\jre\bin\zip.dll
0x00007ffe294d0000 - 0x00007ffe29bb5000 	C:\WINDOWS\System32\SHELL32.dll
0x00007ffe2af90000 - 0x00007ffe2b039000 	C:\WINDOWS\System32\shcore.dll
0x00007ffe28950000 - 0x00007ffe290d0000 	C:\WINDOWS\System32\windows.storage.dll
0x00007ffe280b0000 - 0x00007ffe280d3000 	C:\WINDOWS\System32\profapi.dll
0x00007ffe280e0000 - 0x00007ffe2812a000 	C:\WINDOWS\System32\powrprof.dll
0x00007ffe28060000 - 0x00007ffe28070000 	C:\WINDOWS\System32\UMPDC.dll
0x00007ffe29d00000 - 0x00007ffe29d52000 	C:\WINDOWS\System32\shlwapi.dll
0x00007ffe28090000 - 0x00007ffe280a1000 	C:\WINDOWS\System32\kernel.appcore.dll
0x00007ffe29150000 - 0x00007ffe29167000 	C:\WINDOWS\System32\cryptsp.dll
0x0000000073b40000 - 0x0000000073b49000 	C:\Program Files\Java\jdk1.8.0_161\jre\bin\dt_socket.dll
0x00007ffe0df00000 - 0x00007ffe0df16000 	C:\WINDOWS\system32\napinsp.dll
0x00007ffe0c1c0000 - 0x00007ffe0c1da000 	C:\WINDOWS\system32\pnrpnsp.dll
0x00007ffe278d0000 - 0x00007ffe27937000 	C:\WINDOWS\System32\mswsock.dll
0x00007ffe275c0000 - 0x00007ffe2768a000 	C:\WINDOWS\SYSTEM32\DNSAPI.dll
0x00007ffe2a610000 - 0x00007ffe2a618000 	C:\WINDOWS\System32\NSI.dll
0x00007ffe27580000 - 0x00007ffe275ba000 	C:\WINDOWS\SYSTEM32\IPHLPAPI.DLL
0x00007ffe09f30000 - 0x00007ffe09f3e000 	C:\WINDOWS\System32\winrnr.dll
0x00007ffe243b0000 - 0x00007ffe243cc000 	C:\WINDOWS\system32\NLAapi.dll
0x00007ffe09f10000 - 0x00007ffe09f25000 	C:\WINDOWS\system32\wshbth.dll
0x00007ffe20650000 - 0x00007ffe206c7000 	C:\WINDOWS\System32\fwpuclnt.dll
0x00007ffe28490000 - 0x00007ffe284b6000 	C:\WINDOWS\System32\bcrypt.dll
0x00007ffe1eda0000 - 0x00007ffe1edaa000 	C:\Windows\System32\rasadhlp.dll
0x00007ffe273e0000 - 0x00007ffe27413000 	C:\WINDOWS\system32\rsaenh.dll
0x00007ffe27f80000 - 0x00007ffe27fa5000 	C:\WINDOWS\SYSTEM32\USERENV.dll
0x00007ffe27aa0000 - 0x00007ffe27aac000 	C:\WINDOWS\SYSTEM32\CRYPTBASE.dll
0x0000000073b20000 - 0x0000000073b3a000 	C:\Program Files\Java\jdk1.8.0_161\jre\bin\net.dll
0x00007ffe20d90000 - 0x00007ffe20da6000 	C:\WINDOWS\SYSTEM32\dhcpcsvc6.DLL
0x00007ffe21a70000 - 0x00007ffe21a8c000 	C:\WINDOWS\SYSTEM32\dhcpcsvc.DLL
0x0000000073b00000 - 0x0000000073b11000 	C:\Program Files\Java\jdk1.8.0_161\jre\bin\nio.dll
0x0000000073960000 - 0x0000000073af8000 	C:\Program Files\Java\jdk1.8.0_161\jre\bin\awt.dll
0x00007ffe2a540000 - 0x00007ffe2a604000 	C:\WINDOWS\System32\OLEAUT32.dll
0x00007ffe25eb0000 - 0x00007ffe25f3f000 	C:\WINDOWS\SYSTEM32\apphelp.dll
0x00007ffe26040000 - 0x00007ffe260d9000 	C:\WINDOWS\system32\uxtheme.dll
0x00007ffe2a800000 - 0x00007ffe2a936000 	C:\WINDOWS\System32\MSCTF.dll
0x00007ffe29370000 - 0x00007ffe294c7000 	C:\WINDOWS\System32\ole32.dll
0x00007ffe26570000 - 0x00007ffe2659d000 	C:\WINDOWS\system32\DWMAPI.DLL
0x00007ffe19bc0000 - 0x00007ffe19d16000 	C:\WINDOWS\system32\opengl32.dll
0x00007ffe1ee80000 - 0x00007ffe1eeac000 	C:\WINDOWS\SYSTEM32\GLU32.dll
0x00007ffe26cd0000 - 0x00007ffe26cf0000 	C:\WINDOWS\SYSTEM32\dxcore.dll
0x0000000073910000 - 0x0000000073957000 	C:\Program Files\Java\jdk1.8.0_161\jre\bin\fontmanager.dll
0x00007ffe1b580000 - 0x00007ffe1b61e000 	C:\WINDOWS\System32\TextInputFramework.dll
0x00007ffe1bad0000 - 0x00007ffe1bdfa000 	C:\WINDOWS\System32\CoreUIComponents.dll
0x00007ffe25510000 - 0x00007ffe255e4000 	C:\WINDOWS\System32\CoreMessaging.dll
0x00007ffe270c0000 - 0x00007ffe270f1000 	C:\WINDOWS\SYSTEM32\ntmarta.dll
0x00007ffe23430000 - 0x00007ffe23583000 	C:\WINDOWS\SYSTEM32\wintypes.dll
0x00007ffe1cca0000 - 0x00007ffe1cf46000 	C:\WINDOWS\System32\iertutil.dll
0x00007ffe2b040000 - 0x00007ffe2b0e2000 	C:\WINDOWS\System32\clbcatq.dll
0x00007ffe1ade0000 - 0x00007ffe1af8f000 	C:\WINDOWS\SYSTEM32\WindowsCodecs.dll
0x00007ffe0e8e0000 - 0x00007ffe0e91a000 	C:\WINDOWS\system32\dataexchange.dll
0x00007ffe24e50000 - 0x00007ffe250ab000 	C:\WINDOWS\system32\d3d11.dll
0x00007ffe255f0000 - 0x00007ffe257cc000 	C:\WINDOWS\system32\dcomp.dll
0x00007ffe26d60000 - 0x00007ffe26e4b000 	C:\WINDOWS\system32\dxgi.dll
0x00007ffe26100000 - 0x00007ffe2635a000 	C:\WINDOWS\system32\twinapi.appcore.dll
0x00007ffe26540000 - 0x00007ffe26569000 	C:\WINDOWS\system32\RMCLIENT.dll
0x00000000738c0000 - 0x0000000073902000 	C:\Program Files\Java\jdk1.8.0_161\jre\bin\t2k.dll
0x00000000637c0000 - 0x00000000637ca000 	C:\Users\Lenovo\AppData\Local\Temp\jogamp.tmp.cache_000000\jln2922804791190867424\jln5045795177366856677\gluegen-rt.dll
0x00000000738b0000 - 0x00000000738b7000 	C:\Program Files\Java\jdk1.8.0_161\jre\bin\jawt.dll
0x000000006a440000 - 0x000000006a44b000 	C:\Users\Lenovo\AppData\Local\Temp\jogamp.tmp.cache_000000\jln2922804791190867424\jln5045795177366856677\nativewindow_awt.dll
0x000000006c100000 - 0x000000006c10b000 	C:\Users\Lenovo\AppData\Local\Temp\jogamp.tmp.cache_000000\jln2922804791190867424\jln5045795177366856677\nativewindow_win32.dll
0x0000000064500000 - 0x000000006458d000 	C:\Users\Lenovo\AppData\Local\Temp\jogamp.tmp.cache_000000\jln2922804791190867424\jln5045795177366856677\jogl_desktop.dll
0x00007ffde64d0000 - 0x00007ffde73d9000 	C:\WINDOWS\System32\DriverStore\FileRepository\iigd_dch.inf_amd64_3c82703a0fbed0ab\ig9icd64.dll
0x00007ffe21730000 - 0x00007ffe218d0000 	C:\WINDOWS\System32\DriverStore\FileRepository\iigd_dch.inf_amd64_3c82703a0fbed0ab\igdgmm64.dll
0x00007ffe14960000 - 0x00007ffe16d5c000 	C:\WINDOWS\System32\DriverStore\FileRepository\iigd_dch.inf_amd64_3c82703a0fbed0ab\igc64.dll
0x00007ffdf5470000 - 0x00007ffdf555f000 	C:\Users\Lenovo\.javacpp\cache\opencv-3.1.0-1.3-windows-x86_64.jar\org\bytedeco\javacpp\windows-x86_64\msvcr120.dll
0x00007ffe1bf70000 - 0x00007ffe1c016000 	C:\Users\Lenovo\.javacpp\cache\opencv-3.1.0-1.3-windows-x86_64.jar\org\bytedeco\javacpp\windows-x86_64\msvcp120.dll
0x00007ffded980000 - 0x00007ffdedbfa000 	C:\Users\Lenovo\.javacpp\cache\opencv-3.1.0-1.3-windows-x86_64.jar\org\bytedeco\javacpp\windows-x86_64\opencv_core310.dll
0x00007ffdece40000 - 0x00007ffded182000 	C:\Users\Lenovo\.javacpp\cache\opencv-3.1.0-1.3-windows-x86_64.jar\org\bytedeco\javacpp\windows-x86_64\opencv_imgproc310.dll
0x00007ffdecc10000 - 0x00007ffdece37000 	C:\Users\Lenovo\.javacpp\cache\opencv-3.1.0-1.3-windows-x86_64.jar\org\bytedeco\javacpp\windows-x86_64\jniopencv_core.dll
0x00007ffded890000 - 0x00007ffded97d000 	C:\Users\Lenovo\.javacpp\cache\opencv-3.1.0-1.3-windows-x86_64.jar\org\bytedeco\javacpp\windows-x86_64\jniopencv_imgproc.dll
0x00007ffdec300000 - 0x00007ffdec5c9000 	C:\Users\Lenovo\.javacpp\cache\opencv-3.1.0-1.3-windows-x86_64.jar\org\bytedeco\javacpp\windows-x86_64\opencv_imgcodecs310.dll
0x00007ffe1e120000 - 0x00007ffe1e145000 	C:\Users\Lenovo\.javacpp\cache\opencv-3.1.0-1.3-windows-x86_64.jar\org\bytedeco\javacpp\windows-x86_64\jniopencv_imgcodecs.dll
0x00007ffe1e0c0000 - 0x00007ffe1e113000 	C:\Users\Lenovo\.javacpp\cache\opencv-3.1.0-1.3-windows-x86_64.jar\org\bytedeco\javacpp\windows-x86_64\opencv_videoio310.dll
0x00007ffe1c100000 - 0x00007ffe1c129000 	C:\WINDOWS\SYSTEM32\MSVFW32.dll
0x00007ffe1bf50000 - 0x00007ffe1bf70000 	C:\WINDOWS\SYSTEM32\AVIFIL32.dll
0x00007ffe1b8d0000 - 0x00007ffe1b8e8000 	C:\WINDOWS\SYSTEM32\AVICAP32.dll
0x00007ffe1edc0000 - 0x00007ffe1eddc000 	C:\WINDOWS\SYSTEM32\MSACM32.dll
0x00007ffe17080000 - 0x00007ffe17097000 	C:\Users\Lenovo\.javacpp\cache\opencv-3.1.0-1.3-windows-x86_64.jar\org\bytedeco\javacpp\windows-x86_64\jniopencv_videoio.dll
0x00007ffe17060000 - 0x00007ffe17078000 	C:\Windows\System32\devenum.dll
0x00007ffe2a0d0000 - 0x00007ffe2a540000 	C:\WINDOWS\System32\setupapi.dll
0x00007ffe27e60000 - 0x00007ffe27e8a000 	C:\WINDOWS\SYSTEM32\DEVOBJ.dll
0x00007ffe28130000 - 0x00007ffe2818c000 	C:\WINDOWS\System32\WINTRUST.dll
0x00007ffe28070000 - 0x00007ffe28082000 	C:\WINDOWS\System32\MSASN1.dll
0x00007ffe284c0000 - 0x00007ffe28609000 	C:\WINDOWS\System32\CRYPT32.dll
0x00007ffe24430000 - 0x00007ffe2443b000 	C:\WINDOWS\SYSTEM32\msdmo.dll
0x00007ffe14360000 - 0x00007ffe14394000 	C:\Windows\System32\qcap.dll
0x00007ffdeb5c0000 - 0x00007ffdeb784000 	C:\Windows\System32\quartz.dll
0x00007ffe14310000 - 0x00007ffe1435c000 	C:\Windows\System32\mfksproxy.dll
0x00007ffe018f0000 - 0x00007ffe0190c000 	C:\Windows\System32\ATL.DLL
0x00007ffe1efb0000 - 0x00007ffe1f1aa000 	C:\Windows\System32\MFPlat.DLL
0x00007ffe1f400000 - 0x00007ffe1f42f000 	C:\Windows\System32\RTWorkQ.DLL
0x00007ffde8bd0000 - 0x00007ffde8fbc000 	C:\Windows\System32\MFCORE.dll
0x00007ffe24420000 - 0x00007ffe24429000 	C:\Windows\System32\ksuser.dll
0x00007ffe049c0000 - 0x00007ffe04a15000 	C:\Windows\System32\FSClient.dll
0x00007ffe00a60000 - 0x00007ffe00abc000 	C:\Windows\System32\MFSENSORGROUP.dll

VM Arguments:
jvm_args: -agentlib:jdwp=transport=dt_socket,suspend=y,address=localhost:49696 -javaagent:D:\Users\Lenovo\eclipse\jee-2019-03\eclipse\configuration\org.eclipse.osgi\409\0\.cp\lib\javaagent-shaded.jar -Dfile.encoding=GBK 
java_command: ME.sample.Frame
java_class_path (initial): D:\Users\Lenovo\eclipse-workspace\DETA_YLJ1.5.9\target\classes;D:\Users\Lenovo\eclipse-workspace\DETA_YLJ1.5.9\lib\bssm.jar;D:\Users\Lenovo\eclipse-workspace\DETA_YLJ1.5.9\lib\commons-math-2.1.jar;D:\Users\Lenovo\eclipse-workspace\DETA_YLJ1.5.9\lib\commons-math3-3.0.jar;D:\Users\Lenovo\eclipse-workspace\DETA_YLJ1.5.9\lib\customizer.jar;D:\Users\Lenovo\eclipse-workspace\DETA_YLJ1.5.9\lib\ffmpeg-3.2.1-1.3-windows-x86_64.jar;D:\Users\Lenovo\eclipse-workspace\DETA_YLJ1.5.9\lib\ffmpeg-platform-3.2.1-1.3.jar;D:\Users\Lenovo\eclipse-workspace\DETA_YLJ1.5.9\lib;D:\Users\Lenovo\eclipse-workspace\DETA_YLJ1.5.9\lib\flandmark-1.07-1.3.jar;D:\Users\Lenovo\eclipse-workspace\DETA_YLJ1.5.9\lib\flandmark-platform-1.07-1.3.jar;D:\Users\Lenovo\eclipse-workspace\DETA_YLJ1.5.9\lib\flycapture-2.9.3.43-1.3-windows-x86_64.jar;D:\Users\Lenovo\eclipse-workspace\DETA_YLJ1.5.9\lib\flycapture-2.9.3.43-1.3.jar;D:\Users\Lenovo\eclipse-workspace\DETA_YLJ1.5.9\lib\flycapture-platform-2.9.3.43-1.3.jar;D:\Users\Lenovo\eclipse-workspace\DETA_YLJ1.5.9\lib\gluegen-rt.jar;D:\Users\Lenovo\eclipse-workspace\DETA_YLJ1.5.9\lib\gluegen.jar;D:\Users\Lenovo\eclipse-workspace\DETA_YLJ1.5.9\lib\gnujaxp.jar;D:\Users\Lenovo\eclipse-workspace\DETA_YLJ1.5.9\lib\icam.jar;D:\Users\Lenovo\eclipse-workspace\DETA_YLJ1.5.9\lib\iText-2.1.5.jar;D:\Users\Lenovo\eclipse-workspace\DETA_YLJ1.5.9\lib\javabuilder.jar;D:\Users\Lenovo\eclipse-workspace\DETA_YLJ1.5.9\lib\javacpp-1.3.jar;D:\Users\Lenovo\eclipse-workspace\DETA_YLJ1.5.9\lib\javacv-platform-1.3.jar;D:\Users\Lenovo\eclipse-workspace\DETA_YLJ1.5.9\lib\jcommon-1.0.16.jar;D:\Users\Lenovo\eclipse-workspace\DETA_YLJ1.5.9\lib\jfreechart-1.0.13-experimental.jar;D:\Users\Lenovo\eclipse-workspace\DETA_YLJ1.5.9\lib\jfreechart-1.0.13-swt.jar;D:\Users\Lenovo\eclipse-workspace\DETA_YLJ1.5.9\lib\jfreechart-1.0.13.jar;D:\Users\Lenovo\eclipse-workspace\DETA_YLJ1.5.9\lib\jmf.jar;D:\Users\Lenovo\eclipse-workspace\DETA_YLJ1.5.9\lib\jogl.all.jar;D:\Users\Lenovo\e
Launcher Type: SUN_STANDARD

Environment Variables:
PATH=C:\Program Files\Java\jdk1.8.0_161\jre\bin;C:/Program Files/Java/jre1.8.0_161/bin/server;C:/Program Files/Java/jre1.8.0_161/bin;C:/Program Files/Java/jre1.8.0_161/lib/amd64;C:\ProgramData\Oracle\Java\javapath;C:\Program Files (x86)\Intel\Intel(R) Management Engine Components\iCLS\;C:\Program Files\Intel\Intel(R) Management Engine Components\iCLS\;C:\Windows\system32;C:\Windows;C:\Windows\System32\Wbem;C:\Windows\System32\WindowsPowerShell\v1.0\;C:\Windows\System32\OpenSSH\;C:\Program Files (x86)\Intel\Intel(R) Management Engine Components\DAL;C:\Program Files\Intel\Intel(R) Management Engine Components\DAL;C:\Program Files (x86)\Intel\Intel(R) Management Engine Components\IPT;C:\Program Files\Intel\Intel(R) Management Engine Components\IPT;C:\Program Files (x86)\NVIDIA Corporation\PhysX\Common;C:\Program Files\Java\jdk1.8.0_161\bin;C:\Program Files\Java\jre1.8.0_161\bin;C:\Program Files\NVIDIA Corporation\NVIDIA NvDLISR;C:\WINDOWS\system32;C:\WINDOWS;C:\WINDOWS\System32\Wbem;C:\WINDOWS\System32\WindowsPowerShell\v1.0\;C:\WINDOWS\System32\OpenSSH\;D:\jdk\64\6.1.9\bin;D:\jdk\64\6.1.9;C:\Users\Lenovo\AppData\Local\Microsoft\WindowsApps;;C:\Users\Lenovo\Desktop\ZHUOMIAN;
USERNAME=Lenovo
OS=Windows_NT
PROCESSOR_IDENTIFIER=Intel64 Family 6 Model 158 Stepping 10, GenuineIntel



---------------  S Y S T E M  ---------------

OS: Windows 10.0 , 64 bit Build 18362 (10.0.18362.778)

CPU:total 8 (initial active 8) (4 cores per cpu, 2 threads per core) family 6 model 158 stepping 10, cmov, cx8, fxsr, mmx, sse, sse2, sse3, ssse3, sse4.1, sse4.2, popcnt, avx, avx2, aes, clmul, erms, 3dnowpref, lzcnt, ht, tsc, tscinvbit, bmi1, bmi2, adx

Memory: 4k page, physical 16648500k(7648040k free), swap 17697076k(7013408k free)

vm_info: Java HotSpot(TM) 64-Bit Server VM (25.161-b12) for windows-amd64 JRE (1.8.0_161-b12), built on Dec 19 2017 17:52:25 by "java_re" with MS VC++ 10.0 (VS2010)

time: Tue Nov 17 04:47:35 2020
elapsed time: 97 seconds (0d 0h 1m 37s)

