#
# A fatal error has been detected by the Java Runtime Environment:
#
#  Internal Error (0xc000000d), pid=46288, tid=0x000000000000afa0
#
# JRE version: Java(TM) SE Runtime Environment (8.0_161-b12) (build 1.8.0_161-b12)
# Java VM: Java HotSpot(TM) 64-Bit Server VM (25.161-b12 mixed mode windows-amd64 compressed oops)
# Problematic frame:
# C  [ntdll.dll+0x10f1e0]
#
# Failed to write core dump. Minidumps are not enabled by default on client versions of Windows
#
# If you would like to submit a bug report, please visit:
#   http://bugreport.java.com/bugreport/crash.jsp
#

---------------  T H R E A D  ---------------

Current thread (0x000000001bed8000):  VMThread [stack: 0x000000001dbb0000,0x000000001dcb0000] [id=44960]

siginfo: ExceptionCode=0xc000000d

Registers:
RAX=0x00007ffc73003e4d, RBX=0x00000000275cb600, RCX=0x0000000022865020, RDX=0x0000000000001525
RSP=0x000000001dcae920, RBP=0x0000000037d978c0, RSI=0x0000000037d97af8, RDI=0x0000000037d10230
R8 =0x00007ffc7d7e65d3, R9 =0x0000000002013870, R10=0x00007ffc7d7f3550, R11=0x0000000000001001
R12=0x0000000000000000, R13=0x0000000000000000, R14=0x0000000037c6f640, R15=0x0000000037ce7db0
RIP=0x00007ffc7d8af1e0, EFLAGS=0x0000000000000206

Top of Stack: (sp=0x000000001dcae920)
0x000000001dcae920:   0000000000000057 00000000275cb600
0x000000001dcae930:   0000000037d97af8 0000000000000000
0x000000001dcae940:   00000000c000000d 0000000000000000
0x000000001dcae950:   00007ffc7d8af1e0 0000000000000000
0x000000001dcae960:   0000000000000000 0000000000000000
0x000000001dcae970:   0000000000000000 0000000000000000
0x000000001dcae980:   0000000000000000 0000000000000000
0x000000001dcae990:   0000000000000000 0000000000000000
0x000000001dcae9a0:   0000000000000000 0000000000000000
0x000000001dcae9b0:   0000000000000000 0000000000000000
0x000000001dcae9c0:   0000000000000000 0000000000000000
0x000000001dcae9d0:   0000000000000000 00000000300eff40
0x000000001dcae9e0:   0000f088ac5a2b2a 00007ffc7c994170
0x000000001dcae9f0:   0000000000000000 00007ffc7d7d653b
0x000000001dcaea00:   00000000000018a0 00007ffc7a754975
0x000000001dcaea10:   00007ffc7c994170 0000000000000001 

Instructions: (pc=0x00007ffc7d8af1e0)
0x00007ffc7d8af1c0:   3d f9 ff c7 44 24 20 0d 00 00 c0 b9 57 00 00 00
0x00007ffc7d8af1d0:   e8 3b 43 f4 ff 90 48 8d 4c 24 20 e8 90 ac f5 ff
0x00007ffc7d8af1e0:   eb 00 48 8b 8c 24 c0 00 00 00 48 33 cc e8 3e cf
0x00007ffc7d8af1f0:   f7 ff 48 81 c4 d8 00 00 00 c3 40 55 48 83 ec 20 


Register to memory mapping:

RAX=0x00007ffc73003e4d is an unknown value
RBX=0x00000000275cb600 is an unknown value
RCX=0x0000000022865020 is an unknown value
RDX=0x0000000000001525 is an unknown value
RSP=0x000000001dcae920 is an unknown value
RBP=0x0000000037d978c0 is an unknown value
RSI=0x0000000037d97af8 is an unknown value
RDI=0x0000000037d10230 is an unknown value
R8 =0x00007ffc7d7e65d3 is an unknown value
R9 =0x0000000002013870 is an unknown value
R10=0x00007ffc7d7f3550 is an unknown value
R11=0x0000000000001001 is an unknown value
R12=0x0000000000000000 is an unknown value
R13=0x0000000000000000 is an unknown value
R14=0x0000000037c6f640 is an unknown value
R15=0x0000000037ce7db0 is an unknown value


Stack: [0x000000001dbb0000,0x000000001dcb0000],  sp=0x000000001dcae920,  free space=1018k
Native frames: (J=compiled Java code, j=interpreted, Vv=VM code, C=native code)
C  [ntdll.dll+0x10f1e0]
C  [ntdll.dll+0x3653b]
C  [ntdll.dll+0x36584]
C  0x00007ffc7382a7a9
C  0x00007ffc73821a51
C  0x00007ffc7382a5b8
C  0x00007ffc7382a442
C  [MFPlat.DLL+0x46d0]
C  0x00007ffc483525c0
C  0x00007ffc4834ec80
C  0x00007ffc4834e9d5
C  [mfksproxy.dll+0x178b4]
C  [mfksproxy.dll+0x167c5]
C  [mfksproxy.dll+0x6a66]
C  [quartz.dll+0x435ba]
C  [quartz.dll+0x56e24]
C  [quartz.dll+0x59512]
C  [quartz.dll+0x588a5]
C  [opencv_videoio310.dll+0x2175e]
C  [opencv_videoio310.dll+0x2d6e0]
C  [opencv_videoio310.dll+0x296a0]
C  [opencv_videoio310.dll+0x29922]
C  [ntdll.dll+0x25021]
C  [ntdll.dll+0x6aa82]
C  [ntdll.dll+0x6a92d]
C  [KERNEL32.DLL+0x1cd8a]
C  [msvcr100.dll+0x20ccd]
V  [jvm.dll+0x212e95]
V  [jvm.dll+0x24c227]
V  [jvm.dll+0x24b4c6]
V  [jvm.dll+0x24b961]
V  [jvm.dll+0x24bb7e]
V  [jvm.dll+0x29cc4a]
C  [msvcr100.dll+0x21d9f]
C  [msvcr100.dll+0x21e3b]
C  [KERNEL32.DLL+0x17bd4]
C  [ntdll.dll+0x6ce51]

VM_Operation (0x000000002025d410): Exit, mode: safepoint, requested by thread 0x000000001f326800


---------------  P R O C E S S  ---------------

Java Threads: ( => current thread )
  0x000000001f1ed000 JavaThread "JavaCPP Deallocator" daemon [_thread_blocked, id=14560, stack(0x0000000026d20000,0x0000000026e20000)]
  0x000000001f1ec800 JavaThread "DestroyJavaVM" [_thread_blocked, id=37736, stack(0x0000000001ed0000,0x0000000001fd0000)]
  0x000000001f1f3000 JavaThread "Thread-26" [_thread_blocked, id=32284, stack(0x0000000031d50000,0x0000000031e50000)]
  0x000000001f0ba000 JavaThread "Thread-12" [_thread_blocked, id=37564, stack(0x0000000030e50000,0x0000000030f50000)]
  0x000000001f0bb800 JavaThread "Thread-11" [_thread_blocked, id=35496, stack(0x0000000030d50000,0x0000000030e50000)]
  0x0000000020b0a800 JavaThread "Timer-0" [_thread_blocked, id=39956, stack(0x0000000030c50000,0x0000000030d50000)]
  0x000000001f17d000 JavaThread "Thread-2" [_thread_in_native, id=45572, stack(0x0000000022240000,0x0000000022340000)]
  0x000000001f326800 JavaThread "AWT-EventQueue-0" [_thread_blocked, id=26208, stack(0x0000000020160000,0x0000000020260000)]
  0x000000001f018800 JavaThread "AWT-Shutdown" [_thread_blocked, id=47020, stack(0x000000001f5e0000,0x000000001f6e0000)]
  0x000000001df80800 JavaThread "Java2D Disposer" daemon [_thread_blocked, id=46164, stack(0x000000001f4e0000,0x000000001f5e0000)]
  0x000000001ed6b000 JavaThread "TimerQueue" daemon [_thread_blocked, id=46148, stack(0x000000001f3e0000,0x000000001f4e0000)]
  0x000000001dee9800 JavaThread "Service Thread" daemon [_thread_blocked, id=43996, stack(0x000000001e910000,0x000000001ea10000)]
  0x000000001de56800 JavaThread "C1 CompilerThread3" daemon [_thread_blocked, id=28696, stack(0x000000001e810000,0x000000001e910000)]
  0x000000001de52800 JavaThread "C2 CompilerThread2" daemon [_thread_blocked, id=40160, stack(0x000000001e710000,0x000000001e810000)]
  0x000000001de4c800 JavaThread "C2 CompilerThread1" daemon [_thread_blocked, id=9936, stack(0x000000001e610000,0x000000001e710000)]
  0x000000001de40000 JavaThread "C2 CompilerThread0" daemon [_thread_blocked, id=45532, stack(0x000000001e510000,0x000000001e610000)]
  0x000000001de3d800 JavaThread "Attach Listener" daemon [_thread_blocked, id=42380, stack(0x000000001e410000,0x000000001e510000)]
  0x000000001ddea000 JavaThread "Signal Dispatcher" daemon [_thread_blocked, id=20208, stack(0x000000001e310000,0x000000001e410000)]
  0x000000001ddd0800 JavaThread "Finalizer" daemon [_thread_blocked, id=32344, stack(0x000000001e1b0000,0x000000001e2b0000)]
  0x000000000247a000 JavaThread "Reference Handler" daemon [_thread_blocked, id=44608, stack(0x000000001dcb0000,0x000000001ddb0000)]

Other Threads:
=>0x000000001bed8000 VMThread [stack: 0x000000001dbb0000,0x000000001dcb0000] [id=44960]

VM state:at safepoint (shutting down)

VM Mutex/Monitor currently owned by a thread:  ([mutex/lock_event])
[0x0000000002380850] Threads_lock - owner thread: 0x000000001bed8000

Heap:
 PSYoungGen      total 1355776K, used 48785K [0x000000076b500000, 0x00000007c0000000, 0x00000007c0000000)
  eden space 1326080K, 3% used [0x000000076b500000,0x000000076e4a4610,0x00000007bc400000)
  from space 29696K, 0% used [0x00000007bc400000,0x00000007bc400000,0x00000007be100000)
  to   space 31744K, 0% used [0x00000007be100000,0x00000007be100000,0x00000007c0000000)
 ParOldGen       total 281088K, used 259163K [0x00000006c1e00000, 0x00000006d3080000, 0x000000076b500000)
  object space 281088K, 92% used [0x00000006c1e00000,0x00000006d1b16eb0,0x00000006d3080000)
 Metaspace       used 25517K, capacity 25938K, committed 26112K, reserved 1073152K
  class space    used 2859K, capacity 2979K, committed 3072K, reserved 1048576K

Card table byte_map: [0x0000000011840000,0x0000000012040000] byte_map_base: 0x000000000e231000

Marking Bits: (ParMarkBitMap*) 0x000000006770f860
 Begin Bits: [0x0000000012d90000, 0x0000000016d18000)
 End Bits:   [0x0000000016d18000, 0x000000001aca0000)

Polling page: 0x0000000001fd0000

CodeCache: size=245760Kb used=11246Kb max_used=11279Kb free=234513Kb
 bounds [0x0000000002480000, 0x0000000002fa0000, 0x0000000011480000]
 total_blobs=4295 nmethods=3368 adapters=838
 compilation: enabled

Compilation events (10 events):
Event: 128.111 Thread 0x000000001de56800 4223       3       java.util.zip.ZipFile$ZipFileInputStream::finalize (5 bytes)
Event: 128.111 Thread 0x000000001de56800 nmethod 4223 0x0000000002f93410 code [0x0000000002f93580, 0x0000000002f93708]
Event: 128.111 Thread 0x000000001de56800 4224       3       java.util.zip.ZipFile$ZipFileInflaterInputStream::finalize (5 bytes)
Event: 128.112 Thread 0x000000001de56800 nmethod 4224 0x0000000002f82990 code [0x0000000002f82b00, 0x0000000002f82c88]
Event: 128.112 Thread 0x000000001de56800 4225 % !   3       sun.java2d.Disposer::run @ 0 (53 bytes)
Event: 128.113 Thread 0x000000001de56800 nmethod 4225% 0x000000000260d810 code [0x000000000260da20, 0x000000000260e488]
Event: 128.113 Thread 0x000000001de56800 4226   !   3       sun.java2d.Disposer::run (53 bytes)
Event: 128.114 Thread 0x000000001de56800 nmethod 4226 0x000000000260c710 code [0x000000000260c920, 0x000000000260d368]
Event: 128.195 Thread 0x000000001de56800 4227       3       java.util.ArrayList::set (20 bytes)
Event: 128.196 Thread 0x000000001de56800 nmethod 4227 0x0000000002f8e6d0 code [0x0000000002f8e880, 0x0000000002f8ed58]

GC Heap History (10 events):
Event: 106.706 GC heap before
{Heap before GC invocations=59 (full 1):
 PSYoungGen      total 1353728K, used 1340455K [0x000000076b500000, 0x00000007c0000000, 0x00000007c0000000)
  eden space 1324032K, 100% used [0x000000076b500000,0x00000007bc200000,0x00000007bc200000)
  from space 29696K, 55% used [0x00000007bc200000,0x00000007bd209ce0,0x00000007bdf00000)
  to   space 29696K, 0% used [0x00000007be300000,0x00000007be300000,0x00000007c0000000)
 ParOldGen       total 281088K, used 205487K [0x00000006c1e00000, 0x00000006d3080000, 0x000000076b500000)
  object space 281088K, 73% used [0x00000006c1e00000,0x00000006ce6abf88,0x00000006d3080000)
 Metaspace       used 22290K, capacity 22644K, committed 22912K, reserved 1069056K
  class space    used 2491K, capacity 2586K, committed 2688K, reserved 1048576K
Event: 106.719 GC heap after
Heap after GC invocations=59 (full 1):
 PSYoungGen      total 1354752K, used 19316K [0x000000076b500000, 0x00000007c0000000, 0x00000007c0000000)
  eden space 1325056K, 0% used [0x000000076b500000,0x000000076b500000,0x00000007bc300000)
  from space 29696K, 65% used [0x00000007be300000,0x00000007bf5dd100,0x00000007c0000000)
  to   space 31232K, 0% used [0x00000007bc300000,0x00000007bc300000,0x00000007be180000)
 ParOldGen       total 281088K, used 220402K [0x00000006c1e00000, 0x00000006d3080000, 0x000000076b500000)
  object space 281088K, 78% used [0x00000006c1e00000,0x00000006cf53cac0,0x00000006d3080000)
 Metaspace       used 22290K, capacity 22644K, committed 22912K, reserved 1069056K
  class space    used 2491K, capacity 2586K, committed 2688K, reserved 1048576K
}
Event: 112.490 GC heap before
{Heap before GC invocations=60 (full 1):
 PSYoungGen      total 1354752K, used 1344372K [0x000000076b500000, 0x00000007c0000000, 0x00000007c0000000)
  eden space 1325056K, 100% used [0x000000076b500000,0x00000007bc300000,0x00000007bc300000)
  from space 29696K, 65% used [0x00000007be300000,0x00000007bf5dd100,0x00000007c0000000)
  to   space 31232K, 0% used [0x00000007bc300000,0x00000007bc300000,0x00000007be180000)
 ParOldGen       total 281088K, used 220402K [0x00000006c1e00000, 0x00000006d3080000, 0x000000076b500000)
  object space 281088K, 78% used [0x00000006c1e00000,0x00000006cf53cac0,0x00000006d3080000)
 Metaspace       used 22379K, capacity 22708K, committed 22912K, reserved 1069056K
  class space    used 2501K, capacity 2586K, committed 2688K, reserved 1048576K
Event: 112.500 GC heap after
Heap after GC invocations=60 (full 1):
 PSYoungGen      total 1356288K, used 14571K [0x000000076b500000, 0x00000007bff80000, 0x00000007c0000000)
  eden space 1325056K, 0% used [0x000000076b500000,0x000000076b500000,0x00000007bc300000)
  from space 31232K, 46% used [0x00000007bc300000,0x00000007bd13ac00,0x00000007be180000)
  to   space 30208K, 0% used [0x00000007be200000,0x00000007be200000,0x00000007bff80000)
 ParOldGen       total 281088K, used 236731K [0x00000006c1e00000, 0x00000006d3080000, 0x000000076b500000)
  object space 281088K, 84% used [0x00000006c1e00000,0x00000006d052eeb8,0x00000006d3080000)
 Metaspace       used 22379K, capacity 22708K, committed 22912K, reserved 1069056K
  class space    used 2501K, capacity 2586K, committed 2688K, reserved 1048576K
}
Event: 115.250 GC heap before
{Heap before GC invocations=61 (full 1):
 PSYoungGen      total 1356288K, used 1339627K [0x000000076b500000, 0x00000007bff80000, 0x00000007c0000000)
  eden space 1325056K, 100% used [0x000000076b500000,0x00000007bc300000,0x00000007bc300000)
  from space 31232K, 46% used [0x00000007bc300000,0x00000007bd13ac00,0x00000007be180000)
  to   space 30208K, 0% used [0x00000007be200000,0x00000007be200000,0x00000007bff80000)
 ParOldGen       total 281088K, used 236731K [0x00000006c1e00000, 0x00000006d3080000, 0x000000076b500000)
  object space 281088K, 84% used [0x00000006c1e00000,0x00000006d052eeb8,0x00000006d3080000)
 Metaspace       used 22392K, capacity 22708K, committed 22912K, reserved 1069056K
  class space    used 2506K, capacity 2586K, committed 2688K, reserved 1048576K
Event: 115.260 GC heap after
Heap after GC invocations=61 (full 1):
 PSYoungGen      total 1354752K, used 4804K [0x000000076b500000, 0x00000007bfe00000, 0x00000007c0000000)
  eden space 1326080K, 0% used [0x000000076b500000,0x000000076b500000,0x00000007bc400000)
  from space 28672K, 16% used [0x00000007be200000,0x00000007be6b12d8,0x00000007bfe00000)
  to   space 29696K, 0% used [0x00000007bc400000,0x00000007bc400000,0x00000007be100000)
 ParOldGen       total 281088K, used 250015K [0x00000006c1e00000, 0x00000006d3080000, 0x000000076b500000)
  object space 281088K, 88% used [0x00000006c1e00000,0x00000006d1227fe0,0x00000006d3080000)
 Metaspace       used 22392K, capacity 22708K, committed 22912K, reserved 1069056K
  class space    used 2506K, capacity 2586K, committed 2688K, reserved 1048576K
}
Event: 127.736 GC heap before
{Heap before GC invocations=62 (full 1):
 PSYoungGen      total 1354752K, used 234937K [0x000000076b500000, 0x00000007bfe00000, 0x00000007c0000000)
  eden space 1326080K, 17% used [0x000000076b500000,0x00000007795bd450,0x00000007bc400000)
  from space 28672K, 16% used [0x00000007be200000,0x00000007be6b12d8,0x00000007bfe00000)
  to   space 29696K, 0% used [0x00000007bc400000,0x00000007bc400000,0x00000007be100000)
 ParOldGen       total 281088K, used 250015K [0x00000006c1e00000, 0x00000006d3080000, 0x000000076b500000)
  object space 281088K, 88% used [0x00000006c1e00000,0x00000006d1227fe0,0x00000006d3080000)
 Metaspace       used 25508K, capacity 25938K, committed 26112K, reserved 1073152K
  class space    used 2857K, capacity 2979K, committed 3072K, reserved 1048576K
Event: 127.746 GC heap after
Heap after GC invocations=62 (full 1):
 PSYoungGen      total 1355776K, used 29671K [0x000000076b500000, 0x00000007c0000000, 0x00000007c0000000)
  eden space 1326080K, 0% used [0x000000076b500000,0x000000076b500000,0x00000007bc400000)
  from space 29696K, 99% used [0x00000007bc400000,0x00000007be0f9d40,0x00000007be100000)
  to   space 31744K, 0% used [0x00000007be100000,0x00000007be100000,0x00000007c0000000)
 ParOldGen       total 281088K, used 261831K [0x00000006c1e00000, 0x00000006d3080000, 0x000000076b500000)
  object space 281088K, 93% used [0x00000006c1e00000,0x00000006d1db1ff0,0x00000006d3080000)
 Metaspace       used 25508K, capacity 25938K, committed 26112K, reserved 1073152K
  class space    used 2857K, capacity 2979K, committed 3072K, reserved 1048576K
}
Event: 127.746 GC heap before
{Heap before GC invocations=63 (full 2):
 PSYoungGen      total 1355776K, used 29671K [0x000000076b500000, 0x00000007c0000000, 0x00000007c0000000)
  eden space 1326080K, 0% used [0x000000076b500000,0x000000076b500000,0x00000007bc400000)
  from space 29696K, 99% used [0x00000007bc400000,0x00000007be0f9d40,0x00000007be100000)
  to   space 31744K, 0% used [0x00000007be100000,0x00000007be100000,0x00000007c0000000)
 ParOldGen       total 281088K, used 261831K [0x00000006c1e00000, 0x00000006d3080000, 0x000000076b500000)
  object space 281088K, 93% used [0x00000006c1e00000,0x00000006d1db1ff0,0x00000006d3080000)
 Metaspace       used 25508K, capacity 25938K, committed 26112K, reserved 1073152K
  class space    used 2857K, capacity 2979K, committed 3072K, reserved 1048576K
Event: 128.091 GC heap after
Heap after GC invocations=63 (full 2):
 PSYoungGen      total 1355776K, used 0K [0x000000076b500000, 0x00000007c0000000, 0x00000007c0000000)
  eden space 1326080K, 0% used [0x000000076b500000,0x000000076b500000,0x00000007bc400000)
  from space 29696K, 0% used [0x00000007bc400000,0x00000007bc400000,0x00000007be100000)
  to   space 31744K, 0% used [0x00000007be100000,0x00000007be100000,0x00000007c0000000)
 ParOldGen       total 281088K, used 259163K [0x00000006c1e00000, 0x00000006d3080000, 0x000000076b500000)
  object space 281088K, 92% used [0x00000006c1e00000,0x00000006d1b16eb0,0x00000006d3080000)
 Metaspace       used 25508K, capacity 25938K, committed 26112K, reserved 1073152K
  class space    used 2857K, capacity 2979K, committed 3072K, reserved 1048576K
}

Deoptimization events (10 events):
Event: 126.476 Thread 0x000000001f0ba000 Uncommon trap: reason=class_check action=maybe_recompile pc=0x0000000002ae5758 method=sun.misc.URLClassPath.getLoader(I)Lsun/misc/URLClassPath$Loader; @ 94
Event: 126.476 Thread 0x000000001f0ba000 Uncommon trap: reason=class_check action=maybe_recompile pc=0x0000000002ae0868 method=sun.misc.URLClassPath.getLoader(I)Lsun/misc/URLClassPath$Loader; @ 94
Event: 126.478 Thread 0x000000001f0ba000 Uncommon trap: reason=bimorphic action=maybe_recompile pc=0x0000000002c021d8 method=sun.misc.URLClassPath.getResource(Ljava/lang/String;Z)Lsun/misc/Resource; @ 62
Event: 126.478 Thread 0x000000001f0ba000 Uncommon trap: reason=bimorphic action=maybe_recompile pc=0x0000000002c021d8 method=sun.misc.URLClassPath.getResource(Ljava/lang/String;Z)Lsun/misc/Resource; @ 62
Event: 126.517 Thread 0x000000001f0ba000 Uncommon trap: reason=unstable_if action=reinterpret pc=0x00000000029c0de4 method=java.lang.Integer.valueOf(I)Ljava/lang/Integer; @ 3
Event: 126.562 Thread 0x000000001f326800 Uncommon trap: reason=unstable_if action=reinterpret pc=0x0000000002894098 method=sun.util.logging.PlatformLogger.isLoggable(Lsun/util/logging/PlatformLogger$Level;)Z @ 18
Event: 126.599 Thread 0x000000001f0ba000 Uncommon trap: reason=unstable_if action=reinterpret pc=0x00000000027e69f4 method=java.util.HashMap.getNode(ILjava/lang/Object;)Ljava/util/HashMap$Node; @ 62
Event: 126.609 Thread 0x000000001f0ba000 Uncommon trap: reason=unstable_if action=reinterpret pc=0x0000000002b67848 method=java.util.Hashtable$Enumerator.nextElement()Ljava/lang/Object; @ 87
Event: 127.679 Thread 0x000000001f326800 Uncommon trap: reason=unstable_if action=reinterpret pc=0x00000000028ba2c4 method=sun.util.logging.PlatformLogger.isLoggable(Lsun/util/logging/PlatformLogger$Level;)Z @ 18
Event: 127.711 Thread 0x0000000020b0a800 Uncommon trap: reason=unstable_if action=reinterpret pc=0x0000000002ca9350 method=java.util.TaskQueue.isEmpty()Z @ 4

Classes redefined (0 events):
No events

Internal exceptions (10 events):
Event: 20.389 Thread 0x0000000002383800 Exception <a 'java/io/FileNotFoundException'> (0x000000076bbfee78) thrown at [C:\re\workspace\8-2-build-windows-amd64-cygwin\jdk8u161\10277\hotspot\src\share\vm\prims\jni.cpp, line 709]
Event: 20.389 Thread 0x0000000002383800 Exception <a 'java/lang/NullPointerException'> (0x000000076bbff4b0) thrown at [C:\re\workspace\8-2-build-windows-amd64-cygwin\jdk8u161\10277\hotspot\src\share\vm\interpreter\linkResolver.cpp, line 1185]
Event: 58.753 Thread 0x0000000002383800 Implicit null exception at 0x00000000029ff98f to 0x00000000029ffb0d
Event: 59.497 Thread 0x0000000020c78800 Implicit null exception at 0x000000000288539d to 0x00000000028855a6
Event: 60.339 Thread 0x0000000020c78800 Exception <a 'java/lang/InterruptedException'> (0x0000000796cdf750) thrown at [C:\re\workspace\8-2-build-windows-amd64-cygwin\jdk8u161\10277\hotspot\src\share\vm\runtime\objectMonitor.cpp, line 1684]
Event: 61.766 Thread 0x0000000002383800 Exception <a 'java/lang/reflect/InvocationTargetException'> (0x000000079d0ca4d8) thrown at [C:\re\workspace\8-2-build-windows-amd64-cygwin\jdk8u161\10277\hotspot\src\share\vm\runtime\reflection.cpp, line 1092]
Event: 62.176 Thread 0x0000000002383800 Implicit null exception at 0x0000000002851228 to 0x0000000002851a7d
Event: 62.225 Thread 0x000000001f1ec800 Implicit null exception at 0x00000000029c6674 to 0x00000000029c7521
Event: 121.437 Thread 0x000000001f1f4000 Implicit null exception at 0x000000000271e72f to 0x000000000271f335
Event: 126.429 Thread 0x000000001f0ba000 Exception <a 'java/io/FileNotFoundException'> (0x00000007758fcf18) thrown at [C:\re\workspace\8-2-build-windows-amd64-cygwin\jdk8u161\10277\hotspot\src\share\vm\prims\jni.cpp, line 709]

Events (10 events):
Event: 128.111 Executing VM operation: RevokeBias done
Event: 128.111 Executing VM operation: RevokeBias
Event: 128.111 Executing VM operation: RevokeBias done
Event: 128.112 Thread 0x000000001de56800 flushing nmethod 0x000000000276bbd0
Event: 128.113 Thread 0x000000001de56800 flushing nmethod 0x00000000027e2f90
Event: 128.114 Thread 0x000000001de56800 flushing nmethod 0x00000000027f4dd0
Event: 128.114 Thread 0x000000001de56800 flushing nmethod 0x00000000027f7a90
Event: 128.114 Thread 0x000000001de56800 flushing nmethod 0x000000000282bc10
Event: 128.195 Thread 0x000000001f1f4000 Thread exited: 0x000000001f1f4000
Event: 128.243 Executing VM operation: Exit


Dynamic libraries:
0x00007ff7ed060000 - 0x00007ff7ed097000 	C:\Program Files\Java\jdk1.8.0_161\jre\bin\javaw.exe
0x00007ffc7d7a0000 - 0x00007ffc7d990000 	C:\WINDOWS\SYSTEM32\ntdll.dll
0x00007ffc73150000 - 0x00007ffc73163000 	D:\Program Files\AVAST Software\Avast\aswhook.dll
0x00007ffc7cec0000 - 0x00007ffc7cf72000 	C:\WINDOWS\System32\KERNEL32.DLL
0x00007ffc7a730000 - 0x00007ffc7a9d3000 	C:\WINDOWS\System32\KERNELBASE.dll
0x00007ffc7b850000 - 0x00007ffc7b8f3000 	C:\WINDOWS\System32\ADVAPI32.dll
0x00007ffc7d350000 - 0x00007ffc7d3ee000 	C:\WINDOWS\System32\msvcrt.dll
0x00007ffc7d4e0000 - 0x00007ffc7d577000 	C:\WINDOWS\System32\sechost.dll
0x00007ffc7c6b0000 - 0x00007ffc7c7d0000 	C:\WINDOWS\System32\RPCRT4.dll
0x00007ffc7b9d0000 - 0x00007ffc7bb64000 	C:\WINDOWS\System32\USER32.dll
0x00007ffc7ab80000 - 0x00007ffc7aba1000 	C:\WINDOWS\System32\win32u.dll
0x00007ffc7d730000 - 0x00007ffc7d756000 	C:\WINDOWS\System32\GDI32.dll
0x00007ffc7a9e0000 - 0x00007ffc7ab74000 	C:\WINDOWS\System32\gdi32full.dll
0x00007ffc7abb0000 - 0x00007ffc7ac4e000 	C:\WINDOWS\System32\msvcp_win.dll
0x00007ffc7b3d0000 - 0x00007ffc7b4ca000 	C:\WINDOWS\System32\ucrtbase.dll
0x00007ffc6bef0000 - 0x00007ffc6c175000 	C:\WINDOWS\WinSxS\amd64_microsoft.windows.common-controls_6595b64144ccf1df_6.0.18362.778_none_e6c6b761130d4fb8\COMCTL32.dll
0x00007ffc7c370000 - 0x00007ffc7c6a6000 	C:\WINDOWS\System32\combase.dll
0x00007ffc7b780000 - 0x00007ffc7b800000 	C:\WINDOWS\System32\bcryptPrimitives.dll
0x00007ffc7c340000 - 0x00007ffc7c36e000 	C:\WINDOWS\System32\IMM32.DLL
0x0000000067790000 - 0x0000000067862000 	C:\Program Files\Java\jdk1.8.0_161\jre\bin\msvcr100.dll
0x0000000066ef0000 - 0x000000006778f000 	C:\Program Files\Java\jdk1.8.0_161\jre\bin\server\jvm.dll
0x00007ffc7bb70000 - 0x00007ffc7bb78000 	C:\WINDOWS\System32\PSAPI.DLL
0x00007ffc65510000 - 0x00007ffc65519000 	C:\WINDOWS\SYSTEM32\WSOCK32.dll
0x00007ffc7d3f0000 - 0x00007ffc7d45f000 	C:\WINDOWS\System32\WS2_32.dll
0x00007ffc76ee0000 - 0x00007ffc76f04000 	C:\WINDOWS\SYSTEM32\WINMM.dll
0x00007ffc733d0000 - 0x00007ffc733da000 	C:\WINDOWS\SYSTEM32\VERSION.dll
0x00007ffc76eb0000 - 0x00007ffc76edd000 	C:\WINDOWS\SYSTEM32\WINMMBASE.dll
0x00007ffc7b800000 - 0x00007ffc7b84a000 	C:\WINDOWS\System32\cfgmgr32.dll
0x0000000066ee0000 - 0x0000000066eef000 	C:\Program Files\Java\jdk1.8.0_161\jre\bin\verify.dll
0x0000000066eb0000 - 0x0000000066ed9000 	C:\Program Files\Java\jdk1.8.0_161\jre\bin\java.dll
0x0000000066e90000 - 0x0000000066ea6000 	C:\Program Files\Java\jdk1.8.0_161\jre\bin\zip.dll
0x00007ffc7bc30000 - 0x00007ffc7c315000 	C:\WINDOWS\System32\SHELL32.dll
0x00007ffc7bb80000 - 0x00007ffc7bc29000 	C:\WINDOWS\System32\shcore.dll
0x00007ffc7ac50000 - 0x00007ffc7b3d0000 	C:\WINDOWS\System32\windows.storage.dll
0x00007ffc7a6e0000 - 0x00007ffc7a703000 	C:\WINDOWS\System32\profapi.dll
0x00007ffc7a690000 - 0x00007ffc7a6da000 	C:\WINDOWS\System32\powrprof.dll
0x00007ffc7a660000 - 0x00007ffc7a670000 	C:\WINDOWS\System32\UMPDC.dll
0x00007ffc7cfe0000 - 0x00007ffc7d032000 	C:\WINDOWS\System32\shlwapi.dll
0x00007ffc7a670000 - 0x00007ffc7a681000 	C:\WINDOWS\System32\kernel.appcore.dll
0x00007ffc7b760000 - 0x00007ffc7b777000 	C:\WINDOWS\System32\cryptsp.dll
0x00007ffc799e0000 - 0x00007ffc79a13000 	C:\WINDOWS\system32\rsaenh.dll
0x00007ffc7b4d0000 - 0x00007ffc7b4f6000 	C:\WINDOWS\System32\bcrypt.dll
0x00007ffc7a580000 - 0x00007ffc7a5a5000 	C:\WINDOWS\SYSTEM32\USERENV.dll
0x00007ffc7a0a0000 - 0x00007ffc7a0ac000 	C:\WINDOWS\SYSTEM32\CRYPTBASE.dll
0x0000000066e70000 - 0x0000000066e8a000 	C:\Program Files\Java\jdk1.8.0_161\jre\bin\net.dll
0x00007ffc79ed0000 - 0x00007ffc79f37000 	C:\WINDOWS\system32\mswsock.dll
0x00007ffc79be0000 - 0x00007ffc79c1a000 	C:\WINDOWS\SYSTEM32\IPHLPAPI.DLL
0x00007ffc7d1a0000 - 0x00007ffc7d1a8000 	C:\WINDOWS\System32\NSI.dll
0x00007ffc72030000 - 0x00007ffc72046000 	C:\WINDOWS\SYSTEM32\dhcpcsvc6.DLL
0x00007ffc72e60000 - 0x00007ffc72e7c000 	C:\WINDOWS\SYSTEM32\dhcpcsvc.DLL
0x00007ffc79c20000 - 0x00007ffc79cea000 	C:\WINDOWS\SYSTEM32\DNSAPI.dll
0x0000000066e50000 - 0x0000000066e61000 	C:\Program Files\Java\jdk1.8.0_161\jre\bin\nio.dll
0x0000000066cb0000 - 0x0000000066e48000 	C:\Program Files\Java\jdk1.8.0_161\jre\bin\awt.dll
0x00007ffc7cdf0000 - 0x00007ffc7ceb4000 	C:\WINDOWS\System32\OLEAUT32.dll
0x00007ffc78520000 - 0x00007ffc785af000 	C:\WINDOWS\SYSTEM32\apphelp.dll
0x00007ffc78640000 - 0x00007ffc786d9000 	C:\WINDOWS\system32\uxtheme.dll
0x00007ffc7d1b0000 - 0x00007ffc7d2e6000 	C:\WINDOWS\System32\MSCTF.dll
0x00007ffc7d040000 - 0x00007ffc7d197000 	C:\WINDOWS\System32\ole32.dll
0x00007ffc78a60000 - 0x00007ffc78a8d000 	C:\WINDOWS\system32\DWMAPI.DLL
0x00007ffc695f0000 - 0x00007ffc69746000 	C:\WINDOWS\system32\opengl32.dll
0x00007ffc72aa0000 - 0x00007ffc72acc000 	C:\WINDOWS\SYSTEM32\GLU32.dll
0x00007ffc79340000 - 0x00007ffc79360000 	C:\WINDOWS\SYSTEM32\dxcore.dll
0x0000000066c60000 - 0x0000000066ca7000 	C:\Program Files\Java\jdk1.8.0_161\jre\bin\fontmanager.dll
0x00007ffc69490000 - 0x00007ffc6952e000 	C:\WINDOWS\System32\TextInputFramework.dll
0x00007ffc75ae0000 - 0x00007ffc75e0a000 	C:\WINDOWS\System32\CoreUIComponents.dll
0x00007ffc78310000 - 0x00007ffc783e4000 	C:\WINDOWS\System32\CoreMessaging.dll
0x00007ffc797c0000 - 0x00007ffc797f1000 	C:\WINDOWS\SYSTEM32\ntmarta.dll
0x00007ffc757a0000 - 0x00007ffc758f3000 	C:\WINDOWS\SYSTEM32\wintypes.dll
0x00007ffc6b710000 - 0x00007ffc6b9b6000 	C:\WINDOWS\System32\iertutil.dll
0x00007ffc7c7d0000 - 0x00007ffc7c872000 	C:\WINDOWS\System32\clbcatq.dll
0x0000000066c10000 - 0x0000000066c52000 	C:\Program Files\Java\jdk1.8.0_161\jre\bin\t2k.dll
0x00007ffc72ae0000 - 0x00007ffc72b18000 	C:\Program Files\Java\jdk1.8.0_161\jre\bin\jacob-1.18-x64.dll
0x00007ffc6ffa0000 - 0x00007ffc7011f000 	C:\WINDOWS\System32\Speech\Common\sapi.dll
0x00007ffc7b650000 - 0x00007ffc7b6ac000 	C:\WINDOWS\System32\WINTRUST.dll
0x00007ffc7a710000 - 0x00007ffc7a722000 	C:\WINDOWS\System32\MSASN1.dll
0x00007ffc7b500000 - 0x00007ffc7b649000 	C:\WINDOWS\System32\CRYPT32.dll
0x00007ffc66e50000 - 0x00007ffc66e6c000 	C:\WINDOWS\SYSTEM32\MSACM32.dll
0x00007ffc76180000 - 0x00007ffc7618b000 	C:\WINDOWS\SYSTEM32\msdmo.dll
0x00007ffc744b0000 - 0x00007ffc74522000 	C:\WINDOWS\System32\MMDevApi.dll
0x00007ffc7a480000 - 0x00007ffc7a4aa000 	C:\WINDOWS\System32\DEVOBJ.dll
0x00007ffc7a4b0000 - 0x00007ffc7a54d000 	C:\WINDOWS\SYSTEM32\sxs.dll
0x00007ffc4bf70000 - 0x00007ffc4c171000 	C:\Windows\System32\speech_onecore\engines\tts\MSTTSEngine_OneCore.dll
0x00007ffc76bc0000 - 0x00007ffc76c4a000 	C:\WINDOWS\SYSTEM32\msvcp110_win.dll
0x00007ffc5bda0000 - 0x00007ffc5c283000 	C:\WINDOWS\System32\Speech_OneCore\Common\sapi_onecore.dll
0x00007ffc745a0000 - 0x00007ffc746fd000 	C:\WINDOWS\SYSTEM32\AudioSes.DLL
0x00007ffc7a550000 - 0x00007ffc7a57f000 	C:\WINDOWS\SYSTEM32\SspiCli.dll
0x00007ffc6b9c0000 - 0x00007ffc6bb95000 	C:\WINDOWS\SYSTEM32\urlmon.dll
0x00007ffc76ad0000 - 0x00007ffc76bbf000 	C:\WINDOWS\SYSTEM32\PROPSYS.dll
0x00007ffc6bdc0000 - 0x00007ffc6beb0000 	C:\WINDOWS\SYSTEM32\WINHTTP.dll
0x00007ffc72370000 - 0x00007ffc7244e000 	C:\Windows\System32\Windows.ApplicationModel.dll
0x00007ffc78710000 - 0x00007ffc7896a000 	C:\Windows\System32\twinapi.appcore.dll
0x00007ffc78b40000 - 0x00007ffc78b69000 	C:\Windows\System32\RMCLIENT.dll
0x00007ffc70ff0000 - 0x00007ffc710af000 	C:\Windows\System32\speech_onecore\engines\tts\MSTTSLoc_OneCore.DLL
0x00007ffc76650000 - 0x00007ffc76705000 	C:\WINDOWS\system32\MSWB70804.dll
0x00000000637c0000 - 0x00000000637ca000 	C:\Users\Lenovo\AppData\Local\Temp\jogamp.tmp.cache_000000\jln3366009568284264398\jln8180701999936950474\gluegen-rt.dll
0x0000000066c00000 - 0x0000000066c07000 	C:\Program Files\Java\jdk1.8.0_161\jre\bin\jawt.dll
0x000000006a440000 - 0x000000006a44b000 	C:\Users\Lenovo\AppData\Local\Temp\jogamp.tmp.cache_000000\jln3366009568284264398\jln8180701999936950474\nativewindow_awt.dll
0x000000006c100000 - 0x000000006c10b000 	C:\Users\Lenovo\AppData\Local\Temp\jogamp.tmp.cache_000000\jln3366009568284264398\jln8180701999936950474\nativewindow_win32.dll
0x0000000064500000 - 0x000000006458d000 	C:\Users\Lenovo\AppData\Local\Temp\jogamp.tmp.cache_000000\jln3366009568284264398\jln8180701999936950474\jogl_desktop.dll
0x00007ffc3e070000 - 0x00007ffc3ef79000 	C:\WINDOWS\System32\DriverStore\FileRepository\iigd_dch.inf_amd64_3c82703a0fbed0ab\ig9icd64.dll
0x00007ffc79360000 - 0x00007ffc7944b000 	C:\WINDOWS\system32\dxgi.dll
0x00007ffc70120000 - 0x00007ffc702c0000 	C:\WINDOWS\System32\DriverStore\FileRepository\iigd_dch.inf_amd64_3c82703a0fbed0ab\igdgmm64.dll
0x00007ffc40860000 - 0x00007ffc42c5c000 	C:\WINDOWS\System32\DriverStore\FileRepository\iigd_dch.inf_amd64_3c82703a0fbed0ab\igc64.dll
0x00007ffc75110000 - 0x00007ffc752bf000 	C:\WINDOWS\SYSTEM32\WindowsCodecs.dll
0x00007ffc71d30000 - 0x00007ffc71d6a000 	C:\WINDOWS\system32\dataexchange.dll
0x00007ffc77b10000 - 0x00007ffc77d6b000 	C:\WINDOWS\system32\d3d11.dll
0x00007ffc77d70000 - 0x00007ffc77f4c000 	C:\WINDOWS\system32\dcomp.dll
0x0000000066bd0000 - 0x0000000066bfa000 	C:\Program Files\Java\jdk1.8.0_161\jre\bin\dcpr.dll
0x00007ffc51b90000 - 0x00007ffc51c7f000 	C:\Users\Lenovo\.javacpp\cache\opencv-3.1.0-1.3-windows-x86_64.jar\org\bytedeco\javacpp\windows-x86_64\msvcr120.dll
0x00007ffc67eb0000 - 0x00007ffc67f56000 	C:\Users\Lenovo\.javacpp\cache\opencv-3.1.0-1.3-windows-x86_64.jar\org\bytedeco\javacpp\windows-x86_64\msvcp120.dll
0x00007ffc4b960000 - 0x00007ffc4bbda000 	C:\Users\Lenovo\.javacpp\cache\opencv-3.1.0-1.3-windows-x86_64.jar\org\bytedeco\javacpp\windows-x86_64\opencv_core310.dll
0x00007ffc4ad10000 - 0x00007ffc4b052000 	C:\Users\Lenovo\.javacpp\cache\opencv-3.1.0-1.3-windows-x86_64.jar\org\bytedeco\javacpp\windows-x86_64\opencv_imgproc310.dll
0x00007ffc491d0000 - 0x00007ffc493f7000 	C:\Users\Lenovo\.javacpp\cache\opencv-3.1.0-1.3-windows-x86_64.jar\org\bytedeco\javacpp\windows-x86_64\jniopencv_core.dll
0x00007ffc4ce10000 - 0x00007ffc4cefd000 	C:\Users\Lenovo\.javacpp\cache\opencv-3.1.0-1.3-windows-x86_64.jar\org\bytedeco\javacpp\windows-x86_64\jniopencv_imgproc.dll
0x00007ffc46f40000 - 0x00007ffc47209000 	C:\Users\Lenovo\.javacpp\cache\opencv-3.1.0-1.3-windows-x86_64.jar\org\bytedeco\javacpp\windows-x86_64\opencv_imgcodecs310.dll
0x00007ffc72f80000 - 0x00007ffc72fa5000 	C:\Users\Lenovo\.javacpp\cache\opencv-3.1.0-1.3-windows-x86_64.jar\org\bytedeco\javacpp\windows-x86_64\jniopencv_imgcodecs.dll
0x00007ffc72750000 - 0x00007ffc727a3000 	C:\Users\Lenovo\.javacpp\cache\opencv-3.1.0-1.3-windows-x86_64.jar\org\bytedeco\javacpp\windows-x86_64\opencv_videoio310.dll
0x00007ffc71d00000 - 0x00007ffc71d29000 	C:\WINDOWS\SYSTEM32\MSVFW32.dll
0x00007ffc70fd0000 - 0x00007ffc70ff0000 	C:\WINDOWS\SYSTEM32\AVIFIL32.dll
0x00007ffc70fb0000 - 0x00007ffc70fc8000 	C:\WINDOWS\SYSTEM32\AVICAP32.dll
0x00007ffc70f90000 - 0x00007ffc70fa7000 	C:\Users\Lenovo\.javacpp\cache\opencv-3.1.0-1.3-windows-x86_64.jar\org\bytedeco\javacpp\windows-x86_64\jniopencv_videoio.dll
0x00007ffc70f70000 - 0x00007ffc70f88000 	C:\Windows\System32\devenum.dll
0x00007ffc7c880000 - 0x00007ffc7ccf0000 	C:\WINDOWS\System32\setupapi.dll
0x00007ffc6ff60000 - 0x00007ffc6ff94000 	C:\Windows\System32\qcap.dll
0x00007ffc489d0000 - 0x00007ffc48b94000 	C:\Windows\System32\quartz.dll
0x00007ffc6ded0000 - 0x00007ffc6df1c000 	C:\Windows\System32\mfksproxy.dll
0x00007ffc729a0000 - 0x00007ffc729bc000 	C:\Windows\System32\ATL.DLL
0x00007ffc6e810000 - 0x00007ffc6ea0a000 	C:\Windows\System32\MFPlat.DLL

VM Arguments:
jvm_args: -Dfile.encoding=GBK 
java_command: sample.Frame
java_class_path (initial): D:\Users\Lenovo\eclipse-workspace\DETA_YLJ1.0.0\target\classes;D:\Users\Lenovo\eclipse-workspace\DETA_YLJ1.0.0\lib\bssm.jar;D:\Users\Lenovo\eclipse-workspace\DETA_YLJ1.0.0\lib\commons-math-2.1.jar;D:\Users\Lenovo\eclipse-workspace\DETA_YLJ1.0.0\lib\commons-math3-3.0.jar;D:\Users\Lenovo\eclipse-workspace\DETA_YLJ1.0.0\lib\customizer.jar;D:\Users\Lenovo\eclipse-workspace\DETA_YLJ1.0.0\lib\ffmpeg-3.2.1-1.3-windows-x86_64.jar;D:\Users\Lenovo\eclipse-workspace\DETA_YLJ1.0.0\lib\ffmpeg-platform-3.2.1-1.3.jar;D:\Users\Lenovo\eclipse-workspace\DETA_YLJ1.0.0\lib;D:\Users\Lenovo\eclipse-workspace\DETA_YLJ1.0.0\lib\flandmark-1.07-1.3.jar;D:\Users\Lenovo\eclipse-workspace\DETA_YLJ1.0.0\lib\flandmark-platform-1.07-1.3.jar;D:\Users\Lenovo\eclipse-workspace\DETA_YLJ1.0.0\lib\flycapture-2.9.3.43-1.3-windows-x86_64.jar;D:\Users\Lenovo\eclipse-workspace\DETA_YLJ1.0.0\lib\flycapture-2.9.3.43-1.3.jar;D:\Users\Lenovo\eclipse-workspace\DETA_YLJ1.0.0\lib\flycapture-platform-2.9.3.43-1.3.jar;D:\Users\Lenovo\eclipse-workspace\DETA_YLJ1.0.0\lib\gluegen-rt.jar;D:\Users\Lenovo\eclipse-workspace\DETA_YLJ1.0.0\lib\gluegen.jar;D:\Users\Lenovo\eclipse-workspace\DETA_YLJ1.0.0\lib\gnujaxp.jar;D:\Users\Lenovo\eclipse-workspace\DETA_YLJ1.0.0\lib\icam.jar;D:\Users\Lenovo\eclipse-workspace\DETA_YLJ1.0.0\lib\iText-2.1.5.jar;D:\Users\Lenovo\eclipse-workspace\DETA_YLJ1.0.0\lib\javabuilder.jar;D:\Users\Lenovo\eclipse-workspace\DETA_YLJ1.0.0\lib\javacpp-1.3.jar;D:\Users\Lenovo\eclipse-workspace\DETA_YLJ1.0.0\lib\opencv-3.1.0-1.3.jar;D:\Users\Lenovo\eclipse-workspace\DETA_YLJ1.0.0\lib\libdc1394-2.2.4-1.3.jar;D:\Users\Lenovo\eclipse-workspace\DETA_YLJ1.0.0\lib\librealsense-1.9.6-1.3.jar;D:\Users\Lenovo\eclipse-workspace\DETA_YLJ1.0.0\lib\videoinput-0.200-1.3.jar;D:\Users\Lenovo\eclipse-workspace\DETA_YLJ1.0.0\lib\artoolkitplus-2.3.1-1.3.jar;D:\Users\Lenovo\eclipse-workspace\DETA_YLJ1.0.0\lib\javacv-1.3.jar;D:\Users\Lenovo\eclipse-workspace\DETA_YLJ1.0.0\lib\javacv-platform-1.3.jar;
Launcher Type: SUN_STANDARD

Environment Variables:
PATH=C:/Program Files/Java/jre1.8.0_161/bin/server;C:/Program Files/Java/jre1.8.0_161/bin;C:/Program Files/Java/jre1.8.0_161/lib/amd64;C:\ProgramData\Oracle\Java\javapath;C:\Program Files (x86)\Intel\Intel(R) Management Engine Components\iCLS\;C:\Program Files\Intel\Intel(R) Management Engine Components\iCLS\;C:\Windows\system32;C:\Windows;C:\Windows\System32\Wbem;C:\Windows\System32\WindowsPowerShell\v1.0\;C:\Windows\System32\OpenSSH\;C:\Program Files (x86)\Intel\Intel(R) Management Engine Components\DAL;C:\Program Files\Intel\Intel(R) Management Engine Components\DAL;C:\Program Files (x86)\Intel\Intel(R) Management Engine Components\IPT;C:\Program Files\Intel\Intel(R) Management Engine Components\IPT;C:\Program Files (x86)\NVIDIA Corporation\PhysX\Common;C:\Program Files\Java\jdk1.8.0_161\bin;C:\Program Files\Java\jre1.8.0_161\bin;C:\Program Files\NVIDIA Corporation\NVIDIA NvDLISR;C:\WINDOWS\system32;C:\WINDOWS;C:\WINDOWS\System32\Wbem;C:\WINDOWS\System32\WindowsPowerShell\v1.0\;C:\WINDOWS\System32\OpenSSH\;D:\jdk\64\6.1.9\bin;D:\jdk\64\6.1.9;C:\Users\Lenovo\AppData\Local\Microsoft\WindowsApps;;C:\Users\Lenovo\Desktop\ZHUOMIAN;
USERNAME=Lenovo
OS=Windows_NT
PROCESSOR_IDENTIFIER=Intel64 Family 6 Model 158 Stepping 10, GenuineIntel



---------------  S Y S T E M  ---------------

OS: Windows 10.0 , 64 bit Build 18362 (10.0.18362.778)

CPU:total 8 (initial active 8) (4 cores per cpu, 2 threads per core) family 6 model 158 stepping 10, cmov, cx8, fxsr, mmx, sse, sse2, sse3, ssse3, sse4.1, sse4.2, popcnt, avx, avx2, aes, clmul, erms, 3dnowpref, lzcnt, ht, tsc, tscinvbit, bmi1, bmi2, adx

Memory: 4k page, physical 16648500k(8337592k free), swap 17697076k(7769964k free)

vm_info: Java HotSpot(TM) 64-Bit Server VM (25.161-b12) for windows-amd64 JRE (1.8.0_161-b12), built on Dec 19 2017 17:52:25 by "java_re" with MS VC++ 10.0 (VS2010)

time: Sun Aug 02 04:51:20 2020
elapsed time: 166 seconds (0d 0h 2m 46s)

