#
# A fatal error has been detected by the Java Runtime Environment:
#
#  EXCEPTION_INT_DIVIDE_BY_ZERO (0xc0000094) at pc=0x00007ffddea5ab5d, pid=11836, tid=0x00000000000021ec
#
# JRE version: Java(TM) SE Runtime Environment (8.0_161-b12) (build 1.8.0_161-b12)
# Java VM: Java HotSpot(TM) 64-Bit Server VM (25.161-b12 mixed mode windows-amd64 compressed oops)
# Problematic frame:
# C  [ig9icd64.dll+0x4bab5d]
#
# Failed to write core dump. Minidumps are not enabled by default on client versions of Windows
#
# If you would like to submit a bug report, please visit:
#   http://bugreport.java.com/bugreport/crash.jsp
# The crash happened outside the Java Virtual Machine in native code.
# See problematic frame for where to report the bug.
#

---------------  T H R E A D  ---------------

Current thread (0x000000002118c800):  JavaThread "AWT-EventQueue-0" [_thread_in_native, id=8684, stack(0x0000000020930000,0x0000000020a30000)]

siginfo: ExceptionCode=0xc0000094

Registers:
RAX=0x0000000000000078, RBX=0x0000000000000001, RCX=0x0000000000000078, RDX=0x0000000000000000
RSP=0x0000000020a2cd78, RBP=0x0000000000000000, RSI=0x0000000000000028, RDI=0x0000000000000014
R8 =0x0000000000000003, R9 =0x0000000000000001, R10=0x0000000020a2ced0, R11=0x0000000020a2d530
R12=0x00000000000001c1, R13=0x00007ffddf23aab0, R14=0x0000000000000000, R15=0x0000000000000000
RIP=0x00007ffddea5ab5d, EFLAGS=0x0000000000010297

Top of Stack: (sp=0x0000000020a2cd78)
0x0000000020a2cd78:   0000000000000001 0000000020a2d180
0x0000000020a2cd88:   0000000000000000 0000000000000000
0x0000000020a2cd98:   00007ffddea5d2c5 0000000000000001
0x0000000020a2cda8:   0000000020a2cea0 0000000000000000
0x0000000020a2cdb8:   0000000000000000 000000002e43002a
0x0000000020a2cdc8:   00007ffd00000001 000000002f831330
0x0000000020a2cdd8:   00007ffdde5e1400 000043da6858cfe3
0x0000000020a2cde8:   0000000000000050 0000000000000001
0x0000000020a2cdf8:   0000000020a2cf38 0000000020a2d0e0
0x0000000020a2ce08:   000000002303f340 0000000024dcff60
0x0000000020a2ce18:   0000000000000000 0000000000000000
0x0000000020a2ce28:   00007ffddeaabbdd 0000000022ffa0c0
0x0000000020a2ce38:   0000000000000000 0000000000000000
0x0000000020a2ce48:   0000000000df0cc0 0000000024d1e201
0x0000000020a2ce58:   0000000020a2cf50 0000000000000000
0x0000000020a2ce68:   0000000000000000 0000000000000028 

Instructions: (pc=0x00007ffddea5ab5d)
0x00007ffddea5ab3d:   42 20 0f 44 ce 41 0f af c8 41 89 4a 24 41 80 f9
0x00007ffddea5ab4d:   08 75 0a 83 c1 07 c1 f9 03 41 89 4a 24 8b c1 99
0x00007ffddea5ab5d:   41 f7 fe 85 d2 74 09 2b ca 41 03 ce 41 89 4a 24
0x00007ffddea5ab6d:   41 8b 43 10 44 0f af c5 41 8b d0 c1 ea 03 41 80 


Register to memory mapping:

RAX=0x0000000000000078 is an unknown value
RBX=0x0000000000000001 is an unknown value
RCX=0x0000000000000078 is an unknown value
RDX=0x0000000000000000 is an unknown value
RSP=0x0000000020a2cd78 is pointing into the stack for thread: 0x000000002118c800
RBP=0x0000000000000000 is an unknown value
RSI=0x0000000000000028 is an unknown value
RDI=0x0000000000000014 is an unknown value
R8 =0x0000000000000003 is an unknown value
R9 =0x0000000000000001 is an unknown value
R10=0x0000000020a2ced0 is pointing into the stack for thread: 0x000000002118c800
R11=0x0000000020a2d530 is pointing into the stack for thread: 0x000000002118c800
R12=0x00000000000001c1 is an unknown value
R13=0x00007ffddf23aab0 is an unknown value
R14=0x0000000000000000 is an unknown value
R15=0x0000000000000000 is an unknown value


Stack: [0x0000000020930000,0x0000000020a30000],  sp=0x0000000020a2cd78,  free space=1011k
Native frames: (J=compiled Java code, j=interpreted, Vv=VM code, C=native code)

Java frames: (J=compiled Java code, j=interpreted, Vv=VM code)
J 4511  jogamp.opengl.gl4.GL4bcImpl.dispatch_glDrawPixels1(IIIILjava/lang/Object;IZJ)V (0 bytes) @ 0x0000000003a7367c [0x0000000003a73600+0x7c]
J 5008 C2 jogamp.opengl.gl4.GL4bcImpl.glDrawPixels(IIIILjava/nio/Buffer;)V (109 bytes) @ 0x0000000003c7dd14 [0x0000000003c7db80+0x194]
J 5379 C1 biProcessor.coAuthorForWord.drawWords([II[DFIILjava/util/Map;Ljava/util/Map;)V (1493 bytes) @ 0x0000000003baffac [0x0000000003ba87c0+0x77ec]
J 5371 C2 biProcessor.coAuthorForWord.drawWords([II[DFIILjava/util/Map;Ljava/util/Map;)V (1493 bytes) @ 0x0000000003ac221c [0x0000000003abd340+0x4edc]
J 5371 C2 biProcessor.coAuthorForWord.drawWords([II[DFIILjava/util/Map;Ljava/util/Map;)V (1493 bytes) @ 0x0000000003ac221c [0x0000000003abd340+0x4edc]
J 5149 C1 biProcessor.coAuthorForWord.display(Ljavax/media/opengl/GLAutoDrawable;)V (248 bytes) @ 0x00000000038856b4 [0x0000000003884780+0xf34]
J 5046 C1 jogamp.opengl.GLDrawableHelper.displayImpl(Ljavax/media/opengl/GLAutoDrawable;)V (69 bytes) @ 0x0000000003c894ac [0x0000000003c89040+0x46c]
J 4840 C1 javax.media.opengl.awt.GLCanvas$6.run()V (122 bytes) @ 0x00000000038c64e4 [0x00000000038c6060+0x484]
J 5148 C1 jogamp.opengl.GLDrawableHelper.invokeGLImpl(Ljavax/media/opengl/GLDrawable;Ljavax/media/opengl/GLContext;Ljava/lang/Runnable;Ljava/lang/Runnable;Ljavax/media/opengl/GLAutoDrawable;)V (414 bytes) @ 0x0000000003887a84 [0x0000000003886d80+0xd04]
J 5147 C1 jogamp.opengl.GLDrawableHelper.invokeGL(Ljavax/media/opengl/GLDrawable;Ljavax/media/opengl/GLContext;Ljava/lang/Runnable;Ljava/lang/Runnable;)V (89 bytes) @ 0x000000000388fc0c [0x000000000388fb40+0xcc]
J 5045 C1 javax.media.opengl.awt.GLCanvas$8.run()V (39 bytes) @ 0x0000000003c8886c [0x0000000003c886c0+0x1ac]
J 1431 C1 java.awt.event.InvocationEvent.dispatch()V (69 bytes) @ 0x000000000318d98c [0x000000000318d840+0x14c]
J 5297 C2 java.awt.EventQueue$3.run()Ljava/lang/Object; (5 bytes) @ 0x0000000003d9fe24 [0x0000000003d9fa80+0x3a4]
v  ~StubRoutines::call_stub
J 549  java.security.AccessController.doPrivileged(Ljava/security/PrivilegedAction;Ljava/security/AccessControlContext;)Ljava/lang/Object; (0 bytes) @ 0x0000000002f61be6 [0x0000000002f61b80+0x66]
J 5288 C2 java.awt.EventDispatchThread.pumpOneEventForFilters(I)V (295 bytes) @ 0x00000000038064b8 [0x0000000003805700+0xdb8]
j  java.awt.EventDispatchThread.pumpEventsForFilter(ILjava/awt/Conditional;Ljava/awt/EventFilter;)V+35
j  java.awt.EventDispatchThread.pumpEventsForHierarchy(ILjava/awt/Conditional;Ljava/awt/Component;)V+11
j  java.awt.EventDispatchThread.pumpEvents(ILjava/awt/Conditional;)V+4
j  java.awt.EventDispatchThread.pumpEvents(Ljava/awt/Conditional;)V+3
j  java.awt.EventDispatchThread.run()V+9
v  ~StubRoutines::call_stub

---------------  P R O C E S S  ---------------

Java Threads: ( => current thread )
  0x0000000023bf8800 JavaThread "DestroyJavaVM" [_thread_blocked, id=10908, stack(0x0000000002ae0000,0x0000000002be0000)]
  0x0000000023bf6800 JavaThread "Thread-30" [_thread_blocked, id=13688, stack(0x000000002ec30000,0x000000002ed30000)]
  0x0000000023bee000 JavaThread "JavaCPP Deallocator" daemon [_thread_blocked, id=13676, stack(0x000000002de30000,0x000000002df30000)]
  0x0000000023bef800 JavaThread "Timer-0" [_thread_blocked, id=8096, stack(0x000000002e930000,0x000000002ea30000)]
  0x00000000218e0000 JavaThread "Thread-14" [_thread_in_Java, id=10148, stack(0x00000000249b0000,0x0000000024ab0000)]
  0x00000000218db000 JavaThread "Thread-6-SharedResourceRunner" daemon [_thread_blocked, id=11824, stack(0x00000000248b0000,0x00000000249b0000)]
  0x00000000218e1000 JavaThread "Thread-10" [_thread_in_native, id=14704, stack(0x00000000244b0000,0x00000000245b0000)]
  0x00000000218df800 JavaThread "Thread-9" [_thread_in_native, id=4776, stack(0x00000000243b0000,0x00000000244b0000)]
  0x0000000020dfe000 JavaThread "Thread-2" [_thread_in_native, id=13828, stack(0x0000000022ee0000,0x0000000022fe0000)]
=>0x000000002118c800 JavaThread "AWT-EventQueue-0" [_thread_in_native, id=8684, stack(0x0000000020930000,0x0000000020a30000)]
  0x000000001f8bc000 JavaThread "AWT-Shutdown" [_thread_blocked, id=14584, stack(0x000000001fdb0000,0x000000001feb0000)]
  0x000000001f873800 JavaThread "AWT-Windows" daemon [_thread_in_native, id=1008, stack(0x000000001feb0000,0x000000001ffb0000)]
  0x000000001f8bb800 JavaThread "Java2D Disposer" daemon [_thread_blocked, id=2332, stack(0x000000001fcb0000,0x000000001fdb0000)]
  0x000000001f85d800 JavaThread "TimerQueue" daemon [_thread_blocked, id=6676, stack(0x000000001fbb0000,0x000000001fcb0000)]
  0x000000001e6b2000 JavaThread "Service Thread" daemon [_thread_blocked, id=7376, stack(0x000000001f0e0000,0x000000001f1e0000)]
  0x000000001e670000 JavaThread "C1 CompilerThread3" daemon [_thread_blocked, id=1012, stack(0x000000001efe0000,0x000000001f0e0000)]
  0x000000001e66c000 JavaThread "C2 CompilerThread2" daemon [_thread_blocked, id=8152, stack(0x000000001eee0000,0x000000001efe0000)]
  0x000000001e665000 JavaThread "C2 CompilerThread1" daemon [_thread_blocked, id=14404, stack(0x000000001ede0000,0x000000001eee0000)]
  0x000000001e661000 JavaThread "C2 CompilerThread0" daemon [_thread_in_native, id=12248, stack(0x000000001ece0000,0x000000001ede0000)]
  0x000000001e660000 JavaThread "Attach Listener" daemon [_thread_blocked, id=9392, stack(0x000000001ebe0000,0x000000001ece0000)]
  0x000000001e60c800 JavaThread "Signal Dispatcher" daemon [_thread_blocked, id=14624, stack(0x000000001eae0000,0x000000001ebe0000)]
  0x000000001e5f0800 JavaThread "Finalizer" daemon [_thread_blocked, id=14544, stack(0x000000001e9d0000,0x000000001ead0000)]
  0x0000000002cdc000 JavaThread "Reference Handler" daemon [_thread_blocked, id=10700, stack(0x000000001e4d0000,0x000000001e5d0000)]

Other Threads:
  0x000000001c6e9800 VMThread [stack: 0x000000001e3d0000,0x000000001e4d0000] [id=12108]
  0x000000001e749800 WatcherThread [stack: 0x000000001f1e0000,0x000000001f2e0000] [id=5304]

VM state:not at safepoint (normal execution)

VM Mutex/Monitor currently owned by a thread: None

Heap:
 PSYoungGen      total 1290752K, used 682030K [0x000000076b500000, 0x00000007bf480000, 0x00000007c0000000)
  eden space 1209856K, 55% used [0x000000076b500000,0x00000007942d2770,0x00000007b5280000)
  from space 80896K, 15% used [0x00000007ba580000,0x00000007bb1b91a8,0x00000007bf480000)
  to   space 82944K, 0% used [0x00000007b5280000,0x00000007b5280000,0x00000007ba380000)
 ParOldGen       total 529408K, used 378530K [0x00000006c1e00000, 0x00000006e2300000, 0x000000076b500000)
  object space 529408K, 71% used [0x00000006c1e00000,0x00000006d8fa8b90,0x00000006e2300000)
 Metaspace       used 28217K, capacity 28576K, committed 28928K, reserved 1075200K
  class space    used 3653K, capacity 3772K, committed 3840K, reserved 1048576K

Card table byte_map: [0x00000000120a0000,0x00000000128a0000] byte_map_base: 0x000000000ea91000

Marking Bits: (ParMarkBitMap*) 0x000000007458f860
 Begin Bits: [0x00000000135f0000, 0x0000000017578000)
 End Bits:   [0x0000000017578000, 0x000000001b500000)

Polling page: 0x0000000002660000

CodeCache: size=245760Kb used=16913Kb max_used=17097Kb free=228846Kb
 bounds [0x0000000002ce0000, 0x0000000003dc0000, 0x0000000011ce0000]
 total_blobs=5228 nmethods=4312 adapters=825
 compilation: enabled

Compilation events (10 events):
Event: 165.864 Thread 0x000000001e670000 nmethod 5375 0x0000000003244c50 code [0x0000000003244e60, 0x0000000003245b88]
Event: 166.271 Thread 0x000000001e66c000 5376       4       javax.swing.JComponent::getGraphics (33 bytes)
Event: 166.272 Thread 0x000000001e66c000 nmethod 5376 0x0000000003153710 code [0x0000000003153860, 0x0000000003153908]
Event: 166.354 Thread 0x000000001e665000 5377       4       sun.awt.SunToolkit::getContainingWindow (24 bytes)
Event: 166.355 Thread 0x000000001e665000 nmethod 5377 0x0000000003580f90 code [0x00000000035810e0, 0x0000000003581198]
Event: 166.355 Thread 0x000000001e670000 5378       3       sun.util.locale.LocaleUtils::caseIgnoreMatch (73 bytes)
Event: 166.356 Thread 0x000000001e670000 nmethod 5378 0x0000000002fedf90 code [0x0000000002fee1a0, 0x0000000002feedf8]
Event: 166.463 Thread 0x000000001e670000 5379       3       biProcessor.coAuthorForWord::drawWords (1493 bytes)
Event: 166.467 Thread 0x000000001e670000 nmethod 5379 0x0000000003ba7c90 code [0x0000000003ba87c0, 0x0000000003bb1df8]
Event: 166.521 Thread 0x000000001e661000 5380       4       biProcessor.coAuthorForWord::drawWords (1493 bytes)

GC Heap History (10 events):
Event: 158.708 GC heap before
{Heap before GC invocations=89 (full 3):
 PSYoungGen      total 1214464K, used 1214142K [0x000000076b500000, 0x00000007bfe00000, 0x00000007c0000000)
  eden space 1199616K, 100% used [0x000000076b500000,0x00000007b4880000,0x00000007b4880000)
  from space 14848K, 97% used [0x00000007b4880000,0x00000007b56afa70,0x00000007b5700000)
  to   space 92672K, 0% used [0x00000007ba380000,0x00000007ba380000,0x00000007bfe00000)
 ParOldGen       total 529408K, used 374495K [0x00000006c1e00000, 0x00000006e2300000, 0x000000076b500000)
  object space 529408K, 70% used [0x00000006c1e00000,0x00000006d8bb7f90,0x00000006e2300000)
 Metaspace       used 28202K, capacity 28576K, committed 28928K, reserved 1075200K
  class space    used 3653K, capacity 3772K, committed 3840K, reserved 1048576K
Event: 158.711 GC heap after
Heap after GC invocations=89 (full 3):
 PSYoungGen      total 1293824K, used 12961K [0x000000076b500000, 0x00000007c0000000, 0x00000007c0000000)
  eden space 1201152K, 0% used [0x000000076b500000,0x000000076b500000,0x00000007b4a00000)
  from space 92672K, 13% used [0x00000007ba380000,0x00000007bb028680,0x00000007bfe00000)
  to   space 91648K, 0% used [0x00000007b4a00000,0x00000007b4a00000,0x00000007ba380000)
 ParOldGen       total 529408K, used 374511K [0x00000006c1e00000, 0x00000006e2300000, 0x000000076b500000)
  object space 529408K, 70% used [0x00000006c1e00000,0x00000006d8bbbf90,0x00000006e2300000)
 Metaspace       used 28202K, capacity 28576K, committed 28928K, reserved 1075200K
  class space    used 3653K, capacity 3772K, committed 3840K, reserved 1048576K
}
Event: 160.448 GC heap before
{Heap before GC invocations=90 (full 3):
 PSYoungGen      total 1293824K, used 1214113K [0x000000076b500000, 0x00000007c0000000, 0x00000007c0000000)
  eden space 1201152K, 100% used [0x000000076b500000,0x00000007b4a00000,0x00000007b4a00000)
  from space 92672K, 13% used [0x00000007ba380000,0x00000007bb028680,0x00000007bfe00000)
  to   space 91648K, 0% used [0x00000007b4a00000,0x00000007b4a00000,0x00000007ba380000)
 ParOldGen       total 529408K, used 374511K [0x00000006c1e00000, 0x00000006e2300000, 0x000000076b500000)
  object space 529408K, 70% used [0x00000006c1e00000,0x00000006d8bbbf90,0x00000006e2300000)
 Metaspace       used 28205K, capacity 28576K, committed 28928K, reserved 1075200K
  class space    used 3653K, capacity 3772K, committed 3840K, reserved 1048576K
Event: 160.451 GC heap after
Heap after GC invocations=90 (full 3):
 PSYoungGen      total 1292800K, used 14596K [0x000000076b500000, 0x00000007bfc00000, 0x00000007c0000000)
  eden space 1201152K, 0% used [0x000000076b500000,0x000000076b500000,0x00000007b4a00000)
  from space 91648K, 15% used [0x00000007b4a00000,0x00000007b58410a8,0x00000007ba380000)
  to   space 90112K, 0% used [0x00000007ba400000,0x00000007ba400000,0x00000007bfc00000)
 ParOldGen       total 529408K, used 374567K [0x00000006c1e00000, 0x00000006e2300000, 0x000000076b500000)
  object space 529408K, 70% used [0x00000006c1e00000,0x00000006d8bc9f90,0x00000006e2300000)
 Metaspace       used 28205K, capacity 28576K, committed 28928K, reserved 1075200K
  class space    used 3653K, capacity 3772K, committed 3840K, reserved 1048576K
}
Event: 162.232 GC heap before
{Heap before GC invocations=91 (full 3):
 PSYoungGen      total 1292800K, used 1215748K [0x000000076b500000, 0x00000007bfc00000, 0x00000007c0000000)
  eden space 1201152K, 100% used [0x000000076b500000,0x00000007b4a00000,0x00000007b4a00000)
  from space 91648K, 15% used [0x00000007b4a00000,0x00000007b58410a8,0x00000007ba380000)
  to   space 90112K, 0% used [0x00000007ba400000,0x00000007ba400000,0x00000007bfc00000)
 ParOldGen       total 529408K, used 374567K [0x00000006c1e00000, 0x00000006e2300000, 0x000000076b500000)
  object space 529408K, 70% used [0x00000006c1e00000,0x00000006d8bc9f90,0x00000006e2300000)
 Metaspace       used 28214K, capacity 28576K, committed 28928K, reserved 1075200K
  class space    used 3653K, capacity 3772K, committed 3840K, reserved 1048576K
Event: 162.235 GC heap after
Heap after GC invocations=91 (full 3):
 PSYoungGen      total 1294336K, used 9124K [0x000000076b500000, 0x00000007bfb80000, 0x00000007c0000000)
  eden space 1204736K, 0% used [0x000000076b500000,0x000000076b500000,0x00000007b4d80000)
  from space 89600K, 10% used [0x00000007ba400000,0x00000007bace9018,0x00000007bfb80000)
  to   space 88576K, 0% used [0x00000007b4d80000,0x00000007b4d80000,0x00000007ba400000)
 ParOldGen       total 529408K, used 378466K [0x00000006c1e00000, 0x00000006e2300000, 0x000000076b500000)
  object space 529408K, 71% used [0x00000006c1e00000,0x00000006d8f98b90,0x00000006e2300000)
 Metaspace       used 28214K, capacity 28576K, committed 28928K, reserved 1075200K
  class space    used 3653K, capacity 3772K, committed 3840K, reserved 1048576K
}
Event: 164.009 GC heap before
{Heap before GC invocations=92 (full 3):
 PSYoungGen      total 1294336K, used 1213860K [0x000000076b500000, 0x00000007bfb80000, 0x00000007c0000000)
  eden space 1204736K, 100% used [0x000000076b500000,0x00000007b4d80000,0x00000007b4d80000)
  from space 89600K, 10% used [0x00000007ba400000,0x00000007bace9018,0x00000007bfb80000)
  to   space 88576K, 0% used [0x00000007b4d80000,0x00000007b4d80000,0x00000007ba400000)
 ParOldGen       total 529408K, used 378466K [0x00000006c1e00000, 0x00000006e2300000, 0x000000076b500000)
  object space 529408K, 71% used [0x00000006c1e00000,0x00000006d8f98b90,0x00000006e2300000)
 Metaspace       used 28216K, capacity 28576K, committed 28928K, reserved 1075200K
  class space    used 3653K, capacity 3772K, committed 3840K, reserved 1048576K
Event: 164.012 GC heap after
Heap after GC invocations=92 (full 3):
 PSYoungGen      total 1293312K, used 14897K [0x000000076b500000, 0x00000007bf900000, 0x00000007c0000000)
  eden space 1204736K, 0% used [0x000000076b500000,0x000000076b500000,0x00000007b4d80000)
  from space 88576K, 16% used [0x00000007b4d80000,0x00000007b5c0c4c8,0x00000007ba400000)
  to   space 85504K, 0% used [0x00000007ba580000,0x00000007ba580000,0x00000007bf900000)
 ParOldGen       total 529408K, used 378506K [0x00000006c1e00000, 0x00000006e2300000, 0x000000076b500000)
  object space 529408K, 71% used [0x00000006c1e00000,0x00000006d8fa2b90,0x00000006e2300000)
 Metaspace       used 28216K, capacity 28576K, committed 28928K, reserved 1075200K
  class space    used 3653K, capacity 3772K, committed 3840K, reserved 1048576K
}
Event: 165.753 GC heap before
{Heap before GC invocations=93 (full 3):
 PSYoungGen      total 1293312K, used 1219633K [0x000000076b500000, 0x00000007bf900000, 0x00000007c0000000)
  eden space 1204736K, 100% used [0x000000076b500000,0x00000007b4d80000,0x00000007b4d80000)
  from space 88576K, 16% used [0x00000007b4d80000,0x00000007b5c0c4c8,0x00000007ba400000)
  to   space 85504K, 0% used [0x00000007ba580000,0x00000007ba580000,0x00000007bf900000)
 ParOldGen       total 529408K, used 378506K [0x00000006c1e00000, 0x00000006e2300000, 0x000000076b500000)
  object space 529408K, 71% used [0x00000006c1e00000,0x00000006d8fa2b90,0x00000006e2300000)
 Metaspace       used 28216K, capacity 28576K, committed 28928K, reserved 1075200K
  class space    used 3653K, capacity 3772K, committed 3840K, reserved 1048576K
Event: 165.756 GC heap after
Heap after GC invocations=93 (full 3):
 PSYoungGen      total 1290752K, used 12516K [0x000000076b500000, 0x00000007bf480000, 0x00000007c0000000)
  eden space 1209856K, 0% used [0x000000076b500000,0x000000076b500000,0x00000007b5280000)
  from space 80896K, 15% used [0x00000007ba580000,0x00000007bb1b91a8,0x00000007bf480000)
  to   space 82944K, 0% used [0x00000007b5280000,0x00000007b5280000,0x00000007ba380000)
 ParOldGen       total 529408K, used 378530K [0x00000006c1e00000, 0x00000006e2300000, 0x000000076b500000)
  object space 529408K, 71% used [0x00000006c1e00000,0x00000006d8fa8b90,0x00000006e2300000)
 Metaspace       used 28216K, capacity 28576K, committed 28928K, reserved 1075200K
  class space    used 3653K, capacity 3772K, committed 3840K, reserved 1048576K
}

Deoptimization events (10 events):
Event: 144.863 Thread 0x000000002118c800 Uncommon trap: reason=class_check action=maybe_recompile pc=0x000000000393c654 method=java.awt.EventQueue.coalesceEvent(Ljava/awt/AWTEvent;I)Z @ 77
Event: 144.900 Thread 0x000000002118c800 Uncommon trap: reason=class_check action=maybe_recompile pc=0x000000000393c654 method=java.awt.EventQueue.coalesceEvent(Ljava/awt/AWTEvent;I)Z @ 77
Event: 149.904 Thread 0x000000002118c800 Uncommon trap: reason=unstable_if action=reinterpret pc=0x0000000003c664c0 method=java.nio.Bits.tryReserveMemory(JI)Z @ 29
Event: 153.481 Thread 0x000000002118c800 Uncommon trap: reason=class_check action=maybe_recompile pc=0x0000000003190cd4 method=java.awt.Container.getMouseEventTargetImpl(IIZLjava/awt/Container$EventTargetFilter;ZZ)Ljava/awt/Component; @ 64
Event: 153.678 Thread 0x000000002118c800 Uncommon trap: reason=unstable_if action=reinterpret pc=0x0000000003b348c4 method=java.security.AccessControlContext.combine([Ljava/security/ProtectionDomain;[Ljava/security/ProtectionDomain;)[Ljava/security/ProtectionDomain; @ 162
Event: 160.607 Thread 0x000000002118c800 Uncommon trap: reason=class_check action=maybe_recompile pc=0x0000000003190cd4 method=java.awt.Container.getMouseEventTargetImpl(IIZLjava/awt/Container$EventTargetFilter;ZZ)Ljava/awt/Component; @ 64
Event: 161.874 Thread 0x000000002118c800 Uncommon trap: reason=class_check action=maybe_recompile pc=0x0000000003190cd4 method=java.awt.Container.getMouseEventTargetImpl(IIZLjava/awt/Container$EventTargetFilter;ZZ)Ljava/awt/Component; @ 64
Event: 162.969 Thread 0x000000002118c800 Uncommon trap: reason=unstable_if action=reinterpret pc=0x0000000003bce70c method=biProcessor.coAuthorForWord.drawWords([II[DFIILjava/util/Map;Ljava/util/Map;)V @ 435
Event: 163.199 Thread 0x000000002118c800 Uncommon trap: reason=unstable_if action=reinterpret pc=0x0000000003ab72f0 method=java.awt.Container.findComponentAtImpl(IIZ)Ljava/awt/Component; @ 103
Event: 166.461 Thread 0x000000002118c800 Uncommon trap: reason=unstable_if action=reinterpret pc=0x0000000003ac46a0 method=biProcessor.coAuthorForWord.drawWords([II[DFIILjava/util/Map;Ljava/util/Map;)V @ 387

Classes redefined (0 events):
No events

Internal exceptions (10 events):
Event: 146.265 Thread 0x000000002118c800 Exception <a 'java/lang/NullPointerException'> (0x00000007b2ce7270) thrown at [C:\re\workspace\8-2-build-windows-amd64-cygwin\jdk8u161\10277\hotspot\src\share\vm\runtime\sharedRuntime.cpp, line 605]
Event: 149.216 Thread 0x000000002118c800 Implicit null exception at 0x000000000374e663 to 0x000000000374e82f
Event: 149.216 Thread 0x000000002118c800 Exception <a 'java/lang/NullPointerException'> (0x0000000798ad1250) thrown at [C:\re\workspace\8-2-build-windows-amd64-cygwin\jdk8u161\10277\hotspot\src\share\vm\runtime\sharedRuntime.cpp, line 605]
Event: 150.408 Thread 0x000000002118c800 Implicit null exception at 0x000000000374e663 to 0x000000000374e82f
Event: 150.408 Thread 0x000000002118c800 Exception <a 'java/lang/NullPointerException'> (0x0000000780f6af80) thrown at [C:\re\workspace\8-2-build-windows-amd64-cygwin\jdk8u161\10277\hotspot\src\share\vm\runtime\sharedRuntime.cpp, line 605]
Event: 151.211 Thread 0x000000002118c800 Implicit null exception at 0x000000000374e663 to 0x000000000374e82f
Event: 151.211 Thread 0x000000002118c800 Exception <a 'java/lang/NullPointerException'> (0x00000007a09b72b0) thrown at [C:\re\workspace\8-2-build-windows-amd64-cygwin\jdk8u161\10277\hotspot\src\share\vm\runtime\sharedRuntime.cpp, line 605]
Event: 151.785 Thread 0x000000002118c800 Implicit null exception at 0x000000000374e663 to 0x000000000374e82f
Event: 151.785 Thread 0x000000002118c800 Exception <a 'java/lang/NullPointerException'> (0x000000076e3ae768) thrown at [C:\re\workspace\8-2-build-windows-amd64-cygwin\jdk8u161\10277\hotspot\src\share\vm\runtime\sharedRuntime.cpp, line 605]
Event: 166.461 Thread 0x000000002118c800 Implicit null exception at 0x0000000003abe9ee to 0x0000000003ac4651

Events (10 events):
Event: 166.621 Thread 0x000000002118c800 DEOPT PACKING pc=0x0000000003bb169e sp=0x0000000020a2d5c0
Event: 166.621 Thread 0x000000002118c800 DEOPT UNPACKING pc=0x0000000002d27890 sp=0x0000000020a2d430 mode 0
Event: 166.635 Thread 0x000000002118c800 DEOPT PACKING pc=0x0000000003bb169e sp=0x0000000020a2d5c0
Event: 166.635 Thread 0x000000002118c800 DEOPT UNPACKING pc=0x0000000002d27890 sp=0x0000000020a2d430 mode 0
Event: 166.640 Thread 0x000000002118c800 DEOPT PACKING pc=0x0000000003bb169e sp=0x0000000020a2d5c0
Event: 166.640 Thread 0x000000002118c800 DEOPT UNPACKING pc=0x0000000002d27890 sp=0x0000000020a2d430 mode 0
Event: 166.650 Thread 0x000000002118c800 DEOPT PACKING pc=0x0000000003bb169e sp=0x0000000020a2d5c0
Event: 166.650 Thread 0x000000002118c800 DEOPT UNPACKING pc=0x0000000002d27890 sp=0x0000000020a2d430 mode 0
Event: 166.676 Thread 0x000000002118c800 DEOPT PACKING pc=0x0000000003bb169e sp=0x0000000020a2d5c0
Event: 166.676 Thread 0x000000002118c800 DEOPT UNPACKING pc=0x0000000002d27890 sp=0x0000000020a2d430 mode 0


Dynamic libraries:
0x00007ff66cfc0000 - 0x00007ff66cff7000 	C:\Program Files\Java\jdk1.8.0_161\jre\bin\javaw.exe
0x00007ffe2b1a0000 - 0x00007ffe2b390000 	C:\WINDOWS\SYSTEM32\ntdll.dll
0x00007ffe237d0000 - 0x00007ffe237e3000 	D:\Program Files\AVAST Software\Avast\aswhook.dll
0x00007ffe2aa50000 - 0x00007ffe2ab02000 	C:\WINDOWS\System32\KERNEL32.DLL
0x00007ffe281e0000 - 0x00007ffe28483000 	C:\WINDOWS\System32\KERNELBASE.dll
0x00007ffe2a750000 - 0x00007ffe2a7f3000 	C:\WINDOWS\System32\ADVAPI32.dll
0x00007ffe29c60000 - 0x00007ffe29cfe000 	C:\WINDOWS\System32\msvcrt.dll
0x00007ffe2ab90000 - 0x00007ffe2ac27000 	C:\WINDOWS\System32\sechost.dll
0x00007ffe29250000 - 0x00007ffe29370000 	C:\WINDOWS\System32\RPCRT4.dll
0x00007ffe2adf0000 - 0x00007ffe2af84000 	C:\WINDOWS\System32\USER32.dll
0x00007ffe29220000 - 0x00007ffe29241000 	C:\WINDOWS\System32\win32u.dll
0x00007ffe2aa20000 - 0x00007ffe2aa46000 	C:\WINDOWS\System32\GDI32.dll
0x00007ffe287b0000 - 0x00007ffe28944000 	C:\WINDOWS\System32\gdi32full.dll
0x00007ffe28610000 - 0x00007ffe286ae000 	C:\WINDOWS\System32\msvcp_win.dll
0x00007ffe286b0000 - 0x00007ffe287aa000 	C:\WINDOWS\System32\ucrtbase.dll
0x00007ffe143a0000 - 0x00007ffe14625000 	C:\WINDOWS\WinSxS\amd64_microsoft.windows.common-controls_6595b64144ccf1df_6.0.18362.778_none_e6c6b761130d4fb8\COMCTL32.dll
0x00007ffe29d90000 - 0x00007ffe2a0c6000 	C:\WINDOWS\System32\combase.dll
0x00007ffe290d0000 - 0x00007ffe29150000 	C:\WINDOWS\System32\bcryptPrimitives.dll
0x00007ffe29d60000 - 0x00007ffe29d8e000 	C:\WINDOWS\System32\IMM32.DLL
0x00000000750d0000 - 0x00000000751a2000 	C:\Program Files\Java\jdk1.8.0_161\jre\bin\msvcr100.dll
0x0000000073d70000 - 0x000000007460f000 	C:\Program Files\Java\jdk1.8.0_161\jre\bin\server\jvm.dll
0x00007ffe2ade0000 - 0x00007ffe2ade8000 	C:\WINDOWS\System32\PSAPI.DLL
0x00007ffe1dbc0000 - 0x00007ffe1dbc9000 	C:\WINDOWS\SYSTEM32\WSOCK32.dll
0x00007ffe2a950000 - 0x00007ffe2a9bf000 	C:\WINDOWS\System32\WS2_32.dll
0x00007ffe1c900000 - 0x00007ffe1c924000 	C:\WINDOWS\SYSTEM32\WINMM.dll
0x00007ffe22030000 - 0x00007ffe2203a000 	C:\WINDOWS\SYSTEM32\VERSION.dll
0x00007ffe1c8d0000 - 0x00007ffe1c8fd000 	C:\WINDOWS\SYSTEM32\WINMMBASE.dll
0x00007ffe28190000 - 0x00007ffe281da000 	C:\WINDOWS\System32\cfgmgr32.dll
0x00000000750c0000 - 0x00000000750cf000 	C:\Program Files\Java\jdk1.8.0_161\jre\bin\verify.dll
0x0000000075090000 - 0x00000000750b9000 	C:\Program Files\Java\jdk1.8.0_161\jre\bin\java.dll
0x0000000075070000 - 0x0000000075086000 	C:\Program Files\Java\jdk1.8.0_161\jre\bin\zip.dll
0x00007ffe294d0000 - 0x00007ffe29bb5000 	C:\WINDOWS\System32\SHELL32.dll
0x00007ffe2af90000 - 0x00007ffe2b039000 	C:\WINDOWS\System32\shcore.dll
0x00007ffe28950000 - 0x00007ffe290d0000 	C:\WINDOWS\System32\windows.storage.dll
0x00007ffe280b0000 - 0x00007ffe280d3000 	C:\WINDOWS\System32\profapi.dll
0x00007ffe280e0000 - 0x00007ffe2812a000 	C:\WINDOWS\System32\powrprof.dll
0x00007ffe28060000 - 0x00007ffe28070000 	C:\WINDOWS\System32\UMPDC.dll
0x00007ffe29d00000 - 0x00007ffe29d52000 	C:\WINDOWS\System32\shlwapi.dll
0x00007ffe28090000 - 0x00007ffe280a1000 	C:\WINDOWS\System32\kernel.appcore.dll
0x00007ffe29150000 - 0x00007ffe29167000 	C:\WINDOWS\System32\cryptsp.dll
0x00007ffe273e0000 - 0x00007ffe27413000 	C:\WINDOWS\system32\rsaenh.dll
0x00007ffe28490000 - 0x00007ffe284b6000 	C:\WINDOWS\System32\bcrypt.dll
0x00007ffe27f80000 - 0x00007ffe27fa5000 	C:\WINDOWS\SYSTEM32\USERENV.dll
0x00007ffe27aa0000 - 0x00007ffe27aac000 	C:\WINDOWS\SYSTEM32\CRYPTBASE.dll
0x0000000075050000 - 0x000000007506a000 	C:\Program Files\Java\jdk1.8.0_161\jre\bin\net.dll
0x00007ffe278d0000 - 0x00007ffe27937000 	C:\WINDOWS\system32\mswsock.dll
0x00007ffe27580000 - 0x00007ffe275ba000 	C:\WINDOWS\SYSTEM32\IPHLPAPI.DLL
0x00007ffe2a610000 - 0x00007ffe2a618000 	C:\WINDOWS\System32\NSI.dll
0x00007ffe20d90000 - 0x00007ffe20da6000 	C:\WINDOWS\SYSTEM32\dhcpcsvc6.DLL
0x00007ffe21a70000 - 0x00007ffe21a8c000 	C:\WINDOWS\SYSTEM32\dhcpcsvc.DLL
0x00007ffe275c0000 - 0x00007ffe2768a000 	C:\WINDOWS\SYSTEM32\DNSAPI.dll
0x0000000075030000 - 0x0000000075041000 	C:\Program Files\Java\jdk1.8.0_161\jre\bin\nio.dll
0x0000000073bd0000 - 0x0000000073d68000 	C:\Program Files\Java\jdk1.8.0_161\jre\bin\awt.dll
0x00007ffe2a540000 - 0x00007ffe2a604000 	C:\WINDOWS\System32\OLEAUT32.dll
0x00007ffe25eb0000 - 0x00007ffe25f3f000 	C:\WINDOWS\SYSTEM32\apphelp.dll
0x00007ffe26040000 - 0x00007ffe260d9000 	C:\WINDOWS\system32\uxtheme.dll
0x00007ffe2a800000 - 0x00007ffe2a936000 	C:\WINDOWS\System32\MSCTF.dll
0x00007ffe29370000 - 0x00007ffe294c7000 	C:\WINDOWS\System32\ole32.dll
0x00007ffe26570000 - 0x00007ffe2659d000 	C:\WINDOWS\system32\DWMAPI.DLL
0x00007ffe19e40000 - 0x00007ffe19f96000 	C:\WINDOWS\system32\opengl32.dll
0x00007ffe21ff0000 - 0x00007ffe2201c000 	C:\WINDOWS\SYSTEM32\GLU32.dll
0x00007ffe26cd0000 - 0x00007ffe26cf0000 	C:\WINDOWS\SYSTEM32\dxcore.dll
0x0000000073b80000 - 0x0000000073bc7000 	C:\Program Files\Java\jdk1.8.0_161\jre\bin\fontmanager.dll
0x00007ffe2b040000 - 0x00007ffe2b0e2000 	C:\WINDOWS\System32\clbcatq.dll
0x00007ffe1ade0000 - 0x00007ffe1af8f000 	C:\WINDOWS\SYSTEM32\WindowsCodecs.dll
0x00007ffe1f480000 - 0x00007ffe1f4ba000 	C:\WINDOWS\system32\dataexchange.dll
0x00007ffe24e50000 - 0x00007ffe250ab000 	C:\WINDOWS\system32\d3d11.dll
0x00007ffe255f0000 - 0x00007ffe257cc000 	C:\WINDOWS\system32\dcomp.dll
0x00007ffe26d60000 - 0x00007ffe26e4b000 	C:\WINDOWS\system32\dxgi.dll
0x00007ffe26100000 - 0x00007ffe2635a000 	C:\WINDOWS\system32\twinapi.appcore.dll
0x00007ffe26540000 - 0x00007ffe26569000 	C:\WINDOWS\system32\RMCLIENT.dll
0x0000000073b30000 - 0x0000000073b72000 	C:\Program Files\Java\jdk1.8.0_161\jre\bin\t2k.dll
0x00007ffe1b580000 - 0x00007ffe1b61e000 	C:\WINDOWS\System32\TextInputFramework.dll
0x00007ffe1bad0000 - 0x00007ffe1bdfa000 	C:\WINDOWS\System32\CoreUIComponents.dll
0x00007ffe25510000 - 0x00007ffe255e4000 	C:\WINDOWS\System32\CoreMessaging.dll
0x00007ffe270c0000 - 0x00007ffe270f1000 	C:\WINDOWS\SYSTEM32\ntmarta.dll
0x00007ffe23430000 - 0x00007ffe23583000 	C:\WINDOWS\SYSTEM32\wintypes.dll
0x00007ffe1cca0000 - 0x00007ffe1cf46000 	C:\WINDOWS\System32\iertutil.dll
0x00000000637c0000 - 0x00000000637ca000 	C:\Users\Lenovo\AppData\Local\Temp\jogamp.tmp.cache_000000\jln9000367479804931085\jln2906471141842067865\gluegen-rt.dll
0x0000000073b20000 - 0x0000000073b27000 	C:\Program Files\Java\jdk1.8.0_161\jre\bin\jawt.dll
0x000000006a440000 - 0x000000006a44b000 	C:\Users\Lenovo\AppData\Local\Temp\jogamp.tmp.cache_000000\jln9000367479804931085\jln2906471141842067865\nativewindow_awt.dll
0x000000006c100000 - 0x000000006c10b000 	C:\Users\Lenovo\AppData\Local\Temp\jogamp.tmp.cache_000000\jln9000367479804931085\jln2906471141842067865\nativewindow_win32.dll
0x0000000064500000 - 0x000000006458d000 	C:\Users\Lenovo\AppData\Local\Temp\jogamp.tmp.cache_000000\jln9000367479804931085\jln2906471141842067865\jogl_desktop.dll
0x00007ffdde5a0000 - 0x00007ffddf4a9000 	C:\WINDOWS\System32\DriverStore\FileRepository\iigd_dch.inf_amd64_3c82703a0fbed0ab\ig9icd64.dll
0x00007ffe17220000 - 0x00007ffe173c0000 	C:\WINDOWS\System32\DriverStore\FileRepository\iigd_dch.inf_amd64_3c82703a0fbed0ab\igdgmm64.dll
0x00007ffe14960000 - 0x00007ffe16d5c000 	C:\WINDOWS\System32\DriverStore\FileRepository\iigd_dch.inf_amd64_3c82703a0fbed0ab\igc64.dll
0x0000000073ae0000 - 0x0000000073b11000 	C:\Program Files\Java\jdk1.8.0_161\jre\bin\jpeg.dll
0x00007ffdef6a0000 - 0x00007ffdef78f000 	C:\Users\Lenovo\.javacpp\cache\opencv-3.1.0-1.3-windows-x86_64.jar\org\bytedeco\javacpp\windows-x86_64\msvcr120.dll
0x00007ffdef5f0000 - 0x00007ffdef696000 	C:\Users\Lenovo\.javacpp\cache\opencv-3.1.0-1.3-windows-x86_64.jar\org\bytedeco\javacpp\windows-x86_64\msvcp120.dll
0x00007ffdee070000 - 0x00007ffdee2ea000 	C:\Users\Lenovo\.javacpp\cache\opencv-3.1.0-1.3-windows-x86_64.jar\org\bytedeco\javacpp\windows-x86_64\opencv_core310.dll
0x00007ffdedd20000 - 0x00007ffdee062000 	C:\Users\Lenovo\.javacpp\cache\opencv-3.1.0-1.3-windows-x86_64.jar\org\bytedeco\javacpp\windows-x86_64\opencv_imgproc310.dll
0x00007ffdedaf0000 - 0x00007ffdedd17000 	C:\Users\Lenovo\.javacpp\cache\opencv-3.1.0-1.3-windows-x86_64.jar\org\bytedeco\javacpp\windows-x86_64\jniopencv_core.dll
0x00007ffdef080000 - 0x00007ffdef16d000 	C:\Users\Lenovo\.javacpp\cache\opencv-3.1.0-1.3-windows-x86_64.jar\org\bytedeco\javacpp\windows-x86_64\jniopencv_imgproc.dll
0x00007ffded820000 - 0x00007ffdedae9000 	C:\Users\Lenovo\.javacpp\cache\opencv-3.1.0-1.3-windows-x86_64.jar\org\bytedeco\javacpp\windows-x86_64\opencv_imgcodecs310.dll
0x00007ffe21c80000 - 0x00007ffe21ca5000 	C:\Users\Lenovo\.javacpp\cache\opencv-3.1.0-1.3-windows-x86_64.jar\org\bytedeco\javacpp\windows-x86_64\jniopencv_imgcodecs.dll
0x00007ffe12360000 - 0x00007ffe123b3000 	C:\Users\Lenovo\.javacpp\cache\opencv-3.1.0-1.3-windows-x86_64.jar\org\bytedeco\javacpp\windows-x86_64\opencv_videoio310.dll
0x00007ffe1c0e0000 - 0x00007ffe1c109000 	C:\WINDOWS\SYSTEM32\MSVFW32.dll
0x00007ffe1c5c0000 - 0x00007ffe1c5e0000 	C:\WINDOWS\SYSTEM32\AVIFIL32.dll
0x00007ffe124a0000 - 0x00007ffe124b8000 	C:\WINDOWS\SYSTEM32\AVICAP32.dll
0x00007ffe12da0000 - 0x00007ffe12dbc000 	C:\WINDOWS\SYSTEM32\MSACM32.dll
0x00007ffe12480000 - 0x00007ffe12497000 	C:\Users\Lenovo\.javacpp\cache\opencv-3.1.0-1.3-windows-x86_64.jar\org\bytedeco\javacpp\windows-x86_64\jniopencv_videoio.dll
0x00007ffe12340000 - 0x00007ffe12358000 	C:\Windows\System32\devenum.dll
0x00007ffe2a0d0000 - 0x00007ffe2a540000 	C:\WINDOWS\System32\setupapi.dll
0x00007ffe27e60000 - 0x00007ffe27e8a000 	C:\WINDOWS\SYSTEM32\DEVOBJ.dll
0x00007ffe28130000 - 0x00007ffe2818c000 	C:\WINDOWS\System32\WINTRUST.dll
0x00007ffe28070000 - 0x00007ffe28082000 	C:\WINDOWS\System32\MSASN1.dll
0x00007ffe284c0000 - 0x00007ffe28609000 	C:\WINDOWS\System32\CRYPT32.dll
0x00007ffe236f0000 - 0x00007ffe236fb000 	C:\WINDOWS\SYSTEM32\msdmo.dll
0x00007ffe00a10000 - 0x00007ffe00a44000 	C:\Windows\System32\qcap.dll
0x000000002ee30000 - 0x000000002eff4000 	C:\Windows\System32\quartz.dll
0x00007ffdf31a0000 - 0x00007ffdf31ec000 	C:\Windows\System32\mfksproxy.dll
0x00007ffe1c600000 - 0x00007ffe1c61c000 	C:\Windows\System32\ATL.DLL
0x00007ffe1efb0000 - 0x00007ffe1f1aa000 	C:\Windows\System32\MFPlat.DLL
0x00007ffe1f400000 - 0x00007ffe1f42f000 	C:\Windows\System32\RTWorkQ.DLL
0x00007ffde65f0000 - 0x00007ffde69dc000 	C:\Windows\System32\MFCORE.dll
0x00007ffe13ad0000 - 0x00007ffe13ad9000 	C:\Windows\System32\ksuser.dll
0x00007ffdef020000 - 0x00007ffdef075000 	C:\Windows\System32\FSClient.dll
0x00007ffdeee70000 - 0x00007ffdeeecc000 	C:\Windows\System32\MFSENSORGROUP.dll
0x00007ffe22020000 - 0x00007ffe2202a000 	C:\Windows\System32\AVRT.dll
0x00007ffe1edb0000 - 0x00007ffe1edbd000 	C:\Windows\System32\vidcap.ax
0x00007ffdf2970000 - 0x00007ffdf2996000 	C:\Windows\System32\kswdmcap.ax
0x00007ffde7610000 - 0x00007ffde7772000 	C:\Windows\System32\MFC42.dll
0x00007ffddd910000 - 0x00007ffddda49000 	C:\Windows\System32\MFReadWrite.dll
0x00007ffdeafb0000 - 0x00007ffdeb051000 	C:\Windows\System32\qedit.dll
0x00007ffe2a680000 - 0x00007ffe2a750000 	C:\WINDOWS\System32\COMDLG32.dll
0x00007ffe191c0000 - 0x00007ffe19363000 	C:\WINDOWS\WinSxS\amd64_microsoft.windows.gdiplus_6595b64144ccf1df_1.1.18362.778_none_17b1aa466d9fc986\gdiplus.dll
0x00007ffe00d80000 - 0x00007ffe00e77000 	C:\Windows\System32\DDRAW.dll
0x00007ffe21fd0000 - 0x00007ffe21fd8000 	C:\Windows\System32\DCIMAN32.dll

VM Arguments:
jvm_args: -Dfile.encoding=GBK 
java_command: ME.sample.Frame
java_class_path (initial): D:\Users\Lenovo\eclipse-workspace\DETA_YLJ1.5.9\target\classes;D:\Users\Lenovo\eclipse-workspace\DETA_YLJ1.5.9\lib\bssm.jar;D:\Users\Lenovo\eclipse-workspace\DETA_YLJ1.5.9\lib\commons-math-2.1.jar;D:\Users\Lenovo\eclipse-workspace\DETA_YLJ1.5.9\lib\commons-math3-3.0.jar;D:\Users\Lenovo\eclipse-workspace\DETA_YLJ1.5.9\lib\customizer.jar;D:\Users\Lenovo\eclipse-workspace\DETA_YLJ1.5.9\lib\ffmpeg-3.2.1-1.3-windows-x86_64.jar;D:\Users\Lenovo\eclipse-workspace\DETA_YLJ1.5.9\lib\ffmpeg-platform-3.2.1-1.3.jar;D:\Users\Lenovo\eclipse-workspace\DETA_YLJ1.5.9\lib;D:\Users\Lenovo\eclipse-workspace\DETA_YLJ1.5.9\lib\flandmark-1.07-1.3.jar;D:\Users\Lenovo\eclipse-workspace\DETA_YLJ1.5.9\lib\flandmark-platform-1.07-1.3.jar;D:\Users\Lenovo\eclipse-workspace\DETA_YLJ1.5.9\lib\flycapture-2.9.3.43-1.3-windows-x86_64.jar;D:\Users\Lenovo\eclipse-workspace\DETA_YLJ1.5.9\lib\flycapture-2.9.3.43-1.3.jar;D:\Users\Lenovo\eclipse-workspace\DETA_YLJ1.5.9\lib\flycapture-platform-2.9.3.43-1.3.jar;D:\Users\Lenovo\eclipse-workspace\DETA_YLJ1.5.9\lib\gluegen-rt.jar;D:\Users\Lenovo\eclipse-workspace\DETA_YLJ1.5.9\lib\gluegen.jar;D:\Users\Lenovo\eclipse-workspace\DETA_YLJ1.5.9\lib\gnujaxp.jar;D:\Users\Lenovo\eclipse-workspace\DETA_YLJ1.5.9\lib\icam.jar;D:\Users\Lenovo\eclipse-workspace\DETA_YLJ1.5.9\lib\iText-2.1.5.jar;D:\Users\Lenovo\eclipse-workspace\DETA_YLJ1.5.9\lib\javabuilder.jar;D:\Users\Lenovo\eclipse-workspace\DETA_YLJ1.5.9\lib\javacpp-1.3.jar;D:\Users\Lenovo\eclipse-workspace\DETA_YLJ1.5.9\lib\javacv-platform-1.3.jar;D:\Users\Lenovo\eclipse-workspace\DETA_YLJ1.5.9\lib\jcommon-1.0.16.jar;D:\Users\Lenovo\eclipse-workspace\DETA_YLJ1.5.9\lib\jfreechart-1.0.13-experimental.jar;D:\Users\Lenovo\eclipse-workspace\DETA_YLJ1.5.9\lib\jfreechart-1.0.13-swt.jar;D:\Users\Lenovo\eclipse-workspace\DETA_YLJ1.5.9\lib\jfreechart-1.0.13.jar;D:\Users\Lenovo\eclipse-workspace\DETA_YLJ1.5.9\lib\jmf.jar;D:\Users\Lenovo\eclipse-workspace\DETA_YLJ1.5.9\lib\jogl.all.jar;D:\Users\Lenovo\e
Launcher Type: SUN_STANDARD

Environment Variables:
PATH=C:/Program Files/Java/jre1.8.0_161/bin/server;C:/Program Files/Java/jre1.8.0_161/bin;C:/Program Files/Java/jre1.8.0_161/lib/amd64;C:\ProgramData\Oracle\Java\javapath;C:\Program Files (x86)\Intel\Intel(R) Management Engine Components\iCLS\;C:\Program Files\Intel\Intel(R) Management Engine Components\iCLS\;C:\Windows\system32;C:\Windows;C:\Windows\System32\Wbem;C:\Windows\System32\WindowsPowerShell\v1.0\;C:\Windows\System32\OpenSSH\;C:\Program Files (x86)\Intel\Intel(R) Management Engine Components\DAL;C:\Program Files\Intel\Intel(R) Management Engine Components\DAL;C:\Program Files (x86)\Intel\Intel(R) Management Engine Components\IPT;C:\Program Files\Intel\Intel(R) Management Engine Components\IPT;C:\Program Files (x86)\NVIDIA Corporation\PhysX\Common;C:\Program Files\Java\jdk1.8.0_161\bin;C:\Program Files\Java\jre1.8.0_161\bin;C:\Program Files\NVIDIA Corporation\NVIDIA NvDLISR;C:\WINDOWS\system32;C:\WINDOWS;C:\WINDOWS\System32\Wbem;C:\WINDOWS\System32\WindowsPowerShell\v1.0\;C:\WINDOWS\System32\OpenSSH\;D:\jdk\64\6.1.9\bin;D:\jdk\64\6.1.9;C:\Users\Lenovo\AppData\Local\Microsoft\WindowsApps;;C:\Users\Lenovo\Desktop\ZHUOMIAN;
USERNAME=Lenovo
OS=Windows_NT
PROCESSOR_IDENTIFIER=Intel64 Family 6 Model 158 Stepping 10, GenuineIntel



---------------  S Y S T E M  ---------------

OS: Windows 10.0 , 64 bit Build 18362 (10.0.18362.778)

CPU:total 8 (initial active 8) (4 cores per cpu, 2 threads per core) family 6 model 158 stepping 10, cmov, cx8, fxsr, mmx, sse, sse2, sse3, ssse3, sse4.1, sse4.2, popcnt, avx, avx2, aes, clmul, erms, 3dnowpref, lzcnt, ht, tsc, tscinvbit, bmi1, bmi2, adx

Memory: 4k page, physical 16648500k(8824376k free), swap 17697076k(7534708k free)

vm_info: Java HotSpot(TM) 64-Bit Server VM (25.161-b12) for windows-amd64 JRE (1.8.0_161-b12), built on Dec 19 2017 17:52:25 by "java_re" with MS VC++ 10.0 (VS2010)

time: Mon Nov 16 06:17:38 2020
elapsed time: 166 seconds (0d 0h 2m 46s)

