#
# A fatal error has been detected by the Java Runtime Environment:
#
#  EXCEPTION_INT_DIVIDE_BY_ZERO (0xc0000094) at pc=0x00007ffde8aaab5d, pid=2604, tid=0x0000000000002764
#
# JRE version: Java(TM) SE Runtime Environment (8.0_161-b12) (build 1.8.0_161-b12)
# Java VM: Java HotSpot(TM) 64-Bit Server VM (25.161-b12 mixed mode windows-amd64 compressed oops)
# Problematic frame:
# C  [ig9icd64.dll+0x4bab5d]
#
# Failed to write core dump. Minidumps are not enabled by default on client versions of Windows
#
# If you would like to submit a bug report, please visit:
#   http://bugreport.java.com/bugreport/crash.jsp
# The crash happened outside the Java Virtual Machine in native code.
# See problematic frame for where to report the bug.
#

---------------  T H R E A D  ---------------

Current thread (0x000000001f616800):  JavaThread "AWT-EventQueue-0" [_thread_in_native, id=10084, stack(0x00000000206e0000,0x00000000207e0000)]

siginfo: ExceptionCode=0xc0000094

Registers:
RAX=0x00000000000000b4, RBX=0x0000000000000001, RCX=0x00000000000000b4, RDX=0x0000000000000000
RSP=0x00000000207dcd98, RBP=0x0000000000000000, RSI=0x000000000000003c, RDI=0x0000000000000014
R8 =0x0000000000000003, R9 =0x0000000000000001, R10=0x00000000207dcef0, R11=0x00000000207dd550
R12=0x00000000000001c1, R13=0x00007ffde928aab0, R14=0x0000000000000000, R15=0x0000000000000000
RIP=0x00007ffde8aaab5d, EFLAGS=0x0000000000010297

Top of Stack: (sp=0x00000000207dcd98)
0x00000000207dcd98:   0000000000000001 00000000207dd1a0
0x00000000207dcda8:   0000000000000000 0000000000000000
0x00000000207dcdb8:   00007ffde8aad2c5 0000000000000001
0x00000000207dcdc8:   00000000207dcec0 0000000000000000
0x00000000207dcdd8:   0000000000000000 000000002ea8002a
0x00000000207dcde8:   00007ffd00000001 00000000216ef8a0
0x00000000207dcdf8:   00007ffde8631400 0000976667d9b594
0x00000000207dce08:   0000000000000050 0000000000000001
0x00000000207dce18:   00000000207dcf58 00000000207dd100
0x00000000207dce28:   00000000256f3380 000000002594f2c0
0x00000000207dce38:   0000000000000000 0000000000000000
0x00000000207dce48:   00007ffde8afbbdd 00000000256acda0
0x00000000207dce58:   0000000000000000 0000000000000000
0x00000000207dce68:   0000000000780cc0 0000000025752a01
0x00000000207dce78:   00000000207dcf70 0000000000000000
0x00000000207dce88:   0000000000000000 000000000000003c 

Instructions: (pc=0x00007ffde8aaab5d)
0x00007ffde8aaab3d:   42 20 0f 44 ce 41 0f af c8 41 89 4a 24 41 80 f9
0x00007ffde8aaab4d:   08 75 0a 83 c1 07 c1 f9 03 41 89 4a 24 8b c1 99
0x00007ffde8aaab5d:   41 f7 fe 85 d2 74 09 2b ca 41 03 ce 41 89 4a 24
0x00007ffde8aaab6d:   41 8b 43 10 44 0f af c5 41 8b d0 c1 ea 03 41 80 


Register to memory mapping:

RAX=0x00000000000000b4 is an unknown value
RBX=0x0000000000000001 is an unknown value
RCX=0x00000000000000b4 is an unknown value
RDX=0x0000000000000000 is an unknown value
RSP=0x00000000207dcd98 is pointing into the stack for thread: 0x000000001f616800
RBP=0x0000000000000000 is an unknown value
RSI=0x000000000000003c is an unknown value
RDI=0x0000000000000014 is an unknown value
R8 =0x0000000000000003 is an unknown value
R9 =0x0000000000000001 is an unknown value
R10=0x00000000207dcef0 is pointing into the stack for thread: 0x000000001f616800
R11=0x00000000207dd550 is pointing into the stack for thread: 0x000000001f616800
R12=0x00000000000001c1 is an unknown value
R13=0x00007ffde928aab0 is an unknown value
R14=0x0000000000000000 is an unknown value
R15=0x0000000000000000 is an unknown value


Stack: [0x00000000206e0000,0x00000000207e0000],  sp=0x00000000207dcd98,  free space=1011k
Native frames: (J=compiled Java code, j=interpreted, Vv=VM code, C=native code)

Java frames: (J=compiled Java code, j=interpreted, Vv=VM code)
J 3471  jogamp.opengl.gl4.GL4bcImpl.dispatch_glDrawPixels1(IIIILjava/lang/Object;IZJ)V (0 bytes) @ 0x00000000034f75fc [0x00000000034f7580+0x7c]
J 3465 C1 jogamp.opengl.gl4.GL4bcImpl.glDrawPixels(IIIILjava/nio/Buffer;)V (109 bytes) @ 0x00000000034f3cec [0x00000000034f3720+0x5cc]
J 3624 C1 biProcessor.coAuthorForWord.drawWords([II[DFIILjava/util/Map;Ljava/util/Map;)V (1493 bytes) @ 0x000000000358bcac [0x00000000035844c0+0x77ec]
J 3394 C2 biProcessor.coAuthorForWord.drawWords([II[DFIILjava/util/Map;Ljava/util/Map;)V (1493 bytes) @ 0x00000000034c1d0c [0x00000000034beac0+0x324c]
J 3394 C2 biProcessor.coAuthorForWord.drawWords([II[DFIILjava/util/Map;Ljava/util/Map;)V (1493 bytes) @ 0x00000000034c1d0c [0x00000000034beac0+0x324c]
j  biProcessor.coAuthorForWord.display(Ljavax/media/opengl/GLAutoDrawable;)V+222
j  jogamp.opengl.GLDrawableHelper.displayImpl(Ljavax/media/opengl/GLAutoDrawable;)V+45
j  jogamp.opengl.GLDrawableHelper.display(Ljavax/media/opengl/GLAutoDrawable;)V+2
j  javax.media.opengl.awt.GLCanvas$6.run()V+118
j  jogamp.opengl.GLDrawableHelper.invokeGLImpl(Ljavax/media/opengl/GLDrawable;Ljavax/media/opengl/GLContext;Ljava/lang/Runnable;Ljava/lang/Runnable;Ljavax/media/opengl/GLAutoDrawable;)V+136
j  jogamp.opengl.GLDrawableHelper.invokeGL(Ljavax/media/opengl/GLDrawable;Ljavax/media/opengl/GLContext;Ljava/lang/Runnable;Ljava/lang/Runnable;)V+85
J 3545 C1 javax.media.opengl.awt.GLCanvas$8.run()V (39 bytes) @ 0x000000000354a6ac [0x000000000354a500+0x1ac]
J 1418 C1 java.awt.event.InvocationEvent.dispatch()V (69 bytes) @ 0x0000000002f1e9cc [0x0000000002f1e880+0x14c]
J 2910 C1 java.awt.EventQueue.dispatchEventImpl(Ljava/awt/AWTEvent;Ljava/lang/Object;)V (149 bytes) @ 0x0000000003101384 [0x00000000030ff880+0x1b04]
J 1370 C1 java.awt.EventQueue$3.run()Ljava/lang/Void; (60 bytes) @ 0x0000000002ed37dc [0x0000000002ed35c0+0x21c]
J 1369 C1 java.awt.EventQueue$3.run()Ljava/lang/Object; (5 bytes) @ 0x0000000002ed324c [0x0000000002ed31c0+0x8c]
v  ~StubRoutines::call_stub
J 558  java.security.AccessController.doPrivileged(Ljava/security/PrivilegedAction;Ljava/security/AccessControlContext;)Ljava/lang/Object; (0 bytes) @ 0x0000000002cf6be6 [0x0000000002cf6b80+0x66]
J 1295 C1 java.awt.EventQueue.dispatchEvent(Ljava/awt/AWTEvent;)V (80 bytes) @ 0x0000000002ea5aec [0x0000000002ea5140+0x9ac]
J 1297 C1 java.awt.EventDispatchThread.pumpOneEventForFilters(I)V (295 bytes) @ 0x0000000002ea8dcc [0x0000000002ea7240+0x1b8c]
j  java.awt.EventDispatchThread.pumpEventsForFilter(ILjava/awt/Conditional;Ljava/awt/EventFilter;)V+35
j  java.awt.EventDispatchThread.pumpEventsForHierarchy(ILjava/awt/Conditional;Ljava/awt/Component;)V+11
j  java.awt.EventDispatchThread.pumpEvents(ILjava/awt/Conditional;)V+4
j  java.awt.EventDispatchThread.pumpEvents(Ljava/awt/Conditional;)V+3
j  java.awt.EventDispatchThread.run()V+9
v  ~StubRoutines::call_stub

---------------  P R O C E S S  ---------------

Java Threads: ( => current thread )
  0x00000000240ea000 JavaThread "Timer-0" [_thread_blocked, id=10152, stack(0x000000002f3b0000,0x000000002f4b0000)]
  0x00000000240e7000 JavaThread "DestroyJavaVM" [_thread_blocked, id=8432, stack(0x00000000024d0000,0x00000000025d0000)]
  0x00000000240ed800 JavaThread "Thread-6-SharedResourceRunner" daemon [_thread_blocked, id=11084, stack(0x00000000255a0000,0x00000000256a0000)]
  0x00000000240e8800 JavaThread "Thread-11" [_thread_in_native, id=6936, stack(0x00000000251a0000,0x00000000252a0000)]
  0x00000000240ed000 JavaThread "Thread-9" [_thread_in_native, id=2064, stack(0x0000000023e40000,0x0000000023f40000)]
  0x000000001e5c3800 JavaThread "Thread-2" [_thread_in_native, id=13852, stack(0x0000000022c70000,0x0000000022d70000)]
=>0x000000001f616800 JavaThread "AWT-EventQueue-0" [_thread_in_native, id=10084, stack(0x00000000206e0000,0x00000000207e0000)]
  0x000000001f601800 JavaThread "AWT-Shutdown" [_thread_blocked, id=13816, stack(0x000000001fb70000,0x000000001fc70000)]
  0x000000001f602800 JavaThread "AWT-Windows" daemon [_thread_in_native, id=9604, stack(0x000000001fc70000,0x000000001fd70000)]
  0x000000001e517800 JavaThread "Java2D Disposer" daemon [_thread_blocked, id=13548, stack(0x000000001fa70000,0x000000001fb70000)]
  0x000000001f57f800 JavaThread "TimerQueue" daemon [_thread_blocked, id=13280, stack(0x000000001f970000,0x000000001fa70000)]
  0x000000001e44f000 JavaThread "Service Thread" daemon [_thread_blocked, id=8684, stack(0x000000001eec0000,0x000000001efc0000)]
  0x000000001e40b000 JavaThread "C1 CompilerThread3" daemon [_thread_blocked, id=12776, stack(0x000000001edc0000,0x000000001eec0000)]
  0x000000001e3fc800 JavaThread "C2 CompilerThread2" daemon [_thread_in_native, id=11928, stack(0x000000001ecc0000,0x000000001edc0000)]
  0x000000001e3f9000 JavaThread "C2 CompilerThread1" daemon [_thread_blocked, id=13932, stack(0x000000001ebc0000,0x000000001ecc0000)]
  0x000000001e3f5800 JavaThread "C2 CompilerThread0" daemon [_thread_blocked, id=1552, stack(0x000000001eac0000,0x000000001ebc0000)]
  0x000000001e3f0000 JavaThread "Attach Listener" daemon [_thread_blocked, id=1292, stack(0x000000001e9c0000,0x000000001eac0000)]
  0x000000001e39c800 JavaThread "Signal Dispatcher" daemon [_thread_blocked, id=4892, stack(0x000000001e8c0000,0x000000001e9c0000)]
  0x000000001e380800 JavaThread "Finalizer" daemon [_thread_blocked, id=3076, stack(0x000000001e760000,0x000000001e860000)]
  0x000000001c47d800 JavaThread "Reference Handler" daemon [_thread_blocked, id=11516, stack(0x000000001e260000,0x000000001e360000)]

Other Threads:
  0x000000001c478800 VMThread [stack: 0x000000001e160000,0x000000001e260000] [id=2620]
  0x000000001e4db000 WatcherThread [stack: 0x000000001efc0000,0x000000001f0c0000] [id=11136]

VM state:not at safepoint (normal execution)

VM Mutex/Monitor currently owned by a thread: None

Heap:
 PSYoungGen      total 1360896K, used 1276857K [0x000000076b500000, 0x00000007c0000000, 0x00000007c0000000)
  eden space 1338368K, 94% used [0x000000076b500000,0x00000007b8308cf0,0x00000007bd000000)
  from space 22528K, 76% used [0x00000007bd000000,0x00000007be0e5a00,0x00000007be600000)
  to   space 24576K, 0% used [0x00000007be800000,0x00000007be800000,0x00000007c0000000)
 ParOldGen       total 370176K, used 232866K [0x00000006c1e00000, 0x00000006d8780000, 0x000000076b500000)
  object space 370176K, 62% used [0x00000006c1e00000,0x00000006d0168bc8,0x00000006d8780000)
 Metaspace       used 21305K, capacity 21666K, committed 22016K, reserved 1069056K
  class space    used 2359K, capacity 2455K, committed 2560K, reserved 1048576K

Card table byte_map: [0x0000000011e30000,0x0000000012630000] byte_map_base: 0x000000000e821000

Marking Bits: (ParMarkBitMap*) 0x000000007458f860
 Begin Bits: [0x0000000013380000, 0x0000000017308000)
 End Bits:   [0x0000000017308000, 0x000000001b290000)

Polling page: 0x0000000000c80000

CodeCache: size=245760Kb used=11351Kb max_used=11364Kb free=234408Kb
 bounds [0x0000000002a70000, 0x00000000035a0000, 0x0000000011a70000]
 total_blobs=3809 nmethods=2986 adapters=734
 compilation: enabled

Compilation events (10 events):
Event: 68.653 Thread 0x000000001e3fc800 3628       4       biProcessor.coAuthorForWord::drawWords (1493 bytes)
Event: 68.683 Thread 0x000000001e40b000 3629       3       java.awt.Font::<init> (56 bytes)
Event: 68.684 Thread 0x000000001e40b000 nmethod 3629 0x000000000357f110 code [0x000000000357f280, 0x000000000357f530]
Event: 68.723 Thread 0x000000001e3f9000 3630   !   4       sun.font.TrueTypeFont::checkUseNatives (316 bytes)
Event: 68.726 Thread 0x000000001e3f9000 nmethod 3630 0x00000000035804d0 code [0x0000000003580640, 0x0000000003580ab8]
Event: 68.764 Thread 0x000000001e3f5800 3631   !   4       sun.font.TrueTypeGlyphMapper::getGlyphFromCMAP (95 bytes)
Event: 68.764 Thread 0x000000001e3f9000 3632       4       sun.font.TrueTypeGlyphMapper::charToGlyph (54 bytes)
Event: 68.766 Thread 0x000000001e3f5800 nmethod 3631 0x000000000357e450 code [0x000000000357e5c0, 0x000000000357ea78]
Event: 68.772 Thread 0x000000001e40b000 3633       3       sun.font.GlyphList::setFromString (75 bytes)
Event: 68.772 Thread 0x000000001e40b000 nmethod 3633 0x000000000357dc50 code [0x000000000357dde0, 0x000000000357e248]

GC Heap History (10 events):
Event: 51.101 GC heap before
{Heap before GC invocations=47 (full 1):
 PSYoungGen      total 1357312K, used 1334331K [0x000000076b500000, 0x00000007c0000000, 0x00000007c0000000)
  eden space 1330688K, 100% used [0x000000076b500000,0x00000007bc880000,0x00000007bc880000)
  from space 26624K, 13% used [0x00000007bc880000,0x00000007bcc0ec28,0x00000007be280000)
  to   space 26112K, 0% used [0x00000007be680000,0x00000007be680000,0x00000007c0000000)
 ParOldGen       total 295936K, used 272440K [0x00000006c1e00000, 0x00000006d3f00000, 0x000000076b500000)
  object space 295936K, 92% used [0x00000006c1e00000,0x00000006d280e050,0x00000006d3f00000)
 Metaspace       used 20027K, capacity 20368K, committed 20608K, reserved 1067008K
  class space    used 2240K, capacity 2324K, committed 2432K, reserved 1048576K
Event: 51.137 GC heap after
Heap after GC invocations=47 (full 1):
 PSYoungGen      total 1358336K, used 3136K [0x000000076b500000, 0x00000007bfd80000, 0x00000007c0000000)
  eden space 1334784K, 0% used [0x000000076b500000,0x000000076b500000,0x00000007bcc80000)
  from space 23552K, 13% used [0x00000007be680000,0x00000007be990010,0x00000007bfd80000)
  to   space 25088K, 0% used [0x00000007bcc80000,0x00000007bcc80000,0x00000007be500000)
 ParOldGen       total 295936K, used 275304K [0x00000006c1e00000, 0x00000006d3f00000, 0x000000076b500000)
  object space 295936K, 93% used [0x00000006c1e00000,0x00000006d2ada240,0x00000006d3f00000)
 Metaspace       used 20027K, capacity 20368K, committed 20608K, reserved 1067008K
  class space    used 2240K, capacity 2324K, committed 2432K, reserved 1048576K
}
Event: 51.759 GC heap before
{Heap before GC invocations=48 (full 2):
 PSYoungGen      total 1358336K, used 1337920K [0x000000076b500000, 0x00000007bfd80000, 0x00000007c0000000)
  eden space 1334784K, 100% used [0x000000076b500000,0x00000007bcc80000,0x00000007bcc80000)
  from space 23552K, 13% used [0x00000007be680000,0x00000007be990010,0x00000007bfd80000)
  to   space 25088K, 0% used [0x00000007bcc80000,0x00000007bcc80000,0x00000007be500000)
 ParOldGen       total 390144K, used 389751K [0x00000006c1e00000, 0x00000006d9b00000, 0x000000076b500000)
  object space 390144K, 99% used [0x00000006c1e00000,0x00000006d9a9ddf0,0x00000006d9b00000)
 Metaspace       used 20054K, capacity 20368K, committed 20608K, reserved 1067008K
  class space    used 2241K, capacity 2324K, committed 2432K, reserved 1048576K
Event: 52.302 GC heap after
Heap after GC invocations=48 (full 2):
 PSYoungGen      total 1358336K, used 0K [0x000000076b500000, 0x00000007bfd80000, 0x00000007c0000000)
  eden space 1334784K, 0% used [0x000000076b500000,0x000000076b500000,0x00000007bcc80000)
  from space 23552K, 0% used [0x00000007be680000,0x00000007be680000,0x00000007bfd80000)
  to   space 25088K, 0% used [0x00000007bcc80000,0x00000007bcc80000,0x00000007be500000)
 ParOldGen       total 370176K, used 229363K [0x00000006c1e00000, 0x00000006d8780000, 0x000000076b500000)
  object space 370176K, 61% used [0x00000006c1e00000,0x00000006cfdfce78,0x00000006d8780000)
 Metaspace       used 20054K, capacity 20368K, committed 20608K, reserved 1067008K
  class space    used 2241K, capacity 2324K, committed 2432K, reserved 1048576K
}
Event: 52.749 GC heap before
{Heap before GC invocations=49 (full 2):
 PSYoungGen      total 1358336K, used 1334784K [0x000000076b500000, 0x00000007bfd80000, 0x00000007c0000000)
  eden space 1334784K, 100% used [0x000000076b500000,0x00000007bcc80000,0x00000007bcc80000)
  from space 23552K, 0% used [0x00000007be680000,0x00000007be680000,0x00000007bfd80000)
  to   space 25088K, 0% used [0x00000007bcc80000,0x00000007bcc80000,0x00000007be500000)
 ParOldGen       total 370176K, used 229538K [0x00000006c1e00000, 0x00000006d8780000, 0x000000076b500000)
  object space 370176K, 62% used [0x00000006c1e00000,0x00000006cfe28bc8,0x00000006d8780000)
 Metaspace       used 20054K, capacity 20368K, committed 20608K, reserved 1067008K
  class space    used 2241K, capacity 2324K, committed 2432K, reserved 1048576K
Event: 52.765 GC heap after
Heap after GC invocations=49 (full 2):
 PSYoungGen      total 1359872K, used 3360K [0x000000076b500000, 0x00000007bff80000, 0x00000007c0000000)
  eden space 1334784K, 0% used [0x000000076b500000,0x000000076b500000,0x00000007bcc80000)
  from space 25088K, 13% used [0x00000007bcc80000,0x00000007bcfc8000,0x00000007be500000)
  to   space 24064K, 0% used [0x00000007be800000,0x00000007be800000,0x00000007bff80000)
 ParOldGen       total 370176K, used 229538K [0x00000006c1e00000, 0x00000006d8780000, 0x000000076b500000)
  object space 370176K, 62% used [0x00000006c1e00000,0x00000006cfe28bc8,0x00000006d8780000)
 Metaspace       used 20054K, capacity 20368K, committed 20608K, reserved 1067008K
  class space    used 2241K, capacity 2324K, committed 2432K, reserved 1048576K
}
Event: 53.264 GC heap before
{Heap before GC invocations=50 (full 2):
 PSYoungGen      total 1359872K, used 1338144K [0x000000076b500000, 0x00000007bff80000, 0x00000007c0000000)
  eden space 1334784K, 100% used [0x000000076b500000,0x00000007bcc80000,0x00000007bcc80000)
  from space 25088K, 13% used [0x00000007bcc80000,0x00000007bcfc8000,0x00000007be500000)
  to   space 24064K, 0% used [0x00000007be800000,0x00000007be800000,0x00000007bff80000)
 ParOldGen       total 370176K, used 229538K [0x00000006c1e00000, 0x00000006d8780000, 0x000000076b500000)
  object space 370176K, 62% used [0x00000006c1e00000,0x00000006cfe28bc8,0x00000006d8780000)
 Metaspace       used 20190K, capacity 20528K, committed 20864K, reserved 1067008K
  class space    used 2256K, capacity 2356K, committed 2432K, reserved 1048576K
Event: 53.286 GC heap after
Heap after GC invocations=50 (full 2):
 PSYoungGen      total 1358848K, used 7596K [0x000000076b500000, 0x00000007bfc00000, 0x00000007c0000000)
  eden space 1338368K, 0% used [0x000000076b500000,0x000000076b500000,0x00000007bd000000)
  from space 20480K, 37% used [0x00000007be800000,0x00000007bef6b2e8,0x00000007bfc00000)
  to   space 22528K, 0% used [0x00000007bd000000,0x00000007bd000000,0x00000007be600000)
 ParOldGen       total 370176K, used 232866K [0x00000006c1e00000, 0x00000006d8780000, 0x000000076b500000)
  object space 370176K, 62% used [0x00000006c1e00000,0x00000006d0168bc8,0x00000006d8780000)
 Metaspace       used 20190K, capacity 20528K, committed 20864K, reserved 1067008K
  class space    used 2256K, capacity 2356K, committed 2432K, reserved 1048576K
}
Event: 53.610 GC heap before
{Heap before GC invocations=51 (full 2):
 PSYoungGen      total 1358848K, used 1345964K [0x000000076b500000, 0x00000007bfc00000, 0x00000007c0000000)
  eden space 1338368K, 100% used [0x000000076b500000,0x00000007bd000000,0x00000007bd000000)
  from space 20480K, 37% used [0x00000007be800000,0x00000007bef6b2e8,0x00000007bfc00000)
  to   space 22528K, 0% used [0x00000007bd000000,0x00000007bd000000,0x00000007be600000)
 ParOldGen       total 370176K, used 232866K [0x00000006c1e00000, 0x00000006d8780000, 0x000000076b500000)
  object space 370176K, 62% used [0x00000006c1e00000,0x00000006d0168bc8,0x00000006d8780000)
 Metaspace       used 20358K, capacity 20668K, committed 20864K, reserved 1067008K
  class space    used 2269K, capacity 2358K, committed 2432K, reserved 1048576K
Event: 53.643 GC heap after
Heap after GC invocations=51 (full 2):
 PSYoungGen      total 1360896K, used 17302K [0x000000076b500000, 0x00000007c0000000, 0x00000007c0000000)
  eden space 1338368K, 0% used [0x000000076b500000,0x000000076b500000,0x00000007bd000000)
  from space 22528K, 76% used [0x00000007bd000000,0x00000007be0e5a00,0x00000007be600000)
  to   space 24576K, 0% used [0x00000007be800000,0x00000007be800000,0x00000007c0000000)
 ParOldGen       total 370176K, used 232866K [0x00000006c1e00000, 0x00000006d8780000, 0x000000076b500000)
  object space 370176K, 62% used [0x00000006c1e00000,0x00000006d0168bc8,0x00000006d8780000)
 Metaspace       used 20358K, capacity 20668K, committed 20864K, reserved 1067008K
  class space    used 2269K, capacity 2358K, committed 2432K, reserved 1048576K
}

Deoptimization events (10 events):
Event: 60.070 Thread 0x000000001f616800 Uncommon trap: reason=unstable_if action=reinterpret pc=0x0000000002dff94c method=sun.java2d.pipe.Region.intersectsQuickCheck(Lsun/java2d/pipe/Region;)Z @ 30
Event: 60.072 Thread 0x000000001f616800 Uncommon trap: reason=unstable_if action=reinterpret pc=0x00000000033a57ec method=sun.nio.ch.Util$BufferCache.get(I)Ljava/nio/ByteBuffer; @ 25
Event: 60.082 Thread 0x000000001f616800 Uncommon trap: reason=class_check action=maybe_recompile pc=0x00000000033e1c20 method=javax.swing.text.GlyphView.getEndOffset()I @ 13
Event: 60.082 Thread 0x000000001f616800 Uncommon trap: reason=class_check action=maybe_recompile pc=0x00000000033e1c20 method=javax.swing.text.GlyphView.getEndOffset()I @ 13
Event: 60.085 Thread 0x000000001f616800 Uncommon trap: reason=unstable_if action=reinterpret pc=0x00000000033ec560 method=javax.swing.text.Utilities.getTabbedTextOffset(Ljavax/swing/text/View;Ljavax/swing/text/Segment;Ljava/awt/FontMetrics;IILjavax/swing/text/TabExpander;IZ[I)I @ 292
Event: 60.087 Thread 0x000000001f616800 Uncommon trap: reason=unstable_if action=reinterpret pc=0x000000000310ceac method=javax.swing.RepaintManager.addDirtyRegion0(Ljava/awt/Container;IIII)V @ 7
Event: 60.851 Thread 0x000000001f616800 Uncommon trap: reason=class_check action=maybe_recompile pc=0x0000000003208214 method=java.awt.Container.getMouseEventTargetImpl(IIZLjava/awt/Container$EventTargetFilter;ZZ)Ljava/awt/Component; @ 64
Event: 61.132 Thread 0x000000001f616800 Uncommon trap: reason=class_check action=maybe_recompile pc=0x0000000003208214 method=java.awt.Container.getMouseEventTargetImpl(IIZLjava/awt/Container$EventTargetFilter;ZZ)Ljava/awt/Component; @ 64
Event: 68.580 Thread 0x000000001f616800 Uncommon trap: reason=unstable_if action=reinterpret pc=0x00000000034c4494 method=biProcessor.coAuthorForWord.drawWords([II[DFIILjava/util/Map;Ljava/util/Map;)V @ 435
Event: 68.584 Thread 0x000000001f616800 Uncommon trap: reason=unstable_if action=reinterpret pc=0x000000000352828c method=sun.font.GlyphList.ensureCapacity(I)V @ 49

Classes redefined (0 events):
No events

Internal exceptions (10 events):
Event: 12.025 Thread 0x0000000002975000 Implicit null exception at 0x0000000002c30196 to 0x0000000002c30541
Event: 12.025 Thread 0x0000000002975000 Implicit null exception at 0x0000000002c4c956 to 0x0000000002c4ccf9
Event: 23.479 Thread 0x0000000002975000 Exception <a 'java/io/FileNotFoundException'> (0x000000076bcadaf8) thrown at [C:\re\workspace\8-2-build-windows-amd64-cygwin\jdk8u161\10277\hotspot\src\share\vm\prims\jni.cpp, line 709]
Event: 23.479 Thread 0x0000000002975000 Exception <a 'java/lang/NullPointerException'> (0x000000076bcae130) thrown at [C:\re\workspace\8-2-build-windows-amd64-cygwin\jdk8u161\10277\hotspot\src\share\vm\interpreter\linkResolver.cpp, line 1185]
Event: 46.893 Thread 0x0000000002975000 Implicit null exception at 0x00000000030a194f to 0x00000000030a1acd
Event: 47.422 Thread 0x00000000232e8000 Implicit null exception at 0x0000000002d2d89d to 0x0000000002d2daa2
Event: 47.484 Thread 0x0000000002975000 Exception <a 'java/lang/NullPointerException'> (0x0000000793542b90) thrown at [C:\re\workspace\8-2-build-windows-amd64-cygwin\jdk8u161\10277\hotspot\src\share\vm\interpreter\linkResolver.cpp, line 1185]
Event: 50.006 Thread 0x0000000002975000 Implicit null exception at 0x0000000002f8c035 to 0x0000000002f8c791
Event: 54.038 Thread 0x00000000232e8000 Exception <a 'java/lang/InterruptedException'> (0x00000007b0d01f78) thrown at [C:\re\workspace\8-2-build-windows-amd64-cygwin\jdk8u161\10277\hotspot\src\share\vm\runtime\objectMonitor.cpp, line 1684]
Event: 54.810 Thread 0x00000000232e8000 Exception <a 'java/lang/reflect/InvocationTargetException'> (0x00000007b0e03ee8) thrown at [C:\re\workspace\8-2-build-windows-amd64-cygwin\jdk8u161\10277\hotspot\src\share\vm\runtime\reflection.cpp, line 1092]

Events (10 events):
Event: 68.736 Thread 0x000000001f616800 DEOPT PACKING pc=0x000000000358d39e sp=0x00000000207dd670
Event: 68.736 Thread 0x000000001f616800 DEOPT UNPACKING pc=0x0000000002ab7890 sp=0x00000000207dd4e0 mode 0
Event: 68.742 Thread 0x000000001f616800 DEOPT PACKING pc=0x000000000358d39e sp=0x00000000207dd670
Event: 68.742 Thread 0x000000001f616800 DEOPT UNPACKING pc=0x0000000002ab7890 sp=0x00000000207dd4e0 mode 0
Event: 68.746 Thread 0x000000001f616800 DEOPT PACKING pc=0x000000000358d39e sp=0x00000000207dd670
Event: 68.746 Thread 0x000000001f616800 DEOPT UNPACKING pc=0x0000000002ab7890 sp=0x00000000207dd4e0 mode 0
Event: 68.754 Thread 0x000000001f616800 DEOPT PACKING pc=0x000000000358d39e sp=0x00000000207dd670
Event: 68.754 Thread 0x000000001f616800 DEOPT UNPACKING pc=0x0000000002ab7890 sp=0x00000000207dd4e0 mode 0
Event: 68.765 Thread 0x000000001f616800 DEOPT PACKING pc=0x000000000358d39e sp=0x00000000207dd670
Event: 68.765 Thread 0x000000001f616800 DEOPT UNPACKING pc=0x0000000002ab7890 sp=0x00000000207dd4e0 mode 0


Dynamic libraries:
0x00007ff66cfc0000 - 0x00007ff66cff7000 	C:\Program Files\Java\jdk1.8.0_161\jre\bin\javaw.exe
0x00007ffe2b1a0000 - 0x00007ffe2b390000 	C:\WINDOWS\SYSTEM32\ntdll.dll
0x00007ffe237d0000 - 0x00007ffe237e3000 	D:\Program Files\AVAST Software\Avast\aswhook.dll
0x00007ffe2aa50000 - 0x00007ffe2ab02000 	C:\WINDOWS\System32\KERNEL32.DLL
0x00007ffe281e0000 - 0x00007ffe28483000 	C:\WINDOWS\System32\KERNELBASE.dll
0x00007ffe2a750000 - 0x00007ffe2a7f3000 	C:\WINDOWS\System32\ADVAPI32.dll
0x00007ffe29c60000 - 0x00007ffe29cfe000 	C:\WINDOWS\System32\msvcrt.dll
0x00007ffe2ab90000 - 0x00007ffe2ac27000 	C:\WINDOWS\System32\sechost.dll
0x00007ffe29250000 - 0x00007ffe29370000 	C:\WINDOWS\System32\RPCRT4.dll
0x00007ffe2adf0000 - 0x00007ffe2af84000 	C:\WINDOWS\System32\USER32.dll
0x00007ffe29220000 - 0x00007ffe29241000 	C:\WINDOWS\System32\win32u.dll
0x00007ffe2aa20000 - 0x00007ffe2aa46000 	C:\WINDOWS\System32\GDI32.dll
0x00007ffe287b0000 - 0x00007ffe28944000 	C:\WINDOWS\System32\gdi32full.dll
0x00007ffe28610000 - 0x00007ffe286ae000 	C:\WINDOWS\System32\msvcp_win.dll
0x00007ffe286b0000 - 0x00007ffe287aa000 	C:\WINDOWS\System32\ucrtbase.dll
0x00007ffe143a0000 - 0x00007ffe14625000 	C:\WINDOWS\WinSxS\amd64_microsoft.windows.common-controls_6595b64144ccf1df_6.0.18362.778_none_e6c6b761130d4fb8\COMCTL32.dll
0x00007ffe29d90000 - 0x00007ffe2a0c6000 	C:\WINDOWS\System32\combase.dll
0x00007ffe290d0000 - 0x00007ffe29150000 	C:\WINDOWS\System32\bcryptPrimitives.dll
0x00007ffe29d60000 - 0x00007ffe29d8e000 	C:\WINDOWS\System32\IMM32.DLL
0x00000000750d0000 - 0x00000000751a2000 	C:\Program Files\Java\jdk1.8.0_161\jre\bin\msvcr100.dll
0x0000000073d70000 - 0x000000007460f000 	C:\Program Files\Java\jdk1.8.0_161\jre\bin\server\jvm.dll
0x00007ffe2ade0000 - 0x00007ffe2ade8000 	C:\WINDOWS\System32\PSAPI.DLL
0x00007ffe1dbc0000 - 0x00007ffe1dbc9000 	C:\WINDOWS\SYSTEM32\WSOCK32.dll
0x00007ffe2a950000 - 0x00007ffe2a9bf000 	C:\WINDOWS\System32\WS2_32.dll
0x00007ffe1c900000 - 0x00007ffe1c924000 	C:\WINDOWS\SYSTEM32\WINMM.dll
0x00007ffe22030000 - 0x00007ffe2203a000 	C:\WINDOWS\SYSTEM32\VERSION.dll
0x00007ffe1c8d0000 - 0x00007ffe1c8fd000 	C:\WINDOWS\SYSTEM32\WINMMBASE.dll
0x00007ffe28190000 - 0x00007ffe281da000 	C:\WINDOWS\System32\cfgmgr32.dll
0x00000000750c0000 - 0x00000000750cf000 	C:\Program Files\Java\jdk1.8.0_161\jre\bin\verify.dll
0x0000000075090000 - 0x00000000750b9000 	C:\Program Files\Java\jdk1.8.0_161\jre\bin\java.dll
0x0000000075070000 - 0x0000000075086000 	C:\Program Files\Java\jdk1.8.0_161\jre\bin\zip.dll
0x00007ffe294d0000 - 0x00007ffe29bb5000 	C:\WINDOWS\System32\SHELL32.dll
0x00007ffe2af90000 - 0x00007ffe2b039000 	C:\WINDOWS\System32\shcore.dll
0x00007ffe28950000 - 0x00007ffe290d0000 	C:\WINDOWS\System32\windows.storage.dll
0x00007ffe280b0000 - 0x00007ffe280d3000 	C:\WINDOWS\System32\profapi.dll
0x00007ffe280e0000 - 0x00007ffe2812a000 	C:\WINDOWS\System32\powrprof.dll
0x00007ffe28060000 - 0x00007ffe28070000 	C:\WINDOWS\System32\UMPDC.dll
0x00007ffe29d00000 - 0x00007ffe29d52000 	C:\WINDOWS\System32\shlwapi.dll
0x00007ffe28090000 - 0x00007ffe280a1000 	C:\WINDOWS\System32\kernel.appcore.dll
0x00007ffe29150000 - 0x00007ffe29167000 	C:\WINDOWS\System32\cryptsp.dll
0x00007ffe273e0000 - 0x00007ffe27413000 	C:\WINDOWS\system32\rsaenh.dll
0x00007ffe28490000 - 0x00007ffe284b6000 	C:\WINDOWS\System32\bcrypt.dll
0x00007ffe27f80000 - 0x00007ffe27fa5000 	C:\WINDOWS\SYSTEM32\USERENV.dll
0x00007ffe27aa0000 - 0x00007ffe27aac000 	C:\WINDOWS\SYSTEM32\CRYPTBASE.dll
0x0000000075050000 - 0x000000007506a000 	C:\Program Files\Java\jdk1.8.0_161\jre\bin\net.dll
0x00007ffe278d0000 - 0x00007ffe27937000 	C:\WINDOWS\system32\mswsock.dll
0x00007ffe27580000 - 0x00007ffe275ba000 	C:\WINDOWS\SYSTEM32\IPHLPAPI.DLL
0x00007ffe2a610000 - 0x00007ffe2a618000 	C:\WINDOWS\System32\NSI.dll
0x00007ffe20d90000 - 0x00007ffe20da6000 	C:\WINDOWS\SYSTEM32\dhcpcsvc6.DLL
0x00007ffe21a70000 - 0x00007ffe21a8c000 	C:\WINDOWS\SYSTEM32\dhcpcsvc.DLL
0x00007ffe275c0000 - 0x00007ffe2768a000 	C:\WINDOWS\SYSTEM32\DNSAPI.dll
0x0000000075030000 - 0x0000000075041000 	C:\Program Files\Java\jdk1.8.0_161\jre\bin\nio.dll
0x0000000073bd0000 - 0x0000000073d68000 	C:\Program Files\Java\jdk1.8.0_161\jre\bin\awt.dll
0x00007ffe2a540000 - 0x00007ffe2a604000 	C:\WINDOWS\System32\OLEAUT32.dll
0x00007ffe25eb0000 - 0x00007ffe25f3f000 	C:\WINDOWS\SYSTEM32\apphelp.dll
0x00007ffe26040000 - 0x00007ffe260d9000 	C:\WINDOWS\system32\uxtheme.dll
0x00007ffe2a800000 - 0x00007ffe2a936000 	C:\WINDOWS\System32\MSCTF.dll
0x00007ffe29370000 - 0x00007ffe294c7000 	C:\WINDOWS\System32\ole32.dll
0x00007ffe26570000 - 0x00007ffe2659d000 	C:\WINDOWS\system32\DWMAPI.DLL
0x00007ffe19e40000 - 0x00007ffe19f96000 	C:\WINDOWS\system32\opengl32.dll
0x00007ffe21ff0000 - 0x00007ffe2201c000 	C:\WINDOWS\SYSTEM32\GLU32.dll
0x00007ffe26cd0000 - 0x00007ffe26cf0000 	C:\WINDOWS\SYSTEM32\dxcore.dll
0x0000000073b80000 - 0x0000000073bc7000 	C:\Program Files\Java\jdk1.8.0_161\jre\bin\fontmanager.dll
0x00007ffe1b580000 - 0x00007ffe1b61e000 	C:\WINDOWS\System32\TextInputFramework.dll
0x00007ffe1bad0000 - 0x00007ffe1bdfa000 	C:\WINDOWS\System32\CoreUIComponents.dll
0x00007ffe25510000 - 0x00007ffe255e4000 	C:\WINDOWS\System32\CoreMessaging.dll
0x00007ffe270c0000 - 0x00007ffe270f1000 	C:\WINDOWS\SYSTEM32\ntmarta.dll
0x00007ffe23430000 - 0x00007ffe23583000 	C:\WINDOWS\SYSTEM32\wintypes.dll
0x00007ffe1cca0000 - 0x00007ffe1cf46000 	C:\WINDOWS\System32\iertutil.dll
0x00007ffe2b040000 - 0x00007ffe2b0e2000 	C:\WINDOWS\System32\clbcatq.dll
0x00007ffe1ade0000 - 0x00007ffe1af8f000 	C:\WINDOWS\SYSTEM32\WindowsCodecs.dll
0x00007ffe1f480000 - 0x00007ffe1f4ba000 	C:\WINDOWS\system32\dataexchange.dll
0x00007ffe24e50000 - 0x00007ffe250ab000 	C:\WINDOWS\system32\d3d11.dll
0x00007ffe255f0000 - 0x00007ffe257cc000 	C:\WINDOWS\system32\dcomp.dll
0x00007ffe26d60000 - 0x00007ffe26e4b000 	C:\WINDOWS\system32\dxgi.dll
0x00007ffe26100000 - 0x00007ffe2635a000 	C:\WINDOWS\system32\twinapi.appcore.dll
0x00007ffe26540000 - 0x00007ffe26569000 	C:\WINDOWS\system32\RMCLIENT.dll
0x0000000073b30000 - 0x0000000073b72000 	C:\Program Files\Java\jdk1.8.0_161\jre\bin\t2k.dll
0x00000000637c0000 - 0x00000000637ca000 	C:\Users\Lenovo\AppData\Local\Temp\jogamp.tmp.cache_000000\jln5329469689764414628\jln4896417501548321434\gluegen-rt.dll
0x0000000073b20000 - 0x0000000073b27000 	C:\Program Files\Java\jdk1.8.0_161\jre\bin\jawt.dll
0x000000006a440000 - 0x000000006a44b000 	C:\Users\Lenovo\AppData\Local\Temp\jogamp.tmp.cache_000000\jln5329469689764414628\jln4896417501548321434\nativewindow_awt.dll
0x000000006c100000 - 0x000000006c10b000 	C:\Users\Lenovo\AppData\Local\Temp\jogamp.tmp.cache_000000\jln5329469689764414628\jln4896417501548321434\nativewindow_win32.dll
0x0000000064500000 - 0x000000006458d000 	C:\Users\Lenovo\AppData\Local\Temp\jogamp.tmp.cache_000000\jln5329469689764414628\jln4896417501548321434\jogl_desktop.dll
0x00007ffde85f0000 - 0x00007ffde94f9000 	C:\WINDOWS\System32\DriverStore\FileRepository\iigd_dch.inf_amd64_3c82703a0fbed0ab\ig9icd64.dll
0x00007ffe17220000 - 0x00007ffe173c0000 	C:\WINDOWS\System32\DriverStore\FileRepository\iigd_dch.inf_amd64_3c82703a0fbed0ab\igdgmm64.dll
0x00007ffe14960000 - 0x00007ffe16d5c000 	C:\WINDOWS\System32\DriverStore\FileRepository\iigd_dch.inf_amd64_3c82703a0fbed0ab\igc64.dll
0x0000000073af0000 - 0x0000000073b1a000 	C:\Program Files\Java\jdk1.8.0_161\jre\bin\dcpr.dll
0x00007ffe26980000 - 0x00007ffe26b74000 	C:\WINDOWS\SYSTEM32\dbghelp.dll

VM Arguments:
jvm_args: -Dfile.encoding=GBK 
java_command: ME.sample.Frame
java_class_path (initial): D:\Users\Lenovo\eclipse-workspace\DETA_YLJ1.5.9\target\classes;D:\Users\Lenovo\eclipse-workspace\DETA_YLJ1.5.9\lib\bssm.jar;D:\Users\Lenovo\eclipse-workspace\DETA_YLJ1.5.9\lib\commons-math-2.1.jar;D:\Users\Lenovo\eclipse-workspace\DETA_YLJ1.5.9\lib\commons-math3-3.0.jar;D:\Users\Lenovo\eclipse-workspace\DETA_YLJ1.5.9\lib\customizer.jar;D:\Users\Lenovo\eclipse-workspace\DETA_YLJ1.5.9\lib\ffmpeg-3.2.1-1.3-windows-x86_64.jar;D:\Users\Lenovo\eclipse-workspace\DETA_YLJ1.5.9\lib\ffmpeg-platform-3.2.1-1.3.jar;D:\Users\Lenovo\eclipse-workspace\DETA_YLJ1.5.9\lib;D:\Users\Lenovo\eclipse-workspace\DETA_YLJ1.5.9\lib\flandmark-1.07-1.3.jar;D:\Users\Lenovo\eclipse-workspace\DETA_YLJ1.5.9\lib\flandmark-platform-1.07-1.3.jar;D:\Users\Lenovo\eclipse-workspace\DETA_YLJ1.5.9\lib\flycapture-2.9.3.43-1.3-windows-x86_64.jar;D:\Users\Lenovo\eclipse-workspace\DETA_YLJ1.5.9\lib\flycapture-2.9.3.43-1.3.jar;D:\Users\Lenovo\eclipse-workspace\DETA_YLJ1.5.9\lib\flycapture-platform-2.9.3.43-1.3.jar;D:\Users\Lenovo\eclipse-workspace\DETA_YLJ1.5.9\lib\gluegen-rt.jar;D:\Users\Lenovo\eclipse-workspace\DETA_YLJ1.5.9\lib\gluegen.jar;D:\Users\Lenovo\eclipse-workspace\DETA_YLJ1.5.9\lib\gnujaxp.jar;D:\Users\Lenovo\eclipse-workspace\DETA_YLJ1.5.9\lib\icam.jar;D:\Users\Lenovo\eclipse-workspace\DETA_YLJ1.5.9\lib\iText-2.1.5.jar;D:\Users\Lenovo\eclipse-workspace\DETA_YLJ1.5.9\lib\javabuilder.jar;D:\Users\Lenovo\eclipse-workspace\DETA_YLJ1.5.9\lib\javacpp-1.3.jar;D:\Users\Lenovo\eclipse-workspace\DETA_YLJ1.5.9\lib\javacv-platform-1.3.jar;D:\Users\Lenovo\eclipse-workspace\DETA_YLJ1.5.9\lib\jcommon-1.0.16.jar;D:\Users\Lenovo\eclipse-workspace\DETA_YLJ1.5.9\lib\jfreechart-1.0.13-experimental.jar;D:\Users\Lenovo\eclipse-workspace\DETA_YLJ1.5.9\lib\jfreechart-1.0.13-swt.jar;D:\Users\Lenovo\eclipse-workspace\DETA_YLJ1.5.9\lib\jfreechart-1.0.13.jar;D:\Users\Lenovo\eclipse-workspace\DETA_YLJ1.5.9\lib\jmf.jar;D:\Users\Lenovo\eclipse-workspace\DETA_YLJ1.5.9\lib\jogl.all.jar;D:\Users\Lenovo\e
Launcher Type: SUN_STANDARD

Environment Variables:
PATH=C:/Program Files/Java/jre1.8.0_161/bin/server;C:/Program Files/Java/jre1.8.0_161/bin;C:/Program Files/Java/jre1.8.0_161/lib/amd64;C:\ProgramData\Oracle\Java\javapath;C:\Program Files (x86)\Intel\Intel(R) Management Engine Components\iCLS\;C:\Program Files\Intel\Intel(R) Management Engine Components\iCLS\;C:\Windows\system32;C:\Windows;C:\Windows\System32\Wbem;C:\Windows\System32\WindowsPowerShell\v1.0\;C:\Windows\System32\OpenSSH\;C:\Program Files (x86)\Intel\Intel(R) Management Engine Components\DAL;C:\Program Files\Intel\Intel(R) Management Engine Components\DAL;C:\Program Files (x86)\Intel\Intel(R) Management Engine Components\IPT;C:\Program Files\Intel\Intel(R) Management Engine Components\IPT;C:\Program Files (x86)\NVIDIA Corporation\PhysX\Common;C:\Program Files\Java\jdk1.8.0_161\bin;C:\Program Files\Java\jre1.8.0_161\bin;C:\Program Files\NVIDIA Corporation\NVIDIA NvDLISR;C:\WINDOWS\system32;C:\WINDOWS;C:\WINDOWS\System32\Wbem;C:\WINDOWS\System32\WindowsPowerShell\v1.0\;C:\WINDOWS\System32\OpenSSH\;D:\jdk\64\6.1.9\bin;D:\jdk\64\6.1.9;C:\Users\Lenovo\AppData\Local\Microsoft\WindowsApps;;C:\Users\Lenovo\Desktop\ZHUOMIAN;
USERNAME=Lenovo
OS=Windows_NT
PROCESSOR_IDENTIFIER=Intel64 Family 6 Model 158 Stepping 10, GenuineIntel



---------------  S Y S T E M  ---------------

OS: Windows 10.0 , 64 bit Build 18362 (10.0.18362.778)

CPU:total 8 (initial active 8) (4 cores per cpu, 2 threads per core) family 6 model 158 stepping 10, cmov, cx8, fxsr, mmx, sse, sse2, sse3, ssse3, sse4.1, sse4.2, popcnt, avx, avx2, aes, clmul, erms, 3dnowpref, lzcnt, ht, tsc, tscinvbit, bmi1, bmi2, adx

Memory: 4k page, physical 16648500k(8802048k free), swap 17697076k(7732944k free)

vm_info: Java HotSpot(TM) 64-Bit Server VM (25.161-b12) for windows-amd64 JRE (1.8.0_161-b12), built on Dec 19 2017 17:52:25 by "java_re" with MS VC++ 10.0 (VS2010)

time: Mon Nov 16 06:27:21 2020
elapsed time: 68 seconds (0d 0h 1m 8s)

