#
# A fatal error has been detected by the Java Runtime Environment:
#
#  EXCEPTION_ACCESS_VIOLATION (0xc0000005) at pc=0x00000000274e97d0, pid=15560, tid=0x0000000000000614
#
# JRE version: Java(TM) SE Runtime Environment (8.0_161-b12) (build 1.8.0_161-b12)
# Java VM: Java HotSpot(TM) 64-Bit Server VM (25.161-b12 mixed mode windows-amd64 compressed oops)
# Problematic frame:
# C  [ig9icd64.dll+0x1497d0]
#
# Failed to write core dump. Minidumps are not enabled by default on client versions of Windows
#
# If you would like to submit a bug report, please visit:
#   http://bugreport.java.com/bugreport/crash.jsp
# The crash happened outside the Java Virtual Machine in native code.
# See problematic frame for where to report the bug.
#

---------------  T H R E A D  ---------------

Current thread (0x000000001f42c800):  JavaThread "AWT-EventQueue-0" [_thread_in_native, id=1556, stack(0x000000001fea0000,0x000000001ffa0000)]

siginfo: ExceptionCode=0xc0000005, reading address 0x000000003da5f0e0

Registers:
RAX=0x0000000000000000, RBX=0x000000001ff9d400, RCX=0x0000000000000000, RDX=0x000000003da5f0e0
RSP=0x000000001ff9d270, RBP=0x0000000000000006, RSI=0x000000002855bd00, RDI=0x000000002855bd00
R8 =0x00000000000000f0, R9 =0x0000000000000001, R10=0x0000000000000000, R11=0x000000001ff9da70
R12=0x00000000000001c1, R13=0x000000002855b000, R14=0x00000000000000f0, R15=0x00000000273a0000
RIP=0x00000000274e97d0, EFLAGS=0x0000000000010202

Top of Stack: (sp=0x000000001ff9d270)
0x000000001ff9d270:   00000006d6ba66a0 0000000000000000
0x000000001ff9d280:   00000006d6ba6740 0000000000000000
0x000000001ff9d290:   000000003da5f0e0 000000002785ae00
0x000000001ff9d2a0:   0000000021b9d950 0000000000000001
0x000000001ff9d2b0:   000000001ff9d6b0 0000000000000000
0x000000001ff9d2c0:   0000000000000000 000000002785d4bc
0x000000001ff9d2d0:   000000001ff9d3d0 0000000000000007
0x000000001ff9d2e0:   000000001ff9d6b0 0000000000000001
0x000000001ff9d2f0:   0000000021c0002a 0000000000000001
0x000000001ff9d300:   000000003da5afe0 00000000273e1400
0x000000001ff9d310:   0000000021bc79f0 00000000284cd200
0x000000001ff9d320:   0000000021bc79f0 00000000284cd200
0x000000001ff9d330:   0000000000000001 000000001ff9d468
0x000000001ff9d340:   00007782a7ac4dd0 0000000021c0b140
0x000000001ff9d350:   0000000000000000 00000000278abb96
0x000000001ff9d360:   00001f1e596b015f 0000000000000000 

Instructions: (pc=0x00000000274e97d0)
0x00000000274e97b0:   e7 07 48 83 c7 10 49 3b c2 72 e5 e9 ab 00 00 00
0x00000000274e97c0:   4d 85 c9 74 6c 66 66 66 0f 1f 84 00 00 00 00 00
0x00000000274e97d0:   f3 0f 6f 02 41 ff c2 f3 0f 6f 4a 10 f3 0f 6f 52
0x00000000274e97e0:   20 f3 0f 6f 5a 30 f3 0f 6f 62 40 f3 0f 6f 6a 50 


Register to memory mapping:

RAX=0x0000000000000000 is an unknown value
RBX=0x000000001ff9d400 is pointing into the stack for thread: 0x000000001f42c800
RCX=0x0000000000000000 is an unknown value
RDX=0x000000003da5f0e0 is an unknown value
RSP=0x000000001ff9d270 is pointing into the stack for thread: 0x000000001f42c800
RBP=0x0000000000000006 is an unknown value
RSI=0x000000002855bd00 is an unknown value
RDI=0x000000002855bd00 is an unknown value
R8 =0x00000000000000f0 is an unknown value
R9 =0x0000000000000001 is an unknown value
R10=0x0000000000000000 is an unknown value
R11=0x000000001ff9da70 is pointing into the stack for thread: 0x000000001f42c800
R12=0x00000000000001c1 is an unknown value
R13=0x000000002855b000 is an unknown value
R14=0x00000000000000f0 is an unknown value
R15=0x00000000273a0000 is pointing into the stack for thread: 0x000000001e1c8000


Stack: [0x000000001fea0000,0x000000001ffa0000],  sp=0x000000001ff9d270,  free space=1012k
Native frames: (J=compiled Java code, j=interpreted, Vv=VM code, C=native code)
C  [ig9icd64.dll+0x1497d0]
C  [ig9icd64.dll+0x4bae00]
C  [ig9icd64.dll+0x4bd4bc]
C  [ig9icd64.dll+0x4c280d]
C  [ig9icd64.dll+0x9e02cc]
C  [ig9icd64.dll+0x96a1b6]
C  [opengl32.dll+0x31e95]
C  0x00000000034f897a

Java frames: (J=compiled Java code, j=interpreted, Vv=VM code)
J 4558  jogamp.opengl.gl4.GL4bcImpl.dispatch_glDrawPixels1(IIIILjava/lang/Object;IZJ)V (0 bytes) @ 0x00000000034f88fc [0x00000000034f8880+0x7c]
J 4994 C2 jogamp.opengl.gl4.GL4bcImpl.glDrawPixels(IIIILjava/nio/Buffer;)V (109 bytes) @ 0x0000000002c59c14 [0x0000000002c59a80+0x194]
J 5943 C2 biProcessor.coAuthorForWord.drawWords([II[DFIILjava/util/Map;Ljava/util/Map;)V (1493 bytes) @ 0x0000000003cc4278 [0x0000000003cc30a0+0x11d8]
J 5943 C2 biProcessor.coAuthorForWord.drawWords([II[DFIILjava/util/Map;Ljava/util/Map;)V (1493 bytes) @ 0x0000000003cc7448 [0x0000000003cc30a0+0x43a8]
J 5968 C2 biProcessor.coAuthorForWord.display(Ljavax/media/opengl/GLAutoDrawable;)V (248 bytes) @ 0x0000000003537f18 [0x0000000003537820+0x6f8]
J 4606 C1 jogamp.opengl.GLDrawableHelper.displayImpl(Ljavax/media/opengl/GLAutoDrawable;)V (69 bytes) @ 0x000000000354ec2c [0x000000000354e7c0+0x46c]
J 4279 C1 javax.media.opengl.awt.GLCanvas$6.run()V (122 bytes) @ 0x00000000033b3424 [0x00000000033b2fa0+0x484]
J 4605 C1 jogamp.opengl.GLDrawableHelper.invokeGLImpl(Ljavax/media/opengl/GLDrawable;Ljavax/media/opengl/GLContext;Ljava/lang/Runnable;Ljava/lang/Runnable;Ljavax/media/opengl/GLAutoDrawable;)V (414 bytes) @ 0x000000000356d244 [0x000000000356c540+0xd04]
J 5967 C2 javax.media.opengl.awt.GLCanvas$8.run()V (39 bytes) @ 0x00000000038c4dec [0x00000000038c4d60+0x8c]
J 5090 C2 java.awt.event.InvocationEvent.dispatch()V (69 bytes) @ 0x0000000002c0912c [0x0000000002c090c0+0x6c]
J 5077 C2 java.awt.EventQueue$3.run()Ljava/lang/Object; (5 bytes) @ 0x0000000002f41068 [0x0000000002f40ce0+0x388]
v  ~StubRoutines::call_stub
J 569  java.security.AccessController.doPrivileged(Ljava/security/PrivilegedAction;Ljava/security/AccessControlContext;)Ljava/lang/Object; (0 bytes) @ 0x0000000002a82b66 [0x0000000002a82b00+0x66]
J 5073 C2 java.awt.EventDispatchThread.pumpOneEventForFilters(I)V (295 bytes) @ 0x00000000037c13cc [0x00000000037c0020+0x13ac]
j  java.awt.EventDispatchThread.pumpEventsForFilter(ILjava/awt/Conditional;Ljava/awt/EventFilter;)V+35
j  java.awt.EventDispatchThread.pumpEventsForHierarchy(ILjava/awt/Conditional;Ljava/awt/Component;)V+11
j  java.awt.EventDispatchThread.pumpEvents(ILjava/awt/Conditional;)V+4
j  java.awt.EventDispatchThread.pumpEvents(Ljava/awt/Conditional;)V+3
j  java.awt.EventDispatchThread.run()V+9
v  ~StubRoutines::call_stub

---------------  P R O C E S S  ---------------

Java Threads: ( => current thread )
  0x0000000022d1d000 JavaThread "Image Fetcher 0" daemon [_thread_blocked, id=5148, stack(0x0000000040530000,0x0000000040630000)]
  0x0000000022d1f800 JavaThread "DestroyJavaVM" [_thread_blocked, id=10668, stack(0x00000000025c0000,0x00000000026c0000)]
  0x0000000022d20000 JavaThread "Thread-35" [_thread_blocked, id=18088, stack(0x0000000036980000,0x0000000036a80000)]
  0x0000000022d21000 JavaThread "Timer-0" [_thread_blocked, id=11444, stack(0x0000000036480000,0x0000000036580000)]
  0x0000000022d1e000 JavaThread "JavaCPP Deallocator" daemon [_thread_blocked, id=12600, stack(0x0000000032740000,0x0000000032840000)]
  0x000000001e1c8000 JavaThread "Thread-14" [_thread_blocked, id=14416, stack(0x00000000272a0000,0x00000000273a0000)]
  0x000000001e1c4000 JavaThread "Thread-6-SharedResourceRunner" daemon [_thread_blocked, id=15044, stack(0x00000000271a0000,0x00000000272a0000)]
  0x0000000020d97800 JavaThread "Thread-10" [_thread_in_native, id=2980, stack(0x0000000026da0000,0x0000000026ea0000)]
  0x0000000020f90000 JavaThread "Thread-9" [_thread_in_native, id=18948, stack(0x0000000026ca0000,0x0000000026da0000)]
  0x000000001f3d3000 JavaThread "Thread-2" [_thread_in_native, id=19232, stack(0x0000000021960000,0x0000000021a60000)]
=>0x000000001f42c800 JavaThread "AWT-EventQueue-0" [_thread_in_native, id=1556, stack(0x000000001fea0000,0x000000001ffa0000)]
  0x0000000020ed4800 JavaThread "AWT-Shutdown" [_thread_blocked, id=17936, stack(0x000000001fda0000,0x000000001fea0000)]
  0x000000001f3b7800 JavaThread "AWT-Windows" daemon [_thread_in_native, id=19440, stack(0x000000001fa30000,0x000000001fb30000)]
  0x000000001e342000 JavaThread "Java2D Disposer" daemon [_thread_blocked, id=3612, stack(0x000000001f830000,0x000000001f930000)]
  0x000000001f361800 JavaThread "TimerQueue" daemon [_thread_blocked, id=3292, stack(0x000000001f730000,0x000000001f830000)]
  0x000000001e253800 JavaThread "Service Thread" daemon [_thread_blocked, id=11632, stack(0x000000001ec80000,0x000000001ed80000)]
  0x000000001e1c3800 JavaThread "C1 CompilerThread3" daemon [_thread_blocked, id=13748, stack(0x000000001eb80000,0x000000001ec80000)]
  0x000000001e1bc800 JavaThread "C2 CompilerThread2" daemon [_thread_blocked, id=7272, stack(0x000000001ea80000,0x000000001eb80000)]
  0x000000001e1b7800 JavaThread "C2 CompilerThread1" daemon [_thread_blocked, id=1868, stack(0x000000001e980000,0x000000001ea80000)]
  0x000000001e1b5000 JavaThread "C2 CompilerThread0" daemon [_thread_blocked, id=2104, stack(0x000000001e880000,0x000000001e980000)]
  0x000000001e159000 JavaThread "Attach Listener" daemon [_thread_blocked, id=1752, stack(0x000000001e780000,0x000000001e880000)]
  0x000000001e1b0800 JavaThread "Signal Dispatcher" daemon [_thread_blocked, id=14584, stack(0x000000001e680000,0x000000001e780000)]
  0x000000001e140800 JavaThread "Finalizer" daemon [_thread_blocked, id=14376, stack(0x000000001e520000,0x000000001e620000)]
  0x000000001c25d000 JavaThread "Reference Handler" daemon [_thread_blocked, id=4440, stack(0x000000001e020000,0x000000001e120000)]

Other Threads:
  0x000000001c258800 VMThread [stack: 0x000000001df20000,0x000000001e020000] [id=18500]
  0x000000001e203800 WatcherThread [stack: 0x000000001ed80000,0x000000001ee80000] [id=8236]

VM state:not at safepoint (normal execution)

VM Mutex/Monitor currently owned by a thread: None

Heap:
 PSYoungGen      total 1334784K, used 897972K [0x000000076b500000, 0x00000007c0000000, 0x00000007c0000000)
  eden space 1308672K, 66% used [0x000000076b500000,0x00000007a08a7c08,0x00000007bb300000)
  from space 26112K, 99% used [0x00000007bb300000,0x00000007bcc457c0,0x00000007bcc80000)
  to   space 39936K, 0% used [0x00000007bd900000,0x00000007bd900000,0x00000007c0000000)
 ParOldGen       total 680960K, used 498312K [0x00000006c1e00000, 0x00000006eb700000, 0x000000076b500000)
  object space 680960K, 73% used [0x00000006c1e00000,0x00000006e04a2210,0x00000006eb700000)
 Metaspace       used 29898K, capacity 30278K, committed 30592K, reserved 1075200K
  class space    used 3827K, capacity 3933K, committed 3968K, reserved 1048576K

Card table byte_map: [0x0000000011bc0000,0x00000000123c0000] byte_map_base: 0x000000000e5b1000

Marking Bits: (ParMarkBitMap*) 0x000000006912f860
 Begin Bits: [0x0000000013110000, 0x0000000017098000)
 End Bits:   [0x0000000017098000, 0x000000001b020000)

Polling page: 0x0000000000a00000

CodeCache: size=245760Kb used=21246Kb max_used=21261Kb free=224513Kb
 bounds [0x0000000002800000, 0x0000000003cf0000, 0x0000000011800000]
 total_blobs=5516 nmethods=4565 adapters=858
 compilation: enabled

Compilation events (10 events):
Event: 351.630 Thread 0x000000001e1c3800 nmethod 5977 0x000000000324a6d0 code [0x000000000324a900, 0x000000000324b358]
Event: 351.709 Thread 0x000000001e1bc800 nmethod 5972 0x0000000003cddf10 code [0x0000000003cde360, 0x0000000003ce16b8]
Event: 351.712 Thread 0x000000001e1c3800 5979       3       javax.swing.plaf.basic.BasicScrollPaneUI$Handler::hsbStateChanged (155 bytes)
Event: 351.713 Thread 0x000000001e1c3800 nmethod 5979 0x00000000035f5c90 code [0x00000000035f5ea0, 0x00000000035f6b08]
Event: 351.716 Thread 0x000000001e1c3800 5980       3       sun.font.FontStrikeDesc::hashCode (36 bytes)
Event: 351.716 Thread 0x000000001e1c3800 nmethod 5980 0x0000000003537050 code [0x00000000035371c0, 0x0000000003537418]
Event: 351.718 Thread 0x000000001e1c3800 5981       3       java.awt.Component::setSize (6 bytes)
Event: 351.718 Thread 0x000000001e1c3800 nmethod 5981 0x000000000324a290 code [0x000000000324a400, 0x000000000324a608]
Event: 351.718 Thread 0x000000001e1c3800 5982       3       java.awt.Component::resize (13 bytes)
Event: 351.718 Thread 0x000000001e1c3800 nmethod 5982 0x0000000002e13d10 code [0x0000000002e13e80, 0x0000000002e140a8]

GC Heap History (10 events):
Event: 345.028 GC heap before
{Heap before GC invocations=291 (full 4):
 PSYoungGen      total 1351680K, used 1348131K [0x000000076b500000, 0x00000007c0000000, 0x00000007c0000000)
  eden space 1321984K, 100% used [0x000000076b500000,0x00000007bc000000,0x00000007bc000000)
  from space 29696K, 88% used [0x00000007be300000,0x00000007bfc88e28,0x00000007c0000000)
  to   space 32768K, 0% used [0x00000007bc000000,0x00000007bc000000,0x00000007be000000)
 ParOldGen       total 680960K, used 498248K [0x00000006c1e00000, 0x00000006eb700000, 0x000000076b500000)
  object space 680960K, 73% used [0x00000006c1e00000,0x00000006e0492210,0x00000006eb700000)
 Metaspace       used 29839K, capacity 30150K, committed 30592K, reserved 1075200K
  class space    used 3827K, capacity 3933K, committed 3968K, reserved 1048576K
Event: 345.035 GC heap after
Heap after GC invocations=291 (full 4):
 PSYoungGen      total 1348608K, used 26122K [0x000000076b500000, 0x00000007c0000000, 0x00000007c0000000)
  eden space 1321984K, 0% used [0x000000076b500000,0x000000076b500000,0x00000007bc000000)
  from space 26624K, 98% used [0x00000007bc000000,0x00000007bd982910,0x00000007bda00000)
  to   space 35328K, 0% used [0x00000007bdd80000,0x00000007bdd80000,0x00000007c0000000)
 ParOldGen       total 680960K, used 498248K [0x00000006c1e00000, 0x00000006eb700000, 0x000000076b500000)
  object space 680960K, 73% used [0x00000006c1e00000,0x00000006e0492210,0x00000006eb700000)
 Metaspace       used 29839K, capacity 30150K, committed 30592K, reserved 1075200K
  class space    used 3827K, capacity 3933K, committed 3968K, reserved 1048576K
}
Event: 347.404 GC heap before
{Heap before GC invocations=292 (full 4):
 PSYoungGen      total 1348608K, used 1348106K [0x000000076b500000, 0x00000007c0000000, 0x00000007c0000000)
  eden space 1321984K, 100% used [0x000000076b500000,0x00000007bc000000,0x00000007bc000000)
  from space 26624K, 98% used [0x00000007bc000000,0x00000007bd982910,0x00000007bda00000)
  to   space 35328K, 0% used [0x00000007bdd80000,0x00000007bdd80000,0x00000007c0000000)
 ParOldGen       total 680960K, used 498248K [0x00000006c1e00000, 0x00000006eb700000, 0x000000076b500000)
  object space 680960K, 73% used [0x00000006c1e00000,0x00000006e0492210,0x00000006eb700000)
 Metaspace       used 29840K, capacity 30150K, committed 30592K, reserved 1075200K
  class space    used 3827K, capacity 3933K, committed 3968K, reserved 1048576K
Event: 347.412 GC heap after
Heap after GC invocations=292 (full 4):
 PSYoungGen      total 1347072K, used 29431K [0x000000076b500000, 0x00000007c0000000, 0x00000007c0000000)
  eden space 1311744K, 0% used [0x000000076b500000,0x000000076b500000,0x00000007bb600000)
  from space 35328K, 83% used [0x00000007bdd80000,0x00000007bfa3dfa8,0x00000007c0000000)
  to   space 37888K, 0% used [0x00000007bb600000,0x00000007bb600000,0x00000007bdb00000)
 ParOldGen       total 680960K, used 498248K [0x00000006c1e00000, 0x00000006eb700000, 0x000000076b500000)
  object space 680960K, 73% used [0x00000006c1e00000,0x00000006e0492210,0x00000006eb700000)
 Metaspace       used 29840K, capacity 30150K, committed 30592K, reserved 1075200K
  class space    used 3827K, capacity 3933K, committed 3968K, reserved 1048576K
}
Event: 347.869 GC heap before
{Heap before GC invocations=293 (full 4):
 PSYoungGen      total 1347072K, used 1341175K [0x000000076b500000, 0x00000007c0000000, 0x00000007c0000000)
  eden space 1311744K, 100% used [0x000000076b500000,0x00000007bb600000,0x00000007bb600000)
  from space 35328K, 83% used [0x00000007bdd80000,0x00000007bfa3dfa8,0x00000007c0000000)
  to   space 37888K, 0% used [0x00000007bb600000,0x00000007bb600000,0x00000007bdb00000)
 ParOldGen       total 680960K, used 498248K [0x00000006c1e00000, 0x00000006eb700000, 0x000000076b500000)
  object space 680960K, 73% used [0x00000006c1e00000,0x00000006e0492210,0x00000006eb700000)
 Metaspace       used 29870K, capacity 30214K, committed 30592K, reserved 1075200K
  class space    used 3827K, capacity 3933K, committed 3968K, reserved 1048576K
Event: 347.879 GC heap after
Heap after GC invocations=293 (full 4):
 PSYoungGen      total 1349632K, used 20806K [0x000000076b500000, 0x00000007c0000000, 0x00000007c0000000)
  eden space 1311744K, 0% used [0x000000076b500000,0x000000076b500000,0x00000007bb600000)
  from space 37888K, 54% used [0x00000007bb600000,0x00000007bca51b38,0x00000007bdb00000)
  to   space 37376K, 0% used [0x00000007bdb80000,0x00000007bdb80000,0x00000007c0000000)
 ParOldGen       total 680960K, used 498248K [0x00000006c1e00000, 0x00000006eb700000, 0x000000076b500000)
  object space 680960K, 73% used [0x00000006c1e00000,0x00000006e0492210,0x00000006eb700000)
 Metaspace       used 29870K, capacity 30214K, committed 30592K, reserved 1075200K
  class space    used 3827K, capacity 3933K, committed 3968K, reserved 1048576K
}
Event: 350.041 GC heap before
{Heap before GC invocations=294 (full 4):
 PSYoungGen      total 1349632K, used 1332550K [0x000000076b500000, 0x00000007c0000000, 0x00000007c0000000)
  eden space 1311744K, 100% used [0x000000076b500000,0x00000007bb600000,0x00000007bb600000)
  from space 37888K, 54% used [0x00000007bb600000,0x00000007bca51b38,0x00000007bdb00000)
  to   space 37376K, 0% used [0x00000007bdb80000,0x00000007bdb80000,0x00000007c0000000)
 ParOldGen       total 680960K, used 498248K [0x00000006c1e00000, 0x00000006eb700000, 0x000000076b500000)
  object space 680960K, 73% used [0x00000006c1e00000,0x00000006e0492210,0x00000006eb700000)
 Metaspace       used 29874K, capacity 30214K, committed 30592K, reserved 1075200K
  class space    used 3827K, capacity 3933K, committed 3968K, reserved 1048576K
Event: 350.052 GC heap after
Heap after GC invocations=294 (full 4):
 PSYoungGen      total 1346048K, used 28854K [0x000000076b500000, 0x00000007c0000000, 0x00000007c0000000)
  eden space 1308672K, 0% used [0x000000076b500000,0x000000076b500000,0x00000007bb300000)
  from space 37376K, 77% used [0x00000007bdb80000,0x00000007bf7ad820,0x00000007c0000000)
  to   space 39424K, 0% used [0x00000007bb300000,0x00000007bb300000,0x00000007bd980000)
 ParOldGen       total 680960K, used 498264K [0x00000006c1e00000, 0x00000006eb700000, 0x000000076b500000)
  object space 680960K, 73% used [0x00000006c1e00000,0x00000006e0496210,0x00000006eb700000)
 Metaspace       used 29874K, capacity 30214K, committed 30592K, reserved 1075200K
  class space    used 3827K, capacity 3933K, committed 3968K, reserved 1048576K
}
Event: 350.627 GC heap before
{Heap before GC invocations=295 (full 4):
 PSYoungGen      total 1346048K, used 1337526K [0x000000076b500000, 0x00000007c0000000, 0x00000007c0000000)
  eden space 1308672K, 100% used [0x000000076b500000,0x00000007bb300000,0x00000007bb300000)
  from space 37376K, 77% used [0x00000007bdb80000,0x00000007bf7ad820,0x00000007c0000000)
  to   space 39424K, 0% used [0x00000007bb300000,0x00000007bb300000,0x00000007bd980000)
 ParOldGen       total 680960K, used 498264K [0x00000006c1e00000, 0x00000006eb700000, 0x000000076b500000)
  object space 680960K, 73% used [0x00000006c1e00000,0x00000006e0496210,0x00000006eb700000)
 Metaspace       used 29884K, capacity 30214K, committed 30592K, reserved 1075200K
  class space    used 3827K, capacity 3933K, committed 3968K, reserved 1048576K
Event: 350.638 GC heap after
Heap after GC invocations=295 (full 4):
 PSYoungGen      total 1334784K, used 25877K [0x000000076b500000, 0x00000007c0000000, 0x00000007c0000000)
  eden space 1308672K, 0% used [0x000000076b500000,0x000000076b500000,0x00000007bb300000)
  from space 26112K, 99% used [0x00000007bb300000,0x00000007bcc457c0,0x00000007bcc80000)
  to   space 39936K, 0% used [0x00000007bd900000,0x00000007bd900000,0x00000007c0000000)
 ParOldGen       total 680960K, used 498312K [0x00000006c1e00000, 0x00000006eb700000, 0x000000076b500000)
  object space 680960K, 73% used [0x00000006c1e00000,0x00000006e04a2210,0x00000006eb700000)
 Metaspace       used 29884K, capacity 30214K, committed 30592K, reserved 1075200K
  class space    used 3827K, capacity 3933K, committed 3968K, reserved 1048576K
}

Deoptimization events (10 events):
Event: 333.231 Thread 0x000000001f42c800 Uncommon trap: reason=class_check action=maybe_recompile pc=0x000000000338f598 method=java.awt.EventQueue.coalesceEvent(Ljava/awt/AWTEvent;I)Z @ 77
Event: 333.231 Thread 0x000000001f42c800 Uncommon trap: reason=class_check action=maybe_recompile pc=0x000000000310641c method=java.awt.EventQueue.coalesceEvent(Ljava/awt/AWTEvent;I)Z @ 77
Event: 333.232 Thread 0x000000001f42c800 Uncommon trap: reason=class_check action=maybe_recompile pc=0x000000000338f598 method=java.awt.EventQueue.coalesceEvent(Ljava/awt/AWTEvent;I)Z @ 77
Event: 343.805 Thread 0x000000001f42c800 Uncommon trap: reason=class_check action=maybe_recompile pc=0x00000000035dc6ac method=sun.font.TrueTypeGlyphMapper.getGlyphFromCMAP(I)C @ 5
Event: 343.834 Thread 0x000000001f42c800 Uncommon trap: reason=class_check action=maybe_recompile pc=0x00000000035dc6ac method=sun.font.TrueTypeGlyphMapper.getGlyphFromCMAP(I)C @ 5
Event: 344.327 Thread 0x000000001f42c800 Uncommon trap: reason=unstable_if action=reinterpret pc=0x000000000380a72c method=biProcessor.coAuthorForWord.drawWords([II[DFIILjava/util/Map;Ljava/util/Map;)V @ 1348
Event: 344.392 Thread 0x000000001f42c800 Uncommon trap: reason=unstable_if action=reinterpret pc=0x00000000035905c4 method=biProcessor.coAuthorForWord.drawWords([II[DFIILjava/util/Map;Ljava/util/Map;)V @ 1348
Event: 344.856 Thread 0x000000001f42c800 Uncommon trap: reason=range_check action=make_not_entrant pc=0x0000000003c48c48 method=java.awt.image.DirectColorModel.getsRGBComponentFromsRGB(II)I @ 6
Event: 347.643 Thread 0x000000001f42c800 Uncommon trap: reason=unstable_if action=reinterpret pc=0x0000000003c5ed74 method=biProcessor.coAuthorForWord.drawWords([II[DFIILjava/util/Map;Ljava/util/Map;)V @ 60
Event: 347.841 Thread 0x000000001f42c800 Uncommon trap: reason=unstable_if action=reinterpret pc=0x0000000003c76060 method=biProcessor.coAuthorForWord.drawWords([II[DFIILjava/util/Map;Ljava/util/Map;)V @ 60

Classes redefined (0 events):
No events

Internal exceptions (10 events):
Event: 320.502 Thread 0x000000001f42c800 Exception <a 'java/lang/NullPointerException'> (0x000000079afba280) thrown at [C:\re\workspace\8-2-build-windows-amd64-cygwin\jdk8u161\10277\hotspot\src\share\vm\runtime\sharedRuntime.cpp, line 605]
Event: 321.389 Thread 0x000000001f42c800 Implicit null exception at 0x00000000029cefe3 to 0x00000000029cf1af
Event: 321.389 Thread 0x000000001f42c800 Exception <a 'java/lang/NullPointerException'> (0x00000007b24290e8) thrown at [C:\re\workspace\8-2-build-windows-amd64-cygwin\jdk8u161\10277\hotspot\src\share\vm\runtime\sharedRuntime.cpp, line 605]
Event: 328.350 Thread 0x000000001f42c800 Implicit null exception at 0x00000000038c5175 to 0x00000000038c5a9d
Event: 334.178 Thread 0x000000001f42c800 Implicit null exception at 0x00000000029cefe3 to 0x00000000029cf1af
Event: 334.178 Thread 0x000000001f42c800 Exception <a 'java/lang/NullPointerException'> (0x00000007929dfaa8) thrown at [C:\re\workspace\8-2-build-windows-amd64-cygwin\jdk8u161\10277\hotspot\src\share\vm\runtime\sharedRuntime.cpp, line 605]
Event: 335.576 Thread 0x000000001f42c800 Implicit null exception at 0x00000000029cefe3 to 0x00000000029cf1af
Event: 335.577 Thread 0x000000001f42c800 Exception <a 'java/lang/NullPointerException'> (0x00000007b1b64c80) thrown at [C:\re\workspace\8-2-build-windows-amd64-cygwin\jdk8u161\10277\hotspot\src\share\vm\runtime\sharedRuntime.cpp, line 605]
Event: 349.153 Thread 0x000000001f42c800 Implicit null exception at 0x00000000029cefe3 to 0x00000000029cf1af
Event: 349.153 Thread 0x000000001f42c800 Exception <a 'java/lang/NullPointerException'> (0x0000000794f0bc70) thrown at [C:\re\workspace\8-2-build-windows-amd64-cygwin\jdk8u161\10277\hotspot\src\share\vm\runtime\sharedRuntime.cpp, line 605]

Events (10 events):
Event: 348.685 Thread 0x000000001f42c800 DEOPT PACKING pc=0x0000000003c9d2de sp=0x000000001ff9d820
Event: 348.685 Thread 0x000000001f42c800 DEOPT UNPACKING pc=0x0000000002847890 sp=0x000000001ff9d6d8 mode 0
Event: 348.698 Thread 0x000000001f42c800 DEOPT PACKING pc=0x0000000003c9d2de sp=0x000000001ff9d890
Event: 348.698 Thread 0x000000001f42c800 DEOPT UNPACKING pc=0x0000000002847890 sp=0x000000001ff9d700 mode 0
Event: 350.040 Executing VM operation: ParallelGCFailedAllocation
Event: 350.052 Executing VM operation: ParallelGCFailedAllocation done
Event: 350.055 Executing VM operation: RevokeBias
Event: 350.056 Executing VM operation: RevokeBias done
Event: 350.626 Executing VM operation: ParallelGCFailedAllocation
Event: 350.638 Executing VM operation: ParallelGCFailedAllocation done


Dynamic libraries:
0x00007ff7ed9d0000 - 0x00007ff7eda07000 	C:\Program Files\Java\jdk1.8.0_161\jre\bin\javaw.exe
0x00007ffc62240000 - 0x00007ffc62430000 	C:\WINDOWS\SYSTEM32\ntdll.dll
0x00007ffc48b20000 - 0x00007ffc48b33000 	D:\Program Files\AVAST Software\Avast\aswhook.dll
0x00007ffc62120000 - 0x00007ffc621d2000 	C:\WINDOWS\System32\KERNEL32.DLL
0x00007ffc5ff90000 - 0x00007ffc60233000 	C:\WINDOWS\System32\KERNELBASE.dll
0x00007ffc616d0000 - 0x00007ffc61773000 	C:\WINDOWS\System32\ADVAPI32.dll
0x00007ffc61b10000 - 0x00007ffc61bae000 	C:\WINDOWS\System32\msvcrt.dll
0x00007ffc62080000 - 0x00007ffc62117000 	C:\WINDOWS\System32\sechost.dll
0x00007ffc61bb0000 - 0x00007ffc61cd0000 	C:\WINDOWS\System32\RPCRT4.dll
0x00007ffc60610000 - 0x00007ffc607a4000 	C:\WINDOWS\System32\USER32.dll
0x00007ffc602c0000 - 0x00007ffc602e1000 	C:\WINDOWS\System32\win32u.dll
0x00007ffc618a0000 - 0x00007ffc618c6000 	C:\WINDOWS\System32\GDI32.dll
0x00007ffc5f970000 - 0x00007ffc5fb04000 	C:\WINDOWS\System32\gdi32full.dll
0x00007ffc5fbf0000 - 0x00007ffc5fc8e000 	C:\WINDOWS\System32\msvcp_win.dll
0x00007ffc5fe90000 - 0x00007ffc5ff8a000 	C:\WINDOWS\System32\ucrtbase.dll
0x00007ffc4a460000 - 0x00007ffc4a6e5000 	C:\WINDOWS\WinSxS\amd64_microsoft.windows.common-controls_6595b64144ccf1df_6.0.18362.778_none_e6c6b761130d4fb8\COMCTL32.dll
0x00007ffc61d40000 - 0x00007ffc62076000 	C:\WINDOWS\System32\combase.dll
0x00007ffc60240000 - 0x00007ffc602c0000 	C:\WINDOWS\System32\bcryptPrimitives.dll
0x00007ffc60300000 - 0x00007ffc6032e000 	C:\WINDOWS\System32\IMM32.DLL
0x0000000069c70000 - 0x0000000069d42000 	C:\Program Files\Java\jdk1.8.0_161\jre\bin\msvcr100.dll
0x0000000068910000 - 0x00000000691af000 	C:\Program Files\Java\jdk1.8.0_161\jre\bin\server\jvm.dll
0x00007ffc61890000 - 0x00007ffc61898000 	C:\WINDOWS\System32\PSAPI.DLL
0x00007ffc54a00000 - 0x00007ffc54a09000 	C:\WINDOWS\SYSTEM32\WSOCK32.dll
0x00007ffc614d0000 - 0x00007ffc6153f000 	C:\WINDOWS\System32\WS2_32.dll
0x00007ffc53e10000 - 0x00007ffc53e34000 	C:\WINDOWS\SYSTEM32\WINMM.dll
0x00007ffc5a560000 - 0x00007ffc5a56a000 	C:\WINDOWS\SYSTEM32\VERSION.dll
0x00007ffc53de0000 - 0x00007ffc53e0d000 	C:\WINDOWS\SYSTEM32\WINMMBASE.dll
0x00007ffc5fe40000 - 0x00007ffc5fe8a000 	C:\WINDOWS\System32\cfgmgr32.dll
0x0000000069c60000 - 0x0000000069c6f000 	C:\Program Files\Java\jdk1.8.0_161\jre\bin\verify.dll
0x0000000069c30000 - 0x0000000069c59000 	C:\Program Files\Java\jdk1.8.0_161\jre\bin\java.dll
0x0000000069c10000 - 0x0000000069c26000 	C:\Program Files\Java\jdk1.8.0_161\jre\bin\zip.dll
0x00007ffc60de0000 - 0x00007ffc614c5000 	C:\WINDOWS\System32\SHELL32.dll
0x00007ffc617e0000 - 0x00007ffc61889000 	C:\WINDOWS\System32\shcore.dll
0x00007ffc5f1d0000 - 0x00007ffc5f950000 	C:\WINDOWS\System32\windows.storage.dll
0x00007ffc5f1a0000 - 0x00007ffc5f1c3000 	C:\WINDOWS\System32\profapi.dll
0x00007ffc5f110000 - 0x00007ffc5f15a000 	C:\WINDOWS\System32\powrprof.dll
0x00007ffc5f100000 - 0x00007ffc5f110000 	C:\WINDOWS\System32\UMPDC.dll
0x00007ffc60d80000 - 0x00007ffc60dd2000 	C:\WINDOWS\System32\shlwapi.dll
0x00007ffc5f160000 - 0x00007ffc5f171000 	C:\WINDOWS\System32\kernel.appcore.dll
0x00007ffc5f950000 - 0x00007ffc5f967000 	C:\WINDOWS\System32\cryptsp.dll
0x00007ffc5e480000 - 0x00007ffc5e4b3000 	C:\WINDOWS\system32\rsaenh.dll
0x00007ffc5fb10000 - 0x00007ffc5fb36000 	C:\WINDOWS\System32\bcrypt.dll
0x00007ffc5eff0000 - 0x00007ffc5f015000 	C:\WINDOWS\SYSTEM32\USERENV.dll
0x00007ffc5eae0000 - 0x00007ffc5eaec000 	C:\WINDOWS\SYSTEM32\CRYPTBASE.dll
0x0000000069bf0000 - 0x0000000069c0a000 	C:\Program Files\Java\jdk1.8.0_161\jre\bin\net.dll
0x00007ffc5e910000 - 0x00007ffc5e977000 	C:\WINDOWS\system32\mswsock.dll
0x00007ffc5e620000 - 0x00007ffc5e65a000 	C:\WINDOWS\SYSTEM32\IPHLPAPI.DLL
0x00007ffc602f0000 - 0x00007ffc602f8000 	C:\WINDOWS\System32\NSI.dll
0x00007ffc57b10000 - 0x00007ffc57b26000 	C:\WINDOWS\SYSTEM32\dhcpcsvc6.DLL
0x00007ffc593c0000 - 0x00007ffc593dc000 	C:\WINDOWS\SYSTEM32\dhcpcsvc.DLL
0x00007ffc5e660000 - 0x00007ffc5e72a000 	C:\WINDOWS\SYSTEM32\DNSAPI.dll
0x0000000069bd0000 - 0x0000000069be1000 	C:\Program Files\Java\jdk1.8.0_161\jre\bin\nio.dll
0x0000000068590000 - 0x0000000068728000 	C:\Program Files\Java\jdk1.8.0_161\jre\bin\awt.dll
0x00007ffc60390000 - 0x00007ffc60454000 	C:\WINDOWS\System32\OLEAUT32.dll
0x00007ffc5cdb0000 - 0x00007ffc5ce3f000 	C:\WINDOWS\SYSTEM32\apphelp.dll
0x00007ffc5d0e0000 - 0x00007ffc5d179000 	C:\WINDOWS\system32\uxtheme.dll
0x00007ffc619d0000 - 0x00007ffc61b06000 	C:\WINDOWS\System32\MSCTF.dll
0x00007ffc607b0000 - 0x00007ffc60907000 	C:\WINDOWS\System32\ole32.dll
0x00007ffc5d6d0000 - 0x00007ffc5d6fd000 	C:\WINDOWS\system32\DWMAPI.DLL
0x00007ffc4ffe0000 - 0x00007ffc50136000 	C:\WINDOWS\system32\opengl32.dll
0x00007ffc58c90000 - 0x00007ffc58cbc000 	C:\WINDOWS\SYSTEM32\GLU32.dll
0x00007ffc5dd70000 - 0x00007ffc5dd90000 	C:\WINDOWS\SYSTEM32\dxcore.dll
0x0000000068540000 - 0x0000000068587000 	C:\Program Files\Java\jdk1.8.0_161\jre\bin\fontmanager.dll
0x00007ffc61620000 - 0x00007ffc616c2000 	C:\WINDOWS\System32\clbcatq.dll
0x00007ffc52480000 - 0x00007ffc5262f000 	C:\WINDOWS\SYSTEM32\WindowsCodecs.dll
0x00007ffc534d0000 - 0x00007ffc5350a000 	C:\WINDOWS\system32\dataexchange.dll
0x00007ffc5bdf0000 - 0x00007ffc5c04b000 	C:\WINDOWS\system32\d3d11.dll
0x00007ffc5c590000 - 0x00007ffc5c76c000 	C:\WINDOWS\system32\dcomp.dll
0x00007ffc5de00000 - 0x00007ffc5deeb000 	C:\WINDOWS\system32\dxgi.dll
0x00007ffc5d180000 - 0x00007ffc5d3da000 	C:\WINDOWS\system32\twinapi.appcore.dll
0x00007ffc5d5e0000 - 0x00007ffc5d609000 	C:\WINDOWS\system32\RMCLIENT.dll
0x00000000684f0000 - 0x0000000068532000 	C:\Program Files\Java\jdk1.8.0_161\jre\bin\t2k.dll
0x00007ffc52a60000 - 0x00007ffc52afe000 	C:\WINDOWS\System32\TextInputFramework.dll
0x00007ffc52c60000 - 0x00007ffc52f8a000 	C:\WINDOWS\System32\CoreUIComponents.dll
0x00007ffc5c4b0000 - 0x00007ffc5c584000 	C:\WINDOWS\System32\CoreMessaging.dll
0x00007ffc5e160000 - 0x00007ffc5e191000 	C:\WINDOWS\SYSTEM32\ntmarta.dll
0x00007ffc5a850000 - 0x00007ffc5a9a3000 	C:\WINDOWS\SYSTEM32\wintypes.dll
0x00007ffc53870000 - 0x00007ffc53b16000 	C:\WINDOWS\System32\iertutil.dll
0x00007ffc3ab20000 - 0x00007ffc3ab58000 	C:\Program Files\Java\jdk1.8.0_161\jre\bin\jacob-1.18-x64.dll
0x00007ffc23b30000 - 0x00007ffc23caf000 	C:\WINDOWS\System32\Speech\Common\sapi.dll
0x00007ffc5fc90000 - 0x00007ffc5fcec000 	C:\WINDOWS\System32\WINTRUST.dll
0x00007ffc5f180000 - 0x00007ffc5f192000 	C:\WINDOWS\System32\MSASN1.dll
0x00007ffc5fcf0000 - 0x00007ffc5fe39000 	C:\WINDOWS\System32\CRYPT32.dll
0x00007ffc5b1c0000 - 0x00007ffc5b1dc000 	C:\WINDOWS\SYSTEM32\MSACM32.dll
0x00007ffc5b260000 - 0x00007ffc5b26b000 	C:\WINDOWS\SYSTEM32\msdmo.dll
0x00007ffc57a60000 - 0x00007ffc57ad2000 	C:\WINDOWS\System32\MMDevApi.dll
0x00007ffc5ef20000 - 0x00007ffc5ef4a000 	C:\WINDOWS\System32\DEVOBJ.dll
0x00007ffc5ef50000 - 0x00007ffc5efed000 	C:\WINDOWS\SYSTEM32\sxs.dll
0x00007ffc23920000 - 0x00007ffc23b21000 	C:\Windows\System32\speech_onecore\engines\tts\MSTTSEngine_OneCore.dll
0x00007ffc59b10000 - 0x00007ffc59b9a000 	C:\WINDOWS\SYSTEM32\msvcp110_win.dll
0x00007ffc36b20000 - 0x00007ffc37003000 	C:\WINDOWS\System32\Speech_OneCore\Common\sapi_onecore.dll
0x00007ffc57b50000 - 0x00007ffc57cad000 	C:\WINDOWS\SYSTEM32\AudioSes.DLL
0x00007ffc5f020000 - 0x00007ffc5f04f000 	C:\WINDOWS\SYSTEM32\SspiCli.dll
0x00007ffc53fb0000 - 0x00007ffc54185000 	C:\WINDOWS\SYSTEM32\urlmon.dll
0x00007ffc5cae0000 - 0x00007ffc5cbcf000 	C:\WINDOWS\SYSTEM32\PROPSYS.dll
0x00007ffc56680000 - 0x00007ffc56770000 	C:\WINDOWS\SYSTEM32\WINHTTP.dll
0x00007ffc58210000 - 0x00007ffc582ee000 	C:\Windows\System32\Windows.ApplicationModel.dll
0x00007ffc2c2f0000 - 0x00007ffc2c3af000 	C:\Windows\System32\speech_onecore\engines\tts\MSTTSLoc_OneCore.DLL
0x00007ffc5b610000 - 0x00007ffc5b6c5000 	C:\WINDOWS\system32\MSWB70804.dll
0x00000000637c0000 - 0x00000000637ca000 	C:\Users\Lenovo\AppData\Local\Temp\jogamp.tmp.cache_000000\jln4296372450422426902\jln2892836089618927195\gluegen-rt.dll
0x00000000684e0000 - 0x00000000684e7000 	C:\Program Files\Java\jdk1.8.0_161\jre\bin\jawt.dll
0x000000006a440000 - 0x000000006a44b000 	C:\Users\Lenovo\AppData\Local\Temp\jogamp.tmp.cache_000000\jln4296372450422426902\jln2892836089618927195\nativewindow_awt.dll
0x000000006c100000 - 0x000000006c10b000 	C:\Users\Lenovo\AppData\Local\Temp\jogamp.tmp.cache_000000\jln4296372450422426902\jln2892836089618927195\nativewindow_win32.dll
0x0000000064500000 - 0x000000006458d000 	C:\Users\Lenovo\AppData\Local\Temp\jogamp.tmp.cache_000000\jln4296372450422426902\jln2892836089618927195\jogl_desktop.dll
0x00000000273a0000 - 0x00000000282a9000 	C:\WINDOWS\System32\DriverStore\FileRepository\iigd_dch.inf_amd64_3c82703a0fbed0ab\ig9icd64.dll
0x00007ffc55d20000 - 0x00007ffc55ec0000 	C:\WINDOWS\System32\DriverStore\FileRepository\iigd_dch.inf_amd64_3c82703a0fbed0ab\igdgmm64.dll
0x00007ffc4c100000 - 0x00007ffc4e4fc000 	C:\WINDOWS\System32\DriverStore\FileRepository\iigd_dch.inf_amd64_3c82703a0fbed0ab\igc64.dll
0x00007ffc2b8b0000 - 0x00007ffc2b99f000 	C:\Users\Lenovo\.javacpp\cache\opencv-3.1.0-1.3-windows-x86_64.jar\org\bytedeco\javacpp\windows-x86_64\msvcr120.dll
0x00007ffc27cf0000 - 0x00007ffc27d96000 	C:\Users\Lenovo\.javacpp\cache\opencv-3.1.0-1.3-windows-x86_64.jar\org\bytedeco\javacpp\windows-x86_64\msvcp120.dll
0x00007ffc236a0000 - 0x00007ffc2391a000 	C:\Users\Lenovo\.javacpp\cache\opencv-3.1.0-1.3-windows-x86_64.jar\org\bytedeco\javacpp\windows-x86_64\opencv_core310.dll
0x00007ffc23350000 - 0x00007ffc23692000 	C:\Users\Lenovo\.javacpp\cache\opencv-3.1.0-1.3-windows-x86_64.jar\org\bytedeco\javacpp\windows-x86_64\opencv_imgproc310.dll
0x0000000068250000 - 0x0000000068281000 	C:\Program Files\Java\jdk1.8.0_161\jre\bin\jpeg.dll
0x00007ffc21660000 - 0x00007ffc21887000 	C:\Users\Lenovo\.javacpp\cache\opencv-3.1.0-1.3-windows-x86_64.jar\org\bytedeco\javacpp\windows-x86_64\jniopencv_core.dll
0x00007ffc27930000 - 0x00007ffc27a1d000 	C:\Users\Lenovo\.javacpp\cache\opencv-3.1.0-1.3-windows-x86_64.jar\org\bytedeco\javacpp\windows-x86_64\jniopencv_imgproc.dll
0x00007ffc21390000 - 0x00007ffc21659000 	C:\Users\Lenovo\.javacpp\cache\opencv-3.1.0-1.3-windows-x86_64.jar\org\bytedeco\javacpp\windows-x86_64\opencv_imgcodecs310.dll
0x00007ffc56110000 - 0x00007ffc56135000 	C:\Users\Lenovo\.javacpp\cache\opencv-3.1.0-1.3-windows-x86_64.jar\org\bytedeco\javacpp\windows-x86_64\jniopencv_imgcodecs.dll
0x00007ffc347a0000 - 0x00007ffc347f3000 	C:\Users\Lenovo\.javacpp\cache\opencv-3.1.0-1.3-windows-x86_64.jar\org\bytedeco\javacpp\windows-x86_64\opencv_videoio310.dll
0x00007ffc3aaf0000 - 0x00007ffc3ab19000 	C:\WINDOWS\SYSTEM32\MSVFW32.dll
0x00007ffc52ff0000 - 0x00007ffc53010000 	C:\WINDOWS\SYSTEM32\AVIFIL32.dll
0x00007ffc39d70000 - 0x00007ffc39d88000 	C:\WINDOWS\SYSTEM32\AVICAP32.dll
0x00007ffc39d50000 - 0x00007ffc39d67000 	C:\Users\Lenovo\.javacpp\cache\opencv-3.1.0-1.3-windows-x86_64.jar\org\bytedeco\javacpp\windows-x86_64\jniopencv_videoio.dll
0x00007ffc39890000 - 0x00007ffc398a8000 	C:\Windows\System32\devenum.dll
0x00007ffc60910000 - 0x00007ffc60d80000 	C:\WINDOWS\System32\setupapi.dll
0x00007ffc369b0000 - 0x00007ffc369e4000 	C:\Windows\System32\qcap.dll
0x00007ffc211c0000 - 0x00007ffc21384000 	C:\Windows\System32\quartz.dll
0x00007ffc33430000 - 0x00007ffc3347c000 	C:\Windows\System32\mfksproxy.dll
0x00007ffc53230000 - 0x00007ffc5324c000 	C:\Windows\System32\ATL.DLL
0x00007ffc52740000 - 0x00007ffc5293a000 	C:\Windows\System32\MFPlat.DLL

VM Arguments:
jvm_args: -Dfile.encoding=GBK 
java_command: ME.sample.Frame
java_class_path (initial): D:\Users\Lenovo\eclipse-workspace\DETA_YLJ1.5.9\target\classes;D:\Users\Lenovo\eclipse-workspace\DETA_YLJ1.5.9\lib\bssm.jar;D:\Users\Lenovo\eclipse-workspace\DETA_YLJ1.5.9\lib\commons-math-2.1.jar;D:\Users\Lenovo\eclipse-workspace\DETA_YLJ1.5.9\lib\commons-math3-3.0.jar;D:\Users\Lenovo\eclipse-workspace\DETA_YLJ1.5.9\lib\customizer.jar;D:\Users\Lenovo\eclipse-workspace\DETA_YLJ1.5.9\lib\ffmpeg-3.2.1-1.3-windows-x86_64.jar;D:\Users\Lenovo\eclipse-workspace\DETA_YLJ1.5.9\lib\ffmpeg-platform-3.2.1-1.3.jar;D:\Users\Lenovo\eclipse-workspace\DETA_YLJ1.5.9\lib;D:\Users\Lenovo\eclipse-workspace\DETA_YLJ1.5.9\lib\flandmark-1.07-1.3.jar;D:\Users\Lenovo\eclipse-workspace\DETA_YLJ1.5.9\lib\flandmark-platform-1.07-1.3.jar;D:\Users\Lenovo\eclipse-workspace\DETA_YLJ1.5.9\lib\flycapture-2.9.3.43-1.3-windows-x86_64.jar;D:\Users\Lenovo\eclipse-workspace\DETA_YLJ1.5.9\lib\flycapture-2.9.3.43-1.3.jar;D:\Users\Lenovo\eclipse-workspace\DETA_YLJ1.5.9\lib\flycapture-platform-2.9.3.43-1.3.jar;D:\Users\Lenovo\eclipse-workspace\DETA_YLJ1.5.9\lib\gluegen-rt.jar;D:\Users\Lenovo\eclipse-workspace\DETA_YLJ1.5.9\lib\gluegen.jar;D:\Users\Lenovo\eclipse-workspace\DETA_YLJ1.5.9\lib\gnujaxp.jar;D:\Users\Lenovo\eclipse-workspace\DETA_YLJ1.5.9\lib\icam.jar;D:\Users\Lenovo\eclipse-workspace\DETA_YLJ1.5.9\lib\iText-2.1.5.jar;D:\Users\Lenovo\eclipse-workspace\DETA_YLJ1.5.9\lib\javabuilder.jar;D:\Users\Lenovo\eclipse-workspace\DETA_YLJ1.5.9\lib\javacpp-1.3.jar;D:\Users\Lenovo\eclipse-workspace\DETA_YLJ1.5.9\lib\javacv-platform-1.3.jar;D:\Users\Lenovo\eclipse-workspace\DETA_YLJ1.5.9\lib\jcommon-1.0.16.jar;D:\Users\Lenovo\eclipse-workspace\DETA_YLJ1.5.9\lib\jfreechart-1.0.13-experimental.jar;D:\Users\Lenovo\eclipse-workspace\DETA_YLJ1.5.9\lib\jfreechart-1.0.13-swt.jar;D:\Users\Lenovo\eclipse-workspace\DETA_YLJ1.5.9\lib\jfreechart-1.0.13.jar;D:\Users\Lenovo\eclipse-workspace\DETA_YLJ1.5.9\lib\jmf.jar;D:\Users\Lenovo\eclipse-workspace\DETA_YLJ1.5.9\lib\jogl.all.jar;D:\Users\Lenovo\e
Launcher Type: SUN_STANDARD

Environment Variables:
PATH=C:/Program Files/Java/jre1.8.0_161/bin/server;C:/Program Files/Java/jre1.8.0_161/bin;C:/Program Files/Java/jre1.8.0_161/lib/amd64;C:\ProgramData\Oracle\Java\javapath;C:\Program Files (x86)\Intel\Intel(R) Management Engine Components\iCLS\;C:\Program Files\Intel\Intel(R) Management Engine Components\iCLS\;C:\Windows\system32;C:\Windows;C:\Windows\System32\Wbem;C:\Windows\System32\WindowsPowerShell\v1.0\;C:\Windows\System32\OpenSSH\;C:\Program Files (x86)\Intel\Intel(R) Management Engine Components\DAL;C:\Program Files\Intel\Intel(R) Management Engine Components\DAL;C:\Program Files (x86)\Intel\Intel(R) Management Engine Components\IPT;C:\Program Files\Intel\Intel(R) Management Engine Components\IPT;C:\Program Files (x86)\NVIDIA Corporation\PhysX\Common;C:\Program Files\Java\jdk1.8.0_161\bin;C:\Program Files\Java\jre1.8.0_161\bin;C:\Program Files\NVIDIA Corporation\NVIDIA NvDLISR;C:\WINDOWS\system32;C:\WINDOWS;C:\WINDOWS\System32\Wbem;C:\WINDOWS\System32\WindowsPowerShell\v1.0\;C:\WINDOWS\System32\OpenSSH\;D:\jdk\64\6.1.9\bin;D:\jdk\64\6.1.9;C:\Users\Lenovo\AppData\Local\Microsoft\WindowsApps;;C:\Users\Lenovo\Desktop\ZHUOMIAN;
USERNAME=Lenovo
OS=Windows_NT
PROCESSOR_IDENTIFIER=Intel64 Family 6 Model 158 Stepping 10, GenuineIntel



---------------  S Y S T E M  ---------------

OS: Windows 10.0 , 64 bit Build 18362 (10.0.18362.778)

CPU:total 8 (initial active 8) (4 cores per cpu, 2 threads per core) family 6 model 158 stepping 10, cmov, cx8, fxsr, mmx, sse, sse2, sse3, ssse3, sse4.1, sse4.2, popcnt, avx, avx2, aes, clmul, erms, 3dnowpref, lzcnt, ht, tsc, tscinvbit, bmi1, bmi2, adx

Memory: 4k page, physical 16648500k(8285324k free), swap 17697076k(6708576k free)

vm_info: Java HotSpot(TM) 64-Bit Server VM (25.161-b12) for windows-amd64 JRE (1.8.0_161-b12), built on Dec 19 2017 17:52:25 by "java_re" with MS VC++ 10.0 (VS2010)

time: Thu Jan 28 10:55:14 2021
elapsed time: 352 seconds (0d 0h 5m 52s)

