#
# There is insufficient memory for the Java Runtime Environment to continue.
# Native memory allocation (malloc) failed to allocate 883056 bytes for Chunk::new
# Possible reasons:
#   The system is out of physical RAM or swap space
#   In 32 bit mode, the process size limit was hit
# Possible solutions:
#   Reduce memory load on the system
#   Increase physical memory or swap space
#   Check if swap backing store is full
#   Use 64 bit Java on a 64 bit OS
#   Decrease Java heap size (-Xmx/-Xms)
#   Decrease number of Java threads
#   Decrease Java thread stack sizes (-Xss)
#   Set larger code cache with -XX:ReservedCodeCacheSize=
# This output file may be truncated or incomplete.
#
#  Out of Memory Error (allocation.cpp:390), pid=16784, tid=0x0000000000004080
#
# JRE version: Java(TM) SE Runtime Environment (8.0_161-b12) (build 1.8.0_161-b12)
# Java VM: Java HotSpot(TM) 64-Bit Server VM (25.161-b12 mixed mode windows-amd64 compressed oops)
# Failed to write core dump. Minidumps are not enabled by default on client versions of Windows
#

---------------  T H R E A D  ---------------

Current thread (0x000000001e5d0800):  JavaThread "C2 CompilerThread0" daemon [_thread_in_native, id=16512, stack(0x000000001ec40000,0x000000001ed40000)]

Stack: [0x000000001ec40000,0x000000001ed40000]
[error occurred during error reporting (printing stack bounds), id 0xc0000005]

Native frames: (J=compiled Java code, j=interpreted, Vv=VM code, C=native code)


Current CompileTask:
C2:  96674 2878   !   4       javax.swing.RepaintManager::addDirtyRegion0 (205 bytes)


---------------  P R O C E S S  ---------------

Java Threads: ( => current thread )
  0x000000001e5de000 JavaThread "Thread-17" [_thread_blocked, id=17684, stack(0x0000000024bc0000,0x0000000024cc0000)]
  0x000000001e5df800 JavaThread "Thread-16" [_thread_blocked, id=16844, stack(0x00000000249c0000,0x0000000024ac0000)]
  0x000000001e5dc800 JavaThread "Thread-15" [_thread_in_vm, id=14860, stack(0x00000000248c0000,0x00000000249c0000)]
  0x000000001e5db800 JavaThread "Thread-14" [_thread_blocked, id=16228, stack(0x00000000247c0000,0x00000000248c0000)]
  0x000000001e5e2800 JavaThread "Thread-6-SharedResourceRunner" daemon [_thread_blocked, id=16988, stack(0x00000000246c0000,0x00000000247c0000)]
  0x000000001e5e1000 JavaThread "Thread-12" [_thread_blocked, id=17356, stack(0x00000000243c0000,0x00000000244c0000)]
  0x00000000215de800 JavaThread "Thread-11" [_thread_blocked, id=16884, stack(0x00000000242c0000,0x00000000243c0000)]
  0x0000000020f69800 JavaThread "Thread-9" [_thread_in_native, id=16744, stack(0x0000000023fc0000,0x00000000240c0000)]
  0x0000000020e2e000 JavaThread "Thread-6" [_thread_blocked, id=4416, stack(0x0000000023ec0000,0x0000000023fc0000)]
  0x000000001e734800 JavaThread "Thread-2" [_thread_in_native, id=18124, stack(0x00000000223b0000,0x00000000224b0000)]
  0x000000001f78d000 JavaThread "AWT-EventQueue-0" [_thread_blocked, id=16888, stack(0x0000000021bf0000,0x0000000021cf0000)]
  0x000000001f777000 JavaThread "AWT-Shutdown" [_thread_blocked, id=17848, stack(0x0000000021af0000,0x0000000021bf0000)]
  0x000000001f777800 JavaThread "AWT-Windows" daemon [_thread_blocked, id=15400, stack(0x000000001fdf0000,0x000000001fef0000)]
  0x000000001f776800 JavaThread "Java2D Disposer" daemon [_thread_blocked, id=14452, stack(0x000000001fbf0000,0x000000001fcf0000)]
  0x000000001f729000 JavaThread "TimerQueue" daemon [_thread_blocked, id=17528, stack(0x000000001faf0000,0x000000001fbf0000)]
  0x000000001e670000 JavaThread "Service Thread" daemon [_thread_blocked, id=16524, stack(0x000000001f040000,0x000000001f140000)]
  0x000000001e5e0000 JavaThread "C1 CompilerThread3" daemon [_thread_blocked, id=8124, stack(0x000000001ef40000,0x000000001f040000)]
  0x000000001e5dd000 JavaThread "C2 CompilerThread2" daemon [_thread_blocked, id=17908, stack(0x000000001ee40000,0x000000001ef40000)]
  0x000000001e5d5800 JavaThread "C2 CompilerThread1" daemon [_thread_in_native, id=16516, stack(0x000000001ed40000,0x000000001ee40000)]
=>0x000000001e5d0800 JavaThread "C2 CompilerThread0" daemon [_thread_in_native, id=16512, stack(0x000000001ec40000,0x000000001ed40000)]
  0x000000001e5cf800 JavaThread "Attach Listener" daemon [_thread_blocked, id=7392, stack(0x000000001eb40000,0x000000001ec40000)]
  0x000000001e57b800 JavaThread "Signal Dispatcher" daemon [_thread_blocked, id=16520, stack(0x000000001ea40000,0x000000001eb40000)]
  0x000000001e560800 JavaThread "Finalizer" daemon [_thread_blocked, id=16532, stack(0x000000001e940000,0x000000001ea40000)]
  0x0000000002c5c000 JavaThread "Reference Handler" daemon [_thread_blocked, id=16504, stack(0x000000001e440000,0x000000001e540000)]
  0x0000000002b64000 JavaThread "main" [_thread_blocked, id=16924, stack(0x00000000029a0000,0x0000000002aa0000)]

Other Threads:
  0x000000001c669000 VMThread [stack: 0x000000001e340000,0x000000001e440000] [id=17160]
  0x000000001e6da800 WatcherThread [stack: 0x000000001f140000,0x000000001f240000] [id=17636]

VM state:not at safepoint (normal execution)

VM Mutex/Monitor currently owned by a thread:  ([mutex/lock_event])
[0x0000000002b610d0] Heap_lock - owner thread: 0x00000000215de800

Heap:
 PSYoungGen      total 609280K, used 23899K [0x000000076b500000, 0x0000000791900000, 0x00000007c0000000)
  eden space 593920K, 4% used [0x000000076b500000,0x000000076cc56e20,0x000000078f900000)
  from space 15360K, 0% used [0x0000000790a00000,0x0000000790a00000,0x0000000791900000)
  to   space 16384K, 0% used [0x000000078f900000,0x000000078f900000,0x0000000790900000)
 ParOldGen       total 177664K, used 177434K [0x00000006c1e00000, 0x00000006ccb80000, 0x000000076b500000)
  object space 177664K, 99% used [0x00000006c1e00000,0x00000006ccb46920,0x00000006ccb80000)
 Metaspace       used 20187K, capacity 20492K, committed 20864K, reserved 1067008K
  class space    used 2258K, capacity 2358K, committed 2432K, reserved 1048576K

Card table byte_map: [0x0000000012020000,0x0000000012820000] byte_map_base: 0x000000000ea11000

Marking Bits: (ParMarkBitMap*) 0x000000006904f860
 Begin Bits: [0x0000000013570000, 0x00000000174f8000)
 End Bits:   [0x00000000174f8000, 0x000000001b480000)

Polling page: 0x0000000000da0000

CodeCache: size=245760Kb used=9695Kb max_used=9711Kb free=236064Kb
 bounds [0x0000000002c60000, 0x00000000035f0000, 0x0000000011c60000]
 total_blobs=3282 nmethods=2520 adapters=673
 compilation: enabled

Compilation events (10 events):
Event: 96.574 Thread 0x000000001e5e0000 2876       3       java.awt.Component::<init> (147 bytes)
Event: 96.575 Thread 0x000000001e5e0000 nmethod 2876 0x00000000035de510 code [0x00000000035de6e0, 0x00000000035dedb8]
Event: 96.575 Thread 0x000000001e5e0000 2877       3       javax.swing.SwingUtilities::findDisplayedMnemonicIndex (69 bytes)
Event: 96.575 Thread 0x000000001e5e0000 nmethod 2877 0x00000000035df050 code [0x00000000035df240, 0x00000000035dfbb8]
Event: 96.575 Thread 0x000000001e5d0800 2878   !   4       javax.swing.RepaintManager::addDirtyRegion0 (205 bytes)
Event: 96.609 Thread 0x000000001e5e0000 2879       3       javax.swing.JComponent::setBorder (60 bytes)
Event: 96.609 Thread 0x000000001e5e0000 nmethod 2879 0x00000000035dff90 code [0x00000000035e01a0, 0x00000000035e0d38]
Event: 96.610 Thread 0x000000001e5d5800 2880   !   4       java.awt.Component::firePropertyChange (59 bytes)
Event: 96.623 Thread 0x000000001e5d5800 nmethod 2880 0x00000000035e5150 code [0x00000000035e5320, 0x00000000035e6618]
Event: 96.624 Thread 0x000000001e5d5800 2881       4       javax.swing.RepaintManager::addDirtyRegion (37 bytes)

GC Heap History (10 events):
Event: 92.462 GC heap before
{Heap before GC invocations=53 (full 3):
 PSYoungGen      total 609280K, used 593920K [0x000000076b500000, 0x0000000791900000, 0x00000007c0000000)
  eden space 593920K, 100% used [0x000000076b500000,0x000000078f900000,0x000000078f900000)
  from space 15360K, 0% used [0x0000000790a00000,0x0000000790a00000,0x0000000791900000)
  to   space 16384K, 0% used [0x000000078f900000,0x000000078f900000,0x0000000790900000)
 ParOldGen       total 177664K, used 177659K [0x00000006c1e00000, 0x00000006ccb80000, 0x000000076b500000)
  object space 177664K, 99% used [0x00000006c1e00000,0x00000006ccb7ee40,0x00000006ccb80000)
 Metaspace       used 19550K, capacity 19827K, committed 20096K, reserved 1067008K
  class space    used 2223K, capacity 2324K, committed 2432K, reserved 1048576K
Event: 93.143 GC heap after
Heap after GC invocations=53 (full 3):
 PSYoungGen      total 609280K, used 8634K [0x000000076b500000, 0x0000000791900000, 0x00000007c0000000)
  eden space 593920K, 1% used [0x000000076b500000,0x000000076bd6e8b8,0x000000078f900000)
  from space 15360K, 0% used [0x0000000790a00000,0x0000000790a00000,0x0000000791900000)
  to   space 16384K, 0% used [0x000000078f900000,0x000000078f900000,0x0000000790900000)
 ParOldGen       total 177664K, used 177520K [0x00000006c1e00000, 0x00000006ccb80000, 0x000000076b500000)
  object space 177664K, 99% used [0x00000006c1e00000,0x00000006ccb5c328,0x00000006ccb80000)
 Metaspace       used 19550K, capacity 19827K, committed 20096K, reserved 1067008K
  class space    used 2223K, capacity 2324K, committed 2432K, reserved 1048576K
}
Event: 93.225 GC heap before
{Heap before GC invocations=54 (full 4):
 PSYoungGen      total 609280K, used 593920K [0x000000076b500000, 0x0000000791900000, 0x00000007c0000000)
  eden space 593920K, 100% used [0x000000076b500000,0x000000078f900000,0x000000078f900000)
  from space 15360K, 0% used [0x0000000790a00000,0x0000000790a00000,0x0000000791900000)
  to   space 16384K, 0% used [0x000000078f900000,0x000000078f900000,0x0000000790900000)
 ParOldGen       total 177664K, used 177520K [0x00000006c1e00000, 0x00000006ccb80000, 0x000000076b500000)
  object space 177664K, 99% used [0x00000006c1e00000,0x00000006ccb5c328,0x00000006ccb80000)
 Metaspace       used 19550K, capacity 19827K, committed 20096K, reserved 1067008K
  class space    used 2223K, capacity 2324K, committed 2432K, reserved 1048576K
Event: 93.898 GC heap after
Heap after GC invocations=54 (full 4):
 PSYoungGen      total 609280K, used 12275K [0x000000076b500000, 0x0000000791900000, 0x00000007c0000000)
  eden space 593920K, 2% used [0x000000076b500000,0x000000076c0fcd48,0x000000078f900000)
  from space 15360K, 0% used [0x0000000790a00000,0x0000000790a00000,0x0000000791900000)
  to   space 16384K, 0% used [0x000000078f900000,0x000000078f900000,0x0000000790900000)
 ParOldGen       total 177664K, used 177274K [0x00000006c1e00000, 0x00000006ccb80000, 0x000000076b500000)
  object space 177664K, 99% used [0x00000006c1e00000,0x00000006ccb1ebb8,0x00000006ccb80000)
 Metaspace       used 19550K, capacity 19827K, committed 20096K, reserved 1067008K
  class space    used 2223K, capacity 2324K, committed 2432K, reserved 1048576K
}
Event: 94.042 GC heap before
{Heap before GC invocations=55 (full 5):
 PSYoungGen      total 609280K, used 593920K [0x000000076b500000, 0x0000000791900000, 0x00000007c0000000)
  eden space 593920K, 100% used [0x000000076b500000,0x000000078f900000,0x000000078f900000)
  from space 15360K, 0% used [0x0000000790a00000,0x0000000790a00000,0x0000000791900000)
  to   space 16384K, 0% used [0x000000078f900000,0x000000078f900000,0x0000000790900000)
 ParOldGen       total 177664K, used 177274K [0x00000006c1e00000, 0x00000006ccb80000, 0x000000076b500000)
  object space 177664K, 99% used [0x00000006c1e00000,0x00000006ccb1ebb8,0x00000006ccb80000)
 Metaspace       used 19610K, capacity 19891K, committed 20352K, reserved 1067008K
  class space    used 2224K, capacity 2324K, committed 2432K, reserved 1048576K
Event: 94.723 GC heap after
Heap after GC invocations=55 (full 5):
 PSYoungGen      total 609280K, used 14638K [0x000000076b500000, 0x0000000791900000, 0x00000007c0000000)
  eden space 593920K, 2% used [0x000000076b500000,0x000000076c34bb90,0x000000078f900000)
  from space 15360K, 0% used [0x0000000790a00000,0x0000000790a00000,0x0000000791900000)
  to   space 16384K, 0% used [0x000000078f900000,0x000000078f900000,0x0000000790900000)
 ParOldGen       total 177664K, used 177620K [0x00000006c1e00000, 0x00000006ccb80000, 0x000000076b500000)
  object space 177664K, 99% used [0x00000006c1e00000,0x00000006ccb75000,0x00000006ccb80000)
 Metaspace       used 19610K, capacity 19891K, committed 20352K, reserved 1067008K
  class space    used 2224K, capacity 2324K, committed 2432K, reserved 1048576K
}
Event: 94.951 GC heap before
{Heap before GC invocations=56 (full 6):
 PSYoungGen      total 609280K, used 593920K [0x000000076b500000, 0x0000000791900000, 0x00000007c0000000)
  eden space 593920K, 100% used [0x000000076b500000,0x000000078f900000,0x000000078f900000)
  from space 15360K, 0% used [0x0000000790a00000,0x0000000790a00000,0x0000000791900000)
  to   space 16384K, 0% used [0x000000078f900000,0x000000078f900000,0x0000000790900000)
 ParOldGen       total 177664K, used 177620K [0x00000006c1e00000, 0x00000006ccb80000, 0x000000076b500000)
  object space 177664K, 99% used [0x00000006c1e00000,0x00000006ccb75000,0x00000006ccb80000)
 Metaspace       used 20038K, capacity 20320K, committed 20608K, reserved 1067008K
  class space    used 2244K, capacity 2324K, committed 2432K, reserved 1048576K
Event: 95.661 GC heap after
Heap after GC invocations=56 (full 6):
 PSYoungGen      total 609280K, used 17652K [0x000000076b500000, 0x0000000791900000, 0x00000007c0000000)
  eden space 593920K, 2% used [0x000000076b500000,0x000000076c63d088,0x000000078f900000)
  from space 15360K, 0% used [0x0000000790a00000,0x0000000790a00000,0x0000000791900000)
  to   space 16384K, 0% used [0x000000078f900000,0x000000078f900000,0x0000000790900000)
 ParOldGen       total 177664K, used 177508K [0x00000006c1e00000, 0x00000006ccb80000, 0x000000076b500000)
  object space 177664K, 99% used [0x00000006c1e00000,0x00000006ccb59000,0x00000006ccb80000)
 Metaspace       used 20038K, capacity 20320K, committed 20608K, reserved 1067008K
  class space    used 2244K, capacity 2324K, committed 2432K, reserved 1048576K
}
Event: 95.825 GC heap before
{Heap before GC invocations=57 (full 7):
 PSYoungGen      total 609280K, used 593920K [0x000000076b500000, 0x0000000791900000, 0x00000007c0000000)
  eden space 593920K, 100% used [0x000000076b500000,0x000000078f900000,0x000000078f900000)
  from space 15360K, 0% used [0x0000000790a00000,0x0000000790a00000,0x0000000791900000)
  to   space 16384K, 0% used [0x000000078f900000,0x000000078f900000,0x0000000790900000)
 ParOldGen       total 177664K, used 177508K [0x00000006c1e00000, 0x00000006ccb80000, 0x000000076b500000)
  object space 177664K, 99% used [0x00000006c1e00000,0x00000006ccb59000,0x00000006ccb80000)
 Metaspace       used 20103K, capacity 20448K, committed 20864K, reserved 1067008K
  class space    used 2250K, capacity 2324K, committed 2432K, reserved 1048576K
Event: 96.557 GC heap after
Heap after GC invocations=57 (full 7):
 PSYoungGen      total 609280K, used 19609K [0x000000076b500000, 0x0000000791900000, 0x00000007c0000000)
  eden space 593920K, 3% used [0x000000076b500000,0x000000076c826590,0x000000078f900000)
  from space 15360K, 0% used [0x0000000790a00000,0x0000000790a00000,0x0000000791900000)
  to   space 16384K, 0% used [0x000000078f900000,0x000000078f900000,0x0000000790900000)
 ParOldGen       total 177664K, used 177434K [0x00000006c1e00000, 0x00000006ccb80000, 0x000000076b500000)
  object space 177664K, 99% used [0x00000006c1e00000,0x00000006ccb46920,0x00000006ccb80000)
 Metaspace       used 20103K, capacity 20448K, committed 20864K, reserved 1067008K
  class space    used 2250K, capacity 2324K, committed 2432K, reserved 1048576K
}

Deoptimization events (10 events):
Event: 91.458 Thread 0x0000000020e2e000 Uncommon trap: reason=class_check action=maybe_recompile pc=0x00000000033a9608 method=java.util.regex.Pattern$Curly.match0(Ljava/util/regex/Matcher;IILjava/lang/CharSequence;)Z @ 170
Event: 91.458 Thread 0x0000000020e2e000 Uncommon trap: reason=bimorphic action=maybe_recompile pc=0x00000000033d03d0 method=java.util.regex.Pattern$GroupTail.match(Ljava/util/regex/Matcher;ILjava/lang/CharSequence;)Z @ 70
Event: 91.458 Thread 0x0000000020e2e000 Uncommon trap: reason=bimorphic action=maybe_recompile pc=0x000000000337a7bc method=java.util.regex.Pattern$BmpCharProperty.match(Ljava/util/regex/Matcher;ILjava/lang/CharSequence;)Z @ 16
Event: 91.458 Thread 0x0000000020e2e000 Uncommon trap: reason=bimorphic action=maybe_recompile pc=0x00000000033d03d0 method=java.util.regex.Pattern$GroupTail.match(Ljava/util/regex/Matcher;ILjava/lang/CharSequence;)Z @ 70
Event: 91.460 Thread 0x0000000020e2e000 Uncommon trap: reason=unstable_if action=reinterpret pc=0x00000000030409b4 method=java.lang.AbstractStringBuilder.append(Ljava/lang/CharSequence;)Ljava/lang/AbstractStringBuilder; @ 13
Event: 91.499 Thread 0x0000000002b64000 Uncommon trap: reason=bimorphic action=maybe_recompile pc=0x00000000032af140 method=sun.nio.cs.StreamDecoder.readBytes()I @ 135
Event: 91.508 Thread 0x0000000002b64000 Uncommon trap: reason=bimorphic action=maybe_recompile pc=0x00000000032af140 method=sun.nio.cs.StreamDecoder.readBytes()I @ 135
Event: 91.511 Thread 0x0000000020e2e000 Uncommon trap: reason=unstable_if action=reinterpret pc=0x0000000003418368 method=java.util.zip.InflaterInputStream.read([BII)I @ 69
Event: 92.112 Thread 0x0000000002c5c000 Uncommon trap: reason=unstable_if action=reinterpret pc=0x0000000002f6ab28 method=java.lang.ref.Reference.tryHandlePending(Z)Z @ 20
Event: 96.574 Thread 0x000000001e5dc800 Uncommon trap: reason=unstable_if action=reinterpret pc=0x000000000342fb48 method=java.util.ArrayList.remove(I)Ljava/lang/Object; @ 31

Classes redefined (0 events):
No events

Internal exceptions (10 events):
Event: 16.717 Thread 0x0000000002b64000 Exception <a 'java/lang/NoSuchFieldError': method resolution failed> (0x000000076bd7bff8) thrown at [C:\re\workspace\8-2-build-windows-amd64-cygwin\jdk8u161\10277\hotspot\src\share\vm\prims\methodHandles.cpp, line 1167]
Event: 16.718 Thread 0x0000000002b64000 Exception <a 'java/lang/NoSuchFieldError': method resolution failed> (0x000000076bd89398) thrown at [C:\re\workspace\8-2-build-windows-amd64-cygwin\jdk8u161\10277\hotspot\src\share\vm\prims\methodHandles.cpp, line 1167]
Event: 16.782 Thread 0x0000000002b64000 Exception <a 'java/io/FileNotFoundException'> (0x000000076be6f610) thrown at [C:\re\workspace\8-2-build-windows-amd64-cygwin\jdk8u161\10277\hotspot\src\share\vm\prims\jni.cpp, line 709]
Event: 16.794 Thread 0x0000000002b64000 Implicit null exception at 0x0000000002e3d1d4 to 0x0000000002e3d591
Event: 16.795 Thread 0x0000000002b64000 Implicit null exception at 0x0000000002e25516 to 0x0000000002e258b9
Event: 32.282 Thread 0x0000000002b64000 Exception <a 'java/io/FileNotFoundException'> (0x000000076bafb5e0) thrown at [C:\re\workspace\8-2-build-windows-amd64-cygwin\jdk8u161\10277\hotspot\src\share\vm\prims\jni.cpp, line 709]
Event: 32.282 Thread 0x0000000002b64000 Exception <a 'java/lang/NullPointerException'> (0x000000076bafbc18) thrown at [C:\re\workspace\8-2-build-windows-amd64-cygwin\jdk8u161\10277\hotspot\src\share\vm\interpreter\linkResolver.cpp, line 1185]
Event: 90.400 Thread 0x0000000002b64000 Implicit null exception at 0x00000000031bc28f to 0x00000000031bc40d
Event: 91.440 Thread 0x0000000020e2e000 Implicit null exception at 0x0000000003160e9d to 0x00000000031610a2
Event: 91.478 Thread 0x0000000002b64000 Exception <a 'java/lang/NullPointerException'> (0x0000000775be6090) thrown at [C:\re\workspace\8-2-build-windows-amd64-cygwin\jdk8u161\10277\hotspot\src\share\vm\interpreter\linkResolver.cpp, line 1185]

Events (10 events):
Event: 96.574 Thread 0x000000001e5dc800 DEOPT PACKING pc=0x000000000342fb48 sp=0x00000000249bf0b0
Event: 96.574 Thread 0x000000001e5dc800 DEOPT UNPACKING pc=0x0000000002ca583b sp=0x00000000249bf058 mode 2
Event: 96.610 loading class PEI/thread/MakeContainerQMDJ$8
Event: 96.610 loading class PEI/thread/MakeContainerQMDJ$8 done
Event: 96.610 loading class PEI/thread/MakeContainerQMDJ$9
Event: 96.610 loading class PEI/thread/MakeContainerQMDJ$9 done
Event: 96.623 loading class PEI/thread/MakeContainerQMDJ$10
Event: 96.623 loading class PEI/thread/MakeContainerQMDJ$10 done
Event: 96.624 loading class PEI/thread/MakeContainerQMDJ$11
Event: 96.624 loading class PEI/thread/MakeContainerQMDJ$11 done


Dynamic libraries:
0x00007ff6c31c0000 - 0x00007ff6c31f7000 	C:\Program Files\Java\jdk1.8.0_161\jre\bin\javaw.exe
0x00007ffc62240000 - 0x00007ffc62430000 	C:\WINDOWS\SYSTEM32\ntdll.dll
0x00007ffc48b20000 - 0x00007ffc48b33000 	D:\Program Files\AVAST Software\Avast\aswhook.dll
0x00007ffc62120000 - 0x00007ffc621d2000 	C:\WINDOWS\System32\KERNEL32.DLL
0x00007ffc5ff90000 - 0x00007ffc60233000 	C:\WINDOWS\System32\KERNELBASE.dll
0x00007ffc616d0000 - 0x00007ffc61773000 	C:\WINDOWS\System32\ADVAPI32.dll
0x00007ffc61b10000 - 0x00007ffc61bae000 	C:\WINDOWS\System32\msvcrt.dll
0x00007ffc62080000 - 0x00007ffc62117000 	C:\WINDOWS\System32\sechost.dll
0x00007ffc61bb0000 - 0x00007ffc61cd0000 	C:\WINDOWS\System32\RPCRT4.dll
0x00007ffc60610000 - 0x00007ffc607a4000 	C:\WINDOWS\System32\USER32.dll
0x00007ffc602c0000 - 0x00007ffc602e1000 	C:\WINDOWS\System32\win32u.dll
0x00007ffc618a0000 - 0x00007ffc618c6000 	C:\WINDOWS\System32\GDI32.dll
0x00007ffc5f970000 - 0x00007ffc5fb04000 	C:\WINDOWS\System32\gdi32full.dll
0x00007ffc5fbf0000 - 0x00007ffc5fc8e000 	C:\WINDOWS\System32\msvcp_win.dll
0x00007ffc5fe90000 - 0x00007ffc5ff8a000 	C:\WINDOWS\System32\ucrtbase.dll
0x00007ffc4a460000 - 0x00007ffc4a6e5000 	C:\WINDOWS\WinSxS\amd64_microsoft.windows.common-controls_6595b64144ccf1df_6.0.18362.778_none_e6c6b761130d4fb8\COMCTL32.dll
0x00007ffc61d40000 - 0x00007ffc62076000 	C:\WINDOWS\System32\combase.dll
0x00007ffc60240000 - 0x00007ffc602c0000 	C:\WINDOWS\System32\bcryptPrimitives.dll
0x00007ffc60300000 - 0x00007ffc6032e000 	C:\WINDOWS\System32\IMM32.DLL
0x00000000690d0000 - 0x00000000691a2000 	C:\Program Files\Java\jdk1.8.0_161\jre\bin\msvcr100.dll
0x0000000068830000 - 0x00000000690cf000 	C:\Program Files\Java\jdk1.8.0_161\jre\bin\server\jvm.dll
0x00007ffc61890000 - 0x00007ffc61898000 	C:\WINDOWS\System32\PSAPI.DLL
0x00007ffc54a00000 - 0x00007ffc54a09000 	C:\WINDOWS\SYSTEM32\WSOCK32.dll
0x00007ffc614d0000 - 0x00007ffc6153f000 	C:\WINDOWS\System32\WS2_32.dll
0x00007ffc53e10000 - 0x00007ffc53e34000 	C:\WINDOWS\SYSTEM32\WINMM.dll
0x00007ffc5a560000 - 0x00007ffc5a56a000 	C:\WINDOWS\SYSTEM32\VERSION.dll
0x00007ffc53de0000 - 0x00007ffc53e0d000 	C:\WINDOWS\SYSTEM32\WINMMBASE.dll
0x00007ffc5fe40000 - 0x00007ffc5fe8a000 	C:\WINDOWS\System32\cfgmgr32.dll
0x0000000069d80000 - 0x0000000069d8f000 	C:\Program Files\Java\jdk1.8.0_161\jre\bin\verify.dll
0x0000000069d50000 - 0x0000000069d79000 	C:\Program Files\Java\jdk1.8.0_161\jre\bin\java.dll
0x0000000069d30000 - 0x0000000069d46000 	C:\Program Files\Java\jdk1.8.0_161\jre\bin\zip.dll
0x00007ffc60de0000 - 0x00007ffc614c5000 	C:\WINDOWS\System32\SHELL32.dll
0x00007ffc617e0000 - 0x00007ffc61889000 	C:\WINDOWS\System32\shcore.dll
0x00007ffc5f1d0000 - 0x00007ffc5f950000 	C:\WINDOWS\System32\windows.storage.dll
0x00007ffc5f1a0000 - 0x00007ffc5f1c3000 	C:\WINDOWS\System32\profapi.dll
0x00007ffc5f110000 - 0x00007ffc5f15a000 	C:\WINDOWS\System32\powrprof.dll
0x00007ffc5f100000 - 0x00007ffc5f110000 	C:\WINDOWS\System32\UMPDC.dll
0x00007ffc60d80000 - 0x00007ffc60dd2000 	C:\WINDOWS\System32\shlwapi.dll
0x00007ffc5f160000 - 0x00007ffc5f171000 	C:\WINDOWS\System32\kernel.appcore.dll
0x00007ffc5f950000 - 0x00007ffc5f967000 	C:\WINDOWS\System32\cryptsp.dll
0x00007ffc5e480000 - 0x00007ffc5e4b3000 	C:\WINDOWS\system32\rsaenh.dll
0x00007ffc5fb10000 - 0x00007ffc5fb36000 	C:\WINDOWS\System32\bcrypt.dll
0x00007ffc5eff0000 - 0x00007ffc5f015000 	C:\WINDOWS\SYSTEM32\USERENV.dll
0x00007ffc5eae0000 - 0x00007ffc5eaec000 	C:\WINDOWS\SYSTEM32\CRYPTBASE.dll
0x0000000068520000 - 0x000000006853a000 	C:\Program Files\Java\jdk1.8.0_161\jre\bin\net.dll
0x00007ffc5e910000 - 0x00007ffc5e977000 	C:\WINDOWS\system32\mswsock.dll
0x00007ffc5e620000 - 0x00007ffc5e65a000 	C:\WINDOWS\SYSTEM32\IPHLPAPI.DLL
0x00007ffc602f0000 - 0x00007ffc602f8000 	C:\WINDOWS\System32\NSI.dll
0x00007ffc57b10000 - 0x00007ffc57b26000 	C:\WINDOWS\SYSTEM32\dhcpcsvc6.DLL
0x00007ffc593c0000 - 0x00007ffc593dc000 	C:\WINDOWS\SYSTEM32\dhcpcsvc.DLL
0x00007ffc5e660000 - 0x00007ffc5e72a000 	C:\WINDOWS\SYSTEM32\DNSAPI.dll
0x0000000068500000 - 0x0000000068511000 	C:\Program Files\Java\jdk1.8.0_161\jre\bin\nio.dll
0x0000000068690000 - 0x0000000068828000 	C:\Program Files\Java\jdk1.8.0_161\jre\bin\awt.dll
0x00007ffc60390000 - 0x00007ffc60454000 	C:\WINDOWS\System32\OLEAUT32.dll
0x00007ffc5cdb0000 - 0x00007ffc5ce3f000 	C:\WINDOWS\SYSTEM32\apphelp.dll
0x00007ffc5d0e0000 - 0x00007ffc5d179000 	C:\WINDOWS\system32\uxtheme.dll
0x00007ffc619d0000 - 0x00007ffc61b06000 	C:\WINDOWS\System32\MSCTF.dll
0x00007ffc607b0000 - 0x00007ffc60907000 	C:\WINDOWS\System32\ole32.dll
0x00007ffc5d6d0000 - 0x00007ffc5d6fd000 	C:\WINDOWS\system32\DWMAPI.DLL
0x00007ffc39aa0000 - 0x00007ffc39bf6000 	C:\WINDOWS\system32\opengl32.dll
0x00007ffc3c4c0000 - 0x00007ffc3c4ec000 	C:\WINDOWS\SYSTEM32\GLU32.dll
0x00007ffc5dd70000 - 0x00007ffc5dd90000 	C:\WINDOWS\SYSTEM32\dxcore.dll
0x0000000069ce0000 - 0x0000000069d27000 	C:\Program Files\Java\jdk1.8.0_161\jre\bin\fontmanager.dll
0x00007ffc61620000 - 0x00007ffc616c2000 	C:\WINDOWS\System32\clbcatq.dll
0x00007ffc52480000 - 0x00007ffc5262f000 	C:\WINDOWS\SYSTEM32\WindowsCodecs.dll
0x00007ffc367b0000 - 0x00007ffc367ea000 	C:\WINDOWS\system32\dataexchange.dll
0x00007ffc5bdf0000 - 0x00007ffc5c04b000 	C:\WINDOWS\system32\d3d11.dll
0x00007ffc5c590000 - 0x00007ffc5c76c000 	C:\WINDOWS\system32\dcomp.dll
0x00007ffc5de00000 - 0x00007ffc5deeb000 	C:\WINDOWS\system32\dxgi.dll
0x00007ffc5d180000 - 0x00007ffc5d3da000 	C:\WINDOWS\system32\twinapi.appcore.dll
0x00007ffc5d5e0000 - 0x00007ffc5d609000 	C:\WINDOWS\system32\RMCLIENT.dll
0x00000000684b0000 - 0x00000000684f2000 	C:\Program Files\Java\jdk1.8.0_161\jre\bin\t2k.dll
0x00007ffc52a60000 - 0x00007ffc52afe000 	C:\WINDOWS\System32\TextInputFramework.dll
0x00007ffc52c60000 - 0x00007ffc52f8a000 	C:\WINDOWS\System32\CoreUIComponents.dll
0x00007ffc5c4b0000 - 0x00007ffc5c584000 	C:\WINDOWS\System32\CoreMessaging.dll
0x00007ffc5e160000 - 0x00007ffc5e191000 	C:\WINDOWS\SYSTEM32\ntmarta.dll
0x00007ffc5a850000 - 0x00007ffc5a9a3000 	C:\WINDOWS\SYSTEM32\wintypes.dll
0x00007ffc53870000 - 0x00007ffc53b16000 	C:\WINDOWS\System32\iertutil.dll
0x00000000637c0000 - 0x00000000637ca000 	C:\Users\Lenovo\AppData\Local\Temp\jogamp.tmp.cache_000000\jln3653315998507360855\jln1423968487316383615\gluegen-rt.dll
0x0000000068280000 - 0x0000000068287000 	C:\Program Files\Java\jdk1.8.0_161\jre\bin\jawt.dll
0x000000006a440000 - 0x000000006a44b000 	C:\Users\Lenovo\AppData\Local\Temp\jogamp.tmp.cache_000000\jln3653315998507360855\jln1423968487316383615\nativewindow_awt.dll
0x000000006c100000 - 0x000000006c10b000 	C:\Users\Lenovo\AppData\Local\Temp\jogamp.tmp.cache_000000\jln3653315998507360855\jln1423968487316383615\nativewindow_win32.dll
0x0000000064500000 - 0x000000006458d000 	C:\Users\Lenovo\AppData\Local\Temp\jogamp.tmp.cache_000000\jln3653315998507360855\jln1423968487316383615\jogl_desktop.dll

VM Arguments:
jvm_args: -Dfile.encoding=GBK 
java_command: ME.sample.Frame
java_class_path (initial): D:\Users\Lenovo\eclipse-workspace\DETA_YLJ1.5.9\target\classes;D:\Users\Lenovo\eclipse-workspace\DETA_YLJ1.5.9\lib\bssm.jar;D:\Users\Lenovo\eclipse-workspace\DETA_YLJ1.5.9\lib\commons-math-2.1.jar;D:\Users\Lenovo\eclipse-workspace\DETA_YLJ1.5.9\lib\commons-math3-3.0.jar;D:\Users\Lenovo\eclipse-workspace\DETA_YLJ1.5.9\lib\customizer.jar;D:\Users\Lenovo\eclipse-workspace\DETA_YLJ1.5.9\lib\ffmpeg-3.2.1-1.3-windows-x86_64.jar;D:\Users\Lenovo\eclipse-workspace\DETA_YLJ1.5.9\lib\ffmpeg-platform-3.2.1-1.3.jar;D:\Users\Lenovo\eclipse-workspace\DETA_YLJ1.5.9\lib;D:\Users\Lenovo\eclipse-workspace\DETA_YLJ1.5.9\lib\flandmark-1.07-1.3.jar;D:\Users\Lenovo\eclipse-workspace\DETA_YLJ1.5.9\lib\flandmark-platform-1.07-1.3.jar;D:\Users\Lenovo\eclipse-workspace\DETA_YLJ1.5.9\lib\flycapture-2.9.3.43-1.3-windows-x86_64.jar;D:\Users\Lenovo\eclipse-workspace\DETA_YLJ1.5.9\lib\flycapture-2.9.3.43-1.3.jar;D:\Users\Lenovo\eclipse-workspace\DETA_YLJ1.5.9\lib\flycapture-platform-2.9.3.43-1.3.jar;D:\Users\Lenovo\eclipse-workspace\DETA_YLJ1.5.9\lib\gluegen-rt.jar;D:\Users\Lenovo\eclipse-workspace\DETA_YLJ1.5.9\lib\gluegen.jar;D:\Users\Lenovo\eclipse-workspace\DETA_YLJ1.5.9\lib\gnujaxp.jar;D:\Users\Lenovo\eclipse-workspace\DETA_YLJ1.5.9\lib\icam.jar;D:\Users\Lenovo\eclipse-workspace\DETA_YLJ1.5.9\lib\iText-2.1.5.jar;D:\Users\Lenovo\eclipse-workspace\DETA_YLJ1.5.9\lib\javabuilder.jar;D:\Users\Lenovo\eclipse-workspace\DETA_YLJ1.5.9\lib\javacpp-1.3.jar;D:\Users\Lenovo\eclipse-workspace\DETA_YLJ1.5.9\lib\javacv-platform-1.3.jar;D:\Users\Lenovo\eclipse-workspace\DETA_YLJ1.5.9\lib\jcommon-1.0.16.jar;D:\Users\Lenovo\eclipse-workspace\DETA_YLJ1.5.9\lib\jfreechart-1.0.13-experimental.jar;D:\Users\Lenovo\eclipse-workspace\DETA_YLJ1.5.9\lib\jfreechart-1.0.13-swt.jar;D:\Users\Lenovo\eclipse-workspace\DETA_YLJ1.5.9\lib\jfreechart-1.0.13.jar;D:\Users\Lenovo\eclipse-workspace\DETA_YLJ1.5.9\lib\jmf.jar;D:\Users\Lenovo\eclipse-workspace\DETA_YLJ1.5.9\lib\jogl.all.jar;D:\Users\Lenovo\e
Launcher Type: SUN_STANDARD

Environment Variables:
PATH=C:/Program Files/Java/jre1.8.0_161/bin/server;C:/Program Files/Java/jre1.8.0_161/bin;C:/Program Files/Java/jre1.8.0_161/lib/amd64;C:\ProgramData\Oracle\Java\javapath;C:\Program Files (x86)\Intel\Intel(R) Management Engine Components\iCLS\;C:\Program Files\Intel\Intel(R) Management Engine Components\iCLS\;C:\Windows\system32;C:\Windows;C:\Windows\System32\Wbem;C:\Windows\System32\WindowsPowerShell\v1.0\;C:\Windows\System32\OpenSSH\;C:\Program Files (x86)\Intel\Intel(R) Management Engine Components\DAL;C:\Program Files\Intel\Intel(R) Management Engine Components\DAL;C:\Program Files (x86)\Intel\Intel(R) Management Engine Components\IPT;C:\Program Files\Intel\Intel(R) Management Engine Components\IPT;C:\Program Files (x86)\NVIDIA Corporation\PhysX\Common;C:\Program Files\Java\jdk1.8.0_161\bin;C:\Program Files\Java\jre1.8.0_161\bin;C:\Program Files\NVIDIA Corporation\NVIDIA NvDLISR;C:\WINDOWS\system32;C:\WINDOWS;C:\WINDOWS\System32\Wbem;C:\WINDOWS\System32\WindowsPowerShell\v1.0\;C:\WINDOWS\System32\OpenSSH\;D:\jdk\64\6.1.9\bin;D:\jdk\64\6.1.9;C:\Users\Lenovo\AppData\Local\Microsoft\WindowsApps;;C:\Users\Lenovo\Desktop\ZHUOMIAN;
USERNAME=Lenovo
OS=Windows_NT
PROCESSOR_IDENTIFIER=Intel64 Family 6 Model 158 Stepping 10, GenuineIntel



---------------  S Y S T E M  ---------------

OS: Windows 10.0 , 64 bit Build 18362 (10.0.18362.778)

CPU:total 8 (initial active 8) (4 cores per cpu, 2 threads per core) family 6 model 158 stepping 10, cmov, cx8, fxsr, mmx, sse, sse2, sse3, ssse3, sse4.1, sse4.2, popcnt, avx, avx2, aes, clmul, erms, 3dnowpref, lzcnt, ht, tsc, tscinvbit, bmi1, bmi2, adx

Memory: 4k page, physical 16648500k(8488968k free), swap 32114352k(5744k free)

vm_info: Java HotSpot(TM) 64-Bit Server VM (25.161-b12) for windows-amd64 JRE (1.8.0_161-b12), built on Dec 19 2017 17:52:25 by "java_re" with MS VC++ 10.0 (VS2010)

time: Sun Dec 20 00:25:11 2020
elapsed time: 96 seconds (0d 0h 1m 36s)

