#
# A fatal error has been detected by the Java Runtime Environment:
#
#  EXCEPTION_ACCESS_VIOLATION (0xc0000005) at pc=0x00007ffd79c097d0, pid=16484, tid=0x0000000000002b8c
#
# JRE version: Java(TM) SE Runtime Environment (8.0_161-b12) (build 1.8.0_161-b12)
# Java VM: Java HotSpot(TM) 64-Bit Server VM (25.161-b12 mixed mode windows-amd64 compressed oops)
# Problematic frame:
# C  [ig9icd64.dll+0x1497d0]
#
# Failed to write core dump. Minidumps are not enabled by default on client versions of Windows
#
# If you would like to submit a bug report, please visit:
#   http://bugreport.java.com/bugreport/crash.jsp
# The crash happened outside the Java Virtual Machine in native code.
# See problematic frame for where to report the bug.
#

---------------  T H R E A D  ---------------

Current thread (0x0000000021fb7000):  JavaThread "AWT-EventQueue-0" [_thread_in_native, id=11148, stack(0x00000000214f0000,0x00000000215f0000)]

siginfo: ExceptionCode=0xc0000005, reading address 0x00000001007e8c60

Registers:
RAX=0x0000000000000000, RBX=0x00000000215ed010, RCX=0x0000000000000000, RDX=0x00000001007e8c60
RSP=0x00000000215ece80, RBP=0x0000000000000013, RSI=0x000000002c498000, RDI=0x000000002c498000
R8 =0x00000000000000f0, R9 =0x0000000000000001, R10=0x0000000000000000, R11=0x00000000215ed5d0
R12=0x00000000000001c1, R13=0x000000002c498000, R14=0x00000000000000f0, R15=0x00007ffd79ac0000
RIP=0x00007ffd79c097d0, EFLAGS=0x0000000000010202

Top of Stack: (sp=0x00000000215ece80)
0x00000000215ece80:   00000006d506d8e8 0000000000000000
0x00000000215ece90:   00000000eed5c215 0000000000000000
0x00000000215ecea0:   00000001007e8c60 00007ffd79f7ae00
0x00000000215eceb0:   4000598040000280 0000000000000001
0x00000000215ecec0:   00000000215ed2c0 0000000000000000
0x00000000215eced0:   0000000000000000 00007ffd79f7d4bc
0x00000000215ecee0:   00000000215ecfe0 0000000000000014
0x00000000215ecef0:   00000000215ed2c0 0000000000000001
0x00000000215ecf00:   0000000036af002a 00007ffd00000001
0x00000000215ecf10:   0000000035aaa4a0 00007ffd79b01400
0x00000000215ecf20:   0000f815566f5357 0000000000000050
0x00000000215ecf30:   0000000000000001 00000000215ed078
0x00000000215ecf40:   00000000215ed220 000000002c2686c0
0x00000000215ecf50:   000000002c3e4ba0 0000000000000000
0x00000000215ecf60:   0000000000000000 00007ffd79fcbbdd
0x00000000215ecf70:   000000002391abe0 0000000000000000 

Instructions: (pc=0x00007ffd79c097d0)
0x00007ffd79c097b0:   e7 07 48 83 c7 10 49 3b c2 72 e5 e9 ab 00 00 00
0x00007ffd79c097c0:   4d 85 c9 74 6c 66 66 66 0f 1f 84 00 00 00 00 00
0x00007ffd79c097d0:   f3 0f 6f 02 41 ff c2 f3 0f 6f 4a 10 f3 0f 6f 52
0x00007ffd79c097e0:   20 f3 0f 6f 5a 30 f3 0f 6f 62 40 f3 0f 6f 6a 50 


Register to memory mapping:

RAX=0x0000000000000000 is an unknown value
RBX=0x00000000215ed010 is pointing into the stack for thread: 0x0000000021fb7000
RCX=0x0000000000000000 is an unknown value
RDX=0x00000001007e8c60 is an unknown value
RSP=0x00000000215ece80 is pointing into the stack for thread: 0x0000000021fb7000
RBP=0x0000000000000013 is an unknown value
RSI=0x000000002c498000 is an unknown value
RDI=0x000000002c498000 is an unknown value
R8 =0x00000000000000f0 is an unknown value
R9 =0x0000000000000001 is an unknown value
R10=0x0000000000000000 is an unknown value
R11=0x00000000215ed5d0 is pointing into the stack for thread: 0x0000000021fb7000
R12=0x00000000000001c1 is an unknown value
R13=0x000000002c498000 is an unknown value
R14=0x00000000000000f0 is an unknown value
R15=0x00007ffd79ac0000 is an unknown value


Stack: [0x00000000214f0000,0x00000000215f0000],  sp=0x00000000215ece80,  free space=1011k
Native frames: (J=compiled Java code, j=interpreted, Vv=VM code, C=native code)
C  [ig9icd64.dll+0x1497d0]
C  [ig9icd64.dll+0x4bae00]
C  [ig9icd64.dll+0x4bd4bc]
C  [ig9icd64.dll+0x4c280d]
C  [ig9icd64.dll+0x9e02cc]
C  [ig9icd64.dll+0x96a1b6]
C  [opengl32.dll+0x31e95]
C  0x00000000045e40ba

Java frames: (J=compiled Java code, j=interpreted, Vv=VM code)
J 5511  jogamp.opengl.gl4.GL4bcImpl.dispatch_glDrawPixels1(IIIILjava/lang/Object;IZJ)V (0 bytes) @ 0x00000000045e403c [0x00000000045e3fc0+0x7c]
J 5726 C2 jogamp.opengl.gl4.GL4bcImpl.glDrawPixels(IIIILjava/nio/Buffer;)V (109 bytes) @ 0x0000000003a77e64 [0x0000000003a77ca0+0x1c4]
J 6019 C2 IMO.EVU.biProcessor.CoAuthorForWord.drawWords([II[DFIILjava/util/Map;Ljava/util/Map;)V (1501 bytes) @ 0x000000000491db14 [0x0000000004919900+0x4214]
J 6019 C2 IMO.EVU.biProcessor.CoAuthorForWord.drawWords([II[DFIILjava/util/Map;Ljava/util/Map;)V (1501 bytes) @ 0x000000000491ec04 [0x0000000004919900+0x5304]
J 5285 C1 IMO.EVU.biProcessor.CoAuthorForWord.display(Ljavax/media/opengl/GLAutoDrawable;)V (248 bytes) @ 0x00000000044e76b4 [0x00000000044e6780+0xf34]
J 5284 C1 jogamp.opengl.GLDrawableHelper.displayImpl(Ljavax/media/opengl/GLAutoDrawable;)V (69 bytes) @ 0x00000000044dd7ac [0x00000000044dd340+0x46c]
J 4924 C1 javax.media.opengl.awt.GLCanvas$6.run()V (122 bytes) @ 0x000000000430c224 [0x000000000430bda0+0x484]
J 5283 C1 jogamp.opengl.GLDrawableHelper.invokeGLImpl(Ljavax/media/opengl/GLDrawable;Ljavax/media/opengl/GLContext;Ljava/lang/Runnable;Ljava/lang/Runnable;Ljavax/media/opengl/GLAutoDrawable;)V (420 bytes) @ 0x00000000044e041c [0x00000000044df720+0xcfc]
J 5282 C1 jogamp.opengl.GLDrawableHelper.invokeGL(Ljavax/media/opengl/GLDrawable;Ljavax/media/opengl/GLContext;Ljava/lang/Runnable;Ljava/lang/Runnable;)V (90 bytes) @ 0x00000000044dec04 [0x00000000044deb00+0x104]
J 5281 C1 javax.media.opengl.awt.GLCanvas$8.run()V (39 bytes) @ 0x00000000044de734 [0x00000000044de580+0x1b4]
J 5324 C2 java.awt.event.InvocationEvent.dispatch()V (69 bytes) @ 0x0000000004524124 [0x0000000004524080+0xa4]
J 5133 C2 java.awt.EventQueue.dispatchEventImpl(Ljava/awt/AWTEvent;Ljava/lang/Object;)V (149 bytes) @ 0x0000000004434df8 [0x0000000004434a00+0x3f8]
J 5221 C2 java.awt.EventQueue$3.run()Ljava/lang/Object; (5 bytes) @ 0x000000000448d9d8 [0x000000000448d960+0x78]
v  ~StubRoutines::call_stub
J 597  java.security.AccessController.doPrivileged(Ljava/security/PrivilegedAction;Ljava/security/AccessControlContext;)Ljava/lang/Object; (0 bytes) @ 0x00000000036c77a6 [0x00000000036c7740+0x66]
J 5112 C2 java.awt.EventQueue.dispatchEvent(Ljava/awt/AWTEvent;)V (80 bytes) @ 0x00000000044081c8 [0x0000000004407f40+0x288]
J 5113 C2 java.awt.EventDispatchThread.pumpOneEventForFilters(I)V (295 bytes) @ 0x000000000441ad6c [0x000000000441a660+0x70c]
j  java.awt.EventDispatchThread.pumpEventsForFilter(ILjava/awt/Conditional;Ljava/awt/EventFilter;)V+35
j  java.awt.EventDispatchThread.pumpEventsForHierarchy(ILjava/awt/Conditional;Ljava/awt/Component;)V+11
j  java.awt.EventDispatchThread.pumpEvents(ILjava/awt/Conditional;)V+4
j  java.awt.EventDispatchThread.pumpEvents(Ljava/awt/Conditional;)V+3
j  java.awt.EventDispatchThread.run()V+9
v  ~StubRoutines::call_stub

---------------  P R O C E S S  ---------------

Java Threads: ( => current thread )
  0x000000002250b000 JavaThread "Image Fetcher 0" daemon [_thread_blocked, id=17388, stack(0x0000000035ff0000,0x00000000360f0000)]
  0x000000002250a000 JavaThread "DestroyJavaVM" [_thread_blocked, id=15048, stack(0x0000000002ca0000,0x0000000002da0000)]
  0x0000000022505000 JavaThread "JavaCPP Deallocator" daemon [_thread_blocked, id=10788, stack(0x000000003b000000,0x000000003b100000)]
  0x0000000022508000 JavaThread "Thread-31" [_thread_blocked, id=428, stack(0x000000003af00000,0x000000003b000000)]
  0x0000000022506800 JavaThread "Thread-30" [_thread_blocked, id=14276, stack(0x000000003b260000,0x000000003b360000)]
  0x0000000021de4000 JavaThread "Timer-0" [_thread_blocked, id=1624, stack(0x00000000361f0000,0x00000000362f0000)]
  0x0000000021ddf800 JavaThread "Thread-14" [_thread_in_Java, id=11260, stack(0x0000000029890000,0x0000000029990000)]
  0x0000000021de3800 JavaThread "Thread-6-SharedResourceRunner" daemon [_thread_blocked, id=11932, stack(0x000000002b890000,0x000000002b990000)]
  0x0000000027067800 JavaThread "Thread-11" [_thread_in_native, id=4076, stack(0x0000000024e80000,0x0000000024f80000)]
  0x00000000224a0000 JavaThread "Thread-9" [_thread_in_native, id=12320, stack(0x0000000024d80000,0x0000000024e80000)]
  0x000000001fb5c000 JavaThread "Thread-2" [_thread_in_native, id=13844, stack(0x0000000023980000,0x0000000023a80000)]
=>0x0000000021fb7000 JavaThread "AWT-EventQueue-0" [_thread_in_native, id=11148, stack(0x00000000214f0000,0x00000000215f0000)]
  0x0000000021fb6800 JavaThread "AWT-Shutdown" [_thread_blocked, id=10440, stack(0x0000000020790000,0x0000000020890000)]
  0x000000001fb76000 JavaThread "AWT-Windows" daemon [_thread_in_native, id=18272, stack(0x0000000020890000,0x0000000020990000)]
  0x000000001fb54000 JavaThread "Java2D Disposer" daemon [_thread_blocked, id=14852, stack(0x0000000020690000,0x0000000020790000)]
  0x000000001fb53000 JavaThread "TimerQueue" daemon [_thread_blocked, id=2436, stack(0x0000000020590000,0x0000000020690000)]
  0x000000001f7c2800 JavaThread "Service Thread" daemon [_thread_blocked, id=16064, stack(0x00000000202e0000,0x00000000203e0000)]
  0x000000001f735800 JavaThread "C1 CompilerThread3" daemon [_thread_blocked, id=16052, stack(0x00000000201e0000,0x00000000202e0000)]
  0x000000001f734800 JavaThread "C2 CompilerThread2" daemon [_thread_blocked, id=16048, stack(0x00000000200e0000,0x00000000201e0000)]
  0x000000001f0de800 JavaThread "C2 CompilerThread1" daemon [_thread_in_native, id=12964, stack(0x000000001ffe0000,0x00000000200e0000)]
  0x000000001f0dd800 JavaThread "C2 CompilerThread0" daemon [_thread_blocked, id=15780, stack(0x000000001fee0000,0x000000001ffe0000)]
  0x000000001ed88800 JavaThread "JDWP Command Reader" daemon [_thread_in_native, id=15740, stack(0x000000001f5e0000,0x000000001f6e0000)]
  0x000000001ed87800 JavaThread "JDWP Event Helper Thread" daemon [_thread_blocked, id=7272, stack(0x000000001f4e0000,0x000000001f5e0000)]
  0x000000001ed7c000 JavaThread "JDWP Transport Listener: dt_socket" daemon [_thread_blocked, id=15660, stack(0x000000001f3e0000,0x000000001f4e0000)]
  0x000000001ed71800 JavaThread "Attach Listener" daemon [_thread_blocked, id=15312, stack(0x000000001f2e0000,0x000000001f3e0000)]
  0x000000001ed23000 JavaThread "Signal Dispatcher" daemon [_thread_blocked, id=15296, stack(0x000000001f1e0000,0x000000001f2e0000)]
  0x000000000340d800 JavaThread "Finalizer" daemon [_thread_blocked, id=15112, stack(0x000000001f0e0000,0x000000001f1e0000)]
  0x000000001ce1d800 JavaThread "Reference Handler" daemon [_thread_blocked, id=15528, stack(0x000000001ebe0000,0x000000001ece0000)]

Other Threads:
  0x000000001ce18800 VMThread [stack: 0x000000001eae0000,0x000000001ebe0000] [id=10356]
  0x000000001f0d6000 WatcherThread [stack: 0x00000000203e0000,0x00000000204e0000] [id=16092]

VM state:not at safepoint (normal execution)

VM Mutex/Monitor currently owned by a thread: None

Heap:
 PSYoungGen      total 1298432K, used 287158K [0x000000076b500000, 0x00000007bfa00000, 0x00000007c0000000)
  eden space 1218560K, 22% used [0x000000076b500000,0x000000077c22b5e0,0x00000007b5b00000)
  from space 79872K, 14% used [0x00000007b5b00000,0x00000007b6642568,0x00000007ba900000)
  to   space 77824K, 0% used [0x00000007bae00000,0x00000007bae00000,0x00000007bfa00000)
 ParOldGen       total 446464K, used 327624K [0x00000006c1e00000, 0x00000006dd200000, 0x000000076b500000)
  object space 446464K, 73% used [0x00000006c1e00000,0x00000006d5df2078,0x00000006dd200000)
 Metaspace       used 30896K, capacity 31214K, committed 31616K, reserved 1077248K
  class space    used 3863K, capacity 3940K, committed 3968K, reserved 1048576K

Card table byte_map: [0x00000000127d0000,0x0000000012fd0000] byte_map_base: 0x000000000f1c1000

Marking Bits: (ParMarkBitMap*) 0x0000000066def860
 Begin Bits: [0x0000000013d20000, 0x0000000017ca8000)
 End Bits:   [0x0000000017ca8000, 0x000000001bc30000)

Polling page: 0x0000000001460000

CodeCache: size=245760Kb used=21425Kb max_used=21468Kb free=224334Kb
 bounds [0x0000000003410000, 0x0000000004950000, 0x0000000012410000]
 total_blobs=5691 nmethods=4740 adapters=867
 compilation: enabled

Compilation events (10 events):
Event: 85.948 Thread 0x000000001f735800 6044       3       java.awt.image.DirectColorModel::isCompatibleRaster (93 bytes)
Event: 85.949 Thread 0x000000001f735800 nmethod 6044 0x00000000047fec10 code [0x00000000047fede0, 0x00000000047ff8e8]
Event: 85.949 Thread 0x000000001f735800 6045       3       java.awt.image.SinglePixelPackedSampleModel::getBitMasks (14 bytes)
Event: 85.949 Thread 0x000000001f735800 nmethod 6045 0x0000000004137bd0 code [0x0000000004137d40, 0x0000000004138048]
Event: 86.024 Thread 0x000000001f735800 6048       3       javax.swing.text.html.HTMLEditorKit::getViewFactory (4 bytes)
Event: 86.024 Thread 0x000000001f735800 nmethod 6048 0x0000000003d3b190 code [0x0000000003d3b2e0, 0x0000000003d3b430]
Event: 86.059 Thread 0x000000001f734800 nmethod 6031 0x00000000048e9890 code [0x00000000048e9de0, 0x00000000048eee48]
Event: 86.059 Thread 0x000000001f734800 6047       4       javax.swing.text.html.StyleSheet::getBackground (12 bytes)
Event: 86.060 Thread 0x000000001f734800 nmethod 6047 0x000000000414add0 code [0x000000000414af20, 0x000000000414b068]
Event: 86.060 Thread 0x000000001f734800 6042       4       javax.swing.text.GlyphView::<init> (104 bytes)

GC Heap History (10 events):
Event: 80.636 GC heap before
{Heap before GC invocations=102 (full 3):
 PSYoungGen      total 1299968K, used 1227290K [0x000000076b500000, 0x00000007c0000000, 0x00000007c0000000)
  eden space 1211904K, 100% used [0x000000076b500000,0x00000007b5480000,0x00000007b5480000)
  from space 88064K, 17% used [0x00000007baa00000,0x00000007bb906998,0x00000007c0000000)
  to   space 87552K, 0% used [0x00000007b5480000,0x00000007b5480000,0x00000007baa00000)
 ParOldGen       total 446464K, used 326848K [0x00000006c1e00000, 0x00000006dd200000, 0x000000076b500000)
  object space 446464K, 73% used [0x00000006c1e00000,0x00000006d5d30170,0x00000006dd200000)
 Metaspace       used 30882K, capacity 31214K, committed 31616K, reserved 1077248K
  class space    used 3863K, capacity 3940K, committed 3968K, reserved 1048576K
Event: 80.640 GC heap after
Heap after GC invocations=102 (full 3):
 PSYoungGen      total 1227776K, used 15688K [0x000000076b500000, 0x00000007bfc80000, 0x00000007c0000000)
  eden space 1211904K, 0% used [0x000000076b500000,0x000000076b500000,0x00000007b5480000)
  from space 15872K, 98% used [0x00000007b5480000,0x00000007b63d2388,0x00000007b6400000)
  to   space 86016K, 0% used [0x00000007ba880000,0x00000007ba880000,0x00000007bfc80000)
 ParOldGen       total 446464K, used 327496K [0x00000006c1e00000, 0x00000006dd200000, 0x000000076b500000)
  object space 446464K, 73% used [0x00000006c1e00000,0x00000006d5dd2078,0x00000006dd200000)
 Metaspace       used 30882K, capacity 31214K, committed 31616K, reserved 1077248K
  class space    used 3863K, capacity 3940K, committed 3968K, reserved 1048576K
}
Event: 81.913 GC heap before
{Heap before GC invocations=103 (full 3):
 PSYoungGen      total 1227776K, used 1227592K [0x000000076b500000, 0x00000007bfc80000, 0x00000007c0000000)
  eden space 1211904K, 100% used [0x000000076b500000,0x00000007b5480000,0x00000007b5480000)
  from space 15872K, 98% used [0x00000007b5480000,0x00000007b63d2388,0x00000007b6400000)
  to   space 86016K, 0% used [0x00000007ba880000,0x00000007ba880000,0x00000007bfc80000)
 ParOldGen       total 446464K, used 327496K [0x00000006c1e00000, 0x00000006dd200000, 0x000000076b500000)
  object space 446464K, 73% used [0x00000006c1e00000,0x00000006d5dd2078,0x00000006dd200000)
 Metaspace       used 30893K, capacity 31214K, committed 31616K, reserved 1077248K
  class space    used 3863K, capacity 3940K, committed 3968K, reserved 1048576K
Event: 81.917 GC heap after
Heap after GC invocations=103 (full 3):
 PSYoungGen      total 1298432K, used 6316K [0x000000076b500000, 0x00000007c0000000, 0x00000007c0000000)
  eden space 1212416K, 0% used [0x000000076b500000,0x000000076b500000,0x00000007b5500000)
  from space 86016K, 7% used [0x00000007ba880000,0x00000007baeab198,0x00000007bfc80000)
  to   space 85504K, 0% used [0x00000007b5500000,0x00000007b5500000,0x00000007ba880000)
 ParOldGen       total 446464K, used 327536K [0x00000006c1e00000, 0x00000006dd200000, 0x000000076b500000)
  object space 446464K, 73% used [0x00000006c1e00000,0x00000006d5ddc078,0x00000006dd200000)
 Metaspace       used 30893K, capacity 31214K, committed 31616K, reserved 1077248K
  class space    used 3863K, capacity 3940K, committed 3968K, reserved 1048576K
}
Event: 83.184 GC heap before
{Heap before GC invocations=104 (full 3):
 PSYoungGen      total 1298432K, used 1218732K [0x000000076b500000, 0x00000007c0000000, 0x00000007c0000000)
  eden space 1212416K, 100% used [0x000000076b500000,0x00000007b5500000,0x00000007b5500000)
  from space 86016K, 7% used [0x00000007ba880000,0x00000007baeab198,0x00000007bfc80000)
  to   space 85504K, 0% used [0x00000007b5500000,0x00000007b5500000,0x00000007ba880000)
 ParOldGen       total 446464K, used 327536K [0x00000006c1e00000, 0x00000006dd200000, 0x000000076b500000)
  object space 446464K, 73% used [0x00000006c1e00000,0x00000006d5ddc078,0x00000006dd200000)
 Metaspace       used 30894K, capacity 31214K, committed 31616K, reserved 1077248K
  class space    used 3863K, capacity 3940K, committed 3968K, reserved 1048576K
Event: 83.189 GC heap after
Heap after GC invocations=104 (full 3):
 PSYoungGen      total 1297920K, used 20567K [0x000000076b500000, 0x00000007bf980000, 0x00000007c0000000)
  eden space 1212416K, 0% used [0x000000076b500000,0x000000076b500000,0x00000007b5500000)
  from space 85504K, 24% used [0x00000007b5500000,0x00000007b6915cb0,0x00000007ba880000)
  to   space 82432K, 0% used [0x00000007ba900000,0x00000007ba900000,0x00000007bf980000)
 ParOldGen       total 446464K, used 327560K [0x00000006c1e00000, 0x00000006dd200000, 0x000000076b500000)
  object space 446464K, 73% used [0x00000006c1e00000,0x00000006d5de2078,0x00000006dd200000)
 Metaspace       used 30894K, capacity 31214K, committed 31616K, reserved 1077248K
  class space    used 3863K, capacity 3940K, committed 3968K, reserved 1048576K
}
Event: 84.820 GC heap before
{Heap before GC invocations=105 (full 3):
 PSYoungGen      total 1297920K, used 1232983K [0x000000076b500000, 0x00000007bf980000, 0x00000007c0000000)
  eden space 1212416K, 100% used [0x000000076b500000,0x00000007b5500000,0x00000007b5500000)
  from space 85504K, 24% used [0x00000007b5500000,0x00000007b6915cb0,0x00000007ba880000)
  to   space 82432K, 0% used [0x00000007ba900000,0x00000007ba900000,0x00000007bf980000)
 ParOldGen       total 446464K, used 327560K [0x00000006c1e00000, 0x00000006dd200000, 0x000000076b500000)
  object space 446464K, 73% used [0x00000006c1e00000,0x00000006d5de2078,0x00000006dd200000)
 Metaspace       used 30894K, capacity 31214K, committed 31616K, reserved 1077248K
  class space    used 3863K, capacity 3940K, committed 3968K, reserved 1048576K
Event: 84.823 GC heap after
Heap after GC invocations=105 (full 3):
 PSYoungGen      total 1299456K, used 12786K [0x000000076b500000, 0x00000007bf800000, 0x00000007c0000000)
  eden space 1218560K, 0% used [0x000000076b500000,0x000000076b500000,0x00000007b5b00000)
  from space 80896K, 15% used [0x00000007ba900000,0x00000007bb57c970,0x00000007bf800000)
  to   space 79872K, 0% used [0x00000007b5b00000,0x00000007b5b00000,0x00000007ba900000)
 ParOldGen       total 446464K, used 327616K [0x00000006c1e00000, 0x00000006dd200000, 0x000000076b500000)
  object space 446464K, 73% used [0x00000006c1e00000,0x00000006d5df0078,0x00000006dd200000)
 Metaspace       used 30894K, capacity 31214K, committed 31616K, reserved 1077248K
  class space    used 3863K, capacity 3940K, committed 3968K, reserved 1048576K
}
Event: 85.920 GC heap before
{Heap before GC invocations=106 (full 3):
 PSYoungGen      total 1299456K, used 1231208K [0x000000076b500000, 0x00000007bf800000, 0x00000007c0000000)
  eden space 1218560K, 99% used [0x000000076b500000,0x00000007b5add860,0x00000007b5b00000)
  from space 80896K, 15% used [0x00000007ba900000,0x00000007bb57c970,0x00000007bf800000)
  to   space 79872K, 0% used [0x00000007b5b00000,0x00000007b5b00000,0x00000007ba900000)
 ParOldGen       total 446464K, used 327616K [0x00000006c1e00000, 0x00000006dd200000, 0x000000076b500000)
  object space 446464K, 73% used [0x00000006c1e00000,0x00000006d5df0078,0x00000006dd200000)
 Metaspace       used 30894K, capacity 31214K, committed 31616K, reserved 1077248K
  class space    used 3863K, capacity 3940K, committed 3968K, reserved 1048576K
Event: 85.923 GC heap after
Heap after GC invocations=106 (full 3):
 PSYoungGen      total 1298432K, used 11529K [0x000000076b500000, 0x00000007bfa00000, 0x00000007c0000000)
  eden space 1218560K, 0% used [0x000000076b500000,0x000000076b500000,0x00000007b5b00000)
  from space 79872K, 14% used [0x00000007b5b00000,0x00000007b6642568,0x00000007ba900000)
  to   space 77824K, 0% used [0x00000007bae00000,0x00000007bae00000,0x00000007bfa00000)
 ParOldGen       total 446464K, used 327624K [0x00000006c1e00000, 0x00000006dd200000, 0x000000076b500000)
  object space 446464K, 73% used [0x00000006c1e00000,0x00000006d5df2078,0x00000006dd200000)
 Metaspace       used 30894K, capacity 31214K, committed 31616K, reserved 1077248K
  class space    used 3863K, capacity 3940K, committed 3968K, reserved 1048576K
}

Deoptimization events (10 events):
Event: 76.913 Thread 0x0000000021fb7000 Uncommon trap: reason=unstable_if action=reinterpret pc=0x00000000040f8064 method=sun.font.FontUtilities.isComplexCharCode(I)Z @ 11
Event: 76.959 Thread 0x0000000021fb7000 Uncommon trap: reason=unstable_if action=reinterpret pc=0x000000000465a5e8 method=javax.swing.text.GlyphView.getPreferredSpan(I)F @ 4
Event: 76.960 Thread 0x0000000021fb7000 Uncommon trap: reason=class_check action=maybe_recompile pc=0x00000000038221d8 method=javax.swing.text.GlyphView.getStartOffset()I @ 13
Event: 76.996 Thread 0x0000000021fb7000 Uncommon trap: reason=unstable_if action=reinterpret pc=0x00000000045fa3e4 method=IMO.EVU.biProcessor.CoAuthorForWord.drawWords([II[DFIILjava/util/Map;Ljava/util/Map;)V @ 547
Event: 76.996 Thread 0x0000000021fb7000 Uncommon trap: reason=unstable_if action=reinterpret pc=0x000000000438c438 method=sun.font.FileFontStrike.getSlot0GlyphImagePtrs([I[JI)I @ 62
Event: 81.885 Thread 0x0000000021fb7000 Uncommon trap: reason=unstable_if action=reinterpret pc=0x00000000047a4a78 method=IMO.EVU.biProcessor.CoAuthorForWord.drawWords([II[DFIILjava/util/Map;Ljava/util/Map;)V @ 127
Event: 81.929 Thread 0x0000000021fb7000 Uncommon trap: reason=unstable_if action=reinterpret pc=0x000000000459c458 method=IMO.EVU.biProcessor.CoAuthorForWord.drawWords([II[DFIILjava/util/Map;Ljava/util/Map;)V @ 127
Event: 83.023 Thread 0x0000000021fb7000 Uncommon trap: reason=unstable_if action=reinterpret pc=0x0000000003920f5c method=javax.swing.text.ParagraphView$Row.getLeftInset()S @ 17
Event: 83.053 Thread 0x0000000021fb7000 Uncommon trap: reason=unstable_if action=reinterpret pc=0x00000000048be918 method=IMO.EVU.biProcessor.CoAuthorForWord.drawWords([II[DFIILjava/util/Map;Ljava/util/Map;)V @ 1356
Event: 83.083 Thread 0x0000000021fb7000 Uncommon trap: reason=unstable_if action=reinterpret pc=0x000000000489e2e8 method=IMO.EVU.biProcessor.CoAuthorForWord.drawWords([II[DFIILjava/util/Map;Ljava/util/Map;)V @ 1356

Classes redefined (0 events):
No events

Internal exceptions (10 events):
Event: 39.859 Thread 0x000000002628b800 Exception <a 'java/lang/InterruptedException'> (0x0000000779cd1cb8) thrown at [C:\re\workspace\8-2-build-windows-amd64-cygwin\jdk8u161\10277\hotspot\src\share\vm\runtime\objectMonitor.cpp, line 1684]
Event: 41.280 Thread 0x0000000021dde000 Implicit null exception at 0x00000000036feb1b to 0x00000000037000a1
Event: 41.777 Thread 0x0000000024b75000 Implicit null exception at 0x0000000003a77788 to 0x0000000003a77fcd
Event: 46.697 Thread 0x0000000003315800 Exception <a 'java/lang/reflect/InvocationTargetException'> (0x00000007947a6170) thrown at [C:\re\workspace\8-2-build-windows-amd64-cygwin\jdk8u161\10277\hotspot\src\share\vm\runtime\reflection.cpp, line 1092]
Event: 46.999 Thread 0x0000000003315800 Implicit null exception at 0x0000000003a33c83 to 0x0000000003a34c25
Event: 65.355 Thread 0x0000000021fb7000 Implicit null exception at 0x0000000004406ce3 to 0x00000000044074a5
Event: 76.853 Thread 0x0000000021fb7000 Implicit null exception at 0x00000000040f3aa3 to 0x00000000040f3c6f
Event: 76.854 Thread 0x0000000021fb7000 Exception <a 'java/lang/NullPointerException'> (0x000000079fa94768) thrown at [C:\re\workspace\8-2-build-windows-amd64-cygwin\jdk8u161\10277\hotspot\src\share\vm\runtime\sharedRuntime.cpp, line 605]
Event: 80.172 Thread 0x0000000021fb7000 Implicit null exception at 0x00000000040f3aa3 to 0x00000000040f3c6f
Event: 80.173 Thread 0x0000000021fb7000 Exception <a 'java/lang/NullPointerException'> (0x00000007a20f29f0) thrown at [C:\re\workspace\8-2-build-windows-amd64-cygwin\jdk8u161\10277\hotspot\src\share\vm\runtime\sharedRuntime.cpp, line 605]

Events (10 events):
Event: 84.119 Thread 0x0000000021fb7000 DEOPT PACKING pc=0x000000000488cfbb sp=0x00000000215ed500
Event: 84.119 Thread 0x0000000021fb7000 DEOPT UNPACKING pc=0x0000000003457890 sp=0x00000000215ed3b0 mode 0
Event: 84.150 Thread 0x0000000021fb7000 DEOPT PACKING pc=0x000000000488cfbb sp=0x00000000215ed500
Event: 84.150 Thread 0x0000000021fb7000 DEOPT UNPACKING pc=0x0000000003457890 sp=0x00000000215ed3b0 mode 0
Event: 84.820 Executing VM operation: ParallelGCFailedAllocation
Event: 84.823 Executing VM operation: ParallelGCFailedAllocation done
Event: 84.823 Executing VM operation: RevokeBias
Event: 84.823 Executing VM operation: RevokeBias done
Event: 85.920 Executing VM operation: ParallelGCFailedAllocation
Event: 85.923 Executing VM operation: ParallelGCFailedAllocation done


Dynamic libraries:
0x00007ff7cc020000 - 0x00007ff7cc057000 	C:\Program Files\Java\jdk1.8.0_161\jre\bin\javaw.exe
0x00007ffdc5c20000 - 0x00007ffdc5e10000 	C:\WINDOWS\SYSTEM32\ntdll.dll
0x00007ffdbef40000 - 0x00007ffdbef53000 	D:\Program Files\AVAST Software\Avast\aswhook.dll
0x00007ffdc3e10000 - 0x00007ffdc3ec2000 	C:\WINDOWS\System32\KERNEL32.DLL
0x00007ffdc2c10000 - 0x00007ffdc2eb3000 	C:\WINDOWS\System32\KERNELBASE.dll
0x00007ffdc5b00000 - 0x00007ffdc5ba3000 	C:\WINDOWS\System32\ADVAPI32.dll
0x00007ffdc3cd0000 - 0x00007ffdc3d6e000 	C:\WINDOWS\System32\msvcrt.dll
0x00007ffdc3d70000 - 0x00007ffdc3e07000 	C:\WINDOWS\System32\sechost.dll
0x00007ffdc5830000 - 0x00007ffdc5950000 	C:\WINDOWS\System32\RPCRT4.dll
0x00007ffdc5690000 - 0x00007ffdc5824000 	C:\WINDOWS\System32\USER32.dll
0x00007ffdc3010000 - 0x00007ffdc3031000 	C:\WINDOWS\System32\win32u.dll
0x00007ffdc5bb0000 - 0x00007ffdc5bd6000 	C:\WINDOWS\System32\GDI32.dll
0x00007ffdc3190000 - 0x00007ffdc3324000 	C:\WINDOWS\System32\gdi32full.dll
0x00007ffdc3330000 - 0x00007ffdc33ce000 	C:\WINDOWS\System32\msvcp_win.dll
0x00007ffdc2f10000 - 0x00007ffdc300a000 	C:\WINDOWS\System32\ucrtbase.dll
0x00007ffdad080000 - 0x00007ffdad305000 	C:\WINDOWS\WinSxS\amd64_microsoft.windows.common-controls_6595b64144ccf1df_6.0.18362.778_none_e6c6b761130d4fb8\COMCTL32.dll
0x00007ffdc4960000 - 0x00007ffdc4c96000 	C:\WINDOWS\System32\combase.dll
0x00007ffdc3060000 - 0x00007ffdc30e0000 	C:\WINDOWS\System32\bcryptPrimitives.dll
0x00007ffdc4100000 - 0x00007ffdc412e000 	C:\WINDOWS\System32\IMM32.DLL
0x0000000067950000 - 0x0000000067a22000 	C:\Program Files\Java\jdk1.8.0_161\jre\bin\msvcr100.dll
0x00000000665d0000 - 0x0000000066e6f000 	C:\Program Files\Java\jdk1.8.0_161\jre\bin\server\jvm.dll
0x00007ffdc4280000 - 0x00007ffdc4288000 	C:\WINDOWS\System32\PSAPI.DLL
0x00007ffdc0d80000 - 0x00007ffdc0d8a000 	C:\WINDOWS\SYSTEM32\VERSION.dll
0x00007ffdb6940000 - 0x00007ffdb6964000 	C:\WINDOWS\SYSTEM32\WINMM.dll
0x00007ffdb8610000 - 0x00007ffdb8619000 	C:\WINDOWS\SYSTEM32\WSOCK32.dll
0x00007ffdc4e00000 - 0x00007ffdc4e6f000 	C:\WINDOWS\System32\WS2_32.dll
0x00007ffdb6910000 - 0x00007ffdb693d000 	C:\WINDOWS\SYSTEM32\winmmbase.dll
0x00007ffdc2ec0000 - 0x00007ffdc2f0a000 	C:\WINDOWS\System32\cfgmgr32.dll
0x0000000067940000 - 0x000000006794f000 	C:\Program Files\Java\jdk1.8.0_161\jre\bin\verify.dll
0x0000000067910000 - 0x0000000067939000 	C:\Program Files\Java\jdk1.8.0_161\jre\bin\java.dll
0x00000000678d0000 - 0x0000000067905000 	C:\Program Files\Java\jdk1.8.0_161\jre\bin\jdwp.dll
0x00000000678c0000 - 0x00000000678c8000 	C:\Program Files\Java\jdk1.8.0_161\jre\bin\npt.dll
0x00000000665a0000 - 0x00000000665c3000 	C:\Program Files\Java\jdk1.8.0_161\jre\bin\instrument.dll
0x0000000066580000 - 0x0000000066596000 	C:\Program Files\Java\jdk1.8.0_161\jre\bin\zip.dll
0x00007ffdc4f20000 - 0x00007ffdc5605000 	C:\WINDOWS\System32\SHELL32.dll
0x00007ffdc48b0000 - 0x00007ffdc4959000 	C:\WINDOWS\System32\shcore.dll
0x00007ffdc3550000 - 0x00007ffdc3cd0000 	C:\WINDOWS\System32\windows.storage.dll
0x00007ffdc2b80000 - 0x00007ffdc2ba3000 	C:\WINDOWS\System32\profapi.dll
0x00007ffdc2b10000 - 0x00007ffdc2b5a000 	C:\WINDOWS\System32\powrprof.dll
0x00007ffdc2ae0000 - 0x00007ffdc2af0000 	C:\WINDOWS\System32\UMPDC.dll
0x00007ffdc4700000 - 0x00007ffdc4752000 	C:\WINDOWS\System32\shlwapi.dll
0x00007ffdc2b60000 - 0x00007ffdc2b71000 	C:\WINDOWS\System32\kernel.appcore.dll
0x00007ffdc3040000 - 0x00007ffdc3057000 	C:\WINDOWS\System32\cryptsp.dll
0x00000000678b0000 - 0x00000000678b9000 	C:\Program Files\Java\jdk1.8.0_161\jre\bin\dt_socket.dll
0x00007ffdab7d0000 - 0x00007ffdab7e6000 	C:\WINDOWS\system32\napinsp.dll
0x00007ffdab7b0000 - 0x00007ffdab7ca000 	C:\WINDOWS\system32\pnrpnsp.dll
0x00007ffdc2350000 - 0x00007ffdc23b7000 	C:\WINDOWS\System32\mswsock.dll
0x00007ffdc2040000 - 0x00007ffdc210a000 	C:\WINDOWS\SYSTEM32\DNSAPI.dll
0x00007ffdc4760000 - 0x00007ffdc4768000 	C:\WINDOWS\System32\NSI.dll
0x00007ffdc2000000 - 0x00007ffdc203a000 	C:\WINDOWS\SYSTEM32\IPHLPAPI.DLL
0x00007ffdab480000 - 0x00007ffdab48e000 	C:\WINDOWS\System32\winrnr.dll
0x00007ffdbf3d0000 - 0x00007ffdbf3ec000 	C:\WINDOWS\system32\NLAapi.dll
0x00007ffdab460000 - 0x00007ffdab475000 	C:\WINDOWS\system32\wshbth.dll
0x00007ffdbbca0000 - 0x00007ffdbbd17000 	C:\WINDOWS\System32\fwpuclnt.dll
0x00007ffdc33d0000 - 0x00007ffdc33f6000 	C:\WINDOWS\System32\bcrypt.dll
0x00007ffdb9580000 - 0x00007ffdb958a000 	C:\Windows\System32\rasadhlp.dll
0x00007ffdc1e60000 - 0x00007ffdc1e93000 	C:\WINDOWS\system32\rsaenh.dll
0x00007ffdc29d0000 - 0x00007ffdc29f5000 	C:\WINDOWS\SYSTEM32\USERENV.dll
0x00007ffdc2520000 - 0x00007ffdc252c000 	C:\WINDOWS\SYSTEM32\CRYPTBASE.dll
0x0000000066560000 - 0x000000006657a000 	C:\Program Files\Java\jdk1.8.0_161\jre\bin\net.dll
0x00007ffdbbdc0000 - 0x00007ffdbbdd6000 	C:\WINDOWS\SYSTEM32\dhcpcsvc6.DLL
0x00007ffdbbde0000 - 0x00007ffdbbdfc000 	C:\WINDOWS\SYSTEM32\dhcpcsvc.DLL
0x0000000066540000 - 0x0000000066551000 	C:\Program Files\Java\jdk1.8.0_161\jre\bin\nio.dll
0x00000000663a0000 - 0x0000000066538000 	C:\Program Files\Java\jdk1.8.0_161\jre\bin\awt.dll
0x00007ffdc4130000 - 0x00007ffdc41f4000 	C:\WINDOWS\System32\OLEAUT32.dll
0x00007ffdc0d90000 - 0x00007ffdc0e1f000 	C:\WINDOWS\SYSTEM32\apphelp.dll
0x00007ffdc0e60000 - 0x00007ffdc0ef9000 	C:\WINDOWS\system32\uxtheme.dll
0x00007ffdc4770000 - 0x00007ffdc48a6000 	C:\WINDOWS\System32\MSCTF.dll
0x00007ffdc3fa0000 - 0x00007ffdc40f7000 	C:\WINDOWS\System32\ole32.dll
0x00007ffdc1280000 - 0x00007ffdc12ad000 	C:\WINDOWS\system32\DWMAPI.DLL
0x00007ffdad720000 - 0x00007ffdad876000 	C:\WINDOWS\system32\opengl32.dll
0x00007ffdb95a0000 - 0x00007ffdb95cc000 	C:\WINDOWS\SYSTEM32\GLU32.dll
0x00007ffdc1750000 - 0x00007ffdc1770000 	C:\WINDOWS\SYSTEM32\dxcore.dll
0x0000000066350000 - 0x0000000066397000 	C:\Program Files\Java\jdk1.8.0_161\jre\bin\fontmanager.dll
0x0000000066300000 - 0x0000000066342000 	C:\Program Files\Java\jdk1.8.0_161\jre\bin\t2k.dll
0x00007ffdc4e70000 - 0x00007ffdc4f12000 	C:\WINDOWS\System32\clbcatq.dll
0x00007ffdb5720000 - 0x00007ffdb58cf000 	C:\WINDOWS\SYSTEM32\WindowsCodecs.dll
0x00007ffda1b00000 - 0x00007ffda1b3a000 	C:\WINDOWS\system32\dataexchange.dll
0x00007ffdbff10000 - 0x00007ffdc016b000 	C:\WINDOWS\system32\d3d11.dll
0x00007ffdc05d0000 - 0x00007ffdc07ac000 	C:\WINDOWS\system32\dcomp.dll
0x00007ffdc17e0000 - 0x00007ffdc18cb000 	C:\WINDOWS\system32\dxgi.dll
0x00007ffdc0f20000 - 0x00007ffdc117a000 	C:\WINDOWS\system32\twinapi.appcore.dll
0x00007ffdc1390000 - 0x00007ffdc13b9000 	C:\WINDOWS\system32\RMCLIENT.dll
0x00007ffdb59f0000 - 0x00007ffdb5a8e000 	C:\WINDOWS\System32\TextInputFramework.dll
0x00007ffdb5d90000 - 0x00007ffdb60ba000 	C:\WINDOWS\System32\CoreUIComponents.dll
0x00007ffdc0b20000 - 0x00007ffdc0bf4000 	C:\WINDOWS\System32\CoreMessaging.dll
0x00007ffdc1b40000 - 0x00007ffdc1b71000 	C:\WINDOWS\SYSTEM32\ntmarta.dll
0x00007ffdbeb90000 - 0x00007ffdbece3000 	C:\WINDOWS\SYSTEM32\wintypes.dll
0x00007ffdb8860000 - 0x00007ffdb8b06000 	C:\WINDOWS\System32\iertutil.dll
0x00007ffdb48a0000 - 0x00007ffdb48d8000 	C:\Program Files\Java\jdk1.8.0_161\jre\bin\jacob-1.18-x64.dll
0x00007ffd81380000 - 0x00007ffd814ff000 	C:\WINDOWS\System32\Speech\Common\sapi.dll
0x00007ffdc2bb0000 - 0x00007ffdc2c0c000 	C:\WINDOWS\System32\WINTRUST.dll
0x00007ffdc2af0000 - 0x00007ffdc2b02000 	C:\WINDOWS\System32\MSASN1.dll
0x00007ffdbeec0000 - 0x00007ffdbeedc000 	C:\WINDOWS\SYSTEM32\MSACM32.dll
0x00007ffdb9d40000 - 0x00007ffdb9d4b000 	C:\WINDOWS\SYSTEM32\msdmo.dll
0x00007ffdc3400000 - 0x00007ffdc3549000 	C:\WINDOWS\System32\CRYPT32.dll
0x00007ffdbd8b0000 - 0x00007ffdbd922000 	C:\WINDOWS\System32\MMDevApi.dll
0x00007ffdc28e0000 - 0x00007ffdc290a000 	C:\WINDOWS\System32\DEVOBJ.dll
0x00007ffdc2930000 - 0x00007ffdc29cd000 	C:\WINDOWS\SYSTEM32\sxs.dll
0x00007ffd7d270000 - 0x00007ffd7d471000 	C:\Windows\System32\speech_onecore\engines\tts\MSTTSEngine_OneCore.dll
0x00007ffdbd3c0000 - 0x00007ffdbd44a000 	C:\WINDOWS\SYSTEM32\msvcp110_win.dll
0x00007ffd92980000 - 0x00007ffd92e63000 	C:\WINDOWS\System32\Speech_OneCore\Common\sapi_onecore.dll
0x00007ffdbd960000 - 0x00007ffdbdabd000 	C:\WINDOWS\SYSTEM32\AudioSes.DLL
0x00007ffdb93a0000 - 0x00007ffdb9575000 	C:\WINDOWS\SYSTEM32\urlmon.dll
0x00007ffdbf5a0000 - 0x00007ffdbf68f000 	C:\WINDOWS\SYSTEM32\PROPSYS.dll
0x00007ffdc2a00000 - 0x00007ffdc2a2f000 	C:\WINDOWS\SYSTEM32\SspiCli.dll
0x00007ffdb9d90000 - 0x00007ffdb9e80000 	C:\WINDOWS\SYSTEM32\WINHTTP.dll
0x00007ffdbc4d0000 - 0x00007ffdbc5ae000 	C:\Windows\System32\Windows.ApplicationModel.dll
0x00007ffd9a410000 - 0x00007ffd9a4cf000 	C:\Windows\System32\speech_onecore\engines\tts\MSTTSLoc_OneCore.DLL
0x00007ffdbb760000 - 0x00007ffdbb815000 	C:\WINDOWS\system32\MSWB70804.dll
0x00000000637c0000 - 0x00000000637ca000 	C:\Users\Lenovo\AppData\Local\Temp\jogamp.tmp.cache_000000\jln2242711227198571162\jln5719650075394966561\gluegen-rt.dll
0x00000000662f0000 - 0x00000000662f7000 	C:\Program Files\Java\jdk1.8.0_161\jre\bin\jawt.dll
0x000000006a440000 - 0x000000006a44b000 	C:\Users\Lenovo\AppData\Local\Temp\jogamp.tmp.cache_000000\jln2242711227198571162\jln5719650075394966561\nativewindow_awt.dll
0x000000006c100000 - 0x000000006c10b000 	C:\Users\Lenovo\AppData\Local\Temp\jogamp.tmp.cache_000000\jln2242711227198571162\jln5719650075394966561\nativewindow_win32.dll
0x0000000064500000 - 0x000000006458d000 	C:\Users\Lenovo\AppData\Local\Temp\jogamp.tmp.cache_000000\jln2242711227198571162\jln5719650075394966561\jogl_desktop.dll
0x00007ffd79ac0000 - 0x00007ffd7a9c9000 	C:\WINDOWS\System32\DriverStore\FileRepository\iigd_dch.inf_amd64_3c82703a0fbed0ab\ig9icd64.dll
0x00007ffdb9980000 - 0x00007ffdb9b20000 	C:\WINDOWS\System32\DriverStore\FileRepository\iigd_dch.inf_amd64_3c82703a0fbed0ab\igdgmm64.dll
0x00007ffdae9c0000 - 0x00007ffdb0dbc000 	C:\WINDOWS\System32\DriverStore\FileRepository\iigd_dch.inf_amd64_3c82703a0fbed0ab\igc64.dll
0x00000000662b0000 - 0x00000000662e1000 	C:\Program Files\Java\jdk1.8.0_161\jre\bin\jpeg.dll
0x00007ffd99fe0000 - 0x00007ffd9a0cf000 	C:\Users\Lenovo\.javacpp\cache\opencv-3.1.0-1.3-windows-x86_64.jar\org\bytedeco\javacpp\windows-x86_64\msvcr120.dll
0x00007ffd88c80000 - 0x00007ffd88d26000 	C:\Users\Lenovo\.javacpp\cache\opencv-3.1.0-1.3-windows-x86_64.jar\org\bytedeco\javacpp\windows-x86_64\msvcp120.dll
0x00007ffd7cff0000 - 0x00007ffd7d26a000 	C:\Users\Lenovo\.javacpp\cache\opencv-3.1.0-1.3-windows-x86_64.jar\org\bytedeco\javacpp\windows-x86_64\opencv_core310.dll
0x00007ffd7cca0000 - 0x00007ffd7cfe2000 	C:\Users\Lenovo\.javacpp\cache\opencv-3.1.0-1.3-windows-x86_64.jar\org\bytedeco\javacpp\windows-x86_64\opencv_imgproc310.dll
0x00007ffd7ca70000 - 0x00007ffd7cc97000 	C:\Users\Lenovo\.javacpp\cache\opencv-3.1.0-1.3-windows-x86_64.jar\org\bytedeco\javacpp\windows-x86_64\jniopencv_core.dll
0x00007ffd7dac0000 - 0x00007ffd7dbad000 	C:\Users\Lenovo\.javacpp\cache\opencv-3.1.0-1.3-windows-x86_64.jar\org\bytedeco\javacpp\windows-x86_64\jniopencv_imgproc.dll
0x00007ffd7c7a0000 - 0x00007ffd7ca69000 	C:\Users\Lenovo\.javacpp\cache\opencv-3.1.0-1.3-windows-x86_64.jar\org\bytedeco\javacpp\windows-x86_64\opencv_imgcodecs310.dll
0x00007ffda1b40000 - 0x00007ffda1b65000 	C:\Users\Lenovo\.javacpp\cache\opencv-3.1.0-1.3-windows-x86_64.jar\org\bytedeco\javacpp\windows-x86_64\jniopencv_imgcodecs.dll
0x00007ffd9a660000 - 0x00007ffd9a6b3000 	C:\Users\Lenovo\.javacpp\cache\opencv-3.1.0-1.3-windows-x86_64.jar\org\bytedeco\javacpp\windows-x86_64\opencv_videoio310.dll

VM Arguments:
jvm_args: -agentlib:jdwp=transport=dt_socket,suspend=y,address=localhost:52336 -javaagent:D:\Users\Lenovo\eclipse\jee-2019-03\eclipse\configuration\org.eclipse.osgi\409\0\.cp\lib\javaagent-shaded.jar -Dfile.encoding=GBK 
java_command: ME.APM.VSQ.HRJFrame
java_class_path (initial): D:\Users\Lenovo\eclipse-workspace\YLJ_HRJ1.8.6.0.0\bin;D:\Users\Lenovo\eclipse-workspace\YLJ_HRJ1.8.6.0.0\lib;D:\Users\Lenovo\eclipse-workspace\YLJ_HRJ1.8.6.0.0\lib\artoolkitplus-2.3.1-1.3.jar;D:\Users\Lenovo\eclipse-workspace\YLJ_HRJ1.8.6.0.0\lib\bssm.jar;D:\Users\Lenovo\eclipse-workspace\YLJ_HRJ1.8.6.0.0\lib\freetts.jar;D:\Users\Lenovo\eclipse-workspace\YLJ_HRJ1.8.6.0.0\lib\en_us.jar;D:\Users\Lenovo\eclipse-workspace\YLJ_HRJ1.8.6.0.0\lib\cmutimelex.jar;D:\Users\Lenovo\eclipse-workspace\YLJ_HRJ1.8.6.0.0\lib\cmu_time_awb.jar;D:\Users\Lenovo\eclipse-workspace\YLJ_HRJ1.8.6.0.0\lib\cmulex.jar;D:\Users\Lenovo\eclipse-workspace\YLJ_HRJ1.8.6.0.0\lib\cmu_us_kal.jar;D:\Users\Lenovo\eclipse-workspace\YLJ_HRJ1.8.6.0.0\lib\cmudict04.jar;D:\Users\Lenovo\eclipse-workspace\YLJ_HRJ1.8.6.0.0\lib\commons-math-2.1.jar;D:\Users\Lenovo\eclipse-workspace\YLJ_HRJ1.8.6.0.0\lib\commons-math3-3.0.jar;D:\Users\Lenovo\eclipse-workspace\YLJ_HRJ1.8.6.0.0\lib\customizer.jar;D:\Users\Lenovo\eclipse-workspace\YLJ_HRJ1.8.6.0.0\lib\cw.jar;D:\Users\Lenovo\eclipse-workspace\YLJ_HRJ1.8.6.0.0\lib\cworker.jar;D:\Users\Lenovo\eclipse-workspace\YLJ_HRJ1.8.6.0.0\lib\ffmpeg-3.2.1-1.3-windows-x86_64.jar;D:\Users\Lenovo\eclipse-workspace\YLJ_HRJ1.8.6.0.0\lib\ffmpeg-platform-3.2.1-1.3.jar;D:\Users\Lenovo\eclipse-workspace\YLJ_HRJ1.8.6.0.0\lib\flandmark-1.07-1.3.jar;D:\Users\Lenovo\eclipse-workspace\YLJ_HRJ1.8.6.0.0\lib\flandmark-platform-1.07-1.3.jar;D:\Users\Lenovo\eclipse-workspace\YLJ_HRJ1.8.6.0.0\lib\flycapture-2.9.3.43-1.3.jar;D:\Users\Lenovo\eclipse-workspace\YLJ_HRJ1.8.6.0.0\lib\flycapture-2.9.3.43-1.3-windows-x86_64.jar;D:\Users\Lenovo\eclipse-workspace\YLJ_HRJ1.8.6.0.0\lib\flycapture-platform-2.9.3.43-1.3.jar;D:\Users\Lenovo\eclipse-workspace\YLJ_HRJ1.8.6.0.0\lib\freetts-jsapi10.jar;D:\Users\Lenovo\eclipse-workspace\YLJ_HRJ1.8.6.0.0\lib\gluegen.jar;D:\Users\Lenovo\eclipse-workspace\YLJ_HRJ1.8.6.0.0\lib\gluegen-rt.jar;D:\Users\Lenovo\eclipse-workspace\YLJ_HRJ1.8.6.0.0\lib\gl
Launcher Type: SUN_STANDARD

Environment Variables:
PATH=C:\Program Files\Java\jdk1.8.0_161\jre\bin;C:/Program Files/Java/jre1.8.0_161/bin/server;C:/Program Files/Java/jre1.8.0_161/bin;C:/Program Files/Java/jre1.8.0_161/lib/amd64;C:\ProgramData\Oracle\Java\javapath;C:\Program Files (x86)\Intel\Intel(R) Management Engine Components\iCLS\;C:\Program Files\Intel\Intel(R) Management Engine Components\iCLS\;C:\Windows\system32;C:\Windows;C:\Windows\System32\Wbem;C:\Windows\System32\WindowsPowerShell\v1.0\;C:\Windows\System32\OpenSSH\;C:\Program Files (x86)\Intel\Intel(R) Management Engine Components\DAL;C:\Program Files\Intel\Intel(R) Management Engine Components\DAL;C:\Program Files (x86)\Intel\Intel(R) Management Engine Components\IPT;C:\Program Files\Intel\Intel(R) Management Engine Components\IPT;C:\Program Files (x86)\NVIDIA Corporation\PhysX\Common;C:\Program Files\Java\jdk1.8.0_161\bin;C:\Program Files\Java\jre1.8.0_161\bin;C:\Program Files\NVIDIA Corporation\NVIDIA NvDLISR;C:\WINDOWS\system32;C:\WINDOWS;C:\WINDOWS\System32\Wbem;C:\WINDOWS\System32\WindowsPowerShell\v1.0\;C:\WINDOWS\System32\OpenSSH\;D:\jdk\64\6.1.9\bin;D:\jdk\64\6.1.9;C:\Users\Lenovo\AppData\Local\Microsoft\WindowsApps;;C:\Users\Lenovo\Desktop\ZHUOMIAN;
USERNAME=Lenovo
OS=Windows_NT
PROCESSOR_IDENTIFIER=Intel64 Family 6 Model 158 Stepping 10, GenuineIntel



---------------  S Y S T E M  ---------------

OS: Windows 10.0 , 64 bit Build 18362 (10.0.18362.778)

CPU:total 8 (initial active 8) (4 cores per cpu, 2 threads per core) family 6 model 158 stepping 10, cmov, cx8, fxsr, mmx, sse, sse2, sse3, ssse3, sse4.1, sse4.2, popcnt, avx, avx2, aes, clmul, erms, 3dnowpref, lzcnt, ht, tsc, tscinvbit, bmi1, bmi2, adx

Memory: 4k page, physical 16648500k(7368020k free), swap 17697076k(5698132k free)

vm_info: Java HotSpot(TM) 64-Bit Server VM (25.161-b12) for windows-amd64 JRE (1.8.0_161-b12), built on Dec 19 2017 17:52:25 by "java_re" with MS VC++ 10.0 (VS2010)

time: Fri May 14 14:53:24 2021
elapsed time: 86 seconds (0d 0h 1m 26s)

