#
# There is insufficient memory for the Java Runtime Environment to continue.
# Native memory allocation (malloc) failed to allocate 568816 bytes for Chunk::new
# Possible reasons:
#   The system is out of physical RAM or swap space
#   In 32 bit mode, the process size limit was hit
# Possible solutions:
#   Reduce memory load on the system
#   Increase physical memory or swap space
#   Check if swap backing store is full
#   Use 64 bit Java on a 64 bit OS
#   Decrease Java heap size (-Xmx/-Xms)
#   Decrease number of Java threads
#   Decrease Java thread stack sizes (-Xss)
#   Set larger code cache with -XX:ReservedCodeCacheSize=
# This output file may be truncated or incomplete.
#
#  Out of Memory Error (allocation.cpp:390), pid=8744, tid=0x0000000000002fac
#
# JRE version: Java(TM) SE Runtime Environment (8.0_161-b12) (build 1.8.0_161-b12)
# Java VM: Java HotSpot(TM) 64-Bit Server VM (25.161-b12 mixed mode windows-amd64 compressed oops)
# Failed to write core dump. Minidumps are not enabled by default on client versions of Windows
#

---------------  T H R E A D  ---------------

Current thread (0x000000001ec42000):  JavaThread "C2 CompilerThread0" daemon [_thread_in_native, id=12204, stack(0x000000001f310000,0x000000001f410000)]

Stack: [0x000000001f310000,0x000000001f410000]
[error occurred during error reporting (printing stack bounds), id 0xc0000005]

Native frames: (J=compiled Java code, j=interpreted, Vv=VM code, C=native code)


Current CompileTask:
C2: 136275 2605       4       javax.swing.text.Utilities::getTabbedTextWidth (348 bytes)


---------------  P R O C E S S  ---------------

Java Threads: ( => current thread )
  0x0000000021c7f800 JavaThread "Thread-14" [_thread_blocked, id=16492, stack(0x0000000020a60000,0x0000000020b60000)]
  0x0000000021c7c000 JavaThread "Thread-12" [_thread_blocked, id=16840, stack(0x0000000024410000,0x0000000024510000)]
  0x0000000021c7b000 JavaThread "Thread-10" [_thread_in_Java, id=14000, stack(0x0000000022af0000,0x0000000022bf0000)]
  0x0000000021c7f000 JavaThread "Thread-9" [_thread_in_native, id=14808, stack(0x0000000020b60000,0x0000000020c60000)]
  0x0000000021778000 JavaThread "Thread-2" [_thread_in_native, id=15448, stack(0x0000000020960000,0x0000000020a60000)]
  0x000000001fdbb800 JavaThread "AWT-EventQueue-0" [_thread_blocked, id=18052, stack(0x0000000022320000,0x0000000022420000)]
  0x000000001fe4a000 JavaThread "AWT-Shutdown" [_thread_blocked, id=15544, stack(0x0000000022220000,0x0000000022320000)]
  0x000000001fdbc800 JavaThread "AWT-Windows" daemon [_thread_in_native, id=4956, stack(0x00000000204e0000,0x00000000205e0000)]
  0x000000001fdbb000 JavaThread "Java2D Disposer" daemon [_thread_blocked, id=15020, stack(0x00000000202e0000,0x00000000203e0000)]
  0x000000001fdea800 JavaThread "TimerQueue" daemon [_thread_blocked, id=14244, stack(0x00000000201e0000,0x00000000202e0000)]
  0x000000001ece2800 JavaThread "Service Thread" daemon [_thread_blocked, id=16528, stack(0x000000001f710000,0x000000001f810000)]
  0x000000001ec54800 JavaThread "C1 CompilerThread3" daemon [_thread_blocked, id=11608, stack(0x000000001f610000,0x000000001f710000)]
  0x000000001ec4c800 JavaThread "C2 CompilerThread2" daemon [_thread_blocked, id=16148, stack(0x000000001f510000,0x000000001f610000)]
  0x000000001ec49800 JavaThread "C2 CompilerThread1" daemon [_thread_blocked, id=16800, stack(0x000000001f410000,0x000000001f510000)]
=>0x000000001ec42000 JavaThread "C2 CompilerThread0" daemon [_thread_in_native, id=12204, stack(0x000000001f310000,0x000000001f410000)]
  0x000000001ec41800 JavaThread "Attach Listener" daemon [_thread_blocked, id=16712, stack(0x000000001f210000,0x000000001f310000)]
  0x000000001ebed000 JavaThread "Signal Dispatcher" daemon [_thread_blocked, id=11612, stack(0x000000001f110000,0x000000001f210000)]
  0x00000000032cd800 JavaThread "Finalizer" daemon [_thread_blocked, id=16544, stack(0x000000001efb0000,0x000000001f0b0000)]
  0x00000000032cc000 JavaThread "Reference Handler" daemon [_thread_blocked, id=8276, stack(0x000000001eab0000,0x000000001ebb0000)]
  0x00000000031d4000 JavaThread "main" [_thread_blocked, id=15768, stack(0x0000000003040000,0x0000000003140000)]

Other Threads:
  0x000000001ccd9800 VMThread [stack: 0x000000001e9b0000,0x000000001eab0000] [id=15584]
  0x000000001ed1e800 WatcherThread [stack: 0x000000001f810000,0x000000001f910000] [id=16596]

VM state:not at safepoint (normal execution)

VM Mutex/Monitor currently owned by a thread: None

Heap:
 PSYoungGen      total 658432K, used 277623K [0x000000076b500000, 0x0000000794a80000, 0x00000007c0000000)
  eden space 639488K, 41% used [0x000000076b500000,0x000000077b701958,0x0000000792580000)
  from space 18944K, 70% used [0x0000000792580000,0x000000079329c438,0x0000000793800000)
  to   space 17920K, 0% used [0x0000000793900000,0x0000000793900000,0x0000000794a80000)
 ParOldGen       total 192000K, used 171289K [0x00000006c1e00000, 0x00000006cd980000, 0x000000076b500000)
  object space 192000K, 89% used [0x00000006c1e00000,0x00000006cc546748,0x00000006cd980000)
 Metaspace       used 19364K, capacity 19661K, committed 19968K, reserved 1069056K
  class space    used 2209K, capacity 2291K, committed 2304K, reserved 1048576K

Card table byte_map: [0x0000000012690000,0x0000000012e90000] byte_map_base: 0x000000000f081000

Marking Bits: (ParMarkBitMap*) 0x000000006904f860
 Begin Bits: [0x0000000013be0000, 0x0000000017b68000)
 End Bits:   [0x0000000017b68000, 0x000000001baf0000)

Polling page: 0x0000000002cd0000

CodeCache: size=245760Kb used=7758Kb max_used=7765Kb free=238002Kb
 bounds [0x00000000032d0000, 0x0000000003a80000, 0x00000000122d0000]
 total_blobs=2830 nmethods=2273 adapters=468
 compilation: enabled

Compilation events (10 events):
Event: 136.218 Thread 0x000000001ec54800 2614       3       sun.font.FontDesignMetrics::getDefaultFrc (53 bytes)
Event: 136.220 Thread 0x000000001ec54800 nmethod 2614 0x0000000003a66950 code [0x0000000003a66b80, 0x0000000003a677b8]
Event: 136.223 Thread 0x000000001ec49800 nmethod 2599 0x0000000003a6b250 code [0x0000000003a6b400, 0x0000000003a6beb8]
Event: 136.223 Thread 0x000000001ec49800 2616       4       sun.font.CMap$CMapFormat4::getGlyph (186 bytes)
Event: 136.232 Thread 0x000000001ec49800 nmethod 2616 0x0000000003a6c8d0 code [0x0000000003a6ca40, 0x0000000003a6cdb8]
Event: 136.232 Thread 0x000000001ec49800 2609       4       javax.swing.text.GlyphView::getEndOffset (38 bytes)
Event: 136.237 Thread 0x000000001ec49800 nmethod 2609 0x0000000003a67e90 code [0x0000000003a68000, 0x0000000003a681b8]
Event: 136.237 Thread 0x000000001ec49800 2611       4       sun.java2d.pipe.Region::getInstanceXYWH (16 bytes)
Event: 136.240 Thread 0x000000001ec49800 nmethod 2611 0x0000000003a6d2d0 code [0x0000000003a6d420, 0x0000000003a6d598]
Event: 136.248 Thread 0x000000001ec4c800 nmethod 2604 0x0000000003a6d710 code [0x0000000003a6d960, 0x0000000003a6ea90]

GC Heap History (10 events):
Event: 133.121 GC heap before
{Heap before GC invocations=46 (full 0):
 PSYoungGen      total 658432K, used 641428K [0x000000076b500000, 0x0000000794a80000, 0x00000007c0000000)
  eden space 639488K, 100% used [0x000000076b500000,0x0000000792580000,0x0000000792580000)
  from space 18944K, 10% used [0x0000000792580000,0x0000000792765220,0x0000000793800000)
  to   space 17920K, 0% used [0x0000000793900000,0x0000000793900000,0x0000000794a80000)
 ParOldGen       total 175104K, used 148190K [0x00000006c1e00000, 0x00000006cc900000, 0x000000076b500000)
  object space 175104K, 84% used [0x00000006c1e00000,0x00000006caeb79e8,0x00000006cc900000)
 Metaspace       used 14508K, capacity 14768K, committed 14976K, reserved 1062912K
  class space    used 1770K, capacity 1841K, committed 1920K, reserved 1048576K
Event: 133.129 GC heap after
Heap after GC invocations=46 (full 0):
 PSYoungGen      total 657408K, used 4151K [0x000000076b500000, 0x0000000794a80000, 0x00000007c0000000)
  eden space 639488K, 0% used [0x000000076b500000,0x000000076b500000,0x0000000792580000)
  from space 17920K, 23% used [0x0000000793900000,0x0000000793d0de20,0x0000000794a80000)
  to   space 18944K, 0% used [0x0000000792580000,0x0000000792580000,0x0000000793800000)
 ParOldGen       total 175104K, used 149838K [0x00000006c1e00000, 0x00000006cc900000, 0x000000076b500000)
  object space 175104K, 85% used [0x00000006c1e00000,0x00000006cb0539e8,0x00000006cc900000)
 Metaspace       used 14508K, capacity 14768K, committed 14976K, reserved 1062912K
  class space    used 1770K, capacity 1841K, committed 1920K, reserved 1048576K
}
Event: 133.234 GC heap before
{Heap before GC invocations=47 (full 0):
 PSYoungGen      total 657408K, used 643639K [0x000000076b500000, 0x0000000794a80000, 0x00000007c0000000)
  eden space 639488K, 100% used [0x000000076b500000,0x0000000792580000,0x0000000792580000)
  from space 17920K, 23% used [0x0000000793900000,0x0000000793d0de20,0x0000000794a80000)
  to   space 18944K, 0% used [0x0000000792580000,0x0000000792580000,0x0000000793800000)
 ParOldGen       total 175104K, used 149838K [0x00000006c1e00000, 0x00000006cc900000, 0x000000076b500000)
  object space 175104K, 85% used [0x00000006c1e00000,0x00000006cb0539e8,0x00000006cc900000)
 Metaspace       used 14508K, capacity 14768K, committed 14976K, reserved 1062912K
  class space    used 1770K, capacity 1841K, committed 1920K, reserved 1048576K
Event: 133.243 GC heap after
Heap after GC invocations=47 (full 0):
 PSYoungGen      total 658432K, used 1600K [0x000000076b500000, 0x0000000794a80000, 0x00000007c0000000)
  eden space 639488K, 0% used [0x000000076b500000,0x000000076b500000,0x0000000792580000)
  from space 18944K, 8% used [0x0000000792580000,0x0000000792710128,0x0000000793800000)
  to   space 17920K, 0% used [0x0000000793900000,0x0000000793900000,0x0000000794a80000)
 ParOldGen       total 175104K, used 153651K [0x00000006c1e00000, 0x00000006cc900000, 0x000000076b500000)
  object space 175104K, 87% used [0x00000006c1e00000,0x00000006cb40cf60,0x00000006cc900000)
 Metaspace       used 14508K, capacity 14768K, committed 14976K, reserved 1062912K
  class space    used 1770K, capacity 1841K, committed 1920K, reserved 1048576K
}
Event: 134.977 GC heap before
{Heap before GC invocations=48 (full 0):
 PSYoungGen      total 658432K, used 641088K [0x000000076b500000, 0x0000000794a80000, 0x00000007c0000000)
  eden space 639488K, 100% used [0x000000076b500000,0x0000000792580000,0x0000000792580000)
  from space 18944K, 8% used [0x0000000792580000,0x0000000792710128,0x0000000793800000)
  to   space 17920K, 0% used [0x0000000793900000,0x0000000793900000,0x0000000794a80000)
 ParOldGen       total 175104K, used 153651K [0x00000006c1e00000, 0x00000006cc900000, 0x000000076b500000)
  object space 175104K, 87% used [0x00000006c1e00000,0x00000006cb40cf60,0x00000006cc900000)
 Metaspace       used 16512K, capacity 16794K, committed 17024K, reserved 1064960K
  class space    used 2028K, capacity 2110K, committed 2176K, reserved 1048576K
Event: 135.042 GC heap after
Heap after GC invocations=48 (full 0):
 PSYoungGen      total 657408K, used 17917K [0x000000076b500000, 0x0000000794a80000, 0x00000007c0000000)
  eden space 639488K, 0% used [0x000000076b500000,0x000000076b500000,0x0000000792580000)
  from space 17920K, 99% used [0x0000000793900000,0x0000000794a7f460,0x0000000794a80000)
  to   space 18944K, 0% used [0x0000000792580000,0x0000000792580000,0x0000000793800000)
 ParOldGen       total 192000K, used 189556K [0x00000006c1e00000, 0x00000006cd980000, 0x000000076b500000)
  object space 192000K, 98% used [0x00000006c1e00000,0x00000006cd71d388,0x00000006cd980000)
 Metaspace       used 16512K, capacity 16794K, committed 17024K, reserved 1064960K
  class space    used 2028K, capacity 2110K, committed 2176K, reserved 1048576K
}
Event: 135.042 GC heap before
{Heap before GC invocations=49 (full 1):
 PSYoungGen      total 657408K, used 17917K [0x000000076b500000, 0x0000000794a80000, 0x00000007c0000000)
  eden space 639488K, 0% used [0x000000076b500000,0x000000076b500000,0x0000000792580000)
  from space 17920K, 99% used [0x0000000793900000,0x0000000794a7f460,0x0000000794a80000)
  to   space 18944K, 0% used [0x0000000792580000,0x0000000792580000,0x0000000793800000)
 ParOldGen       total 192000K, used 189556K [0x00000006c1e00000, 0x00000006cd980000, 0x000000076b500000)
  object space 192000K, 98% used [0x00000006c1e00000,0x00000006cd71d388,0x00000006cd980000)
 Metaspace       used 16512K, capacity 16794K, committed 17024K, reserved 1064960K
  class space    used 2028K, capacity 2110K, committed 2176K, reserved 1048576K
Event: 135.822 GC heap after
Heap after GC invocations=49 (full 1):
 PSYoungGen      total 657408K, used 0K [0x000000076b500000, 0x0000000794a80000, 0x00000007c0000000)
  eden space 639488K, 0% used [0x000000076b500000,0x000000076b500000,0x0000000792580000)
  from space 17920K, 0% used [0x0000000793900000,0x0000000793900000,0x0000000794a80000)
  to   space 18944K, 0% used [0x0000000792580000,0x0000000792580000,0x0000000793800000)
 ParOldGen       total 192000K, used 171281K [0x00000006c1e00000, 0x00000006cd980000, 0x000000076b500000)
  object space 192000K, 89% used [0x00000006c1e00000,0x00000006cc544748,0x00000006cd980000)
 Metaspace       used 16512K, capacity 16794K, committed 17024K, reserved 1064960K
  class space    used 2028K, capacity 2110K, committed 2176K, reserved 1048576K
}
Event: 136.167 GC heap before
{Heap before GC invocations=50 (full 1):
 PSYoungGen      total 657408K, used 639488K [0x000000076b500000, 0x0000000794a80000, 0x00000007c0000000)
  eden space 639488K, 100% used [0x000000076b500000,0x0000000792580000,0x0000000792580000)
  from space 17920K, 0% used [0x0000000793900000,0x0000000793900000,0x0000000794a80000)
  to   space 18944K, 0% used [0x0000000792580000,0x0000000792580000,0x0000000793800000)
 ParOldGen       total 192000K, used 171281K [0x00000006c1e00000, 0x00000006cd980000, 0x000000076b500000)
  object space 192000K, 89% used [0x00000006c1e00000,0x00000006cc544748,0x00000006cd980000)
 Metaspace       used 19278K, capacity 19533K, committed 19712K, reserved 1067008K
  class space    used 2204K, capacity 2291K, committed 2304K, reserved 1048576K
Event: 136.187 GC heap after
Heap after GC invocations=50 (full 1):
 PSYoungGen      total 658432K, used 13425K [0x000000076b500000, 0x0000000794a80000, 0x00000007c0000000)
  eden space 639488K, 0% used [0x000000076b500000,0x000000076b500000,0x0000000792580000)
  from space 18944K, 70% used [0x0000000792580000,0x000000079329c438,0x0000000793800000)
  to   space 17920K, 0% used [0x0000000793900000,0x0000000793900000,0x0000000794a80000)
 ParOldGen       total 192000K, used 171289K [0x00000006c1e00000, 0x00000006cd980000, 0x000000076b500000)
  object space 192000K, 89% used [0x00000006c1e00000,0x00000006cc546748,0x00000006cd980000)
 Metaspace       used 19278K, capacity 19533K, committed 19712K, reserved 1067008K
  class space    used 2204K, capacity 2291K, committed 2304K, reserved 1048576K
}

Deoptimization events (10 events):
Event: 134.897 Thread 0x0000000021423000 Uncommon trap: reason=class_check action=maybe_recompile pc=0x00000000039fc824 method=java.util.regex.Pattern$Curly.match0(Ljava/util/regex/Matcher;IILjava/lang/CharSequence;)Z @ 170
Event: 134.897 Thread 0x0000000021423000 Uncommon trap: reason=bimorphic action=maybe_recompile pc=0x0000000003a1d668 method=java.util.regex.Pattern$GroupTail.match(Ljava/util/regex/Matcher;ILjava/lang/CharSequence;)Z @ 70
Event: 134.897 Thread 0x0000000021423000 Uncommon trap: reason=bimorphic action=maybe_recompile pc=0x00000000039bef7c method=java.util.regex.Pattern$BmpCharProperty.match(Ljava/util/regex/Matcher;ILjava/lang/CharSequence;)Z @ 16
Event: 134.897 Thread 0x0000000021423000 Uncommon trap: reason=bimorphic action=maybe_recompile pc=0x0000000003a1d668 method=java.util.regex.Pattern$GroupTail.match(Ljava/util/regex/Matcher;ILjava/lang/CharSequence;)Z @ 70
Event: 134.900 Thread 0x0000000021423000 Uncommon trap: reason=unstable_if action=reinterpret pc=0x000000000368ace8 method=java.lang.AbstractStringBuilder.append(Ljava/lang/CharSequence;)Ljava/lang/AbstractStringBuilder; @ 13
Event: 134.911 Thread 0x0000000021423000 Uncommon trap: reason=bimorphic action=maybe_recompile pc=0x00000000035853f8 method=java.io.BufferedInputStream.read([BII)I @ 101
Event: 134.964 Thread 0x0000000021423000 Uncommon trap: reason=bimorphic action=maybe_recompile pc=0x00000000035853f8 method=java.io.BufferedInputStream.read([BII)I @ 101
Event: 134.964 Thread 0x0000000021423000 Uncommon trap: reason=bimorphic action=maybe_recompile pc=0x00000000035853f8 method=java.io.BufferedInputStream.read([BII)I @ 101
Event: 134.971 Thread 0x0000000021423000 Uncommon trap: reason=unstable_if action=reinterpret pc=0x0000000003848128 method=java.util.zip.InflaterInputStream.read([BII)I @ 69
Event: 135.822 Thread 0x00000000032cc000 Uncommon trap: reason=unstable_if action=reinterpret pc=0x00000000035245e8 method=java.lang.ref.Reference.tryHandlePending(Z)Z @ 20

Classes redefined (0 events):
No events

Internal exceptions (10 events):
Event: 17.975 Thread 0x00000000031d4000 Implicit null exception at 0x0000000003486956 to 0x0000000003486cf9
Event: 35.035 Thread 0x00000000031d4000 Exception <a 'java/io/FileNotFoundException'> (0x000000076bafb5a0) thrown at [C:\re\workspace\8-2-build-windows-amd64-cygwin\jdk8u161\10277\hotspot\src\share\vm\prims\jni.cpp, line 709]
Event: 35.035 Thread 0x00000000031d4000 Exception <a 'java/lang/NullPointerException'> (0x000000076bafbbd8) thrown at [C:\re\workspace\8-2-build-windows-amd64-cygwin\jdk8u161\10277\hotspot\src\share\vm\interpreter\linkResolver.cpp, line 1185]
Event: 35.472 Thread 0x000000001fdbb800 Exception <a 'sun/java2d/InvalidPipeException': bounds changed> (0x000000076bc32850) thrown at [C:\re\workspace\8-2-build-windows-amd64-cygwin\jdk8u161\10277\hotspot\src\share\vm\prims\jni.cpp, line 735]
Event: 133.994 Thread 0x00000000031d4000 Implicit null exception at 0x00000000038f250f to 0x00000000038f268d
Event: 134.874 Thread 0x0000000021423000 Implicit null exception at 0x000000000382589d to 0x0000000003825a9e
Event: 134.898 Thread 0x00000000031d4000 Exception <a 'java/lang/NullPointerException'> (0x000000079083a1e8) thrown at [C:\re\workspace\8-2-build-windows-amd64-cygwin\jdk8u161\10277\hotspot\src\share\vm\interpreter\linkResolver.cpp, line 1185]
Event: 136.160 Thread 0x0000000021423000 Exception <a 'java/lang/OutOfMemoryError': unable to create new native thread> (0x000000076d3a0bd8) thrown at [C:\re\workspace\8-2-build-windows-amd64-cygwin\jdk8u161\10277\hotspot\src\share\vm\prims\jvm.cpp, line 3033]
Event: 136.160 Thread 0x0000000021423000 Exception <a 'java/lang/reflect/InvocationTargetException'> (0x000000076d3a0de0) thrown at [C:\re\workspace\8-2-build-windows-amd64-cygwin\jdk8u161\10277\hotspot\src\share\vm\runtime\reflection.cpp, line 1092]
Event: 136.160 Thread 0x0000000021423000 Exception <a 'java/lang/OutOfMemoryError'> (0x000000076d3a0bd8) thrown at [C:\re\workspace\8-2-build-windows-amd64-cygwin\jdk8u161\10277\hotspot\src\share\vm\prims\jvm.cpp, line 1394]

Events (10 events):
Event: 136.163 Thread 0x0000000021423000 Thread exited: 0x0000000021423000
Event: 136.167 Executing VM operation: ParallelGCFailedAllocation
Event: 136.187 Executing VM operation: ParallelGCFailedAllocation done
Event: 136.191 Executing VM operation: CollectForMetadataAllocation
Event: 136.192 Executing VM operation: CollectForMetadataAllocation done
Event: 136.197 loading class PEI/thread/MakeContainerZNXZ
Event: 136.197 loading class PEI/thread/MakeContainerZNXZ done
Event: 136.203 loading class AVQ/OEQ/cap/Monitor
Event: 136.203 loading class AVQ/OEQ/cap/Monitor done
Event: 136.205 Thread 0x0000000021c7f800 Thread added: 0x0000000021c7f800


Dynamic libraries:
0x00007ff6c31c0000 - 0x00007ff6c31f7000 	C:\Program Files\Java\jdk1.8.0_161\jre\bin\javaw.exe
0x00007ffc62240000 - 0x00007ffc62430000 	C:\WINDOWS\SYSTEM32\ntdll.dll
0x00007ffc48b20000 - 0x00007ffc48b33000 	D:\Program Files\AVAST Software\Avast\aswhook.dll
0x00007ffc62120000 - 0x00007ffc621d2000 	C:\WINDOWS\System32\KERNEL32.DLL
0x00007ffc5ff90000 - 0x00007ffc60233000 	C:\WINDOWS\System32\KERNELBASE.dll
0x00007ffc616d0000 - 0x00007ffc61773000 	C:\WINDOWS\System32\ADVAPI32.dll
0x00007ffc61b10000 - 0x00007ffc61bae000 	C:\WINDOWS\System32\msvcrt.dll
0x00007ffc62080000 - 0x00007ffc62117000 	C:\WINDOWS\System32\sechost.dll
0x00007ffc61bb0000 - 0x00007ffc61cd0000 	C:\WINDOWS\System32\RPCRT4.dll
0x00007ffc60610000 - 0x00007ffc607a4000 	C:\WINDOWS\System32\USER32.dll
0x00007ffc602c0000 - 0x00007ffc602e1000 	C:\WINDOWS\System32\win32u.dll
0x00007ffc618a0000 - 0x00007ffc618c6000 	C:\WINDOWS\System32\GDI32.dll
0x00007ffc5f970000 - 0x00007ffc5fb04000 	C:\WINDOWS\System32\gdi32full.dll
0x00007ffc5fbf0000 - 0x00007ffc5fc8e000 	C:\WINDOWS\System32\msvcp_win.dll
0x00007ffc5fe90000 - 0x00007ffc5ff8a000 	C:\WINDOWS\System32\ucrtbase.dll
0x00007ffc4a460000 - 0x00007ffc4a6e5000 	C:\WINDOWS\WinSxS\amd64_microsoft.windows.common-controls_6595b64144ccf1df_6.0.18362.778_none_e6c6b761130d4fb8\COMCTL32.dll
0x00007ffc61d40000 - 0x00007ffc62076000 	C:\WINDOWS\System32\combase.dll
0x00007ffc60240000 - 0x00007ffc602c0000 	C:\WINDOWS\System32\bcryptPrimitives.dll
0x00007ffc60300000 - 0x00007ffc6032e000 	C:\WINDOWS\System32\IMM32.DLL
0x00000000690d0000 - 0x00000000691a2000 	C:\Program Files\Java\jdk1.8.0_161\jre\bin\msvcr100.dll
0x0000000068830000 - 0x00000000690cf000 	C:\Program Files\Java\jdk1.8.0_161\jre\bin\server\jvm.dll
0x00007ffc61890000 - 0x00007ffc61898000 	C:\WINDOWS\System32\PSAPI.DLL
0x00007ffc54a00000 - 0x00007ffc54a09000 	C:\WINDOWS\SYSTEM32\WSOCK32.dll
0x00007ffc614d0000 - 0x00007ffc6153f000 	C:\WINDOWS\System32\WS2_32.dll
0x00007ffc53e10000 - 0x00007ffc53e34000 	C:\WINDOWS\SYSTEM32\WINMM.dll
0x00007ffc5a560000 - 0x00007ffc5a56a000 	C:\WINDOWS\SYSTEM32\VERSION.dll
0x00007ffc53de0000 - 0x00007ffc53e0d000 	C:\WINDOWS\SYSTEM32\WINMMBASE.dll
0x00007ffc5fe40000 - 0x00007ffc5fe8a000 	C:\WINDOWS\System32\cfgmgr32.dll
0x0000000069d80000 - 0x0000000069d8f000 	C:\Program Files\Java\jdk1.8.0_161\jre\bin\verify.dll
0x0000000069d50000 - 0x0000000069d79000 	C:\Program Files\Java\jdk1.8.0_161\jre\bin\java.dll
0x0000000069d30000 - 0x0000000069d46000 	C:\Program Files\Java\jdk1.8.0_161\jre\bin\zip.dll
0x00007ffc60de0000 - 0x00007ffc614c5000 	C:\WINDOWS\System32\SHELL32.dll
0x00007ffc617e0000 - 0x00007ffc61889000 	C:\WINDOWS\System32\shcore.dll
0x00007ffc5f1d0000 - 0x00007ffc5f950000 	C:\WINDOWS\System32\windows.storage.dll
0x00007ffc5f1a0000 - 0x00007ffc5f1c3000 	C:\WINDOWS\System32\profapi.dll
0x00007ffc5f110000 - 0x00007ffc5f15a000 	C:\WINDOWS\System32\powrprof.dll
0x00007ffc5f100000 - 0x00007ffc5f110000 	C:\WINDOWS\System32\UMPDC.dll
0x00007ffc60d80000 - 0x00007ffc60dd2000 	C:\WINDOWS\System32\shlwapi.dll
0x00007ffc5f160000 - 0x00007ffc5f171000 	C:\WINDOWS\System32\kernel.appcore.dll
0x00007ffc5f950000 - 0x00007ffc5f967000 	C:\WINDOWS\System32\cryptsp.dll
0x00007ffc5e480000 - 0x00007ffc5e4b3000 	C:\WINDOWS\system32\rsaenh.dll
0x00007ffc5fb10000 - 0x00007ffc5fb36000 	C:\WINDOWS\System32\bcrypt.dll
0x00007ffc5eff0000 - 0x00007ffc5f015000 	C:\WINDOWS\SYSTEM32\USERENV.dll
0x00007ffc5eae0000 - 0x00007ffc5eaec000 	C:\WINDOWS\SYSTEM32\CRYPTBASE.dll
0x0000000068520000 - 0x000000006853a000 	C:\Program Files\Java\jdk1.8.0_161\jre\bin\net.dll
0x00007ffc5e910000 - 0x00007ffc5e977000 	C:\WINDOWS\system32\mswsock.dll
0x00007ffc5e620000 - 0x00007ffc5e65a000 	C:\WINDOWS\SYSTEM32\IPHLPAPI.DLL
0x00007ffc602f0000 - 0x00007ffc602f8000 	C:\WINDOWS\System32\NSI.dll
0x00007ffc57b10000 - 0x00007ffc57b26000 	C:\WINDOWS\SYSTEM32\dhcpcsvc6.DLL
0x00007ffc593c0000 - 0x00007ffc593dc000 	C:\WINDOWS\SYSTEM32\dhcpcsvc.DLL
0x00007ffc5e660000 - 0x00007ffc5e72a000 	C:\WINDOWS\SYSTEM32\DNSAPI.dll
0x0000000068500000 - 0x0000000068511000 	C:\Program Files\Java\jdk1.8.0_161\jre\bin\nio.dll
0x0000000068690000 - 0x0000000068828000 	C:\Program Files\Java\jdk1.8.0_161\jre\bin\awt.dll
0x00007ffc60390000 - 0x00007ffc60454000 	C:\WINDOWS\System32\OLEAUT32.dll
0x00007ffc5cdb0000 - 0x00007ffc5ce3f000 	C:\WINDOWS\SYSTEM32\apphelp.dll
0x00007ffc5d0e0000 - 0x00007ffc5d179000 	C:\WINDOWS\system32\uxtheme.dll
0x00007ffc619d0000 - 0x00007ffc61b06000 	C:\WINDOWS\System32\MSCTF.dll
0x00007ffc607b0000 - 0x00007ffc60907000 	C:\WINDOWS\System32\ole32.dll
0x00007ffc5d6d0000 - 0x00007ffc5d6fd000 	C:\WINDOWS\system32\DWMAPI.DLL
0x00007ffc39aa0000 - 0x00007ffc39bf6000 	C:\WINDOWS\system32\opengl32.dll
0x00007ffc3c4c0000 - 0x00007ffc3c4ec000 	C:\WINDOWS\SYSTEM32\GLU32.dll
0x00007ffc5dd70000 - 0x00007ffc5dd90000 	C:\WINDOWS\SYSTEM32\dxcore.dll
0x0000000069ce0000 - 0x0000000069d27000 	C:\Program Files\Java\jdk1.8.0_161\jre\bin\fontmanager.dll
0x00007ffc61620000 - 0x00007ffc616c2000 	C:\WINDOWS\System32\clbcatq.dll
0x00007ffc52480000 - 0x00007ffc5262f000 	C:\WINDOWS\SYSTEM32\WindowsCodecs.dll
0x00007ffc367b0000 - 0x00007ffc367ea000 	C:\WINDOWS\system32\dataexchange.dll
0x00007ffc5bdf0000 - 0x00007ffc5c04b000 	C:\WINDOWS\system32\d3d11.dll
0x00007ffc5c590000 - 0x00007ffc5c76c000 	C:\WINDOWS\system32\dcomp.dll
0x00007ffc5de00000 - 0x00007ffc5deeb000 	C:\WINDOWS\system32\dxgi.dll
0x00007ffc5d180000 - 0x00007ffc5d3da000 	C:\WINDOWS\system32\twinapi.appcore.dll
0x00007ffc5d5e0000 - 0x00007ffc5d609000 	C:\WINDOWS\system32\RMCLIENT.dll
0x00000000684b0000 - 0x00000000684f2000 	C:\Program Files\Java\jdk1.8.0_161\jre\bin\t2k.dll
0x00007ffc52a60000 - 0x00007ffc52afe000 	C:\WINDOWS\System32\TextInputFramework.dll
0x00007ffc52c60000 - 0x00007ffc52f8a000 	C:\WINDOWS\System32\CoreUIComponents.dll
0x00007ffc5c4b0000 - 0x00007ffc5c584000 	C:\WINDOWS\System32\CoreMessaging.dll
0x00007ffc5e160000 - 0x00007ffc5e191000 	C:\WINDOWS\SYSTEM32\ntmarta.dll
0x00007ffc5a850000 - 0x00007ffc5a9a3000 	C:\WINDOWS\SYSTEM32\wintypes.dll
0x00007ffc53870000 - 0x00007ffc53b16000 	C:\WINDOWS\System32\iertutil.dll
0x00000000637c0000 - 0x00000000637ca000 	C:\Users\Lenovo\AppData\Local\Temp\jogamp.tmp.cache_000000\jln6241311242467626509\jln8646949245551873840\gluegen-rt.dll
0x0000000069c90000 - 0x0000000069c97000 	C:\Program Files\Java\jdk1.8.0_161\jre\bin\jawt.dll
0x000000006a440000 - 0x000000006a44b000 	C:\Users\Lenovo\AppData\Local\Temp\jogamp.tmp.cache_000000\jln6241311242467626509\jln8646949245551873840\nativewindow_awt.dll
0x000000006c100000 - 0x000000006c10b000 	C:\Users\Lenovo\AppData\Local\Temp\jogamp.tmp.cache_000000\jln6241311242467626509\jln8646949245551873840\nativewindow_win32.dll
0x0000000064500000 - 0x000000006458d000 	C:\Users\Lenovo\AppData\Local\Temp\jogamp.tmp.cache_000000\jln6241311242467626509\jln8646949245551873840\jogl_desktop.dll

VM Arguments:
jvm_args: -Dfile.encoding=GBK 
java_command: ME.sample.Frame
java_class_path (initial): D:\Users\Lenovo\eclipse-workspace\DETA_YLJ1.5.9\target\classes;D:\Users\Lenovo\eclipse-workspace\DETA_YLJ1.5.9\lib\bssm.jar;D:\Users\Lenovo\eclipse-workspace\DETA_YLJ1.5.9\lib\commons-math-2.1.jar;D:\Users\Lenovo\eclipse-workspace\DETA_YLJ1.5.9\lib\commons-math3-3.0.jar;D:\Users\Lenovo\eclipse-workspace\DETA_YLJ1.5.9\lib\customizer.jar;D:\Users\Lenovo\eclipse-workspace\DETA_YLJ1.5.9\lib\ffmpeg-3.2.1-1.3-windows-x86_64.jar;D:\Users\Lenovo\eclipse-workspace\DETA_YLJ1.5.9\lib\ffmpeg-platform-3.2.1-1.3.jar;D:\Users\Lenovo\eclipse-workspace\DETA_YLJ1.5.9\lib;D:\Users\Lenovo\eclipse-workspace\DETA_YLJ1.5.9\lib\flandmark-1.07-1.3.jar;D:\Users\Lenovo\eclipse-workspace\DETA_YLJ1.5.9\lib\flandmark-platform-1.07-1.3.jar;D:\Users\Lenovo\eclipse-workspace\DETA_YLJ1.5.9\lib\flycapture-2.9.3.43-1.3-windows-x86_64.jar;D:\Users\Lenovo\eclipse-workspace\DETA_YLJ1.5.9\lib\flycapture-2.9.3.43-1.3.jar;D:\Users\Lenovo\eclipse-workspace\DETA_YLJ1.5.9\lib\flycapture-platform-2.9.3.43-1.3.jar;D:\Users\Lenovo\eclipse-workspace\DETA_YLJ1.5.9\lib\gluegen-rt.jar;D:\Users\Lenovo\eclipse-workspace\DETA_YLJ1.5.9\lib\gluegen.jar;D:\Users\Lenovo\eclipse-workspace\DETA_YLJ1.5.9\lib\gnujaxp.jar;D:\Users\Lenovo\eclipse-workspace\DETA_YLJ1.5.9\lib\icam.jar;D:\Users\Lenovo\eclipse-workspace\DETA_YLJ1.5.9\lib\iText-2.1.5.jar;D:\Users\Lenovo\eclipse-workspace\DETA_YLJ1.5.9\lib\javabuilder.jar;D:\Users\Lenovo\eclipse-workspace\DETA_YLJ1.5.9\lib\javacpp-1.3.jar;D:\Users\Lenovo\eclipse-workspace\DETA_YLJ1.5.9\lib\javacv-platform-1.3.jar;D:\Users\Lenovo\eclipse-workspace\DETA_YLJ1.5.9\lib\jcommon-1.0.16.jar;D:\Users\Lenovo\eclipse-workspace\DETA_YLJ1.5.9\lib\jfreechart-1.0.13-experimental.jar;D:\Users\Lenovo\eclipse-workspace\DETA_YLJ1.5.9\lib\jfreechart-1.0.13-swt.jar;D:\Users\Lenovo\eclipse-workspace\DETA_YLJ1.5.9\lib\jfreechart-1.0.13.jar;D:\Users\Lenovo\eclipse-workspace\DETA_YLJ1.5.9\lib\jmf.jar;D:\Users\Lenovo\eclipse-workspace\DETA_YLJ1.5.9\lib\jogl.all.jar;D:\Users\Lenovo\e
Launcher Type: SUN_STANDARD

Environment Variables:
PATH=C:/Program Files/Java/jre1.8.0_161/bin/server;C:/Program Files/Java/jre1.8.0_161/bin;C:/Program Files/Java/jre1.8.0_161/lib/amd64;C:\ProgramData\Oracle\Java\javapath;C:\Program Files (x86)\Intel\Intel(R) Management Engine Components\iCLS\;C:\Program Files\Intel\Intel(R) Management Engine Components\iCLS\;C:\Windows\system32;C:\Windows;C:\Windows\System32\Wbem;C:\Windows\System32\WindowsPowerShell\v1.0\;C:\Windows\System32\OpenSSH\;C:\Program Files (x86)\Intel\Intel(R) Management Engine Components\DAL;C:\Program Files\Intel\Intel(R) Management Engine Components\DAL;C:\Program Files (x86)\Intel\Intel(R) Management Engine Components\IPT;C:\Program Files\Intel\Intel(R) Management Engine Components\IPT;C:\Program Files (x86)\NVIDIA Corporation\PhysX\Common;C:\Program Files\Java\jdk1.8.0_161\bin;C:\Program Files\Java\jre1.8.0_161\bin;C:\Program Files\NVIDIA Corporation\NVIDIA NvDLISR;C:\WINDOWS\system32;C:\WINDOWS;C:\WINDOWS\System32\Wbem;C:\WINDOWS\System32\WindowsPowerShell\v1.0\;C:\WINDOWS\System32\OpenSSH\;D:\jdk\64\6.1.9\bin;D:\jdk\64\6.1.9;C:\Users\Lenovo\AppData\Local\Microsoft\WindowsApps;;C:\Users\Lenovo\Desktop\ZHUOMIAN;
USERNAME=Lenovo
OS=Windows_NT
PROCESSOR_IDENTIFIER=Intel64 Family 6 Model 158 Stepping 10, GenuineIntel



---------------  S Y S T E M  ---------------

OS: Windows 10.0 , 64 bit Build 18362 (10.0.18362.778)

CPU:total 8 (initial active 8) (4 cores per cpu, 2 threads per core) family 6 model 158 stepping 10, cmov, cx8, fxsr, mmx, sse, sse2, sse3, ssse3, sse4.1, sse4.2, popcnt, avx, avx2, aes, clmul, erms, 3dnowpref, lzcnt, ht, tsc, tscinvbit, bmi1, bmi2, adx

Memory: 4k page, physical 16648500k(8444632k free), swap 32114352k(5124k free)

vm_info: Java HotSpot(TM) 64-Bit Server VM (25.161-b12) for windows-amd64 JRE (1.8.0_161-b12), built on Dec 19 2017 17:52:25 by "java_re" with MS VC++ 10.0 (VS2010)

time: Sun Dec 20 00:28:07 2020
elapsed time: 136 seconds (0d 0h 2m 16s)

