#
# A fatal error has been detected by the Java Runtime Environment:
#
#  EXCEPTION_ACCESS_VIOLATION (0xc0000005) at pc=0x00007ff975fa72a6, pid=17048, tid=0x0000000000003be0
#
# JRE version: Java(TM) SE Runtime Environment (8.0_161-b12) (build 1.8.0_161-b12)
# Java VM: Java HotSpot(TM) 64-Bit Server VM (25.161-b12 mixed mode windows-amd64 compressed oops)
# Problematic frame:
# C  [ntdll.dll+0x72a6]
#
# Failed to write core dump. Minidumps are not enabled by default on client versions of Windows
#
# If you would like to submit a bug report, please visit:
#   http://bugreport.java.com/bugreport/crash.jsp
# The crash happened outside the Java Virtual Machine in native code.
# See problematic frame for where to report the bug.
#

---------------  T H R E A D  ---------------

Current thread (0x0000000021e25800):  JavaThread "Thread-14" [_thread_in_native, id=15328, stack(0x000000002ffd0000,0x00000000300d0000)]

siginfo: ExceptionCode=0xc0000005, writing address 0x0000000000000024

Registers:
RAX=0x0000000000000000, RBX=0x00000000268a5f08, RCX=0x00000000268a5f08, RDX=0x00000000fffffffa
RSP=0x00000000300ce5e0, RBP=0x0000000000000000, RSI=0x0000000000000000, RDI=0x0000000000000000
R8 =0x0000000000000000, R9 =0x00000000268a5f00, R10=0x0000000000000000, R11=0x0000000000000246
R12=0x0000000000000000, R13=0x00000000006be000, R14=0x0000000000000001, R15=0x0000000000000000
RIP=0x00007ff975fa72a6, EFLAGS=0x0000000000010213

Top of Stack: (sp=0x00000000300ce5e0)
0x00000000300ce5e0:   ffffffffffffffff 00000000268a5f08
0x00000000300ce5f0:   00000006d29844f0 00000007770cbc38
0x00000000300ce600:   00000006c24b6550 00000006c3a51928
0x00000000300ce610:   00000006c2bb5a68 0000000000000000
0x00000000300ce620:   0000000000000000 408c2000fffffffa
0x00000000300ce630:   00000000006be000 000000005c6973d5
0x00000000300ce640:   00000000000001e0 0000000002d98dcc
0x00000000300ce650:   00000006c3a514d8 0000000000000000
0x00000000300ce660:   0000000000000000 0000000000000280
0x00000000300ce670:   00004c159eea8764 0000000002a21cd0
0x00000000300ce680:   0000000021e25800 0000000000000001
0x00000000300ce690:   0000000000000001 0000000000000001
0x00000000300ce6a0:   0000000000000000 00000000268a5f08
0x00000000300ce6b0:   0000000000000000 00007ff975fbb576
0x00000000300ce6c0:   000000005ca953c8 00000000ff010000
0x00000000300ce6d0:   00000000fffffffa ffffffffff676980 

Instructions: (pc=0x00007ff975fa72a6)
0x00007ff975fa7286:   48 39 73 18 0f 84 d1 00 00 00 48 8b 03 48 83 f8
0x00007ff975fa7296:   ff 0f 84 d1 00 00 00 44 8b fe 48 83 f8 ff 74 03
0x00007ff975fa72a6:   ff 40 24 4c 8b 73 18 4c 8d 2d 44 82 15 00 bd 22
0x00007ff975fa72b6:   17 00 00 e8 c2 94 03 00 85 c0 0f 85 9e 19 0a 00 


Register to memory mapping:

RAX=0x0000000000000000 is an unknown value
RBX=0x00000000268a5f08 is an unknown value
RCX=0x00000000268a5f08 is an unknown value
RDX=0x00000000fffffffa is an unknown value
RSP=0x00000000300ce5e0 is pointing into the stack for thread: 0x0000000021e25800
RBP=0x0000000000000000 is an unknown value
RSI=0x0000000000000000 is an unknown value
RDI=0x0000000000000000 is an unknown value
R8 =0x0000000000000000 is an unknown value
R9 =0x00000000268a5f00 is an unknown value
R10=0x0000000000000000 is an unknown value
R11=0x0000000000000246 is an unknown value
R12=0x0000000000000000 is an unknown value
R13=0x00000000006be000 is an unknown value
R14=0x0000000000000001 is an unknown value
R15=0x0000000000000000 is an unknown value


Stack: [0x000000002ffd0000,0x00000000300d0000],  sp=0x00000000300ce5e0,  free space=1017k
Native frames: (J=compiled Java code, j=interpreted, Vv=VM code, C=native code)

Java frames: (J=compiled Java code, j=interpreted, Vv=VM code)
J 5535  org.bytedeco.javacpp.opencv_videoio$VideoCapture.retrieve(Lorg/bytedeco/javacpp/opencv_core$Mat;)Z (0 bytes) @ 0x0000000003374fcf [0x0000000003374f80+0x4f]
J 5566 C1 org.bytedeco.javacv.OpenCVFrameGrabber.grab()Lorg/bytedeco/javacv/Frame; (255 bytes) @ 0x0000000003ac98c4 [0x0000000003ac9820+0xa4]
J 4090 C2 AVQ.OEQ.cap.Monitor.paint(Ljava/awt/Graphics;)V (6338 bytes) @ 0x00000000037da830 [0x00000000037da7e0+0x50]
j  PEI.thread.MakeContainerZNXZ.run()V+7293
v  ~StubRoutines::call_stub

---------------  P R O C E S S  ---------------

Java Threads: ( => current thread )
  0x000000001f320000 JavaThread "Timer-1" [_thread_blocked, id=6732, stack(0x000000002ebd0000,0x000000002ecd0000)]
  0x000000001f31f800 JavaThread "DestroyJavaVM" [_thread_blocked, id=19620, stack(0x00000000026c0000,0x00000000027c0000)]
  0x000000001f324800 JavaThread "Thread-41" [_thread_blocked, id=5908, stack(0x0000000032b40000,0x0000000032c40000)]
  0x000000001f322800 JavaThread "Thread-40" [_thread_blocked, id=32, stack(0x0000000030e10000,0x0000000030f10000)]
  0x000000001f327000 JavaThread "JavaCPP Deallocator" daemon [_thread_blocked, id=11216, stack(0x0000000031710000,0x0000000031810000)]
  0x0000000021e24000 JavaThread "Timer-0" [_thread_blocked, id=8440, stack(0x00000000300d0000,0x00000000301d0000)]
=>0x0000000021e25800 JavaThread "Thread-14" [_thread_in_native, id=15328, stack(0x000000002ffd0000,0x00000000300d0000)]
  0x0000000021e27000 JavaThread "Thread-6-SharedResourceRunner" daemon [_thread_blocked, id=11460, stack(0x000000002ecd0000,0x000000002edd0000)]
  0x000000001f726800 JavaThread "Thread-11" [_thread_in_native, id=15260, stack(0x000000002ead0000,0x000000002ebd0000)]
  0x0000000021187800 JavaThread "Thread-9" [_thread_in_native, id=16748, stack(0x000000002c810000,0x000000002c910000)]
  0x000000001f3fb800 JavaThread "Thread-2" [_thread_in_native, id=19400, stack(0x0000000022140000,0x0000000022240000)]
  0x0000000021c76000 JavaThread "D3D Screen Updater" daemon [_thread_blocked, id=10136, stack(0x0000000020a80000,0x0000000020b80000)]
  0x000000001f530800 JavaThread "AWT-EventQueue-0" [_thread_in_native, id=1552, stack(0x0000000020680000,0x0000000020780000)]
  0x000000001f26a000 JavaThread "AWT-Shutdown" [_thread_blocked, id=14516, stack(0x0000000020580000,0x0000000020680000)]
  0x000000001f477800 JavaThread "AWT-Windows" daemon [_thread_in_native, id=11328, stack(0x0000000020330000,0x0000000020430000)]
  0x000000001f376000 JavaThread "Java2D Disposer" daemon [_thread_blocked, id=12128, stack(0x0000000020130000,0x0000000020230000)]
  0x000000001f675000 JavaThread "TimerQueue" daemon [_thread_blocked, id=16728, stack(0x0000000020030000,0x0000000020130000)]
  0x000000001f221000 JavaThread "Service Thread" daemon [_thread_blocked, id=10584, stack(0x000000001fd80000,0x000000001fe80000)]
  0x000000001f1da800 JavaThread "C1 CompilerThread3" daemon [_thread_blocked, id=144, stack(0x000000001fc80000,0x000000001fd80000)]
  0x000000001f1d1800 JavaThread "C2 CompilerThread2" daemon [_thread_blocked, id=4796, stack(0x000000001fb80000,0x000000001fc80000)]
  0x000000001f1cf000 JavaThread "C2 CompilerThread1" daemon [_thread_blocked, id=19224, stack(0x000000001fa80000,0x000000001fb80000)]
  0x000000001f1cc000 JavaThread "C2 CompilerThread0" daemon [_thread_blocked, id=15800, stack(0x000000001f980000,0x000000001fa80000)]
  0x000000001e4e9800 JavaThread "JDWP Command Reader" daemon [_thread_in_native, id=11140, stack(0x000000001f080000,0x000000001f180000)]
  0x000000001e4e8800 JavaThread "JDWP Event Helper Thread" daemon [_thread_blocked, id=384, stack(0x000000001ef80000,0x000000001f080000)]
  0x000000001e4dd800 JavaThread "JDWP Transport Listener: dt_socket" daemon [_thread_blocked, id=4120, stack(0x000000001ee80000,0x000000001ef80000)]
  0x000000001e4d4800 JavaThread "Attach Listener" daemon [_thread_blocked, id=4196, stack(0x000000001ea40000,0x000000001eb40000)]
  0x000000001e47e800 JavaThread "Signal Dispatcher" daemon [_thread_blocked, id=10008, stack(0x000000001e940000,0x000000001ea40000)]
  0x000000001e460800 JavaThread "Finalizer" daemon [_thread_blocked, id=4872, stack(0x000000001e840000,0x000000001e940000)]
  0x000000001c56d800 JavaThread "Reference Handler" daemon [_thread_blocked, id=13832, stack(0x000000001e340000,0x000000001e440000)]

Other Threads:
  0x000000001c568800 VMThread [stack: 0x000000001e240000,0x000000001e340000] [id=10876]
  0x000000001f346800 WatcherThread [stack: 0x000000001fe80000,0x000000001ff80000] [id=5384]

VM state:not at safepoint (normal execution)

VM Mutex/Monitor currently owned by a thread: None

Heap:
 PSYoungGen      total 1352192K, used 294850K [0x000000076b200000, 0x00000007bff00000, 0x00000007c0000000)
  eden space 1315840K, 22% used [0x000000076b200000,0x000000077cf5d420,0x00000007bb700000)
  from space 36352K, 7% used [0x00000007bdb80000,0x00000007bde13428,0x00000007bff00000)
  to   space 36864K, 0% used [0x00000007bb700000,0x00000007bb700000,0x00000007bdb00000)
 ParOldGen       total 355840K, used 291830K [0x00000006c1600000, 0x00000006d7180000, 0x000000076b200000)
  object space 355840K, 82% used [0x00000006c1600000,0x00000006d32fda60,0x00000006d7180000)
 Metaspace       used 31542K, capacity 31906K, committed 32256K, reserved 1077248K
  class space    used 3950K, capacity 4040K, committed 4096K, reserved 1048576K

Card table byte_map: [0x0000000011ee0000,0x00000000126e0000] byte_map_base: 0x000000000e8d5000

Marking Bits: (ParMarkBitMap*) 0x000000005cc9f860
 Begin Bits: [0x0000000013430000, 0x00000000173d8000)
 End Bits:   [0x00000000173d8000, 0x000000001b380000)

Polling page: 0x0000000000f80000

CodeCache: size=245760Kb used=19405Kb max_used=19478Kb free=226354Kb
 bounds [0x0000000002b20000, 0x0000000003e40000, 0x0000000011b20000]
 total_blobs=5600 nmethods=4645 adapters=873
 compilation: enabled

Compilation events (10 events):
Event: 121.555 Thread 0x000000001f1da800 5851       3       org.bytedeco.javacv.OpenCVFrameConverter::isEqual (126 bytes)
Event: 121.555 Thread 0x000000001f1da800 nmethod 5851 0x0000000002f9b690 code [0x0000000002f9b8a0, 0x0000000002f9c198]
Event: 121.678 Thread 0x000000001f1da800 5857       3       sun.java2d.d3d.D3DSwToSurfaceScale::Scale (32 bytes)
Event: 121.678 Thread 0x000000001f1da800 nmethod 5857 0x0000000002f093d0 code [0x0000000002f09540, 0x0000000002f097a8]
Event: 121.747 Thread 0x000000001f1da800 5858       3       org.bytedeco.javacv.Java2DFrameConverter::getBufferedImageType (111 bytes)
Event: 121.747 Thread 0x000000001f1da800 nmethod 5858 0x0000000002f72950 code [0x0000000002f72ac0, 0x0000000002f72ef0]
Event: 122.125 Thread 0x000000001f1da800 5859       3       java.io.BufferedWriter::ensureOpen (18 bytes)
Event: 122.125 Thread 0x000000001f1da800 nmethod 5859 0x00000000033e11d0 code [0x00000000033e1340, 0x00000000033e15a8]
Event: 122.125 Thread 0x000000001f1da800 5860       3       java.io.BufferedOutputStream::flushBuffer (29 bytes)
Event: 122.125 Thread 0x000000001f1da800 nmethod 5860 0x0000000003560950 code [0x0000000003560ac0, 0x0000000003560d48]

GC Heap History (10 events):
Event: 113.749 GC heap before
{Heap before GC invocations=78 (full 2):
 PSYoungGen      total 1318400K, used 1318133K [0x000000076b200000, 0x00000007bfe00000, 0x00000007c0000000)
  eden space 1307648K, 100% used [0x000000076b200000,0x00000007baf00000,0x00000007baf00000)
  from space 10752K, 97% used [0x00000007baf00000,0x00000007bb93d5e0,0x00000007bb980000)
  to   space 40448K, 0% used [0x00000007bd680000,0x00000007bd680000,0x00000007bfe00000)
 ParOldGen       total 355840K, used 289155K [0x00000006c1600000, 0x00000006d7180000, 0x000000076b200000)
  object space 355840K, 81% used [0x00000006c1600000,0x00000006d3060e98,0x00000006d7180000)
 Metaspace       used 31507K, capacity 31842K, committed 32256K, reserved 1077248K
  class space    used 3950K, capacity 4040K, committed 4096K, reserved 1048576K
Event: 113.752 GC heap after
Heap after GC invocations=78 (full 2):
 PSYoungGen      total 1348608K, used 9384K [0x000000076b200000, 0x00000007c0000000, 0x00000007c0000000)
  eden space 1308160K, 0% used [0x000000076b200000,0x000000076b200000,0x00000007baf80000)
  from space 40448K, 23% used [0x00000007bd680000,0x00000007bdfaa168,0x00000007bfe00000)
  to   space 39936K, 0% used [0x00000007baf80000,0x00000007baf80000,0x00000007bd680000)
 ParOldGen       total 355840K, used 289312K [0x00000006c1600000, 0x00000006d7180000, 0x000000076b200000)
  object space 355840K, 81% used [0x00000006c1600000,0x00000006d3088310,0x00000006d7180000)
 Metaspace       used 31507K, capacity 31842K, committed 32256K, reserved 1077248K
  class space    used 3950K, capacity 4040K, committed 4096K, reserved 1048576K
}
Event: 115.840 GC heap before
{Heap before GC invocations=79 (full 2):
 PSYoungGen      total 1348608K, used 1317544K [0x000000076b200000, 0x00000007c0000000, 0x00000007c0000000)
  eden space 1308160K, 100% used [0x000000076b200000,0x00000007baf80000,0x00000007baf80000)
  from space 40448K, 23% used [0x00000007bd680000,0x00000007bdfaa168,0x00000007bfe00000)
  to   space 39936K, 0% used [0x00000007baf80000,0x00000007baf80000,0x00000007bd680000)
 ParOldGen       total 355840K, used 289312K [0x00000006c1600000, 0x00000006d7180000, 0x000000076b200000)
  object space 355840K, 81% used [0x00000006c1600000,0x00000006d3088310,0x00000006d7180000)
 Metaspace       used 31527K, capacity 31842K, committed 32256K, reserved 1077248K
  class space    used 3950K, capacity 4040K, committed 4096K, reserved 1048576K
Event: 115.842 GC heap after
Heap after GC invocations=79 (full 2):
 PSYoungGen      total 1348096K, used 3906K [0x000000076b200000, 0x00000007bfe80000, 0x00000007c0000000)
  eden space 1308160K, 0% used [0x000000076b200000,0x000000076b200000,0x00000007baf80000)
  from space 39936K, 9% used [0x00000007baf80000,0x00000007bb350918,0x00000007bd680000)
  to   space 39424K, 0% used [0x00000007bd800000,0x00000007bd800000,0x00000007bfe80000)
 ParOldGen       total 355840K, used 290382K [0x00000006c1600000, 0x00000006d7180000, 0x000000076b200000)
  object space 355840K, 81% used [0x00000006c1600000,0x00000006d3193970,0x00000006d7180000)
 Metaspace       used 31527K, capacity 31842K, committed 32256K, reserved 1077248K
  class space    used 3950K, capacity 4040K, committed 4096K, reserved 1048576K
}
Event: 117.905 GC heap before
{Heap before GC invocations=80 (full 2):
 PSYoungGen      total 1348096K, used 1312066K [0x000000076b200000, 0x00000007bfe80000, 0x00000007c0000000)
  eden space 1308160K, 100% used [0x000000076b200000,0x00000007baf80000,0x00000007baf80000)
  from space 39936K, 9% used [0x00000007baf80000,0x00000007bb350918,0x00000007bd680000)
  to   space 39424K, 0% used [0x00000007bd800000,0x00000007bd800000,0x00000007bfe80000)
 ParOldGen       total 355840K, used 290382K [0x00000006c1600000, 0x00000006d7180000, 0x000000076b200000)
  object space 355840K, 81% used [0x00000006c1600000,0x00000006d3193970,0x00000006d7180000)
 Metaspace       used 31539K, capacity 31842K, committed 32256K, reserved 1077248K
  class space    used 3950K, capacity 4040K, committed 4096K, reserved 1048576K
Event: 117.909 GC heap after
Heap after GC invocations=80 (full 2):
 PSYoungGen      total 1347584K, used 14193K [0x000000076b200000, 0x00000007bfb80000, 0x00000007c0000000)
  eden space 1311232K, 0% used [0x000000076b200000,0x000000076b200000,0x00000007bb280000)
  from space 36352K, 39% used [0x00000007bd800000,0x00000007be5dc618,0x00000007bfb80000)
  to   space 37376K, 0% used [0x00000007bb280000,0x00000007bb280000,0x00000007bd700000)
 ParOldGen       total 355840K, used 291574K [0x00000006c1600000, 0x00000006d7180000, 0x000000076b200000)
  object space 355840K, 81% used [0x00000006c1600000,0x00000006d32bda60,0x00000006d7180000)
 Metaspace       used 31539K, capacity 31842K, committed 32256K, reserved 1077248K
  class space    used 3950K, capacity 4040K, committed 4096K, reserved 1048576K
}
Event: 119.814 GC heap before
{Heap before GC invocations=81 (full 2):
 PSYoungGen      total 1347584K, used 1325425K [0x000000076b200000, 0x00000007bfb80000, 0x00000007c0000000)
  eden space 1311232K, 100% used [0x000000076b200000,0x00000007bb280000,0x00000007bb280000)
  from space 36352K, 39% used [0x00000007bd800000,0x00000007be5dc618,0x00000007bfb80000)
  to   space 37376K, 0% used [0x00000007bb280000,0x00000007bb280000,0x00000007bd700000)
 ParOldGen       total 355840K, used 291574K [0x00000006c1600000, 0x00000006d7180000, 0x000000076b200000)
  object space 355840K, 81% used [0x00000006c1600000,0x00000006d32bda60,0x00000006d7180000)
 Metaspace       used 31540K, capacity 31906K, committed 32256K, reserved 1077248K
  class space    used 3950K, capacity 4040K, committed 4096K, reserved 1048576K
Event: 119.817 GC heap after
Heap after GC invocations=81 (full 2):
 PSYoungGen      total 1348608K, used 2642K [0x000000076b200000, 0x00000007c0000000, 0x00000007c0000000)
  eden space 1311232K, 0% used [0x000000076b200000,0x000000076b200000,0x00000007bb280000)
  from space 37376K, 7% used [0x00000007bb280000,0x00000007bb514828,0x00000007bd700000)
  to   space 37376K, 0% used [0x00000007bdb80000,0x00000007bdb80000,0x00000007c0000000)
 ParOldGen       total 355840K, used 291750K [0x00000006c1600000, 0x00000006d7180000, 0x000000076b200000)
  object space 355840K, 81% used [0x00000006c1600000,0x00000006d32e9a60,0x00000006d7180000)
 Metaspace       used 31540K, capacity 31906K, committed 32256K, reserved 1077248K
  class space    used 3950K, capacity 4040K, committed 4096K, reserved 1048576K
}
Event: 121.739 GC heap before
{Heap before GC invocations=82 (full 2):
 PSYoungGen      total 1348608K, used 1313874K [0x000000076b200000, 0x00000007c0000000, 0x00000007c0000000)
  eden space 1311232K, 100% used [0x000000076b200000,0x00000007bb280000,0x00000007bb280000)
  from space 37376K, 7% used [0x00000007bb280000,0x00000007bb514828,0x00000007bd700000)
  to   space 37376K, 0% used [0x00000007bdb80000,0x00000007bdb80000,0x00000007c0000000)
 ParOldGen       total 355840K, used 291750K [0x00000006c1600000, 0x00000006d7180000, 0x000000076b200000)
  object space 355840K, 81% used [0x00000006c1600000,0x00000006d32e9a60,0x00000006d7180000)
 Metaspace       used 31541K, capacity 31906K, committed 32256K, reserved 1077248K
  class space    used 3950K, capacity 4040K, committed 4096K, reserved 1048576K
Event: 121.741 GC heap after
Heap after GC invocations=82 (full 2):
 PSYoungGen      total 1352192K, used 2637K [0x000000076b200000, 0x00000007bff00000, 0x00000007c0000000)
  eden space 1315840K, 0% used [0x000000076b200000,0x000000076b200000,0x00000007bb700000)
  from space 36352K, 7% used [0x00000007bdb80000,0x00000007bde13428,0x00000007bff00000)
  to   space 36864K, 0% used [0x00000007bb700000,0x00000007bb700000,0x00000007bdb00000)
 ParOldGen       total 355840K, used 291830K [0x00000006c1600000, 0x00000006d7180000, 0x000000076b200000)
  object space 355840K, 82% used [0x00000006c1600000,0x00000006d32fda60,0x00000006d7180000)
 Metaspace       used 31541K, capacity 31906K, committed 32256K, reserved 1077248K
  class space    used 3950K, capacity 4040K, committed 4096K, reserved 1048576K
}

Deoptimization events (10 events):
Event: 112.703 Thread 0x0000000021c76000 Uncommon trap: reason=unstable_if action=reinterpret pc=0x0000000003215e14 method=java.util.concurrent.locks.ReentrantLock$Sync.nonfairTryAcquire(I)Z @ 19
Event: 112.713 Thread 0x000000001f530800 Uncommon trap: reason=class_check action=maybe_recompile pc=0x0000000003b86284 method=sun.font.SunFontManager.findFont2D(Ljava/lang/String;II)Lsun/font/Font2D; @ 88
Event: 114.031 Thread 0x000000001f530800 Uncommon trap: reason=bimorphic action=maybe_recompile pc=0x0000000003ae4c68 method=java.util.AbstractList.listIterator()Ljava/util/ListIterator; @ 2
Event: 117.184 Thread 0x000000001f530800 Uncommon trap: reason=bimorphic action=maybe_recompile pc=0x00000000035bba80 method=java.net.URL.<init>(Ljava/net/URL;Ljava/lang/String;Ljava/net/URLStreamHandler;)V @ 504
Event: 117.184 Thread 0x000000001f530800 Uncommon trap: reason=unstable_if action=reinterpret pc=0x00000000034d6fe0 method=java.lang.AbstractStringBuilder.append(I)Ljava/lang/AbstractStringBuilder; @ 16
Event: 117.194 Thread 0x000000001f324000 Uncommon trap: reason=bimorphic action=maybe_recompile pc=0x00000000035bba80 method=java.net.URL.<init>(Ljava/net/URL;Ljava/lang/String;Ljava/net/URLStreamHandler;)V @ 504
Event: 117.196 Thread 0x000000001f31e800 Uncommon trap: reason=unstable_if action=reinterpret pc=0x00000000038dc0c8 method=sun.misc.FDBigInteger.valueOfMulPow52(JII)Lsun/misc/FDBigInteger; @ 69
Event: 117.196 Thread 0x000000001f31e800 Uncommon trap: reason=unstable_if action=reinterpret pc=0x00000000038758a8 method=sun.misc.FDBigInteger.cmp(Lsun/misc/FDBigInteger;)I @ 22
Event: 117.197 Thread 0x000000001f31e800 Uncommon trap: reason=unstable_if action=reinterpret pc=0x00000000038d147c method=sun.misc.FloatingDecimal$ASCIIToBinaryBuffer.doubleValue()D @ 527
Event: 118.209 Thread 0x000000001f530800 Uncommon trap: reason=unstable_if action=reinterpret pc=0x0000000003c21660 method=java.awt.Container.getMouseEventTargetImpl(IIZLjava/awt/Container$EventTargetFilter;ZZ)Ljava/awt/Component; @ 218

Classes redefined (0 events):
No events

Internal exceptions (10 events):
Event: 87.423 Thread 0x000000001f530800 Implicit null exception at 0x00000000031e6de3 to 0x00000000031e6faf
Event: 87.423 Thread 0x000000001f530800 Exception <a 'java/lang/NullPointerException'> (0x0000000781239f88) thrown at [C:\re\workspace\8-2-build-windows-amd64-cygwin\jdk8u161\10277\hotspot\src\share\vm\runtime\sharedRuntime.cpp, line 605]
Event: 89.301 Thread 0x000000001f530800 Implicit null exception at 0x00000000031e6de3 to 0x00000000031e6faf
Event: 89.301 Thread 0x000000001f530800 Exception <a 'java/lang/NullPointerException'> (0x000000077ebdff58) thrown at [C:\re\workspace\8-2-build-windows-amd64-cygwin\jdk8u161\10277\hotspot\src\share\vm\runtime\sharedRuntime.cpp, line 605]
Event: 90.369 Thread 0x000000001f530800 Implicit null exception at 0x00000000031e6de3 to 0x00000000031e6faf
Event: 90.369 Thread 0x000000001f530800 Exception <a 'java/lang/NullPointerException'> (0x00000007ac6751b8) thrown at [C:\re\workspace\8-2-build-windows-amd64-cygwin\jdk8u161\10277\hotspot\src\share\vm\runtime\sharedRuntime.cpp, line 605]
Event: 97.139 Thread 0x000000001f530800 Exception <a 'java/lang/reflect/InvocationTargetException'> (0x000000076c4ffad0) thrown at [C:\re\workspace\8-2-build-windows-amd64-cygwin\jdk8u161\10277\hotspot\src\share\vm\runtime\reflection.cpp, line 1092]
Event: 109.200 Thread 0x000000001f326000 Exception <a 'java/lang/ArrayIndexOutOfBoundsException'> (0x00000007b4568350) thrown at [C:\re\workspace\8-2-build-windows-amd64-cygwin\jdk8u161\10277\hotspot\src\share\vm\runtime\sharedRuntime.cpp, line 605]
Event: 109.200 Thread 0x000000001f326000 Exception <a 'java/lang/ArrayIndexOutOfBoundsException'> (0x00000007b456ac88) thrown at [C:\re\workspace\8-2-build-windows-amd64-cygwin\jdk8u161\10277\hotspot\src\share\vm\runtime\sharedRuntime.cpp, line 605]
Event: 109.201 Thread 0x000000001f326000 Exception <a 'java/lang/ArrayIndexOutOfBoundsException'> (0x00000007b456ef90) thrown at [C:\re\workspace\8-2-build-windows-amd64-cygwin\jdk8u161\10277\hotspot\src\share\vm\runtime\sharedRuntime.cpp, line 605]

Events (10 events):
Event: 121.739 Executing VM operation: ParallelGCFailedAllocation
Event: 121.741 Executing VM operation: ParallelGCFailedAllocation done
Event: 121.747 Thread 0x000000001f1da800 flushing nmethod 0x00000000033e11d0
Event: 121.747 Thread 0x000000001f1da800 flushing nmethod 0x0000000003405690
Event: 121.748 Thread 0x000000001f1da800 flushing nmethod 0x000000000347fc90
Event: 122.125 Thread 0x000000001f1da800 flushing nmethod 0x00000000034969d0
Event: 122.125 Thread 0x000000001f1da800 flushing nmethod 0x000000000350ab50
Event: 122.125 Thread 0x000000001f1da800 flushing nmethod 0x000000000351d910
Event: 122.125 Thread 0x000000001f1da800 flushing nmethod 0x0000000003560750
Event: 122.126 Thread 0x000000001f1da800 flushing nmethod 0x000000000365f890


Dynamic libraries:
0x00007ff654980000 - 0x00007ff6549b7000 	C:\Program Files\Java\jdk1.8.0_161\bin\javaw.exe
0x00007ff975fa0000 - 0x00007ff976190000 	C:\Windows\SYSTEM32\ntdll.dll
0x00007ff9572b0000 - 0x00007ff9572c3000 	C:\Program Files\Avast Software\Avast\aswhook.dll
0x00007ff9740c0000 - 0x00007ff974172000 	C:\Windows\System32\KERNEL32.DLL
0x00007ff9737c0000 - 0x00007ff973a65000 	C:\Windows\System32\KERNELBASE.dll
0x00007ff975220000 - 0x00007ff9752c3000 	C:\Windows\System32\ADVAPI32.dll
0x00007ff9754f0000 - 0x00007ff97558e000 	C:\Windows\System32\msvcrt.dll
0x00007ff973fb0000 - 0x00007ff974047000 	C:\Windows\System32\sechost.dll
0x00007ff973e90000 - 0x00007ff973faf000 	C:\Windows\System32\RPCRT4.dll
0x00007ff9755f0000 - 0x00007ff975784000 	C:\Windows\System32\USER32.dll
0x00007ff972c60000 - 0x00007ff972c81000 	C:\Windows\System32\win32u.dll
0x00007ff975f30000 - 0x00007ff975f56000 	C:\Windows\System32\GDI32.dll
0x00007ff973c70000 - 0x00007ff973e08000 	C:\Windows\System32\gdi32full.dll
0x00007ff973670000 - 0x00007ff97370e000 	C:\Windows\System32\msvcp_win.dll
0x00007ff972df0000 - 0x00007ff972eea000 	C:\Windows\System32\ucrtbase.dll
0x00007ff967700000 - 0x00007ff967984000 	C:\Windows\WinSxS\amd64_microsoft.windows.common-controls_6595b64144ccf1df_6.0.18362.1500_none_9e79be6de462295c\COMCTL32.dll
0x00007ff975b70000 - 0x00007ff975ea6000 	C:\Windows\System32\combase.dll
0x00007ff973730000 - 0x00007ff9737b1000 	C:\Windows\System32\bcryptPrimitives.dll
0x00007ff974180000 - 0x00007ff9741ae000 	C:\Windows\System32\IMM32.DLL
0x000000005cd20000 - 0x000000005cdf2000 	C:\Program Files\Java\jdk1.8.0_161\jre\bin\msvcr100.dll
0x000000005c480000 - 0x000000005cd1f000 	C:\Program Files\Java\jdk1.8.0_161\jre\bin\server\jvm.dll
0x00007ff973e10000 - 0x00007ff973e34000 	C:\Windows\System32\WINMM.dll
0x00007ff972ba0000 - 0x00007ff972bcd000 	C:\Windows\System32\WINMMBASE.dll
0x00007ff973b60000 - 0x00007ff973baa000 	C:\Windows\System32\cfgmgr32.dll
0x00007ff975790000 - 0x00007ff975798000 	C:\Windows\System32\PSAPI.DLL
0x00007ff95e330000 - 0x00007ff95e339000 	C:\Windows\SYSTEM32\WSOCK32.dll
0x00007ff974050000 - 0x00007ff9740bf000 	C:\Windows\System32\WS2_32.dll
0x00007ff972710000 - 0x00007ff97271a000 	C:\Windows\SYSTEM32\VERSION.dll
0x000000005c470000 - 0x000000005c47f000 	C:\Program Files\Java\jdk1.8.0_161\jre\bin\verify.dll
0x000000005c440000 - 0x000000005c469000 	C:\Program Files\Java\jdk1.8.0_161\jre\bin\java.dll
0x000000005c400000 - 0x000000005c435000 	C:\Program Files\Java\jdk1.8.0_161\jre\bin\jdwp.dll
0x000000005c3f0000 - 0x000000005c3f8000 	C:\Program Files\Java\jdk1.8.0_161\jre\bin\npt.dll
0x000000005c3c0000 - 0x000000005c3e3000 	C:\Program Files\Java\jdk1.8.0_161\jre\bin\instrument.dll
0x000000005c3a0000 - 0x000000005c3b6000 	C:\Program Files\Java\jdk1.8.0_161\jre\bin\zip.dll
0x00007ff974b30000 - 0x00007ff975218000 	C:\Windows\System32\SHELL32.dll
0x00007ff974380000 - 0x00007ff974427000 	C:\Windows\System32\shcore.dll
0x00007ff972ef0000 - 0x00007ff97366b000 	C:\Windows\System32\windows.storage.dll
0x00007ff972b70000 - 0x00007ff972b8e000 	C:\Windows\System32\profapi.dll
0x00007ff973e40000 - 0x00007ff973e8a000 	C:\Windows\System32\powrprof.dll
0x00007ff972b90000 - 0x00007ff972ba0000 	C:\Windows\System32\UMPDC.dll
0x00007ff975590000 - 0x00007ff9755e2000 	C:\Windows\System32\shlwapi.dll
0x00007ff972b50000 - 0x00007ff972b61000 	C:\Windows\System32\kernel.appcore.dll
0x00007ff973710000 - 0x00007ff973727000 	C:\Windows\System32\cryptsp.dll
0x000000005c390000 - 0x000000005c399000 	C:\Program Files\Java\jdk1.8.0_161\jre\bin\dt_socket.dll
0x00007ff9591a0000 - 0x00007ff9591b6000 	C:\Windows\system32\napinsp.dll
0x00007ff958e70000 - 0x00007ff958e8a000 	C:\Windows\system32\pnrpnsp.dll
0x00007ff972300000 - 0x00007ff972367000 	C:\Windows\System32\mswsock.dll
0x00007ff972050000 - 0x00007ff97211b000 	C:\Windows\SYSTEM32\DNSAPI.dll
0x00007ff974b20000 - 0x00007ff974b28000 	C:\Windows\System32\NSI.dll
0x00007ff972010000 - 0x00007ff97204a000 	C:\Windows\SYSTEM32\IPHLPAPI.DLL
0x00007ff958e60000 - 0x00007ff958e6e000 	C:\Windows\System32\winrnr.dll
0x00007ff96f000000 - 0x00007ff96f01c000 	C:\Windows\system32\NLAapi.dll
0x00007ff958e40000 - 0x00007ff958e55000 	C:\Windows\system32\wshbth.dll
0x00007ff969a90000 - 0x00007ff969b07000 	C:\Windows\System32\fwpuclnt.dll
0x00007ff972c30000 - 0x00007ff972c56000 	C:\Windows\System32\bcrypt.dll
0x00007ff95ece0000 - 0x00007ff95ecea000 	C:\Windows\System32\rasadhlp.dll
0x00007ff971e80000 - 0x00007ff971eb3000 	C:\Windows\system32\rsaenh.dll
0x00007ff972a20000 - 0x00007ff972a45000 	C:\Windows\SYSTEM32\USERENV.dll
0x00007ff9724d0000 - 0x00007ff9724dc000 	C:\Windows\SYSTEM32\CRYPTBASE.dll
0x000000005c370000 - 0x000000005c38a000 	C:\Program Files\Java\jdk1.8.0_161\jre\bin\net.dll
0x00007ff969ed0000 - 0x00007ff969ee6000 	C:\Windows\SYSTEM32\dhcpcsvc6.DLL
0x00007ff96a780000 - 0x00007ff96a79c000 	C:\Windows\SYSTEM32\dhcpcsvc.DLL
0x000000005c350000 - 0x000000005c361000 	C:\Program Files\Java\jdk1.8.0_161\jre\bin\nio.dll
0x000000005c1b0000 - 0x000000005c348000 	C:\Program Files\Java\jdk1.8.0_161\jre\bin\awt.dll
0x00007ff974430000 - 0x00007ff9744f5000 	C:\Windows\System32\OLEAUT32.dll
0x00007ff970590000 - 0x00007ff97061f000 	C:\Windows\SYSTEM32\apphelp.dll
0x00007ff970a20000 - 0x00007ff970ab9000 	C:\Windows\system32\uxtheme.dll
0x00007ff975840000 - 0x00007ff975975000 	C:\Windows\System32\MSCTF.dll
0x00007ff9752d0000 - 0x00007ff975427000 	C:\Windows\System32\ole32.dll
0x00007ff970f70000 - 0x00007ff970f9d000 	C:\Windows\system32\DWMAPI.DLL
0x00007ff934de0000 - 0x00007ff934f36000 	C:\Windows\system32\opengl32.dll
0x00007ff968860000 - 0x00007ff96888c000 	C:\Windows\SYSTEM32\GLU32.dll
0x00007ff971860000 - 0x00007ff971880000 	C:\Windows\SYSTEM32\dxcore.dll
0x00007ff968100000 - 0x00007ff9682c7000 	C:\Windows\system32\d3d9.dll
0x00007ff96c7f0000 - 0x00007ff96c8f2000 	C:\Windows\System32\DriverStore\FileRepository\nvlt.inf_amd64_6fdb2f2a4eb90886\nvldumdx.dll
0x00007ff972b30000 - 0x00007ff972b42000 	C:\Windows\System32\msasn1.dll
0x00007ff96a680000 - 0x00007ff96a6af000 	C:\Windows\SYSTEM32\cryptnet.dll
0x00007ff972c90000 - 0x00007ff972de1000 	C:\Windows\System32\CRYPT32.dll
0x00007ff972bd0000 - 0x00007ff972c2c000 	C:\Windows\System32\WINTRUST.DLL
0x00007ff975820000 - 0x00007ff97583d000 	C:\Windows\System32\imagehlp.dll
0x00007ff925640000 - 0x00007ff926de3000 	C:\Windows\System32\DriverStore\FileRepository\nvlt.inf_amd64_6fdb2f2a4eb90886\nvd3dumx.dll
0x00007ff963d10000 - 0x00007ff963fc9000 	C:\Windows\system32\nvspcap64.dll
0x00007ff971b80000 - 0x00007ff971bb1000 	C:\Windows\SYSTEM32\ntmarta.dll
0x00007ff9717a0000 - 0x00007ff9717c2000 	C:\Windows\SYSTEM32\gpapi.dll
0x000000005c160000 - 0x000000005c1a7000 	C:\Program Files\Java\jdk1.8.0_161\jre\bin\fontmanager.dll
0x00007ff975430000 - 0x00007ff9754d2000 	C:\Windows\System32\clbcatq.dll
0x00007ff96cf70000 - 0x00007ff96d11f000 	C:\Windows\SYSTEM32\WindowsCodecs.dll
0x00007ff960a40000 - 0x00007ff960a7b000 	C:\Windows\system32\dataexchange.dll
0x00007ff96fdb0000 - 0x00007ff97000b000 	C:\Windows\system32\d3d11.dll
0x00007ff96f1b0000 - 0x00007ff96f38d000 	C:\Windows\system32\dcomp.dll
0x00007ff973a70000 - 0x00007ff973b5b000 	C:\Windows\System32\dxgi.dll
0x00007ff970c20000 - 0x00007ff970e7a000 	C:\Windows\system32\twinapi.appcore.dll
0x00007ff971140000 - 0x00007ff971169000 	C:\Windows\system32\RMCLIENT.dll
0x000000005c110000 - 0x000000005c152000 	C:\Program Files\Java\jdk1.8.0_161\jre\bin\t2k.dll
0x00007ff9661b0000 - 0x00007ff96624b000 	C:\Windows\System32\TextInputFramework.dll
0x00007ff96d4f0000 - 0x00007ff96d81a000 	C:\Windows\System32\CoreUIComponents.dll
0x00007ff970380000 - 0x00007ff970454000 	C:\Windows\System32\CoreMessaging.dll
0x00007ff96e0b0000 - 0x00007ff96e202000 	C:\Windows\SYSTEM32\wintypes.dll
0x00007ff9657b0000 - 0x00007ff965a57000 	C:\Windows\System32\iertutil.dll
0x00007ff9670e0000 - 0x00007ff967118000 	C:\Program Files\Java\jdk1.8.0_161\bin\jacob-1.18-x64.dll
0x00007ff92a4d0000 - 0x00007ff92a650000 	C:\Windows\System32\Speech\Common\sapi.dll
0x00007ff968840000 - 0x00007ff96885c000 	C:\Windows\SYSTEM32\MSACM32.dll
0x00007ff96ee00000 - 0x00007ff96ee0b000 	C:\Windows\SYSTEM32\msdmo.dll
0x00007ff96b0f0000 - 0x00007ff96b162000 	C:\Windows\System32\MMDevApi.dll
0x00007ff9728d0000 - 0x00007ff9728fa000 	C:\Windows\System32\DEVOBJ.dll
0x00007ff972930000 - 0x00007ff9729cd000 	C:\Windows\SYSTEM32\sxs.dll
0x00007ff929610000 - 0x00007ff929811000 	C:\Windows\System32\speech_onecore\engines\tts\MSTTSEngine_OneCore.dll
0x00007ff96e8a0000 - 0x00007ff96e92a000 	C:\Windows\SYSTEM32\msvcp110_win.dll
0x00007ff945eb0000 - 0x00007ff946399000 	C:\Windows\System32\Speech_OneCore\Common\sapi_onecore.dll
0x00007ff96b240000 - 0x00007ff96b39f000 	C:\Windows\SYSTEM32\AudioSes.DLL
0x00007ff968890000 - 0x00007ff968a67000 	C:\Windows\SYSTEM32\urlmon.dll
0x00007ff972a50000 - 0x00007ff972a7f000 	C:\Windows\SYSTEM32\SspiCli.dll
0x00007ff9708f0000 - 0x00007ff9709df000 	C:\Windows\SYSTEM32\PROPSYS.dll
0x00007ff9673e0000 - 0x00007ff9674da000 	C:\Windows\SYSTEM32\WINHTTP.dll
0x00007ff96b8e0000 - 0x00007ff96b9c1000 	C:\Windows\System32\Windows.ApplicationModel.dll
0x00007ff9453c0000 - 0x00007ff94547f000 	C:\Windows\System32\speech_onecore\engines\tts\MSTTSLoc_OneCore.DLL
0x00007ff960970000 - 0x00007ff960a25000 	C:\Windows\system32\MSWB70804.dll
0x00000000637c0000 - 0x00000000637ca000 	C:\Users\Lenovo\AppData\Local\Temp\jogamp.tmp.cache_000000\jln2804684503813042723\jln9093396324299604714\gluegen-rt.dll
0x000000005c100000 - 0x000000005c107000 	C:\Program Files\Java\jdk1.8.0_161\jre\bin\jawt.dll
0x000000006a440000 - 0x000000006a44b000 	C:\Users\Lenovo\AppData\Local\Temp\jogamp.tmp.cache_000000\jln2804684503813042723\jln9093396324299604714\nativewindow_awt.dll
0x000000006c100000 - 0x000000006c10b000 	C:\Users\Lenovo\AppData\Local\Temp\jogamp.tmp.cache_000000\jln2804684503813042723\jln9093396324299604714\nativewindow_win32.dll
0x0000000064500000 - 0x000000006458d000 	C:\Users\Lenovo\AppData\Local\Temp\jogamp.tmp.cache_000000\jln2804684503813042723\jln9093396324299604714\jogl_desktop.dll
0x00007ff9229f0000 - 0x00007ff925245000 	C:\Windows\System32\DriverStore\FileRepository\nvlt.inf_amd64_6fdb2f2a4eb90886\nvoglv64.dll
0x00007ff9746b0000 - 0x00007ff974b20000 	C:\Windows\System32\SETUPAPI.dll
0x00007ff96e830000 - 0x00007ff96e843000 	C:\Windows\SYSTEM32\WTSAPI32.dll
0x00007ff971c80000 - 0x00007ff971cd6000 	C:\Windows\SYSTEM32\WINSTA.dll
0x000000005c0c0000 - 0x000000005c0f1000 	C:\Program Files\Java\jdk1.8.0_161\jre\bin\jpeg.dll
0x00007ff93ca10000 - 0x00007ff93caff000 	C:\Users\Lenovo\.javacpp\cache\opencv-3.1.0-1.3-windows-x86_64.jar\org\bytedeco\javacpp\windows-x86_64\msvcr120.dll

VM Arguments:
jvm_args: -agentlib:jdwp=transport=dt_socket,suspend=y,address=localhost:9907 -javaagent:C:\Users\Lenovo\Desktop\DNA3\eclipse\eclipse\configuration\org.eclipse.osgi\651\0\.cp\lib\javaagent-shaded.jar -Dfile.encoding=GBK 
java_command: ME.APM.VSQ.HRJFrame
java_class_path (initial): C:\Users\Lenovo\eclipse-workspace\HRJ_YLJ_18111\bin;C:\Users\Lenovo\eclipse-workspace\HRJ_YLJ_18111\lib;C:\Users\Lenovo\eclipse-workspace\HRJ_YLJ_18111\lib\artoolkitplus-2.3.1-1.3.jar;C:\Users\Lenovo\eclipse-workspace\HRJ_YLJ_18111\lib\bssm.jar;C:\Users\Lenovo\eclipse-workspace\HRJ_YLJ_18111\lib\freetts.jar;C:\Users\Lenovo\eclipse-workspace\HRJ_YLJ_18111\lib\en_us.jar;C:\Users\Lenovo\eclipse-workspace\HRJ_YLJ_18111\lib\cmutimelex.jar;C:\Users\Lenovo\eclipse-workspace\HRJ_YLJ_18111\lib\cmu_time_awb.jar;C:\Users\Lenovo\eclipse-workspace\HRJ_YLJ_18111\lib\cmulex.jar;C:\Users\Lenovo\eclipse-workspace\HRJ_YLJ_18111\lib\cmu_us_kal.jar;C:\Users\Lenovo\eclipse-workspace\HRJ_YLJ_18111\lib\cmudict04.jar;C:\Users\Lenovo\eclipse-workspace\HRJ_YLJ_18111\lib\commons-math-2.1.jar;C:\Users\Lenovo\eclipse-workspace\HRJ_YLJ_18111\lib\commons-math3-3.0.jar;C:\Users\Lenovo\eclipse-workspace\HRJ_YLJ_18111\lib\customizer.jar;C:\Users\Lenovo\eclipse-workspace\HRJ_YLJ_18111\lib\cw.jar;C:\Users\Lenovo\eclipse-workspace\HRJ_YLJ_18111\lib\cworker.jar;C:\Users\Lenovo\eclipse-workspace\HRJ_YLJ_18111\lib\ffmpeg-3.2.1-1.3-windows-x86_64.jar;C:\Users\Lenovo\eclipse-workspace\HRJ_YLJ_18111\lib\ffmpeg-platform-3.2.1-1.3.jar;C:\Users\Lenovo\eclipse-workspace\HRJ_YLJ_18111\lib\flandmark-1.07-1.3.jar;C:\Users\Lenovo\eclipse-workspace\HRJ_YLJ_18111\lib\flandmark-platform-1.07-1.3.jar;C:\Users\Lenovo\eclipse-workspace\HRJ_YLJ_18111\lib\flycapture-2.9.3.43-1.3.jar;C:\Users\Lenovo\eclipse-workspace\HRJ_YLJ_18111\lib\flycapture-2.9.3.43-1.3-windows-x86_64.jar;C:\Users\Lenovo\eclipse-workspace\HRJ_YLJ_18111\lib\flycapture-platform-2.9.3.43-1.3.jar;C:\Users\Lenovo\eclipse-workspace\HRJ_YLJ_18111\lib\freetts-jsapi10.jar;C:\Users\Lenovo\eclipse-workspace\HRJ_YLJ_18111\lib\gluegen.jar;C:\Users\Lenovo\eclipse-workspace\HRJ_YLJ_18111\lib\gluegen-rt.jar;C:\Users\Lenovo\eclipse-workspace\HRJ_YLJ_18111\lib\gluegen-rt-natives-windows-amd64.jar;C:\Users\Lenovo\eclipse-workspace\HRJ_YLJ_1811
Launcher Type: SUN_STANDARD

Environment Variables:
PATH=C:\Program Files\Java\jdk1.8.0_161\jre\bin;C:/Program Files/Java/jdk-11.0.10/bin/server;C:/Program Files/Java/jdk-11.0.10/bin;C:\Windows\system32;C:\Windows;C:\Windows\System32\Wbem;C:\Windows\System32\WindowsPowerShell\v1.0\;C:\Windows\System32\OpenSSH\;C:\Program Files (x86)\NVIDIA Corporation\PhysX\Common;C:\Program Files\NVIDIA Corporation\NVIDIA NvDLISR\;C:\Program Files\PuTTY\;C:\Program Files\Git\cmd;C:\Program Files\NVIDIA Corporation\NVIDIA NvDLISR;C:\Program Files\Java\jdk-11.0.10\bin;C:\Users\Lenovo\AppData\Local\Microsoft\WindowsApps;;C:\Users\Lenovo\Desktop\DNA3\eclipse\eclipse;
USERNAME=Lenovo
OS=Windows_NT
PROCESSOR_IDENTIFIER=Intel64 Family 6 Model 165 Stepping 2, GenuineIntel



---------------  S Y S T E M  ---------------

OS: Windows 10.0 , 64 bit Build 18362 (10.0.18362.1500)

CPU:total 8 (initial active 8) (4 cores per cpu, 2 threads per core) family 6 model 165 stepping 2, cmov, cx8, fxsr, mmx, sse, sse2, sse3, ssse3, sse4.1, sse4.2, popcnt, avx, avx2, aes, clmul, erms, 3dnowpref, lzcnt, ht, tsc, tscinvbit, bmi1, bmi2, adx

Memory: 4k page, physical 16682800k(6573500k free), swap 17731376k(4369248k free)

vm_info: Java HotSpot(TM) 64-Bit Server VM (25.161-b12) for windows-amd64 JRE (1.8.0_161-b12), built on Dec 19 2017 17:52:25 by "java_re" with MS VC++ 10.0 (VS2010)

time: Sun May 02 18:27:23 2021
elapsed time: 122 seconds (0d 0h 2m 2s)

